#
# There is insufficient memory for the Java Runtime Environment to continue.
# Native memory allocation (mmap) failed to map 65536 bytes for Failed to commit metaspace.
# Possible reasons:
#   The system is out of physical RAM or swap space
#   The process is running with CompressedOops enabled, and the Java Heap may be blocking the growth of the native heap
# Possible solutions:
#   Reduce memory load on the system
#   Increase physical memory or swap space
#   Check if swap backing store is full
#   Decrease Java heap size (-Xmx/-Xms)
#   Decrease number of Java threads
#   Decrease Java thread stack sizes (-Xss)
#   Set larger code cache with -XX:ReservedCodeCacheSize=
#   JVM is running with Unscaled Compressed Oops mode in which the Java heap is
#     placed in the first 4GB address space. The Java Heap base address is the
#     maximum limit for the native heap growth. Please use -XX:HeapBaseMinAddress
#     to set the Java Heap base and to place the Java Heap above 4GB virtual address.
# This output file may be truncated or incomplete.
#
#  Out of Memory Error (virtualSpaceNode.cpp:110), pid=2736, tid=3320
#
# JRE version: OpenJDK Runtime Environment Temurin-17.0.4.1+1 (17.0.4.1+1) (build 17.0.4.1+1)
# Java VM: OpenJDK 64-Bit Server VM Temurin-17.0.4.1+1 (17.0.4.1+1, mixed mode, tiered, compressed oops, compressed class ptrs, parallel gc, windows-amd64)
# No core dump will be written. Minidumps are not enabled by default on client versions of Windows
#

---------------  S U M M A R Y ------------

Command Line: --add-modules=ALL-SYSTEM --add-opens=java.base/java.util=ALL-UNNAMED --add-opens=java.base/java.lang=ALL-UNNAMED --add-opens=java.base/sun.nio.fs=ALL-UNNAMED -Declipse.application=org.eclipse.jdt.ls.core.id1 -Dosgi.bundles.defaultStartLevel=4 -Declipse.product=org.eclipse.jdt.ls.core.product -Djava.import.generatesMetadataFilesAtProjectRoot=false -Dfile.encoding=utf8 -XX:+UseParallelGC -XX:GCTimeRatio=4 -XX:AdaptiveSizePolicyWeight=90 -Dsun.zip.disableMemoryMapping=true -Xmx1G -Xms100m -Xlog:disable -javaagent:c:\Users\se\.vscode\extensions\redhat.java-1.12.0-win32-x64\lombok\lombok-1.18.24.jar c:\Users\se\.vscode\extensions\redhat.java-1.12.0-win32-x64\server\plugins\org.eclipse.equinox.launcher_1.6.400.v20210924-0641.jar -configuration c:\Users\se\AppData\Roaming\Code\User\globalStorage\redhat.java\1.12.0\config_ss_win -data c:\Users\se\AppData\Roaming\Code\User\workspaceStorage\85ccc1e8541c9c61dbb81f5c14fcce68\redhat.java\ss_ws

Host: Intel(R) Core(TM) i3-1005G1 CPU @ 1.20GHz, 4 cores, 3G,  Windows 11 , 64 bit Build 22000 (10.0.22000.708)
Time: Sun Dec 25 15:14:10 2022 India Standard Time elapsed time: 2.683642 seconds (0d 0h 0m 2s)

---------------  T H R E A D  ---------------

Current thread (0x0000017b22d05060):  JavaThread "main" [_thread_in_vm, id=3320, stack(0x00000079d2b00000,0x00000079d2c00000)]

Stack: [0x00000079d2b00000,0x00000079d2c00000]
Native frames: (J=compiled Java code, j=interpreted, Vv=VM code, C=native code)
V  [jvm.dll+0x67731a]
V  [jvm.dll+0x832284]
V  [jvm.dll+0x833a2e]
V  [jvm.dll+0x834093]
V  [jvm.dll+0x245775]
V  [jvm.dll+0x82e22b]
V  [jvm.dll+0x61bdf6]
V  [jvm.dll+0x61be5a]
V  [jvm.dll+0x61e67a]
V  [jvm.dll+0x61c796]
V  [jvm.dll+0x36ba22]
V  [jvm.dll+0x1e227b]
V  [jvm.dll+0x53c939]
V  [jvm.dll+0x1f11e7]
V  [jvm.dll+0x7ac56b]
V  [jvm.dll+0x7ad912]
V  [jvm.dll+0x7adc48]
V  [jvm.dll+0x23db7e]
V  [jvm.dll+0x37f29e]
C  0x0000017b259baf2e

Java frames: (J=compiled Java code, j=interpreted, Vv=VM code)
j  sun.security.x509.AccessDescription.<init>(Lsun/security/util/DerValue;)V+23 java.base@17.0.4.1
j  sun.security.x509.AuthorityInfoAccessExtension.<init>(Ljava/lang/Boolean;Ljava/lang/Object;)V+111 java.base@17.0.4.1
v  ~StubRoutines::call_stub
j  jdk.internal.reflect.NativeConstructorAccessorImpl.newInstance0(Ljava/lang/reflect/Constructor;[Ljava/lang/Object;)Ljava/lang/Object;+0 java.base@17.0.4.1
j  jdk.internal.reflect.NativeConstructorAccessorImpl.newInstance([Ljava/lang/Object;)Ljava/lang/Object;+118 java.base@17.0.4.1
j  jdk.internal.reflect.DelegatingConstructorAccessorImpl.newInstance([Ljava/lang/Object;)Ljava/lang/Object;+5 java.base@17.0.4.1
j  java.lang.reflect.Constructor.newInstanceWithCaller([Ljava/lang/Object;ZLjava/lang/Class;)Ljava/lang/Object;+66 java.base@17.0.4.1
j  java.lang.reflect.Constructor.newInstance([Ljava/lang/Object;)Ljava/lang/Object;+30 java.base@17.0.4.1
j  sun.security.x509.CertificateExtensions.parseExtension(Lsun/security/x509/Extension;)V+89 java.base@17.0.4.1
j  sun.security.x509.CertificateExtensions.init(Lsun/security/util/DerInputStream;)V+29 java.base@17.0.4.1
j  sun.security.x509.CertificateExtensions.<init>(Lsun/security/util/DerInputStream;)V+25 java.base@17.0.4.1
j  sun.security.x509.X509CertInfo.parse(Lsun/security/util/DerValue;)V+335 java.base@17.0.4.1
j  sun.security.x509.X509CertInfo.<init>(Lsun/security/util/DerValue;)V+67 java.base@17.0.4.1
j  sun.security.x509.X509CertImpl.parse(Lsun/security/util/DerValue;)V+228 java.base@17.0.4.1
j  sun.security.x509.X509CertImpl.<init>([B)V+50 java.base@17.0.4.1
j  sun.security.provider.X509Factory.engineGenerateCertificate(Ljava/io/InputStream;)Ljava/security/cert/Certificate;+54 java.base@17.0.4.1
j  java.security.cert.CertificateFactory.generateCertificate(Ljava/io/InputStream;)Ljava/security/cert/Certificate;+5 java.base@17.0.4.1
j  sun.security.pkcs.PKCS7.parseSignedData(Lsun/security/util/DerValue;)V+264 java.base@17.0.4.1
j  sun.security.pkcs.PKCS7.parse(Lsun/security/util/DerInputStream;Z)V+40 java.base@17.0.4.1
j  sun.security.pkcs.PKCS7.parse(Lsun/security/util/DerInputStream;)V+11 java.base@17.0.4.1
j  sun.security.pkcs.PKCS7.<init>([B)V+50 java.base@17.0.4.1
j  sun.security.util.SignatureFileVerifier.<init>(Ljava/util/ArrayList;Lsun/security/util/ManifestDigester;Ljava/lang/String;[B)V+40 java.base@17.0.4.1
j  java.util.jar.JarVerifier.processEntry(Lsun/security/util/ManifestEntryVerifier;)V+322 java.base@17.0.4.1
j  java.util.jar.JarVerifier.update(I[BIILsun/security/util/ManifestEntryVerifier;)V+39 java.base@17.0.4.1
j  java.util.jar.JarFile.initializeVerifier()V+163 java.base@17.0.4.1
j  java.util.jar.JarFile.ensureInitialization()V+41 java.base@17.0.4.1
j  java.util.jar.JavaUtilJarAccessImpl.ensureInitialization(Ljava/util/jar/JarFile;)V+1 java.base@17.0.4.1
j  jdk.internal.loader.URLClassPath$JarLoader$2.getManifest()Ljava/util/jar/Manifest;+10 java.base@17.0.4.1
j  jdk.internal.loader.BuiltinClassLoader.defineClass(Ljava/lang/String;Ljdk/internal/loader/Resource;)Ljava/lang/Class;+29 java.base@17.0.4.1
j  jdk.internal.loader.BuiltinClassLoader.findClassOnClassPathOrNull(Ljava/lang/String;)Ljava/lang/Class;+37 java.base@17.0.4.1
j  jdk.internal.loader.BuiltinClassLoader.loadClassOrNull(Ljava/lang/String;Z)Ljava/lang/Class;+111 java.base@17.0.4.1
j  jdk.internal.loader.BuiltinClassLoader.loadClass(Ljava/lang/String;Z)Ljava/lang/Class;+3 java.base@17.0.4.1
j  jdk.internal.loader.ClassLoaders$AppClassLoader.loadClass(Ljava/lang/String;Z)Ljava/lang/Class;+36 java.base@17.0.4.1
j  java.lang.ClassLoader.loadClass(Ljava/lang/String;)Ljava/lang/Class;+3 java.base@17.0.4.1
v  ~StubRoutines::call_stub
j  java.lang.Class.forName0(Ljava/lang/String;ZLjava/lang/ClassLoader;Ljava/lang/Class;)Ljava/lang/Class;+0 java.base@17.0.4.1
j  java.lang.Class.forName(Ljava/lang/String;ZLjava/lang/ClassLoader;)Ljava/lang/Class;+43 java.base@17.0.4.1
j  sun.launcher.LauncherHelper.loadMainClass(ILjava/lang/String;)Ljava/lang/Class;+95 java.base@17.0.4.1
j  sun.launcher.LauncherHelper.checkAndLoadMain(ZILjava/lang/String;)Ljava/lang/Class;+42 java.base@17.0.4.1
v  ~StubRoutines::call_stub

---------------  P R O C E S S  ---------------

Threads class SMR info:
_java_thread_list=0x0000017b388891f0, length=12, elements={
0x0000017b22d05060, 0x0000017b36b1f6e0, 0x0000017b36b20940, 0x0000017b36b67020,
0x0000017b36b679e0, 0x0000017b36b6c2b0, 0x0000017b36b6df00, 0x0000017b36b38c50,
0x0000017b36b39600, 0x0000017b36b72d20, 0x0000017b36b6e8a0, 0x0000017b36b6d090
}

Java Threads: ( => current thread )
=>0x0000017b22d05060 JavaThread "main" [_thread_in_vm, id=3320, stack(0x00000079d2b00000,0x00000079d2c00000)]
  0x0000017b36b1f6e0 JavaThread "Reference Handler" daemon [_thread_blocked, id=11252, stack(0x00000079d2e00000,0x00000079d2f00000)]
  0x0000017b36b20940 JavaThread "Finalizer" daemon [_thread_blocked, id=9508, stack(0x00000079d2f00000,0x00000079d3000000)]
  0x0000017b36b67020 JavaThread "Signal Dispatcher" daemon [_thread_blocked, id=11532, stack(0x00000079d3000000,0x00000079d3100000)]
  0x0000017b36b679e0 JavaThread "Attach Listener" daemon [_thread_blocked, id=6584, stack(0x00000079d3100000,0x00000079d3200000)]
  0x0000017b36b6c2b0 JavaThread "Service Thread" daemon [_thread_blocked, id=9900, stack(0x00000079d3200000,0x00000079d3300000)]
  0x0000017b36b6df00 JavaThread "Monitor Deflation Thread" daemon [_thread_blocked, id=6148, stack(0x00000079d3300000,0x00000079d3400000)]
  0x0000017b36b38c50 JavaThread "C2 CompilerThread0" daemon [_thread_blocked, id=9420, stack(0x00000079d3400000,0x00000079d3500000)]
  0x0000017b36b39600 JavaThread "C1 CompilerThread0" daemon [_thread_blocked, id=11844, stack(0x00000079d3500000,0x00000079d3600000)]
  0x0000017b36b72d20 JavaThread "Sweeper thread" daemon [_thread_blocked, id=7252, stack(0x00000079d3600000,0x00000079d3700000)]
  0x0000017b36b6e8a0 JavaThread "Common-Cleaner" daemon [_thread_blocked, id=8012, stack(0x00000079d3700000,0x00000079d3800000)]
  0x0000017b36b6d090 JavaThread "Notification Thread" daemon [_thread_blocked, id=2296, stack(0x00000079d3800000,0x00000079d3900000)]

Other Threads:
  0x0000017b36b098d0 VMThread "VM Thread" [stack: 0x00000079d2d00000,0x00000079d2e00000] [id=10800]
  0x0000017b3886ea00 WatcherThread [stack: 0x00000079d3900000,0x00000079d3a00000] [id=9740]
  0x0000017b22d19fd0 GCTaskThread "GC Thread#0" [stack: 0x00000079d2c00000,0x00000079d2d00000] [id=4964]

Threads with active compile tasks:

VM state: not at safepoint (normal execution)

VM Mutex/Monitor currently owned by a thread:  ([mutex/lock_event])
[0x0000017b20a35a70] Metaspace_lock - owner thread: 0x0000017b22d05060

Heap address: 0x00000000c0000000, size: 1024 MB, Compressed Oops mode: 32-bit

CDS archive(s) not mapped
Compressed class space mapped at: 0x0000000100000000-0x0000000140000000, reserved size: 1073741824
Narrow klass base: 0x0000000000000000, Narrow klass shift: 3, Narrow klass range: 0x140000000

GC Precious Log:
 CPUs: 4 total, 4 available
 Memory: 3858M
 Large Page Support: Disabled
 NUMA Support: Disabled
 Compressed Oops: Enabled (32-bit)
 Alignments: Space 512K, Generation 512K, Heap 2M
 Heap Min Capacity: 100M
 Heap Initial Capacity: 100M
 Heap Max Capacity: 1G
 Pre-touch: Disabled
 Parallel Workers: 4

Heap:
 PSYoungGen      total 29696K, used 9498K [0x00000000eab00000, 0x00000000ecc00000, 0x0000000100000000)
  eden space 25600K, 37% used [0x00000000eab00000,0x00000000eb446be0,0x00000000ec400000)
  from space 4096K, 0% used [0x00000000ec800000,0x00000000ec800000,0x00000000ecc00000)
  to   space 4096K, 0% used [0x00000000ec400000,0x00000000ec400000,0x00000000ec800000)
 ParOldGen       total 68608K, used 0K [0x00000000c0000000, 0x00000000c4300000, 0x00000000eab00000)
  object space 68608K, 0% used [0x00000000c0000000,0x00000000c0000000,0x00000000c4300000)
 Metaspace       used 7471K, committed 7552K, reserved 1056768K
  class space    used 731K, committed 768K, reserved 1048576K

Card table byte_map: [0x0000017b226c0000,0x0000017b228d0000] _byte_map_base: 0x0000017b220c0000

Marking Bits: (ParMarkBitMap*) 0x00007ffb0f532cc0
 Begin Bits: [0x0000017b349a0000, 0x0000017b359a0000)
 End Bits:   [0x0000017b359a0000, 0x0000017b369a0000)

Polling page: 0x0000017b20ca0000

Metaspace:

Usage:
  Non-class:      6.58 MB used.
      Class:    731.48 KB used.
       Both:      7.30 MB used.

Virtual space:
  Non-class space:        8.00 MB reserved,       6.62 MB ( 83%) committed,  1 nodes.
      Class space:        1.00 GB reserved,     768.00 KB ( <1%) committed,  1 nodes.
             Both:        1.01 GB reserved,       7.38 MB ( <1%) committed. 

Chunk freelists:
   Non-Class:  1.00 MB
       Class:  3.22 MB
        Both:  4.22 MB

MaxMetaspaceSize: unlimited
CompressedClassSpaceSize: 1.00 GB
Initial GC threshold: 21.00 MB
Current GC threshold: 21.00 MB
CDS: off
MetaspaceReclaimPolicy: balanced
 - commit_granule_bytes: 65536.
 - commit_granule_words: 8192.
 - virtual_space_node_default_size: 1048576.
 - enlarge_chunks_in_place: 1.
 - new_chunks_are_fully_committed: 0.
 - uncommit_free_chunks: 1.
 - use_allocation_guard: 0.
 - handle_deallocations: 1.


Internal statistics:

num_allocs_failed_limit: 0.
num_arena_births: 10.
num_arena_deaths: 0.
num_vsnodes_births: 2.
num_vsnodes_deaths: 0.
num_space_committed: 118.
num_space_uncommitted: 0.
num_chunks_returned_to_freelist: 0.
num_chunks_taken_from_freelist: 37.
num_chunk_merges: 0.
num_chunk_splits: 20.
num_chunks_enlarged: 16.
num_purges: 0.
num_inconsistent_stats: 0.

CodeHeap 'non-profiled nmethods': size=120000Kb used=140Kb max_used=140Kb free=119859Kb
 bounds [0x0000017b2d470000, 0x0000017b2d6e0000, 0x0000017b349a0000]
CodeHeap 'profiled nmethods': size=120000Kb used=614Kb max_used=614Kb free=119385Kb
 bounds [0x0000017b25f40000, 0x0000017b261b0000, 0x0000017b2d470000]
CodeHeap 'non-nmethods': size=5760Kb used=1132Kb max_used=1146Kb free=4627Kb
 bounds [0x0000017b259a0000, 0x0000017b25c10000, 0x0000017b25f40000]
 total_blobs=850 nmethods=445 adapters=320
 compilation: enabled
              stopped_count=0, restarted_count=0
 full_count=0

Compilation events (20 events):
Event: 2.473 Thread 0x0000017b36b39600 nmethod 436 0x0000017b25fd6510 code [0x0000017b25fd6740, 0x0000017b25fd6e28]
Event: 2.474 Thread 0x0000017b36b38c50 nmethod 427 0x0000017b2d490b10 code [0x0000017b2d490ca0, 0x0000017b2d490e58]
Event: 2.474 Thread 0x0000017b36b38c50  434       4       jdk.internal.misc.Unsafe::allocateUninitializedArray0 (90 bytes)
Event: 2.475 Thread 0x0000017b36b38c50 nmethod 434 0x0000017b2d490f90 code [0x0000017b2d491120, 0x0000017b2d4912d8]
Event: 2.475 Thread 0x0000017b36b38c50  438       4       jdk.internal.misc.Unsafe::allocateUninitializedArray (55 bytes)
Event: 2.476 Thread 0x0000017b36b38c50 nmethod 438 0x0000017b2d491390 code [0x0000017b2d491520, 0x0000017b2d4916d8]
Event: 2.476 Thread 0x0000017b36b38c50  439   !   4       java.lang.String::replace (258 bytes)
Event: 2.485 Thread 0x0000017b36b38c50 nmethod 439 0x0000017b2d491810 code [0x0000017b2d491a00, 0x0000017b2d4921a8]
Event: 2.504 Thread 0x0000017b36b38c50  440       4       java.util.HashMap$KeyIterator::next (8 bytes)
Event: 2.507 Thread 0x0000017b36b38c50 nmethod 440 0x0000017b2d492890 code [0x0000017b2d492a20, 0x0000017b2d492c98]
Event: 2.507 Thread 0x0000017b36b38c50  441       4       java.util.ArrayList$Itr::next (66 bytes)
Event: 2.508 Thread 0x0000017b36b38c50 nmethod 441 0x0000017b2d492e10 code [0x0000017b2d492fa0, 0x0000017b2d4930d8]
Event: 2.508 Thread 0x0000017b36b39600  442       3       java.lang.invoke.MethodType::makeImpl (109 bytes)
Event: 2.509 Thread 0x0000017b36b39600 nmethod 442 0x0000017b25fd7110 code [0x0000017b25fd73a0, 0x0000017b25fd7ff8]
Event: 2.509 Thread 0x0000017b36b39600  443       3       java.lang.invoke.MethodType::<init> (15 bytes)
Event: 2.509 Thread 0x0000017b36b39600 nmethod 443 0x0000017b25fd8490 code [0x0000017b25fd8620, 0x0000017b25fd87b8]
Event: 2.509 Thread 0x0000017b36b39600  444       3       java.lang.invoke.MethodType$ConcurrentWeakInternSet::get (47 bytes)
Event: 2.509 Thread 0x0000017b36b39600 nmethod 444 0x0000017b25fd8890 code [0x0000017b25fd8ac0, 0x0000017b25fd93d8]
Event: 2.509 Thread 0x0000017b36b39600  445       3       sun.security.util.DerInputStream::<init> (38 bytes)
Event: 2.509 Thread 0x0000017b36b39600 nmethod 445 0x0000017b25fd9790 code [0x0000017b25fd9920, 0x0000017b25fd9ab8]

GC Heap History (0 events):
No events

Deoptimization events (20 events):
Event: 1.958 Thread 0x0000017b22d05060 DEOPT PACKING pc=0x0000017b2d47d4f4 sp=0x00000079d2bff2d0
Event: 1.958 Thread 0x0000017b22d05060 DEOPT UNPACKING pc=0x0000017b259f5923 sp=0x00000079d2bff210 mode 2
Event: 1.994 Thread 0x0000017b22d05060 DEOPT PACKING pc=0x0000017b25f6fd93 sp=0x00000079d2bfcaf0
Event: 1.994 Thread 0x0000017b22d05060 DEOPT UNPACKING pc=0x0000017b259f6463 sp=0x00000079d2bfbfb0 mode 0
Event: 2.474 Thread 0x0000017b22d05060 Uncommon trap: trap_request=0xffffffde fr.pc=0x0000017b2d490dac relative=0x000000000000010c
Event: 2.474 Thread 0x0000017b22d05060 Uncommon trap: reason=class_check action=maybe_recompile pc=0x0000017b2d490dac method=jdk.internal.misc.Unsafe.allocateUninitializedArray(Ljava/lang/Class;I)Ljava/lang/Object; @ 51 c2
Event: 2.474 Thread 0x0000017b22d05060 DEOPT PACKING pc=0x0000017b2d490dac sp=0x00000079d2bfc2c0
Event: 2.474 Thread 0x0000017b22d05060 DEOPT UNPACKING pc=0x0000017b259f5923 sp=0x00000079d2bfc248 mode 2
Event: 2.474 Thread 0x0000017b22d05060 Uncommon trap: trap_request=0xffffffde fr.pc=0x0000017b2d490dac relative=0x000000000000010c
Event: 2.474 Thread 0x0000017b22d05060 Uncommon trap: reason=class_check action=maybe_recompile pc=0x0000017b2d490dac method=jdk.internal.misc.Unsafe.allocateUninitializedArray(Ljava/lang/Class;I)Ljava/lang/Object; @ 51 c2
Event: 2.474 Thread 0x0000017b22d05060 DEOPT PACKING pc=0x0000017b2d490dac sp=0x00000079d2bfc2c0
Event: 2.474 Thread 0x0000017b22d05060 DEOPT UNPACKING pc=0x0000017b259f5923 sp=0x00000079d2bfc248 mode 2
Event: 2.474 Thread 0x0000017b22d05060 Uncommon trap: trap_request=0xffffffde fr.pc=0x0000017b2d490dac relative=0x000000000000010c
Event: 2.474 Thread 0x0000017b22d05060 Uncommon trap: reason=class_check action=maybe_recompile pc=0x0000017b2d490dac method=jdk.internal.misc.Unsafe.allocateUninitializedArray(Ljava/lang/Class;I)Ljava/lang/Object; @ 51 c2
Event: 2.474 Thread 0x0000017b22d05060 DEOPT PACKING pc=0x0000017b2d490dac sp=0x00000079d2bfc2c0
Event: 2.474 Thread 0x0000017b22d05060 DEOPT UNPACKING pc=0x0000017b259f5923 sp=0x00000079d2bfc248 mode 2
Event: 2.474 Thread 0x0000017b22d05060 Uncommon trap: trap_request=0xffffffde fr.pc=0x0000017b2d490dac relative=0x000000000000010c
Event: 2.474 Thread 0x0000017b22d05060 Uncommon trap: reason=class_check action=maybe_recompile pc=0x0000017b2d490dac method=jdk.internal.misc.Unsafe.allocateUninitializedArray(Ljava/lang/Class;I)Ljava/lang/Object; @ 51 c2
Event: 2.474 Thread 0x0000017b22d05060 DEOPT PACKING pc=0x0000017b2d490dac sp=0x00000079d2bfc300
Event: 2.474 Thread 0x0000017b22d05060 DEOPT UNPACKING pc=0x0000017b259f5923 sp=0x00000079d2bfc288 mode 2

Classes unloaded (0 events):
No events

Classes redefined (0 events):
No events

Internal exceptions (2 events):
Event: 0.398 Thread 0x0000017b22d05060 Exception <a 'java/lang/NoSuchMethodError'{0x00000000eacb2430}: 'void java.lang.invoke.DirectMethodHandle$Holder.invokeStatic(java.lang.Object, java.lang.Object, java.lang.Object)'> (0x00000000eacb2430) 
thrown [s\src\hotspot\share\interpreter\linkResolver.cpp, line 759]
Event: 1.636 Thread 0x0000017b22d05060 Exception <a 'java/lang/reflect/InvocationTargetException'{0x00000000eaf781c8}> (0x00000000eaf781c8) 
thrown [s\src\hotspot\share\runtime\reflection.cpp, line 1121]

VM Operations (8 events):
Event: 0.402 Executing VM operation: HandshakeAllThreads
Event: 0.402 Executing VM operation: HandshakeAllThreads done
Event: 1.381 Executing VM operation: HandshakeAllThreads
Event: 1.381 Executing VM operation: HandshakeAllThreads done
Event: 1.381 Executing VM operation: Cleanup
Event: 1.381 Executing VM operation: Cleanup done
Event: 2.396 Executing VM operation: Cleanup
Event: 2.428 Executing VM operation: Cleanup done

Events (20 events):
Event: 2.506 loading class java/lang/invoke/VarHandleReferences$FieldStaticReadWrite done
Event: 2.507 loading class java/lang/invoke/VarHandle$1
Event: 2.507 loading class java/lang/invoke/VarHandle$1 done
Event: 2.507 loading class jdk/internal/util/Preconditions$1
Event: 2.507 loading class jdk/internal/util/Preconditions$1 done
Event: 2.507 loading class java/lang/invoke/VarHandleGuards
Event: 2.508 loading class java/lang/invoke/VarHandleGuards done
Event: 2.508 loading class java/lang/invoke/VarForm
Event: 2.508 loading class java/lang/invoke/VarForm done
Event: 2.508 loading class java/lang/System$Logger$Level
Event: 2.508 loading class java/lang/System$Logger$Level done
Event: 2.509 loading class sun/security/x509/ExtendedKeyUsageExtension
Event: 2.509 loading class sun/security/x509/ExtendedKeyUsageExtension done
Event: 2.509 loading class java/util/Vector
Event: 2.618 loading class java/util/Vector done
Event: 2.618 loading class sun/security/x509/AuthorityInfoAccessExtension
Event: 2.619 loading class sun/security/x509/AuthorityInfoAccessExtension done
Event: 2.619 loading class sun/security/x509/AccessDescription
Event: 2.619 loading class sun/security/x509/AccessDescription done
Event: 2.619 loading class sun/security/x509/GeneralName


Dynamic libraries:
0x00007ff798370000 - 0x00007ff79837e000 	c:\Users\se\.vscode\extensions\redhat.java-1.12.0-win32-x64\jre\17.0.4.1-win32-x86_64\bin\java.exe
0x00007ffb58e80000 - 0x00007ffb59089000 	C:\WINDOWS\SYSTEM32\ntdll.dll
0x00007ffb57910000 - 0x00007ffb579cd000 	C:\WINDOWS\System32\KERNEL32.DLL
0x00007ffb568e0000 - 0x00007ffb56c5b000 	C:\WINDOWS\System32\KERNELBASE.dll
0x00007ffb563f0000 - 0x00007ffb56501000 	C:\WINDOWS\System32\ucrtbase.dll
0x00007ffb39af0000 - 0x00007ffb39b08000 	c:\Users\se\.vscode\extensions\redhat.java-1.12.0-win32-x64\jre\17.0.4.1-win32-x86_64\bin\jli.dll
0x00007ffb39ab0000 - 0x00007ffb39ac9000 	c:\Users\se\.vscode\extensions\redhat.java-1.12.0-win32-x64\jre\17.0.4.1-win32-x86_64\bin\VCRUNTIME140.dll
0x00007ffb58b00000 - 0x00007ffb58cad000 	C:\WINDOWS\System32\USER32.dll
0x00007ffb35530000 - 0x00007ffb357d5000 	C:\WINDOWS\WinSxS\amd64_microsoft.windows.common-controls_6595b64144ccf1df_6.0.22000.120_none_9d947278b86cc467\COMCTL32.dll
0x00007ffb563c0000 - 0x00007ffb563e6000 	C:\WINDOWS\System32\win32u.dll
0x00007ffb58a50000 - 0x00007ffb58af3000 	C:\WINDOWS\System32\msvcrt.dll
0x00007ffb57b60000 - 0x00007ffb57b89000 	C:\WINDOWS\System32\GDI32.dll
0x00007ffb56510000 - 0x00007ffb56628000 	C:\WINDOWS\System32\gdi32full.dll
0x00007ffb56c60000 - 0x00007ffb56cfd000 	C:\WINDOWS\System32\msvcp_win.dll
0x00007ffb57b20000 - 0x00007ffb57b51000 	C:\WINDOWS\System32\IMM32.DLL
0x00007ffb51bd0000 - 0x00007ffb51bdc000 	c:\Users\se\.vscode\extensions\redhat.java-1.12.0-win32-x64\jre\17.0.4.1-win32-x86_64\bin\vcruntime140_1.dll
0x00007ffb166f0000 - 0x00007ffb16781000 	c:\Users\se\.vscode\extensions\redhat.java-1.12.0-win32-x64\jre\17.0.4.1-win32-x86_64\bin\msvcp140.dll
0x00007ffb0e9b0000 - 0x00007ffb0f5f6000 	c:\Users\se\.vscode\extensions\redhat.java-1.12.0-win32-x64\jre\17.0.4.1-win32-x86_64\bin\server\jvm.dll
0x00007ffb56d00000 - 0x00007ffb56dae000 	C:\WINDOWS\System32\ADVAPI32.dll
0x00007ffb57a50000 - 0x00007ffb57aee000 	C:\WINDOWS\System32\sechost.dll
0x00007ffb58cb0000 - 0x00007ffb58dd0000 	C:\WINDOWS\System32\RPCRT4.dll
0x00007ffb57af0000 - 0x00007ffb57af8000 	C:\WINDOWS\System32\PSAPI.DLL
0x00007ffb52b50000 - 0x00007ffb52b83000 	C:\WINDOWS\SYSTEM32\WINMM.dll
0x00007ffb52650000 - 0x00007ffb5265a000 	C:\WINDOWS\SYSTEM32\VERSION.dll
0x00007ffb4e0b0000 - 0x00007ffb4e0b9000 	C:\WINDOWS\SYSTEM32\WSOCK32.dll
0x00007ffb579e0000 - 0x00007ffb57a4f000 	C:\WINDOWS\System32\WS2_32.dll
0x00007ffb553d0000 - 0x00007ffb553e8000 	C:\WINDOWS\SYSTEM32\kernel.appcore.dll
0x00007ffb39aa0000 - 0x00007ffb39aaa000 	c:\Users\se\.vscode\extensions\redhat.java-1.12.0-win32-x64\jre\17.0.4.1-win32-x86_64\bin\jimage.dll
0x00007ffb4e5d0000 - 0x00007ffb4e7f1000 	C:\WINDOWS\SYSTEM32\DBGHELP.DLL
0x00007ffb38680000 - 0x00007ffb386b1000 	C:\WINDOWS\SYSTEM32\dbgcore.DLL
0x00007ffb56630000 - 0x00007ffb566af000 	C:\WINDOWS\System32\bcryptPrimitives.dll
0x00007ffb39a90000 - 0x00007ffb39a9e000 	c:\Users\se\.vscode\extensions\redhat.java-1.12.0-win32-x64\jre\17.0.4.1-win32-x86_64\bin\instrument.dll
0x00007ffb37f80000 - 0x00007ffb37fa5000 	c:\Users\se\.vscode\extensions\redhat.java-1.12.0-win32-x64\jre\17.0.4.1-win32-x86_64\bin\java.dll
0x00007ffb37750000 - 0x00007ffb37768000 	c:\Users\se\.vscode\extensions\redhat.java-1.12.0-win32-x64\jre\17.0.4.1-win32-x86_64\bin\zip.dll
0x00007ffb56dd0000 - 0x00007ffb57588000 	C:\WINDOWS\System32\SHELL32.dll
0x00007ffb54440000 - 0x00007ffb54ca5000 	C:\WINDOWS\SYSTEM32\windows.storage.dll
0x00007ffb57590000 - 0x00007ffb57907000 	C:\WINDOWS\System32\combase.dll
0x00007ffb542d0000 - 0x00007ffb54436000 	C:\WINDOWS\SYSTEM32\wintypes.dll
0x00007ffb57d00000 - 0x00007ffb57dea000 	C:\WINDOWS\System32\SHCORE.dll
0x00007ffb58340000 - 0x00007ffb5839d000 	C:\WINDOWS\System32\shlwapi.dll
0x00007ffb56280000 - 0x00007ffb562a1000 	C:\WINDOWS\SYSTEM32\profapi.dll
0x00007ffb34f10000 - 0x00007ffb34f29000 	C:\Users\se\.vscode\extensions\redhat.java-1.12.0-win32-x64\jre\17.0.4.1-win32-x86_64\bin\net.dll
0x00007ffb52540000 - 0x00007ffb5264c000 	C:\WINDOWS\SYSTEM32\WINHTTP.dll
0x00007ffb55870000 - 0x00007ffb558d7000 	C:\WINDOWS\system32\mswsock.dll
0x00007ffb31db0000 - 0x00007ffb31dc5000 	C:\Users\se\.vscode\extensions\redhat.java-1.12.0-win32-x64\jre\17.0.4.1-win32-x86_64\bin\nio.dll
0x00007ffb38030000 - 0x00007ffb38040000 	c:\Users\se\.vscode\extensions\redhat.java-1.12.0-win32-x64\jre\17.0.4.1-win32-x86_64\bin\verify.dll

dbghelp: loaded successfully - version: 4.0.5 - missing functions: none
symbol engine: initialized successfully - sym options: 0x614 - pdb path: .;c:\Users\se\.vscode\extensions\redhat.java-1.12.0-win32-x64\jre\17.0.4.1-win32-x86_64\bin;C:\WINDOWS\SYSTEM32;C:\WINDOWS\WinSxS\amd64_microsoft.windows.common-controls_6595b64144ccf1df_6.0.22000.120_none_9d947278b86cc467;c:\Users\se\.vscode\extensions\redhat.java-1.12.0-win32-x64\jre\17.0.4.1-win32-x86_64\bin\server

VM Arguments:
jvm_args: --add-modules=ALL-SYSTEM --add-opens=java.base/java.util=ALL-UNNAMED --add-opens=java.base/java.lang=ALL-UNNAMED --add-opens=java.base/sun.nio.fs=ALL-UNNAMED -Declipse.application=org.eclipse.jdt.ls.core.id1 -Dosgi.bundles.defaultStartLevel=4 -Declipse.product=org.eclipse.jdt.ls.core.product -Djava.import.generatesMetadataFilesAtProjectRoot=false -Dfile.encoding=utf8 -XX:+UseParallelGC -XX:GCTimeRatio=4 -XX:AdaptiveSizePolicyWeight=90 -Dsun.zip.disableMemoryMapping=true -Xmx1G -Xms100m -Xlog:disable -javaagent:c:\Users\se\.vscode\extensions\redhat.java-1.12.0-win32-x64\lombok\lombok-1.18.24.jar 
java_command: c:\Users\se\.vscode\extensions\redhat.java-1.12.0-win32-x64\server\plugins\org.eclipse.equinox.launcher_1.6.400.v20210924-0641.jar -configuration c:\Users\se\AppData\Roaming\Code\User\globalStorage\redhat.java\1.12.0\config_ss_win -data c:\Users\se\AppData\Roaming\Code\User\workspaceStorage\85ccc1e8541c9c61dbb81f5c14fcce68\redhat.java\ss_ws
java_class_path (initial): c:\Users\se\.vscode\extensions\redhat.java-1.12.0-win32-x64\server\plugins\org.eclipse.equinox.launcher_1.6.400.v20210924-0641.jar
Launcher Type: SUN_STANDARD

[Global flags]
    uintx AdaptiveSizePolicyWeight                 = 90                                        {product} {command line}
     intx CICompilerCount                          = 3                                         {product} {ergonomic}
    uintx GCTimeRatio                              = 4                                         {product} {command line}
   size_t InitialHeapSize                          = 104857600                                 {product} {command line}
   size_t MaxHeapSize                              = 1073741824                                {product} {command line}
   size_t MaxNewSize                               = 357564416                                 {product} {ergonomic}
   size_t MinHeapDeltaBytes                        = 524288                                    {product} {ergonomic}
   size_t MinHeapSize                              = 104857600                                 {product} {command line}
   size_t NewSize                                  = 34603008                                  {product} {ergonomic}
    uintx NonNMethodCodeHeapSize                   = 5832780                                {pd product} {ergonomic}
    uintx NonProfiledCodeHeapSize                  = 122912730                              {pd product} {ergonomic}
   size_t OldSize                                  = 70254592                                  {product} {ergonomic}
    uintx ProfiledCodeHeapSize                     = 122912730                              {pd product} {ergonomic}
    uintx ReservedCodeCacheSize                    = 251658240                              {pd product} {ergonomic}
     bool SegmentedCodeCache                       = true                                      {product} {ergonomic}
   size_t SoftMaxHeapSize                          = 1073741824                             {manageable} {ergonomic}
     bool UseCompressedClassPointers               = true                           {product lp64_product} {ergonomic}
     bool UseCompressedOops                        = true                           {product lp64_product} {ergonomic}
     bool UseLargePagesIndividualAllocation        = false                                  {pd product} {ergonomic}
     bool UseParallelGC                            = true                                      {product} {command line}

Logging:
Log output configuration:
 #0: stdout all=off uptime,level,tags
 #1: stderr all=off uptime,level,tags

Environment Variables:
PATH=C:\Program Files\Common Files\Oracle\Java\javapath;C:\Program Files (x86)\Common Files\Intel\Shared Libraries\redist\intel64\compiler;C:\WINDOWS\system32;C:\WINDOWS;C:\WINDOWS\System32\Wbem;C:\WINDOWS\System32\WindowsPowerShell\v1.0\;C:\WINDOWS\System32\OpenSSH\;C:\MinGW\bin;C:\Program Files (x86)\MGLTools-1.5.7;C:\MinGW\bin;C:\Program Files\Java\jdk-18.0.2.1\bin;C:\Program Files\dotnet\;C:\Users\se\AppData\Local\Microsoft\WindowsApps;E:\New folder\MinGW\bin;C:\Users\se\AppData\Local\Programs\Microsoft VS Code\bin
USERNAME=se
OS=Windows_NT
PROCESSOR_IDENTIFIER=Intel64 Family 6 Model 126 Stepping 5, GenuineIntel
TMP=C:\Users\se\AppData\Local\Temp
TEMP=C:\Users\se\AppData\Local\Temp



---------------  S Y S T E M  ---------------

OS:
 Windows 11 , 64 bit Build 22000 (10.0.22000.708)
OS uptime: 0 days 0:41 hours

CPU: total 4 (initial active 4) (2 cores per cpu, 2 threads per core) family 6 model 126 stepping 5 microcode 0xa6, cx8, cmov, fxsr, ht, mmx, 3dnowpref, sse, sse2, sse3, ssse3, sse4.1, sse4.2, popcnt, lzcnt, tsc, tscinvbit, avx, avx2, aes, erms, clmul, bmi1, bmi2, adx, avx512f, avx512dq, avx512cd, avx512bw, avx512vl, sha, fma, vzeroupper, avx512_vpopcntdq, avx512_vpclmulqdq, avx512_vaes, avx512_vnni, clflush, clflushopt, avx512_vbmi2, avx512_vbmi

Memory: 4k page, system-wide physical 3858M (238M free)
TotalPageFile size 3858M (AvailPageFile size 0M)
current process WorkingSet (physical memory assigned to process): 45M, peak: 45M
current process commit charge ("private bytes"): 176M, peak: 176M

vm_info: OpenJDK 64-Bit Server VM (17.0.4.1+1) for windows-amd64 JRE (17.0.4.1+1), built on Aug 17 2022 07:42:43 by "temurin" with MS VC++ 16.7 (VS2019)

END.
