#
# There is insufficient memory for the Java Runtime Environment to continue.
# Native memory allocation (malloc) failed to allocate 524288 bytes for AllocateHeap
# Possible reasons:
#   The system is out of physical RAM or swap space
#   The process is running with CompressedOops enabled, and the Java Heap may be blocking the growth of the native heap
# Possible solutions:
#   Reduce memory load on the system
#   Increase physical memory or swap space
#   Check if swap backing store is full
#   Decrease Java heap size (-Xmx/-Xms)
#   Decrease number of Java threads
#   Decrease Java thread stack sizes (-Xss)
#   Set larger code cache with -XX:ReservedCodeCacheSize=
#   JVM is running with Unscaled Compressed Oops mode in which the Java heap is
#     placed in the first 4GB address space. The Java Heap base address is the
#     maximum limit for the native heap growth. Please use -XX:HeapBaseMinAddress
#     to set the Java Heap base and to place the Java Heap above 4GB virtual address.
# This output file may be truncated or incomplete.
#
#  Out of Memory Error (allocation.cpp:44), pid=1240, tid=2540
#
# JRE version:  (17.0.4.1+1) (build )
# Java VM: OpenJDK 64-Bit Server VM (17.0.4.1+1, mixed mode, tiered, compressed oops, compressed class ptrs, parallel gc, windows-amd64)
# No core dump will be written. Minidumps are not enabled by default on client versions of Windows
#

---------------  S U M M A R Y ------------

Command Line: --add-modules=ALL-SYSTEM --add-opens=java.base/java.util=ALL-UNNAMED --add-opens=java.base/java.lang=ALL-UNNAMED --add-opens=java.base/sun.nio.fs=ALL-UNNAMED -Declipse.application=org.eclipse.jdt.ls.core.id1 -Dosgi.bundles.defaultStartLevel=4 -Declipse.product=org.eclipse.jdt.ls.core.product -Djava.import.generatesMetadataFilesAtProjectRoot=false -Dfile.encoding=utf8 -XX:+UseParallelGC -XX:GCTimeRatio=4 -XX:AdaptiveSizePolicyWeight=90 -Dsun.zip.disableMemoryMapping=true -Xmx1G -Xms100m -Xlog:disable -javaagent:c:\Users\se\.vscode\extensions\redhat.java-1.12.0-win32-x64\lombok\lombok-1.18.24.jar -XX:+HeapDumpOnOutOfMemoryError -XX:HeapDumpPath=c:\Users\se\AppData\Roaming\Code\User\workspaceStorage\042ae597b835ad676826bf5aba2120d6\redhat.java c:\Users\se\.vscode\extensions\redhat.java-1.12.0-win32-x64\server\plugins\org.eclipse.equinox.launcher_1.6.400.v20210924-0641.jar -configuration c:\Users\se\AppData\Roaming\Code\User\globalStorage\redhat.java\1.12.0\config_win -data c:\Users\se\AppData\Roaming\Code\User\workspaceStorage\042ae597b835ad676826bf5aba2120d6\redhat.java\jdt_ws

Host: Intel(R) Core(TM) i3-1005G1 CPU @ 1.20GHz, 4 cores, 3G,  Windows 11 , 64 bit Build 22000 (10.0.22000.708)
Time: Mon Nov 28 22:13:45 2022 India Standard Time elapsed time: 0.465940 seconds (0d 0h 0m 0s)

---------------  T H R E A D  ---------------

Current thread (0x00000221eaf62d80):  JavaThread "Unknown thread" [_thread_in_vm, id=2540, stack(0x0000008019200000,0x0000008019300000)]

Stack: [0x0000008019200000,0x0000008019300000]
Native frames: (J=compiled Java code, j=interpreted, Vv=VM code, C=native code)
V  [jvm.dll+0x67731a]
V  [jvm.dll+0x832284]
V  [jvm.dll+0x833a2e]
V  [jvm.dll+0x834093]
V  [jvm.dll+0x245775]
V  [jvm.dll+0xa6393]
V  [jvm.dll+0x761752]
V  [jvm.dll+0x7616d6]
V  [jvm.dll+0x761991]
V  [jvm.dll+0x803ee6]
V  [jvm.dll+0x3698f1]
V  [jvm.dll+0x7e31bc]
V  [jvm.dll+0x3ec25f]
V  [jvm.dll+0x3edde1]
C  [jli.dll+0x5277]
C  [ucrtbase.dll+0x26c0c]
C  [KERNEL32.DLL+0x154e0]
C  [ntdll.dll+0x485b]


---------------  P R O C E S S  ---------------

Threads class SMR info:
_java_thread_list=0x00007ff9b5604e98, length=0, elements={
}

Java Threads: ( => current thread )

Other Threads:
  0x00000221eaf77950 GCTaskThread "GC Thread#0" [stack: 0x0000008019300000,0x0000008019400000] [id=6304]

=>0x00000221eaf62d80 (exited) JavaThread "Unknown thread" [_thread_in_vm, id=2540, stack(0x0000008019200000,0x0000008019300000)]

Threads with active compile tasks:

VM state: not at safepoint (not fully initialized)

VM Mutex/Monitor currently owned by a thread: None

Heap address: 0x00000000c0000000, size: 1024 MB, Compressed Oops mode: 32-bit

CDS archive(s) not mapped
Compressed class space mapped at: 0x0000000100000000-0x0000000140000000, reserved size: 1073741824
Narrow klass base: 0x0000000000000000, Narrow klass shift: 3, Narrow klass range: 0x140000000

GC Precious Log:
 CPUs: 4 total, 4 available
 Memory: 3858M
 Large Page Support: Disabled
 NUMA Support: Disabled
 Compressed Oops: Enabled (32-bit)
 Alignments: Space 512K, Generation 512K, Heap 2M
 Heap Min Capacity: 100M
 Heap Initial Capacity: 100M
 Heap Max Capacity: 1G
 Pre-touch: Disabled
 Parallel Workers: 4

Heap:
 PSYoungGen      total 29696K, used 0K [0x00000000eab00000, 0x00000000ecc00000, 0x0000000100000000)
  eden space 25600K, 0% used [0x00000000eab00000,0x00000000eab00000,0x00000000ec400000)
  from space 4096K, 0% used [0x00000000ec800000,0x00000000ec800000,0x00000000ecc00000)
  to   space 4096K, 0% used [0x00000000ec400000,0x00000000ec400000,0x00000000ec800000)
 ParOldGen       total 68608K, used 0K [0x00000000c0000000, 0x00000000c4300000, 0x00000000eab00000)
  object space 68608K, 0% used [0x00000000c0000000,0x00000000c0000000,0x00000000c4300000)
 Metaspace       used 0K, committed 0K, reserved 1048576K
  class space    used 0K, committed 0K, reserved 1048576K

Card table byte_map: [0x00000221ea920000,0x00000221eab30000] _byte_map_base: 0x00000221ea320000

Marking Bits: (ParMarkBitMap*) 0x00007ff9b5672cc0
 Begin Bits: [0x00000221fcc00000, 0x00000221fdc00000)
 End Bits:   [0x00000221fdc00000, 0x00000221fec00000)

GC Heap History (0 events):
No events

Deoptimization events (0 events):
No events

Classes unloaded (0 events):
No events

Classes redefined (0 events):
No events

Internal exceptions (0 events):
No events

VM Operations (0 events):
No events

Events (1 events):
Event: 0.093 Loaded shared library c:\Users\se\.vscode\extensions\redhat.java-1.12.0-win32-x64\jre\17.0.4.1-win32-x86_64\bin\java.dll


Dynamic libraries:
0x00007ff6694a0000 - 0x00007ff6694ae000 	c:\Users\se\.vscode\extensions\redhat.java-1.12.0-win32-x64\jre\17.0.4.1-win32-x86_64\bin\java.exe
0x00007ff9f86c0000 - 0x00007ff9f88c9000 	C:\WINDOWS\SYSTEM32\ntdll.dll
0x00007ff9f8280000 - 0x00007ff9f833d000 	C:\WINDOWS\System32\KERNEL32.DLL
0x00007ff9f6150000 - 0x00007ff9f64cb000 	C:\WINDOWS\System32\KERNELBASE.dll
0x00007ff9f5ce0000 - 0x00007ff9f5df1000 	C:\WINDOWS\System32\ucrtbase.dll
0x00007ff9c85d0000 - 0x00007ff9c85e9000 	c:\Users\se\.vscode\extensions\redhat.java-1.12.0-win32-x64\jre\17.0.4.1-win32-x86_64\bin\VCRUNTIME140.dll
0x00007ff9b57e0000 - 0x00007ff9b57f8000 	c:\Users\se\.vscode\extensions\redhat.java-1.12.0-win32-x64\jre\17.0.4.1-win32-x86_64\bin\jli.dll
0x00007ff9f6640000 - 0x00007ff9f67ed000 	C:\WINDOWS\System32\USER32.dll
0x00007ff9d0d00000 - 0x00007ff9d0fa5000 	C:\WINDOWS\WinSxS\amd64_microsoft.windows.common-controls_6595b64144ccf1df_6.0.22000.120_none_9d947278b86cc467\COMCTL32.dll
0x00007ff9f5c10000 - 0x00007ff9f5c36000 	C:\WINDOWS\System32\win32u.dll
0x00007ff9f7c40000 - 0x00007ff9f7ce3000 	C:\WINDOWS\System32\msvcrt.dll
0x00007ff9f7090000 - 0x00007ff9f70b9000 	C:\WINDOWS\System32\GDI32.dll
0x00007ff9f5e00000 - 0x00007ff9f5f18000 	C:\WINDOWS\System32\gdi32full.dll
0x00007ff9f5c40000 - 0x00007ff9f5cdd000 	C:\WINDOWS\System32\msvcp_win.dll
0x00007ff9f65e0000 - 0x00007ff9f6611000 	C:\WINDOWS\System32\IMM32.DLL
0x00007ff9cfd00000 - 0x00007ff9cfd0c000 	c:\Users\se\.vscode\extensions\redhat.java-1.12.0-win32-x64\jre\17.0.4.1-win32-x86_64\bin\vcruntime140_1.dll
0x00007ff9b5740000 - 0x00007ff9b57d1000 	c:\Users\se\.vscode\extensions\redhat.java-1.12.0-win32-x64\jre\17.0.4.1-win32-x86_64\bin\msvcp140.dll
0x00007ff9b4af0000 - 0x00007ff9b5736000 	c:\Users\se\.vscode\extensions\redhat.java-1.12.0-win32-x64\jre\17.0.4.1-win32-x86_64\bin\server\jvm.dll
0x00007ff9f6f30000 - 0x00007ff9f6fde000 	C:\WINDOWS\System32\ADVAPI32.dll
0x00007ff9f6540000 - 0x00007ff9f65de000 	C:\WINDOWS\System32\sechost.dll
0x00007ff9f78f0000 - 0x00007ff9f7a10000 	C:\WINDOWS\System32\RPCRT4.dll
0x00007ff9f6fe0000 - 0x00007ff9f6fe8000 	C:\WINDOWS\System32\PSAPI.DLL
0x00007ff9cea90000 - 0x00007ff9cea99000 	C:\WINDOWS\SYSTEM32\WSOCK32.dll
0x00007ff9f7bd0000 - 0x00007ff9f7c3f000 	C:\WINDOWS\System32\WS2_32.dll
0x00007ff9ea860000 - 0x00007ff9ea893000 	C:\WINDOWS\SYSTEM32\WINMM.dll
0x00007ff9e9970000 - 0x00007ff9e997a000 	C:\WINDOWS\SYSTEM32\VERSION.dll
0x00007ff9f4c10000 - 0x00007ff9f4c28000 	C:\WINDOWS\SYSTEM32\kernel.appcore.dll
0x00007ff9c7340000 - 0x00007ff9c734a000 	c:\Users\se\.vscode\extensions\redhat.java-1.12.0-win32-x64\jre\17.0.4.1-win32-x86_64\bin\jimage.dll
0x00007ff9ee9e0000 - 0x00007ff9eec01000 	C:\WINDOWS\SYSTEM32\DBGHELP.DLL
0x00007ff9d6670000 - 0x00007ff9d66a1000 	C:\WINDOWS\SYSTEM32\dbgcore.DLL
0x00007ff9f5b90000 - 0x00007ff9f5c0f000 	C:\WINDOWS\System32\bcryptPrimitives.dll
0x00007ff9c7270000 - 0x00007ff9c727e000 	c:\Users\se\.vscode\extensions\redhat.java-1.12.0-win32-x64\jre\17.0.4.1-win32-x86_64\bin\instrument.dll
0x00007ff9b4aa0000 - 0x00007ff9b4ac5000 	c:\Users\se\.vscode\extensions\redhat.java-1.12.0-win32-x64\jre\17.0.4.1-win32-x86_64\bin\java.dll

dbghelp: loaded successfully - version: 4.0.5 - missing functions: none
symbol engine: initialized successfully - sym options: 0x614 - pdb path: .;c:\Users\se\.vscode\extensions\redhat.java-1.12.0-win32-x64\jre\17.0.4.1-win32-x86_64\bin;C:\WINDOWS\SYSTEM32;C:\WINDOWS\WinSxS\amd64_microsoft.windows.common-controls_6595b64144ccf1df_6.0.22000.120_none_9d947278b86cc467;c:\Users\se\.vscode\extensions\redhat.java-1.12.0-win32-x64\jre\17.0.4.1-win32-x86_64\bin\server

VM Arguments:
jvm_args: --add-modules=ALL-SYSTEM --add-opens=java.base/java.util=ALL-UNNAMED --add-opens=java.base/java.lang=ALL-UNNAMED --add-opens=java.base/sun.nio.fs=ALL-UNNAMED -Declipse.application=org.eclipse.jdt.ls.core.id1 -Dosgi.bundles.defaultStartLevel=4 -Declipse.product=org.eclipse.jdt.ls.core.product -Djava.import.generatesMetadataFilesAtProjectRoot=false -Dfile.encoding=utf8 -XX:+UseParallelGC -XX:GCTimeRatio=4 -XX:AdaptiveSizePolicyWeight=90 -Dsun.zip.disableMemoryMapping=true -Xmx1G -Xms100m -Xlog:disable -javaagent:c:\Users\se\.vscode\extensions\redhat.java-1.12.0-win32-x64\lombok\lombok-1.18.24.jar -XX:+HeapDumpOnOutOfMemoryError -XX:HeapDumpPath=c:\Users\se\AppData\Roaming\Code\User\workspaceStorage\042ae597b835ad676826bf5aba2120d6\redhat.java 
java_command: c:\Users\se\.vscode\extensions\redhat.java-1.12.0-win32-x64\server\plugins\org.eclipse.equinox.launcher_1.6.400.v20210924-0641.jar -configuration c:\Users\se\AppData\Roaming\Code\User\globalStorage\redhat.java\1.12.0\config_win -data c:\Users\se\AppData\Roaming\Code\User\workspaceStorage\042ae597b835ad676826bf5aba2120d6\redhat.java\jdt_ws
java_class_path (initial): c:\Users\se\.vscode\extensions\redhat.java-1.12.0-win32-x64\server\plugins\org.eclipse.equinox.launcher_1.6.400.v20210924-0641.jar
Launcher Type: SUN_STANDARD

[Global flags]
    uintx AdaptiveSizePolicyWeight                 = 90                                        {product} {command line}
     intx CICompilerCount                          = 3                                         {product} {ergonomic}
    uintx GCTimeRatio                              = 4                                         {product} {command line}
     bool HeapDumpOnOutOfMemoryError               = true                                   {manageable} {command line}
    ccstr HeapDumpPath                             = c:\Users\se\AppData\Roaming\Code\User\workspaceStorage\042ae597b835ad676826bf5aba2120d6\redhat.java         {manageable} {command line}
   size_t InitialHeapSize                          = 104857600                                 {product} {command line}
   size_t MaxHeapSize                              = 1073741824                                {product} {command line}
   size_t MaxNewSize                               = 357564416                                 {product} {ergonomic}
   size_t MinHeapDeltaBytes                        = 524288                                    {product} {ergonomic}
   size_t MinHeapSize                              = 104857600                                 {product} {command line}
   size_t NewSize                                  = 34603008                                  {product} {ergonomic}
    uintx NonNMethodCodeHeapSize                   = 5832780                                {pd product} {ergonomic}
    uintx NonProfiledCodeHeapSize                  = 122912730                              {pd product} {ergonomic}
   size_t OldSize                                  = 70254592                                  {product} {ergonomic}
    uintx ProfiledCodeHeapSize                     = 122912730                              {pd product} {ergonomic}
    uintx ReservedCodeCacheSize                    = 251658240                              {pd product} {ergonomic}
     bool SegmentedCodeCache                       = true                                      {product} {ergonomic}
   size_t SoftMaxHeapSize                          = 1073741824                             {manageable} {ergonomic}
     bool UseCompressedClassPointers               = true                           {product lp64_product} {ergonomic}
     bool UseCompressedOops                        = true                           {product lp64_product} {ergonomic}
     bool UseLargePagesIndividualAllocation        = false                                  {pd product} {ergonomic}
     bool UseParallelGC                            = true                                      {product} {command line}

Logging:
Log output configuration:
 #0: stdout all=off uptime,level,tags
 #1: stderr all=off uptime,level,tags

Environment Variables:
PATH=C:\Program Files\Common Files\Oracle\Java\javapath;C:\Program Files (x86)\Common Files\Intel\Shared Libraries\redist\intel64\compiler;C:\WINDOWS\system32;C:\WINDOWS;C:\WINDOWS\System32\Wbem;C:\WINDOWS\System32\WindowsPowerShell\v1.0\;C:\WINDOWS\System32\OpenSSH\;C:\MinGW\bin;C:\Program Files (x86)\MGLTools-1.5.7;C:\MinGW\bin;C:\Program Files\Java\jdk-18.0.2.1\bin;C:\Program Files\dotnet\;C:\Users\se\AppData\Local\Microsoft\WindowsApps;E:\New folder\MinGW\bin;C:\Users\se\AppData\Local\Programs\Microsoft VS Code\bin
USERNAME=se
OS=Windows_NT
PROCESSOR_IDENTIFIER=Intel64 Family 6 Model 126 Stepping 5, GenuineIntel
TMP=C:\Users\se\AppData\Local\Temp
TEMP=C:\Users\se\AppData\Local\Temp



---------------  S Y S T E M  ---------------

OS:
 Windows 11 , 64 bit Build 22000 (10.0.22000.708)
OS uptime: 0 days 0:05 hours

CPU: total 4 (initial active 4) (2 cores per cpu, 2 threads per core) family 6 model 126 stepping 5 microcode 0xa6, cx8, cmov, fxsr, ht, mmx, 3dnowpref, sse, sse2, sse3, ssse3, sse4.1, sse4.2, popcnt, lzcnt, tsc, tscinvbit, avx, avx2, aes, erms, clmul, bmi1, bmi2, adx, avx512f, avx512dq, avx512cd, avx512bw, avx512vl, sha, fma, vzeroupper, avx512_vpopcntdq, avx512_vpclmulqdq, avx512_vaes, avx512_vnni, clflush, clflushopt, avx512_vbmi2, avx512_vbmi

Memory: 4k page, system-wide physical 3858M (443M free)
TotalPageFile size 3858M (AvailPageFile size 93M)
current process WorkingSet (physical memory assigned to process): 10M, peak: 10M
current process commit charge ("private bytes"): 146M, peak: 146M

vm_info: OpenJDK 64-Bit Server VM (17.0.4.1+1) for windows-amd64 JRE (17.0.4.1+1), built on Aug 17 2022 07:42:43 by "temurin" with MS VC++ 16.7 (VS2019)

END.
