#
# There is insufficient memory for the Java Runtime Environment to continue.
# Native memory allocation (malloc) failed to allocate 315536 bytes for Chunk::new
# Possible reasons:
#   The system is out of physical RAM or swap space
#   The process is running with CompressedOops enabled, and the Java Heap may be blocking the growth of the native heap
# Possible solutions:
#   Reduce memory load on the system
#   Increase physical memory or swap space
#   Check if swap backing store is full
#   Decrease Java heap size (-Xmx/-Xms)
#   Decrease number of Java threads
#   Decrease Java thread stack sizes (-Xss)
#   Set larger code cache with -XX:ReservedCodeCacheSize=
#   JVM is running with Unscaled Compressed Oops mode in which the Java heap is
#     placed in the first 4GB address space. The Java Heap base address is the
#     maximum limit for the native heap growth. Please use -XX:HeapBaseMinAddress
#     to set the Java Heap base and to place the Java Heap above 4GB virtual address.
# This output file may be truncated or incomplete.
#
#  Out of Memory Error (arena.cpp:189), pid=736, tid=4548
#
# JRE version: OpenJDK Runtime Environment Temurin-17.0.4.1+1 (17.0.4.1+1) (build 17.0.4.1+1)
# Java VM: OpenJDK 64-Bit Server VM Temurin-17.0.4.1+1 (17.0.4.1+1, mixed mode, tiered, compressed oops, compressed class ptrs, parallel gc, windows-amd64)
# No core dump will be written. Minidumps are not enabled by default on client versions of Windows
#

---------------  S U M M A R Y ------------

Command Line: --add-modules=ALL-SYSTEM --add-opens=java.base/java.util=ALL-UNNAMED --add-opens=java.base/java.lang=ALL-UNNAMED --add-opens=java.base/sun.nio.fs=ALL-UNNAMED -Declipse.application=org.eclipse.jdt.ls.core.id1 -Dosgi.bundles.defaultStartLevel=4 -Declipse.product=org.eclipse.jdt.ls.core.product -Djava.import.generatesMetadataFilesAtProjectRoot=false -Dfile.encoding=utf8 -XX:+UseParallelGC -XX:GCTimeRatio=4 -XX:AdaptiveSizePolicyWeight=90 -Dsun.zip.disableMemoryMapping=true -Xmx1G -Xms100m -Xlog:disable -javaagent:c:\Users\se\.vscode\extensions\redhat.java-1.12.0-win32-x64\lombok\lombok-1.18.24.jar -XX:+HeapDumpOnOutOfMemoryError -XX:HeapDumpPath=c:\Users\se\AppData\Roaming\Code\User\workspaceStorage\85ccc1e8541c9c61dbb81f5c14fcce68\redhat.java c:\Users\se\.vscode\extensions\redhat.java-1.12.0-win32-x64\server\plugins\org.eclipse.equinox.launcher_1.6.400.v20210924-0641.jar -configuration c:\Users\se\AppData\Roaming\Code\User\globalStorage\redhat.java\1.12.0\config_win -data c:\Users\se\AppData\Roaming\Code\User\workspaceStorage\85ccc1e8541c9c61dbb81f5c14fcce68\redhat.java\jdt_ws

Host: Intel(R) Core(TM) i3-1005G1 CPU @ 1.20GHz, 4 cores, 3G,  Windows 11 , 64 bit Build 22000 (10.0.22000.708)
Time: Sun Dec 25 14:44:25 2022 India Standard Time elapsed time: 0.851790 seconds (0d 0h 0m 0s)

---------------  T H R E A D  ---------------

Current thread (0x0000024ef87c11a0):  JavaThread "C2 CompilerThread0" daemon [_thread_in_native, id=4548, stack(0x000000c2edb00000,0x000000c2edc00000)]


Current CompileTask:
C2:    851  485       4       lombok.patcher.PatchScript::classMatches (41 bytes)

Stack: [0x000000c2edb00000,0x000000c2edc00000]
Native frames: (J=compiled Java code, j=interpreted, Vv=VM code, C=native code)
V  [jvm.dll+0x67731a]
V  [jvm.dll+0x832284]
V  [jvm.dll+0x833a2e]
V  [jvm.dll+0x834093]
V  [jvm.dll+0x245775]
V  [jvm.dll+0xabd7b]
V  [jvm.dll+0xac30c]
V  [jvm.dll+0x363a42]
V  [jvm.dll+0x32e011]
V  [jvm.dll+0x32d4ba]
V  [jvm.dll+0x218681]
V  [jvm.dll+0x217aa1]
V  [jvm.dll+0x1a3f8d]
V  [jvm.dll+0x227498]
V  [jvm.dll+0x2255e5]
V  [jvm.dll+0x7e7e9b]
V  [jvm.dll+0x7e240a]
V  [jvm.dll+0x6761a5]
C  [ucrtbase.dll+0x26c0c]
C  [KERNEL32.DLL+0x154e0]
C  [ntdll.dll+0x485b]


---------------  P R O C E S S  ---------------

Threads class SMR info:
_java_thread_list=0x0000024efa3e2130, length=12, elements={
0x0000024ef3964ab0, 0x0000024ef877e300, 0x0000024ef8780660, 0x0000024ef878fe00,
0x0000024ef8792ad0, 0x0000024ef8793390, 0x0000024ef87c0410, 0x0000024ef87c11a0,
0x0000024efa126e60, 0x0000024efa12cc30, 0x0000024efa140630, 0x0000024efa3dca80
}

Java Threads: ( => current thread )
  0x0000024ef3964ab0 JavaThread "main" [_thread_in_vm, id=4604, stack(0x000000c2ed200000,0x000000c2ed300000)]
  0x0000024ef877e300 JavaThread "Reference Handler" daemon [_thread_blocked, id=4552, stack(0x000000c2ed500000,0x000000c2ed600000)]
  0x0000024ef8780660 JavaThread "Finalizer" daemon [_thread_blocked, id=3592, stack(0x000000c2ed600000,0x000000c2ed700000)]
  0x0000024ef878fe00 JavaThread "Signal Dispatcher" daemon [_thread_blocked, id=11384, stack(0x000000c2ed700000,0x000000c2ed800000)]
  0x0000024ef8792ad0 JavaThread "Attach Listener" daemon [_thread_blocked, id=4444, stack(0x000000c2ed800000,0x000000c2ed900000)]
  0x0000024ef8793390 JavaThread "Service Thread" daemon [_thread_blocked, id=1912, stack(0x000000c2ed900000,0x000000c2eda00000)]
  0x0000024ef87c0410 JavaThread "Monitor Deflation Thread" daemon [_thread_blocked, id=5584, stack(0x000000c2eda00000,0x000000c2edb00000)]
=>0x0000024ef87c11a0 JavaThread "C2 CompilerThread0" daemon [_thread_in_native, id=4548, stack(0x000000c2edb00000,0x000000c2edc00000)]
  0x0000024efa126e60 JavaThread "C1 CompilerThread0" daemon [_thread_blocked, id=10332, stack(0x000000c2edc00000,0x000000c2edd00000)]
  0x0000024efa12cc30 JavaThread "Sweeper thread" daemon [_thread_blocked, id=9468, stack(0x000000c2edd00000,0x000000c2ede00000)]
  0x0000024efa140630 JavaThread "Common-Cleaner" daemon [_thread_blocked, id=8784, stack(0x000000c2ede00000,0x000000c2edf00000)]
  0x0000024efa3dca80 JavaThread "Notification Thread" daemon [_thread_blocked, id=9320, stack(0x000000c2edf00000,0x000000c2ee000000)]

Other Threads:
  0x0000024ef87681f0 VMThread "VM Thread" [stack: 0x000000c2ed400000,0x000000c2ed500000] [id=4068] _threads_hazard_ptr=0x0000024efa3e2130
  0x0000024efa3c2020 WatcherThread [stack: 0x000000c2ee000000,0x000000c2ee100000] [id=8896]
  0x0000024ef3979490 GCTaskThread "GC Thread#0" [stack: 0x000000c2ed300000,0x000000c2ed400000] [id=2256]

Threads with active compile tasks:
C2 CompilerThread0     1470  485       4       lombok.patcher.PatchScript::classMatches (41 bytes)

VM state: synchronizing (normal execution)

VM Mutex/Monitor currently owned by a thread:  ([mutex/lock_event])
[0x0000024ef395eb90] Metaspace_lock - owner thread: 0x0000024ef3964ab0
[0x0000024ef395f180] Threads_lock - owner thread: 0x0000024ef87681f0

Heap address: 0x00000000c0000000, size: 1024 MB, Compressed Oops mode: 32-bit

CDS archive(s) not mapped
Compressed class space mapped at: 0x0000000100000000-0x0000000140000000, reserved size: 1073741824
Narrow klass base: 0x0000000000000000, Narrow klass shift: 3, Narrow klass range: 0x140000000

GC Precious Log:
 CPUs: 4 total, 4 available
 Memory: 3858M
 Large Page Support: Disabled
 NUMA Support: Disabled
 Compressed Oops: Enabled (32-bit)
 Alignments: Space 512K, Generation 512K, Heap 2M
 Heap Min Capacity: 100M
 Heap Initial Capacity: 100M
 Heap Max Capacity: 1G
 Pre-touch: Disabled
 Parallel Workers: 4

Heap:
 PSYoungGen      total 29696K, used 11919K [0x00000000eab00000, 0x00000000ecc00000, 0x0000000100000000)
  eden space 25600K, 46% used [0x00000000eab00000,0x00000000eb6a3d10,0x00000000ec400000)
  from space 4096K, 0% used [0x00000000ec800000,0x00000000ec800000,0x00000000ecc00000)
  to   space 4096K, 0% used [0x00000000ec400000,0x00000000ec400000,0x00000000ec800000)
 ParOldGen       total 68608K, used 0K [0x00000000c0000000, 0x00000000c4300000, 0x00000000eab00000)
  object space 68608K, 0% used [0x00000000c0000000,0x00000000c0000000,0x00000000c4300000)
 Metaspace       used 8314K, committed 8384K, reserved 1056768K
  class space    used 833K, committed 896K, reserved 1048576K

Card table byte_map: [0x0000024ef3320000,0x0000024ef3530000] _byte_map_base: 0x0000024ef2d20000

Marking Bits: (ParMarkBitMap*) 0x00007ffb0d3c2cc0
 Begin Bits: [0x0000024ef6600000, 0x0000024ef7600000)
 End Bits:   [0x0000024ef7600000, 0x0000024ef8600000)

Polling page: 0x0000024ef1950000

Metaspace:

Usage:
  Non-class:      7.31 MB used.
      Class:    833.77 KB used.
       Both:      8.12 MB used.

Virtual space:
  Non-class space:        8.00 MB reserved,       7.31 MB ( 91%) committed,  1 nodes.
      Class space:        1.00 GB reserved,     896.00 KB ( <1%) committed,  1 nodes.
             Both:        1.01 GB reserved,       8.19 MB ( <1%) committed. 

Chunk freelists:
   Non-Class:  0 bytes
       Class:  3.09 MB
        Both:  3.09 MB

MaxMetaspaceSize: unlimited
CompressedClassSpaceSize: 1.00 GB
Initial GC threshold: 21.00 MB
Current GC threshold: 21.00 MB
CDS: off
MetaspaceReclaimPolicy: balanced
 - commit_granule_bytes: 65536.
 - commit_granule_words: 8192.
 - virtual_space_node_default_size: 1048576.
 - enlarge_chunks_in_place: 1.
 - new_chunks_are_fully_committed: 0.
 - uncommit_free_chunks: 1.
 - use_allocation_guard: 0.
 - handle_deallocations: 1.


Internal statistics:

num_allocs_failed_limit: 0.
num_arena_births: 10.
num_arena_deaths: 0.
num_vsnodes_births: 2.
num_vsnodes_deaths: 0.
num_space_committed: 131.
num_space_uncommitted: 0.
num_chunks_returned_to_freelist: 0.
num_chunks_taken_from_freelist: 38.
num_chunk_merges: 0.
num_chunk_splits: 20.
num_chunks_enlarged: 17.
num_purges: 0.
num_inconsistent_stats: 0.

CodeHeap 'non-profiled nmethods': size=120000Kb used=163Kb max_used=163Kb free=119836Kb
 bounds [0x0000024e87ad0000, 0x0000024e87d40000, 0x0000024e8f000000]
CodeHeap 'profiled nmethods': size=120000Kb used=685Kb max_used=685Kb free=119314Kb
 bounds [0x0000024e805a0000, 0x0000024e80810000, 0x0000024e87ad0000]
CodeHeap 'non-nmethods': size=5760Kb used=1136Kb max_used=1147Kb free=4623Kb
 bounds [0x0000024e80000000, 0x0000024e80270000, 0x0000024e805a0000]
 total_blobs=902 nmethods=490 adapters=327
 compilation: enabled
              stopped_count=0, restarted_count=0
 full_count=0

Compilation events (20 events):
Event: 0.756 Thread 0x0000024efa126e60  481       3       java.lang.invoke.MemberName::initResolved (53 bytes)
Event: 0.756 Thread 0x0000024efa126e60 nmethod 481 0x0000024e80649610 code [0x0000024e806497a0, 0x0000024e80649918]
Event: 0.758 Thread 0x0000024efa126e60  483       3       java.util.Arrays::hashCode (44 bytes)
Event: 0.758 Thread 0x0000024efa126e60 nmethod 483 0x0000024e80649990 code [0x0000024e80649b40, 0x0000024e80649d58]
Event: 0.759 Thread 0x0000024ef87c11a0 nmethod 479 0x0000024e87af7f10 code [0x0000024e87af80a0, 0x0000024e87af83f8]
Event: 0.759 Thread 0x0000024ef87c11a0  485       4       lombok.patcher.PatchScript::classMatches (41 bytes)
Event: 0.763 Thread 0x0000024efa126e60  486       3       java.lang.reflect.Modifier::isProtected (12 bytes)
Event: 0.763 Thread 0x0000024efa126e60 nmethod 486 0x0000024e80649e90 code [0x0000024e8064a020, 0x0000024e8064a178]
Event: 0.763 Thread 0x0000024efa126e60  487       3       java.lang.Enum::equals (11 bytes)
Event: 0.763 Thread 0x0000024efa126e60 nmethod 487 0x0000024e8064a210 code [0x0000024e8064a3a0, 0x0000024e8064a518]
Event: 0.765 Thread 0x0000024efa126e60  488       3       java.util.zip.Inflater::ensureOpen (47 bytes)
Event: 0.765 Thread 0x0000024efa126e60 nmethod 488 0x0000024e8064a590 code [0x0000024e8064a740, 0x0000024e8064a9a8]
Event: 0.770 Thread 0x0000024efa126e60  490       3       java.lang.StringUTF16::putChar (54 bytes)
Event: 0.770 Thread 0x0000024efa126e60 nmethod 490 0x0000024e8064aa90 code [0x0000024e8064ac20, 0x0000024e8064ad78]
Event: 0.788 Thread 0x0000024efa126e60  493       3       jdk.internal.util.Preconditions::checkIndex (18 bytes)
Event: 0.788 Thread 0x0000024efa126e60 nmethod 493 0x0000024e8064ae90 code [0x0000024e8064b040, 0x0000024e8064b1e8]
Event: 0.788 Thread 0x0000024efa126e60  494       1       java.lang.invoke.VarHandle::isDirect (2 bytes)
Event: 0.788 Thread 0x0000024efa126e60 nmethod 494 0x0000024e87af8a90 code [0x0000024e87af8c20, 0x0000024e87af8cf8]
Event: 0.789 Thread 0x0000024efa126e60  495       3       java.lang.instrument.ClassFileTransformer::transform (15 bytes)
Event: 0.789 Thread 0x0000024efa126e60 nmethod 495 0x0000024e8064b290 code [0x0000024e8064b440, 0x0000024e8064b5c8]

GC Heap History (0 events):
No events

Deoptimization events (20 events):
Event: 0.711 Thread 0x0000024ef3964ab0 Uncommon trap: trap_request=0xffffffde fr.pc=0x0000024e87af39ac relative=0x000000000000010c
Event: 0.711 Thread 0x0000024ef3964ab0 Uncommon trap: reason=class_check action=maybe_recompile pc=0x0000024e87af39ac method=jdk.internal.misc.Unsafe.allocateUninitializedArray(Ljava/lang/Class;I)Ljava/lang/Object; @ 51 c2
Event: 0.711 Thread 0x0000024ef3964ab0 DEOPT PACKING pc=0x0000024e87af39ac sp=0x000000c2ed2fc4a0
Event: 0.711 Thread 0x0000024ef3964ab0 DEOPT UNPACKING pc=0x0000024e80055923 sp=0x000000c2ed2fc428 mode 2
Event: 0.711 Thread 0x0000024ef3964ab0 Uncommon trap: trap_request=0xffffffde fr.pc=0x0000024e87af39ac relative=0x000000000000010c
Event: 0.711 Thread 0x0000024ef3964ab0 Uncommon trap: reason=class_check action=maybe_recompile pc=0x0000024e87af39ac method=jdk.internal.misc.Unsafe.allocateUninitializedArray(Ljava/lang/Class;I)Ljava/lang/Object; @ 51 c2
Event: 0.711 Thread 0x0000024ef3964ab0 DEOPT PACKING pc=0x0000024e87af39ac sp=0x000000c2ed2fc4a0
Event: 0.711 Thread 0x0000024ef3964ab0 DEOPT UNPACKING pc=0x0000024e80055923 sp=0x000000c2ed2fc428 mode 2
Event: 0.711 Thread 0x0000024ef3964ab0 Uncommon trap: trap_request=0xffffffde fr.pc=0x0000024e87af39ac relative=0x000000000000010c
Event: 0.711 Thread 0x0000024ef3964ab0 Uncommon trap: reason=class_check action=maybe_recompile pc=0x0000024e87af39ac method=jdk.internal.misc.Unsafe.allocateUninitializedArray(Ljava/lang/Class;I)Ljava/lang/Object; @ 51 c2
Event: 0.711 Thread 0x0000024ef3964ab0 DEOPT PACKING pc=0x0000024e87af39ac sp=0x000000c2ed2fc4a0
Event: 0.711 Thread 0x0000024ef3964ab0 DEOPT UNPACKING pc=0x0000024e80055923 sp=0x000000c2ed2fc428 mode 2
Event: 0.711 Thread 0x0000024ef3964ab0 Uncommon trap: trap_request=0xffffffde fr.pc=0x0000024e87af39ac relative=0x000000000000010c
Event: 0.711 Thread 0x0000024ef3964ab0 Uncommon trap: reason=class_check action=maybe_recompile pc=0x0000024e87af39ac method=jdk.internal.misc.Unsafe.allocateUninitializedArray(Ljava/lang/Class;I)Ljava/lang/Object; @ 51 c2
Event: 0.711 Thread 0x0000024ef3964ab0 DEOPT PACKING pc=0x0000024e87af39ac sp=0x000000c2ed2fc4e0
Event: 0.711 Thread 0x0000024ef3964ab0 DEOPT UNPACKING pc=0x0000024e80055923 sp=0x000000c2ed2fc468 mode 2
Event: 0.725 Thread 0x0000024ef3964ab0 Uncommon trap: trap_request=0xffffff45 fr.pc=0x0000024e87af4928 relative=0x00000000000005a8
Event: 0.725 Thread 0x0000024ef3964ab0 Uncommon trap: reason=unstable_if action=reinterpret pc=0x0000024e87af4928 method=java.lang.String.replace(Ljava/lang/CharSequence;Ljava/lang/CharSequence;)Ljava/lang/String; @ 48 c2
Event: 0.725 Thread 0x0000024ef3964ab0 DEOPT PACKING pc=0x0000024e87af4928 sp=0x000000c2ed2fc6a0
Event: 0.725 Thread 0x0000024ef3964ab0 DEOPT UNPACKING pc=0x0000024e80055923 sp=0x000000c2ed2fc610 mode 2

Classes unloaded (0 events):
No events

Classes redefined (0 events):
No events

Internal exceptions (2 events):
Event: 0.248 Thread 0x0000024ef3964ab0 Exception <a 'java/lang/NoSuchMethodError'{0x00000000eacb20c8}: 'void java.lang.invoke.DirectMethodHandle$Holder.invokeStatic(java.lang.Object, java.lang.Object, java.lang.Object)'> (0x00000000eacb20c8) 
thrown [s\src\hotspot\share\interpreter\linkResolver.cpp, line 759]
Event: 0.452 Thread 0x0000024ef3964ab0 Exception <a 'java/lang/reflect/InvocationTargetException'{0x00000000eaf781c8}> (0x00000000eaf781c8) 
thrown [s\src\hotspot\share\runtime\reflection.cpp, line 1121]

VM Operations (4 events):
Event: 0.254 Executing VM operation: HandshakeAllThreads
Event: 0.254 Executing VM operation: HandshakeAllThreads done
Event: 0.385 Executing VM operation: HandshakeAllThreads
Event: 0.385 Executing VM operation: HandshakeAllThreads done

Events (20 events):
Event: 0.785 loading class sun/security/rsa/RSASignature$SHA256withRSA done
Event: 0.785 loading class sun/security/rsa/RSAPrivateKeyImpl
Event: 0.785 loading class sun/security/pkcs/PKCS8Key
Event: 0.786 loading class sun/security/pkcs/PKCS8Key done
Event: 0.786 loading class sun/security/rsa/RSAPrivateKeyImpl done
Event: 0.786 loading class sun/security/rsa/RSAPrivateCrtKeyImpl
Event: 0.786 loading class java/security/interfaces/RSAPrivateCrtKey
Event: 0.786 loading class java/security/interfaces/RSAPrivateCrtKey done
Event: 0.786 loading class sun/security/rsa/RSAPrivateCrtKeyImpl done
Event: 0.786 loading class sun/security/rsa/RSACore
Event: 0.786 loading class sun/security/rsa/RSACore done
Event: 0.786 loading class java/util/concurrent/locks/ReentrantLock$NonfairSync
Event: 0.787 loading class java/util/concurrent/locks/ReentrantLock$Sync
Event: 0.787 loading class java/util/concurrent/locks/AbstractQueuedSynchronizer
Event: 0.787 loading class java/util/concurrent/locks/AbstractQueuedSynchronizer done
Event: 0.787 loading class java/util/concurrent/locks/ReentrantLock$Sync done
Event: 0.787 loading class java/util/concurrent/locks/ReentrantLock$NonfairSync done
Event: 0.787 loading class sun/security/rsa/RSAPadding
Event: 0.787 loading class sun/security/rsa/RSAPadding done
Event: 0.788 loading class java/math/MutableBigInteger


Dynamic libraries:
0x00007ff652aa0000 - 0x00007ff652aae000 	c:\Users\se\.vscode\extensions\redhat.java-1.12.0-win32-x64\jre\17.0.4.1-win32-x86_64\bin\java.exe
0x00007ffb58e80000 - 0x00007ffb59089000 	C:\WINDOWS\SYSTEM32\ntdll.dll
0x00007ffb57910000 - 0x00007ffb579cd000 	C:\WINDOWS\System32\KERNEL32.DLL
0x00007ffb568e0000 - 0x00007ffb56c5b000 	C:\WINDOWS\System32\KERNELBASE.dll
0x00007ffb563f0000 - 0x00007ffb56501000 	C:\WINDOWS\System32\ucrtbase.dll
0x00007ffb141e0000 - 0x00007ffb141f8000 	c:\Users\se\.vscode\extensions\redhat.java-1.12.0-win32-x64\jre\17.0.4.1-win32-x86_64\bin\jli.dll
0x00007ffb58b00000 - 0x00007ffb58cad000 	C:\WINDOWS\System32\USER32.dll
0x00007ffb563c0000 - 0x00007ffb563e6000 	C:\WINDOWS\System32\win32u.dll
0x00007ffb57b60000 - 0x00007ffb57b89000 	C:\WINDOWS\System32\GDI32.dll
0x00007ffb56510000 - 0x00007ffb56628000 	C:\WINDOWS\System32\gdi32full.dll
0x00007ffb56c60000 - 0x00007ffb56cfd000 	C:\WINDOWS\System32\msvcp_win.dll
0x00007ffb13fd0000 - 0x00007ffb13fe9000 	c:\Users\se\.vscode\extensions\redhat.java-1.12.0-win32-x64\jre\17.0.4.1-win32-x86_64\bin\VCRUNTIME140.dll
0x00007ffb35530000 - 0x00007ffb357d5000 	C:\WINDOWS\WinSxS\amd64_microsoft.windows.common-controls_6595b64144ccf1df_6.0.22000.120_none_9d947278b86cc467\COMCTL32.dll
0x00007ffb58a50000 - 0x00007ffb58af3000 	C:\WINDOWS\System32\msvcrt.dll
0x00007ffb57b20000 - 0x00007ffb57b51000 	C:\WINDOWS\System32\IMM32.DLL
0x00007ffb4a0b0000 - 0x00007ffb4a0bc000 	c:\Users\se\.vscode\extensions\redhat.java-1.12.0-win32-x64\jre\17.0.4.1-win32-x86_64\bin\vcruntime140_1.dll
0x00007ffb0d490000 - 0x00007ffb0d521000 	c:\Users\se\.vscode\extensions\redhat.java-1.12.0-win32-x64\jre\17.0.4.1-win32-x86_64\bin\msvcp140.dll
0x00007ffb0c840000 - 0x00007ffb0d486000 	c:\Users\se\.vscode\extensions\redhat.java-1.12.0-win32-x64\jre\17.0.4.1-win32-x86_64\bin\server\jvm.dll
0x00007ffb56d00000 - 0x00007ffb56dae000 	C:\WINDOWS\System32\ADVAPI32.dll
0x00007ffb57a50000 - 0x00007ffb57aee000 	C:\WINDOWS\System32\sechost.dll
0x00007ffb58cb0000 - 0x00007ffb58dd0000 	C:\WINDOWS\System32\RPCRT4.dll
0x00007ffb57af0000 - 0x00007ffb57af8000 	C:\WINDOWS\System32\PSAPI.DLL
0x00007ffb49f90000 - 0x00007ffb49f99000 	C:\WINDOWS\SYSTEM32\WSOCK32.dll
0x00007ffb579e0000 - 0x00007ffb57a4f000 	C:\WINDOWS\System32\WS2_32.dll
0x00007ffb52b50000 - 0x00007ffb52b83000 	C:\WINDOWS\SYSTEM32\WINMM.dll
0x00007ffb52650000 - 0x00007ffb5265a000 	C:\WINDOWS\SYSTEM32\VERSION.dll
0x00007ffb553d0000 - 0x00007ffb553e8000 	C:\WINDOWS\SYSTEM32\kernel.appcore.dll
0x00007ffb47e40000 - 0x00007ffb47e4a000 	c:\Users\se\.vscode\extensions\redhat.java-1.12.0-win32-x64\jre\17.0.4.1-win32-x86_64\bin\jimage.dll
0x00007ffb4e5d0000 - 0x00007ffb4e7f1000 	C:\WINDOWS\SYSTEM32\DBGHELP.DLL
0x00007ffb38680000 - 0x00007ffb386b1000 	C:\WINDOWS\SYSTEM32\dbgcore.DLL
0x00007ffb56630000 - 0x00007ffb566af000 	C:\WINDOWS\System32\bcryptPrimitives.dll
0x00007ffb3e1f0000 - 0x00007ffb3e1fe000 	c:\Users\se\.vscode\extensions\redhat.java-1.12.0-win32-x64\jre\17.0.4.1-win32-x86_64\bin\instrument.dll
0x00007ffb13b90000 - 0x00007ffb13bb5000 	c:\Users\se\.vscode\extensions\redhat.java-1.12.0-win32-x64\jre\17.0.4.1-win32-x86_64\bin\java.dll
0x00007ffb13240000 - 0x00007ffb13258000 	c:\Users\se\.vscode\extensions\redhat.java-1.12.0-win32-x64\jre\17.0.4.1-win32-x86_64\bin\zip.dll
0x00007ffb56dd0000 - 0x00007ffb57588000 	C:\WINDOWS\System32\SHELL32.dll
0x00007ffb54440000 - 0x00007ffb54ca5000 	C:\WINDOWS\SYSTEM32\windows.storage.dll
0x00007ffb57590000 - 0x00007ffb57907000 	C:\WINDOWS\System32\combase.dll
0x00007ffb542d0000 - 0x00007ffb54436000 	C:\WINDOWS\SYSTEM32\wintypes.dll
0x00007ffb57d00000 - 0x00007ffb57dea000 	C:\WINDOWS\System32\SHCORE.dll
0x00007ffb58340000 - 0x00007ffb5839d000 	C:\WINDOWS\System32\shlwapi.dll
0x00007ffb56280000 - 0x00007ffb562a1000 	C:\WINDOWS\SYSTEM32\profapi.dll
0x00007ffb4e0b0000 - 0x00007ffb4e0c9000 	C:\Users\se\.vscode\extensions\redhat.java-1.12.0-win32-x64\jre\17.0.4.1-win32-x86_64\bin\net.dll
0x00007ffb52540000 - 0x00007ffb5264c000 	C:\WINDOWS\SYSTEM32\WINHTTP.dll
0x00007ffb55870000 - 0x00007ffb558d7000 	C:\WINDOWS\system32\mswsock.dll
0x00007ffb14d70000 - 0x00007ffb14d85000 	C:\Users\se\.vscode\extensions\redhat.java-1.12.0-win32-x64\jre\17.0.4.1-win32-x86_64\bin\nio.dll
0x00007ffb3ca90000 - 0x00007ffb3caa0000 	c:\Users\se\.vscode\extensions\redhat.java-1.12.0-win32-x64\jre\17.0.4.1-win32-x86_64\bin\verify.dll

dbghelp: loaded successfully - version: 4.0.5 - missing functions: none
symbol engine: initialized successfully - sym options: 0x614 - pdb path: .;c:\Users\se\.vscode\extensions\redhat.java-1.12.0-win32-x64\jre\17.0.4.1-win32-x86_64\bin;C:\WINDOWS\SYSTEM32;C:\WINDOWS\WinSxS\amd64_microsoft.windows.common-controls_6595b64144ccf1df_6.0.22000.120_none_9d947278b86cc467;c:\Users\se\.vscode\extensions\redhat.java-1.12.0-win32-x64\jre\17.0.4.1-win32-x86_64\bin\server

VM Arguments:
jvm_args: --add-modules=ALL-SYSTEM --add-opens=java.base/java.util=ALL-UNNAMED --add-opens=java.base/java.lang=ALL-UNNAMED --add-opens=java.base/sun.nio.fs=ALL-UNNAMED -Declipse.application=org.eclipse.jdt.ls.core.id1 -Dosgi.bundles.defaultStartLevel=4 -Declipse.product=org.eclipse.jdt.ls.core.product -Djava.import.generatesMetadataFilesAtProjectRoot=false -Dfile.encoding=utf8 -XX:+UseParallelGC -XX:GCTimeRatio=4 -XX:AdaptiveSizePolicyWeight=90 -Dsun.zip.disableMemoryMapping=true -Xmx1G -Xms100m -Xlog:disable -javaagent:c:\Users\se\.vscode\extensions\redhat.java-1.12.0-win32-x64\lombok\lombok-1.18.24.jar -XX:+HeapDumpOnOutOfMemoryError -XX:HeapDumpPath=c:\Users\se\AppData\Roaming\Code\User\workspaceStorage\85ccc1e8541c9c61dbb81f5c14fcce68\redhat.java 
java_command: c:\Users\se\.vscode\extensions\redhat.java-1.12.0-win32-x64\server\plugins\org.eclipse.equinox.launcher_1.6.400.v20210924-0641.jar -configuration c:\Users\se\AppData\Roaming\Code\User\globalStorage\redhat.java\1.12.0\config_win -data c:\Users\se\AppData\Roaming\Code\User\workspaceStorage\85ccc1e8541c9c61dbb81f5c14fcce68\redhat.java\jdt_ws
java_class_path (initial): c:\Users\se\.vscode\extensions\redhat.java-1.12.0-win32-x64\server\plugins\org.eclipse.equinox.launcher_1.6.400.v20210924-0641.jar
Launcher Type: SUN_STANDARD

[Global flags]
    uintx AdaptiveSizePolicyWeight                 = 90                                        {product} {command line}
     intx CICompilerCount                          = 3                                         {product} {ergonomic}
    uintx GCTimeRatio                              = 4                                         {product} {command line}
     bool HeapDumpOnOutOfMemoryError               = true                                   {manageable} {command line}
    ccstr HeapDumpPath                             = c:\Users\se\AppData\Roaming\Code\User\workspaceStorage\85ccc1e8541c9c61dbb81f5c14fcce68\redhat.java         {manageable} {command line}
   size_t InitialHeapSize                          = 104857600                                 {product} {command line}
   size_t MaxHeapSize                              = 1073741824                                {product} {command line}
   size_t MaxNewSize                               = 357564416                                 {product} {ergonomic}
   size_t MinHeapDeltaBytes                        = 524288                                    {product} {ergonomic}
   size_t MinHeapSize                              = 104857600                                 {product} {command line}
   size_t NewSize                                  = 34603008                                  {product} {ergonomic}
    uintx NonNMethodCodeHeapSize                   = 5832780                                {pd product} {ergonomic}
    uintx NonProfiledCodeHeapSize                  = 122912730                              {pd product} {ergonomic}
   size_t OldSize                                  = 70254592                                  {product} {ergonomic}
    uintx ProfiledCodeHeapSize                     = 122912730                              {pd product} {ergonomic}
    uintx ReservedCodeCacheSize                    = 251658240                              {pd product} {ergonomic}
     bool SegmentedCodeCache                       = true                                      {product} {ergonomic}
   size_t SoftMaxHeapSize                          = 1073741824                             {manageable} {ergonomic}
     bool UseCompressedClassPointers               = true                           {product lp64_product} {ergonomic}
     bool UseCompressedOops                        = true                           {product lp64_product} {ergonomic}
     bool UseLargePagesIndividualAllocation        = false                                  {pd product} {ergonomic}
     bool UseParallelGC                            = true                                      {product} {command line}

Logging:
Log output configuration:
 #0: stdout all=off uptime,level,tags
 #1: stderr all=off uptime,level,tags

Environment Variables:
PATH=C:\Program Files\Common Files\Oracle\Java\javapath;C:\Program Files (x86)\Common Files\Intel\Shared Libraries\redist\intel64\compiler;C:\WINDOWS\system32;C:\WINDOWS;C:\WINDOWS\System32\Wbem;C:\WINDOWS\System32\WindowsPowerShell\v1.0\;C:\WINDOWS\System32\OpenSSH\;C:\MinGW\bin;C:\Program Files (x86)\MGLTools-1.5.7;C:\MinGW\bin;C:\Program Files\Java\jdk-18.0.2.1\bin;C:\Program Files\dotnet\;C:\Users\se\AppData\Local\Microsoft\WindowsApps;E:\New folder\MinGW\bin;C:\Users\se\AppData\Local\Programs\Microsoft VS Code\bin
USERNAME=se
OS=Windows_NT
PROCESSOR_IDENTIFIER=Intel64 Family 6 Model 126 Stepping 5, GenuineIntel
TMP=C:\Users\se\AppData\Local\Temp
TEMP=C:\Users\se\AppData\Local\Temp



---------------  S Y S T E M  ---------------

OS:
 Windows 11 , 64 bit Build 22000 (10.0.22000.708)
OS uptime: 0 days 0:12 hours

CPU: total 4 (initial active 4) (2 cores per cpu, 2 threads per core) family 6 model 126 stepping 5 microcode 0xa6, cx8, cmov, fxsr, ht, mmx, 3dnowpref, sse, sse2, sse3, ssse3, sse4.1, sse4.2, popcnt, lzcnt, tsc, tscinvbit, avx, avx2, aes, erms, clmul, bmi1, bmi2, adx, avx512f, avx512dq, avx512cd, avx512bw, avx512vl, sha, fma, vzeroupper, avx512_vpopcntdq, avx512_vpclmulqdq, avx512_vaes, avx512_vnni, clflush, clflushopt, avx512_vbmi2, avx512_vbmi

Memory: 4k page, system-wide physical 3858M (273M free)
TotalPageFile size 3858M (AvailPageFile size 2M)
current process WorkingSet (physical memory assigned to process): 49M, peak: 49M
current process commit charge ("private bytes"): 178M, peak: 178M

vm_info: OpenJDK 64-Bit Server VM (17.0.4.1+1) for windows-amd64 JRE (17.0.4.1+1), built on Aug 17 2022 07:42:43 by "temurin" with MS VC++ 16.7 (VS2019)

END.
