#
# There is insufficient memory for the Java Runtime Environment to continue.
# Native memory allocation (malloc) failed to allocate 32744 bytes for ChunkPool::allocate
# Possible reasons:
#   The system is out of physical RAM or swap space
#   The process is running with CompressedOops enabled, and the Java Heap may be blocking the growth of the native heap
# Possible solutions:
#   Reduce memory load on the system
#   Increase physical memory or swap space
#   Check if swap backing store is full
#   Decrease Java heap size (-Xmx/-Xms)
#   Decrease number of Java threads
#   Decrease Java thread stack sizes (-Xss)
#   Set larger code cache with -XX:ReservedCodeCacheSize=
#   JVM is running with Unscaled Compressed Oops mode in which the Java heap is
#     placed in the first 4GB address space. The Java Heap base address is the
#     maximum limit for the native heap growth. Please use -XX:HeapBaseMinAddress
#     to set the Java Heap base and to place the Java Heap above 4GB virtual address.
# This output file may be truncated or incomplete.
#
#  Out of Memory Error (arena.cpp:78), pid=1728, tid=4052
#
# JRE version: OpenJDK Runtime Environment Temurin-17.0.4.1+1 (17.0.4.1+1) (build 17.0.4.1+1)
# Java VM: OpenJDK 64-Bit Server VM Temurin-17.0.4.1+1 (17.0.4.1+1, mixed mode, tiered, compressed oops, compressed class ptrs, parallel gc, windows-amd64)
# No core dump will be written. Minidumps are not enabled by default on client versions of Windows
#

---------------  S U M M A R Y ------------

Command Line: --add-modules=ALL-SYSTEM --add-opens=java.base/java.util=ALL-UNNAMED --add-opens=java.base/java.lang=ALL-UNNAMED --add-opens=java.base/sun.nio.fs=ALL-UNNAMED -Declipse.application=org.eclipse.jdt.ls.core.id1 -Dosgi.bundles.defaultStartLevel=4 -Declipse.product=org.eclipse.jdt.ls.core.product -Djava.import.generatesMetadataFilesAtProjectRoot=false -Dfile.encoding=utf8 -XX:+UseParallelGC -XX:GCTimeRatio=4 -XX:AdaptiveSizePolicyWeight=90 -Dsun.zip.disableMemoryMapping=true -Xmx1G -Xms100m -Xlog:disable -javaagent:c:\Users\se\.vscode\extensions\redhat.java-1.12.0-win32-x64\lombok\lombok-1.18.24.jar -XX:+HeapDumpOnOutOfMemoryError -XX:HeapDumpPath=c:\Users\se\AppData\Roaming\Code\User\workspaceStorage\042ae597b835ad676826bf5aba2120d6\redhat.java c:\Users\se\.vscode\extensions\redhat.java-1.12.0-win32-x64\server\plugins\org.eclipse.equinox.launcher_1.6.400.v20210924-0641.jar -configuration c:\Users\se\AppData\Roaming\Code\User\globalStorage\redhat.java\1.12.0\config_win -data c:\Users\se\AppData\Roaming\Code\User\workspaceStorage\042ae597b835ad676826bf5aba2120d6\redhat.java\jdt_ws

Host: Intel(R) Core(TM) i3-1005G1 CPU @ 1.20GHz, 4 cores, 3G,  Windows 11 , 64 bit Build 22000 (10.0.22000.708)
Time: Wed Dec 14 19:34:14 2022 India Standard Time elapsed time: 6.218285 seconds (0d 0h 0m 6s)

---------------  T H R E A D  ---------------

Current thread (0x0000028fd85f1290):  JavaThread "C2 CompilerThread0" daemon [_thread_in_native, id=4052, stack(0x000000d6f4000000,0x000000d6f4100000)]


Current CompileTask:
C2:   6218 2743       4       org.objectweb.asm.ClassReader::readMethod (1066 bytes)

Stack: [0x000000d6f4000000,0x000000d6f4100000]
Native frames: (J=compiled Java code, j=interpreted, Vv=VM code, C=native code)
V  [jvm.dll+0x67731a]
V  [jvm.dll+0x832284]
V  [jvm.dll+0x833a2e]
V  [jvm.dll+0x834093]
V  [jvm.dll+0x245775]
V  [jvm.dll+0xabfc0]
V  [jvm.dll+0xac30c]
V  [jvm.dll+0x11dae8]
V  [jvm.dll+0x6a0691]
V  [jvm.dll+0x1bc004]
V  [jvm.dll+0x2187d9]
V  [jvm.dll+0x217aa1]
V  [jvm.dll+0x1a3f8d]
V  [jvm.dll+0x227498]
V  [jvm.dll+0x2255e5]
V  [jvm.dll+0x7e7e9b]
V  [jvm.dll+0x7e240a]
V  [jvm.dll+0x6761a5]
C  [ucrtbase.dll+0x26c0c]
C  [KERNEL32.DLL+0x154e0]
C  [ntdll.dll+0x485b]


---------------  P R O C E S S  ---------------

Threads class SMR info:
_java_thread_list=0x0000028fdaa24920, length=22, elements={
0x0000028fc4794b70, 0x0000028fd85ae670, 0x0000028fd85b07e0, 0x0000028fd85bff90,
0x0000028fd85c2c60, 0x0000028fd85c3520, 0x0000028fd85f0500, 0x0000028fd85f1290,
0x0000028fd862e910, 0x0000028fda027610, 0x0000028fda0af900, 0x0000028fda376a40,
0x0000028fda97f6f0, 0x0000028fda9f6fe0, 0x0000028fdb6935e0, 0x0000028fdb6910a0,
0x0000028fdb5cafe0, 0x0000028fdab4d090, 0x0000028fdb92e5f0, 0x0000028fdaba5460,
0x0000028fdc3a38a0, 0x0000028fdc3a3d70
}

Java Threads: ( => current thread )
  0x0000028fc4794b70 JavaThread "main" [_thread_blocked, id=8668, stack(0x000000d6f3700000,0x000000d6f3800000)]
  0x0000028fd85ae670 JavaThread "Reference Handler" daemon [_thread_blocked, id=2308, stack(0x000000d6f3a00000,0x000000d6f3b00000)]
  0x0000028fd85b07e0 JavaThread "Finalizer" daemon [_thread_blocked, id=3044, stack(0x000000d6f3b00000,0x000000d6f3c00000)]
  0x0000028fd85bff90 JavaThread "Signal Dispatcher" daemon [_thread_blocked, id=3128, stack(0x000000d6f3c00000,0x000000d6f3d00000)]
  0x0000028fd85c2c60 JavaThread "Attach Listener" daemon [_thread_blocked, id=7216, stack(0x000000d6f3d00000,0x000000d6f3e00000)]
  0x0000028fd85c3520 JavaThread "Service Thread" daemon [_thread_blocked, id=7224, stack(0x000000d6f3e00000,0x000000d6f3f00000)]
  0x0000028fd85f0500 JavaThread "Monitor Deflation Thread" daemon [_thread_blocked, id=2848, stack(0x000000d6f3f00000,0x000000d6f4000000)]
=>0x0000028fd85f1290 JavaThread "C2 CompilerThread0" daemon [_thread_in_native, id=4052, stack(0x000000d6f4000000,0x000000d6f4100000)]
  0x0000028fd862e910 JavaThread "C1 CompilerThread0" daemon [_thread_blocked, id=4264, stack(0x000000d6f4100000,0x000000d6f4200000)]
  0x0000028fda027610 JavaThread "Sweeper thread" daemon [_thread_blocked, id=7212, stack(0x000000d6f4200000,0x000000d6f4300000)]
  0x0000028fda0af900 JavaThread "Common-Cleaner" daemon [_thread_blocked, id=1644, stack(0x000000d6f4300000,0x000000d6f4400000)]
  0x0000028fda376a40 JavaThread "Notification Thread" daemon [_thread_blocked, id=2780, stack(0x000000d6f4500000,0x000000d6f4600000)]
  0x0000028fda97f6f0 JavaThread "Active Thread: Equinox Container: b3b37820-8a9c-4cc0-85a2-556084a5237c" [_thread_blocked, id=1828, stack(0x000000d6f4a00000,0x000000d6f4b00000)]
  0x0000028fda9f6fe0 JavaThread "Framework Event Dispatcher: Equinox Container: b3b37820-8a9c-4cc0-85a2-556084a5237c" daemon [_thread_blocked, id=5220, stack(0x000000d6f4b00000,0x000000d6f4c00000)]
  0x0000028fdb6935e0 JavaThread "Start Level: Equinox Container: b3b37820-8a9c-4cc0-85a2-556084a5237c" daemon [_thread_in_vm, id=7932, stack(0x000000d6f4c00000,0x000000d6f4d00000)]
  0x0000028fdb6910a0 JavaThread "SCR Component Actor" daemon [_thread_blocked, id=8764, stack(0x000000d6f4d00000,0x000000d6f4e00000)]
  0x0000028fdb5cafe0 JavaThread "SCR Component Registry" daemon [_thread_blocked, id=6756, stack(0x000000d6f4900000,0x000000d6f4a00000)]
  0x0000028fdab4d090 JavaThread "Worker-JM" [_thread_blocked, id=9140, stack(0x000000d6f4e00000,0x000000d6f4f00000)]
  0x0000028fdb92e5f0 JavaThread "Worker-0: Updating Maven Dependencies" [_thread_in_native, id=8724, stack(0x000000d6f4f00000,0x000000d6f5000000)]
  0x0000028fdaba5460 JavaThread "Worker-1: Repository registry initialization" [_thread_blocked, id=9068, stack(0x000000d6f5000000,0x000000d6f5100000)]
  0x0000028fdc3a38a0 JavaThread "Java indexing" daemon [_thread_blocked, id=6440, stack(0x000000d6f5200000,0x000000d6f5300000)]
  0x0000028fdc3a3d70 JavaThread "Worker-2" [_thread_blocked, id=4968, stack(0x000000d6f5100000,0x000000d6f5200000)]

Other Threads:
  0x0000028fc486d820 VMThread "VM Thread" [stack: 0x000000d6f3900000,0x000000d6f3a00000] [id=3956]
  0x0000028fda2d6a10 WatcherThread [stack: 0x000000d6f4600000,0x000000d6f4700000] [id=3360]
  0x0000028fc47a9550 GCTaskThread "GC Thread#0" [stack: 0x000000d6f3800000,0x000000d6f3900000] [id=8688]
  0x0000028fda7b2b40 GCTaskThread "GC Thread#1" [stack: 0x000000d6f4400000,0x000000d6f4500000] [id=2608]
  0x0000028fdaa1a020 GCTaskThread "GC Thread#2" [stack: 0x000000d6f4700000,0x000000d6f4800000] [id=3392]
  0x0000028fda7b2df0 GCTaskThread "GC Thread#3" [stack: 0x000000d6f4800000,0x000000d6f4900000] [id=3036]

Threads with active compile tasks:
C2 CompilerThread0     6234 2743       4       org.objectweb.asm.ClassReader::readMethod (1066 bytes)
C1 CompilerThread0     6234 2891       3       sun.util.calendar.BaseCalendar::getFixedDate (324 bytes)

VM state: not at safepoint (normal execution)

VM Mutex/Monitor currently owned by a thread:  ([mutex/lock_event])
[0x0000028fc478e980] CodeCache_lock - owner thread: 0x0000028fdb6935e0
[0x0000028fc478fea0] Compile_lock - owner thread: 0x0000028fdb6935e0
[0x0000028fc478f510] MethodCompileQueue_lock - owner thread: 0x0000028fd862e910

Heap address: 0x00000000c0000000, size: 1024 MB, Compressed Oops mode: 32-bit

CDS archive(s) not mapped
Compressed class space mapped at: 0x0000000100000000-0x0000000140000000, reserved size: 1073741824
Narrow klass base: 0x0000000000000000, Narrow klass shift: 3, Narrow klass range: 0x140000000

GC Precious Log:
 CPUs: 4 total, 4 available
 Memory: 3858M
 Large Page Support: Disabled
 NUMA Support: Disabled
 Compressed Oops: Enabled (32-bit)
 Alignments: Space 512K, Generation 512K, Heap 2M
 Heap Min Capacity: 100M
 Heap Initial Capacity: 100M
 Heap Max Capacity: 1G
 Pre-touch: Disabled
 Parallel Workers: 4

Heap:
 PSYoungGen      total 27648K, used 4370K [0x00000000eab00000, 0x00000000eca80000, 0x0000000100000000)
  eden space 23552K, 3% used [0x00000000eab00000,0x00000000eabb9af0,0x00000000ec200000)
  from space 4096K, 88% used [0x00000000ec680000,0x00000000eca0af48,0x00000000eca80000)
  to   space 4096K, 0% used [0x00000000ec280000,0x00000000ec280000,0x00000000ec680000)
 ParOldGen       total 68608K, used 8667K [0x00000000c0000000, 0x00000000c4300000, 0x00000000eab00000)
  object space 68608K, 12% used [0x00000000c0000000,0x00000000c0876fb0,0x00000000c4300000)
 Metaspace       used 30735K, committed 31296K, reserved 1081344K
  class space    used 3014K, committed 3200K, reserved 1048576K

Card table byte_map: [0x0000028fc4150000,0x0000028fc4360000] _byte_map_base: 0x0000028fc3b50000

Marking Bits: (ParMarkBitMap*) 0x00007ffc6dca2cc0
 Begin Bits: [0x0000028fd6430000, 0x0000028fd7430000)
 End Bits:   [0x0000028fd7430000, 0x0000028fd8430000)

Polling page: 0x0000028fc2740000

Metaspace:

Usage:
  Non-class:     27.07 MB used.
      Class:      2.94 MB used.
       Both:     30.02 MB used.

Virtual space:
  Non-class space:       32.00 MB reserved,      27.44 MB ( 86%) committed,  4 nodes.
      Class space:        1.00 GB reserved,       3.12 MB ( <1%) committed,  1 nodes.
             Both:        1.03 GB reserved,      30.56 MB (  3%) committed. 

Chunk freelists:
   Non-Class:  440.00 KB
       Class:  708.00 KB
        Both:  1.12 MB

MaxMetaspaceSize: unlimited
CompressedClassSpaceSize: 1.00 GB
Initial GC threshold: 21.00 MB
Current GC threshold: 35.00 MB
CDS: off
MetaspaceReclaimPolicy: balanced
 - commit_granule_bytes: 65536.
 - commit_granule_words: 8192.
 - virtual_space_node_default_size: 1048576.
 - enlarge_chunks_in_place: 1.
 - new_chunks_are_fully_committed: 0.
 - uncommit_free_chunks: 1.
 - use_allocation_guard: 0.
 - handle_deallocations: 1.


Internal statistics:

num_allocs_failed_limit: 3.
num_arena_births: 224.
num_arena_deaths: 14.
num_vsnodes_births: 5.
num_vsnodes_deaths: 0.
num_space_committed: 489.
num_space_uncommitted: 0.
num_chunks_returned_to_freelist: 17.
num_chunks_taken_from_freelist: 1051.
num_chunk_merges: 4.
num_chunk_splits: 720.
num_chunks_enlarged: 522.
num_purges: 2.
num_inconsistent_stats: 0.

CodeHeap 'non-profiled nmethods': size=120000Kb used=1167Kb max_used=1167Kb free=118832Kb
 bounds [0x0000028fcef00000, 0x0000028fcf170000, 0x0000028fd6430000]
CodeHeap 'profiled nmethods': size=120000Kb used=5883Kb max_used=5883Kb free=114116Kb
 bounds [0x0000028fc79d0000, 0x0000028fc7f90000, 0x0000028fcef00000]
CodeHeap 'non-nmethods': size=5760Kb used=1248Kb max_used=1262Kb free=4511Kb
 bounds [0x0000028fc7430000, 0x0000028fc76a0000, 0x0000028fc79d0000]
 total_blobs=3430 nmethods=2878 adapters=465
 compilation: enabled
              stopped_count=0, restarted_count=0
 full_count=0

Compilation events (20 events):
Event: 6.143 Thread 0x0000028fd862e910 nmethod 2881 0x0000028fc7f8a390 code [0x0000028fc7f8a540, 0x0000028fc7f8a748]
Event: 6.144 Thread 0x0000028fd862e910 2882       1       java.util.Hashtable$Entry::getKey (5 bytes)
Event: 6.144 Thread 0x0000028fd862e910 nmethod 2882 0x0000028fcf023710 code [0x0000028fcf0238a0, 0x0000028fcf023978]
Event: 6.144 Thread 0x0000028fd862e910 2883       1       java.util.Hashtable$Entry::getValue (5 bytes)
Event: 6.144 Thread 0x0000028fd862e910 nmethod 2883 0x0000028fcf023a10 code [0x0000028fcf023ba0, 0x0000028fcf023c78]
Event: 6.144 Thread 0x0000028fd862e910 2884       3       java.util.Hashtable$Enumerator::hasNext (5 bytes)
Event: 6.144 Thread 0x0000028fd862e910 nmethod 2884 0x0000028fc7f8a810 code [0x0000028fc7f8a9a0, 0x0000028fc7f8aae8]
Event: 6.144 Thread 0x0000028fd862e910 2885       3       java.util.Hashtable$Enumerator::next (27 bytes)
Event: 6.145 Thread 0x0000028fd862e910 nmethod 2885 0x0000028fc7f8ab90 code [0x0000028fc7f8ad40, 0x0000028fc7f8af98]
Event: 6.145 Thread 0x0000028fd862e910 2886       3       jdk.internal.misc.Unsafe::weakCompareAndSetLong (11 bytes)
Event: 6.145 Thread 0x0000028fd862e910 nmethod 2886 0x0000028fc7f8b110 code [0x0000028fc7f8b2a0, 0x0000028fc7f8b3d8]
Event: 6.162 Thread 0x0000028fd862e910 2887       3       org.eclipse.jdt.internal.core.JavaModelManager::getOptionLevel (30 bytes)
Event: 6.162 Thread 0x0000028fd862e910 nmethod 2887 0x0000028fc7f8b490 code [0x0000028fc7f8b660, 0x0000028fc7f8bab8]
Event: 6.162 Thread 0x0000028fd862e910 2888       3       org.eclipse.jdt.internal.core.JavaModelManager::storePreference (168 bytes)
Event: 6.164 Thread 0x0000028fd862e910 nmethod 2888 0x0000028fc7f8bc10 code [0x0000028fc7f8bea0, 0x0000028fc7f8cd68]
Event: 6.164 Thread 0x0000028fd862e910 2889   !   3       org.eclipse.core.internal.preferences.EclipsePreferences::remove (59 bytes)
Event: 6.165 Thread 0x0000028fd862e910 nmethod 2889 0x0000028fc7f8d190 code [0x0000028fc7f8d400, 0x0000028fc7f8e1c8]
Event: 6.189 Thread 0x0000028fd862e910 2890       3       java.util.LinkedHashMap::getOrDefault (29 bytes)
Event: 6.189 Thread 0x0000028fd862e910 nmethod 2890 0x0000028fc7f8e790 code [0x0000028fc7f8e940, 0x0000028fc7f8ebf8]
Event: 6.189 Thread 0x0000028fd862e910 2891       3       sun.util.calendar.BaseCalendar::getFixedDate (324 bytes)

GC Heap History (18 events):
Event: 1.550 GC heap before
{Heap before GC invocations=1 (full 0):
 PSYoungGen      total 29696K, used 25600K [0x00000000eab00000, 0x00000000ecc00000, 0x0000000100000000)
  eden space 25600K, 100% used [0x00000000eab00000,0x00000000ec400000,0x00000000ec400000)
  from space 4096K, 0% used [0x00000000ec800000,0x00000000ec800000,0x00000000ecc00000)
  to   space 4096K, 0% used [0x00000000ec400000,0x00000000ec400000,0x00000000ec800000)
 ParOldGen       total 68608K, used 0K [0x00000000c0000000, 0x00000000c4300000, 0x00000000eab00000)
  object space 68608K, 0% used [0x00000000c0000000,0x00000000c0000000,0x00000000c4300000)
 Metaspace       used 10838K, committed 11008K, reserved 1064960K
  class space    used 1087K, committed 1152K, reserved 1048576K
}
Event: 1.557 GC heap after
{Heap after GC invocations=1 (full 0):
 PSYoungGen      total 29696K, used 3304K [0x00000000eab00000, 0x00000000ecc00000, 0x0000000100000000)
  eden space 25600K, 0% used [0x00000000eab00000,0x00000000eab00000,0x00000000ec400000)
  from space 4096K, 80% used [0x00000000ec400000,0x00000000ec73a208,0x00000000ec800000)
  to   space 4096K, 0% used [0x00000000ec800000,0x00000000ec800000,0x00000000ecc00000)
 ParOldGen       total 68608K, used 16K [0x00000000c0000000, 0x00000000c4300000, 0x00000000eab00000)
  object space 68608K, 0% used [0x00000000c0000000,0x00000000c0004000,0x00000000c4300000)
 Metaspace       used 10838K, committed 11008K, reserved 1064960K
  class space    used 1087K, committed 1152K, reserved 1048576K
}
Event: 2.690 GC heap before
{Heap before GC invocations=2 (full 0):
 PSYoungGen      total 29696K, used 28904K [0x00000000eab00000, 0x00000000ecc00000, 0x0000000100000000)
  eden space 25600K, 100% used [0x00000000eab00000,0x00000000ec400000,0x00000000ec400000)
  from space 4096K, 80% used [0x00000000ec400000,0x00000000ec73a208,0x00000000ec800000)
  to   space 4096K, 0% used [0x00000000ec800000,0x00000000ec800000,0x00000000ecc00000)
 ParOldGen       total 68608K, used 16K [0x00000000c0000000, 0x00000000c4300000, 0x00000000eab00000)
  object space 68608K, 0% used [0x00000000c0000000,0x00000000c0004000,0x00000000c4300000)
 Metaspace       used 14830K, committed 15104K, reserved 1064960K
  class space    used 1510K, committed 1664K, reserved 1048576K
}
Event: 2.694 GC heap after
{Heap after GC invocations=2 (full 0):
 PSYoungGen      total 29696K, used 4093K [0x00000000eab00000, 0x00000000ecc00000, 0x0000000100000000)
  eden space 25600K, 0% used [0x00000000eab00000,0x00000000eab00000,0x00000000ec400000)
  from space 4096K, 99% used [0x00000000ec800000,0x00000000ecbff718,0x00000000ecc00000)
  to   space 4096K, 0% used [0x00000000ec400000,0x00000000ec400000,0x00000000ec800000)
 ParOldGen       total 68608K, used 1358K [0x00000000c0000000, 0x00000000c4300000, 0x00000000eab00000)
  object space 68608K, 1% used [0x00000000c0000000,0x00000000c0153b90,0x00000000c4300000)
 Metaspace       used 14830K, committed 15104K, reserved 1064960K
  class space    used 1510K, committed 1664K, reserved 1048576K
}
Event: 3.412 GC heap before
{Heap before GC invocations=3 (full 0):
 PSYoungGen      total 29696K, used 29693K [0x00000000eab00000, 0x00000000ecc00000, 0x0000000100000000)
  eden space 25600K, 100% used [0x00000000eab00000,0x00000000ec400000,0x00000000ec400000)
  from space 4096K, 99% used [0x00000000ec800000,0x00000000ecbff718,0x00000000ecc00000)
  to   space 4096K, 0% used [0x00000000ec400000,0x00000000ec400000,0x00000000ec800000)
 ParOldGen       total 68608K, used 1358K [0x00000000c0000000, 0x00000000c4300000, 0x00000000eab00000)
  object space 68608K, 1% used [0x00000000c0000000,0x00000000c0153b90,0x00000000c4300000)
 Metaspace       used 19773K, committed 20160K, reserved 1073152K
  class space    used 2009K, committed 2176K, reserved 1048576K
}
Event: 3.417 GC heap after
{Heap after GC invocations=3 (full 0):
 PSYoungGen      total 29696K, used 4064K [0x00000000eab00000, 0x00000000ecc00000, 0x0000000100000000)
  eden space 25600K, 0% used [0x00000000eab00000,0x00000000eab00000,0x00000000ec400000)
  from space 4096K, 99% used [0x00000000ec400000,0x00000000ec7f81e8,0x00000000ec800000)
  to   space 4096K, 0% used [0x00000000ec800000,0x00000000ec800000,0x00000000ecc00000)
 ParOldGen       total 68608K, used 3663K [0x00000000c0000000, 0x00000000c4300000, 0x00000000eab00000)
  object space 68608K, 5% used [0x00000000c0000000,0x00000000c0393e70,0x00000000c4300000)
 Metaspace       used 19773K, committed 20160K, reserved 1073152K
  class space    used 2009K, committed 2176K, reserved 1048576K
}
Event: 3.831 GC heap before
{Heap before GC invocations=4 (full 0):
 PSYoungGen      total 29696K, used 11786K [0x00000000eab00000, 0x00000000ecc00000, 0x0000000100000000)
  eden space 25600K, 30% used [0x00000000eab00000,0x00000000eb28a938,0x00000000ec400000)
  from space 4096K, 99% used [0x00000000ec400000,0x00000000ec7f81e8,0x00000000ec800000)
  to   space 4096K, 0% used [0x00000000ec800000,0x00000000ec800000,0x00000000ecc00000)
 ParOldGen       total 68608K, used 3663K [0x00000000c0000000, 0x00000000c4300000, 0x00000000eab00000)
  object space 68608K, 5% used [0x00000000c0000000,0x00000000c0393e70,0x00000000c4300000)
 Metaspace       used 21057K, committed 21504K, reserved 1073152K
  class space    used 2143K, committed 2368K, reserved 1048576K
}
Event: 3.837 GC heap after
{Heap after GC invocations=4 (full 0):
 PSYoungGen      total 29696K, used 4072K [0x00000000eab00000, 0x00000000ecc00000, 0x0000000100000000)
  eden space 25600K, 0% used [0x00000000eab00000,0x00000000eab00000,0x00000000ec400000)
  from space 4096K, 99% used [0x00000000ec800000,0x00000000ecbfa398,0x00000000ecc00000)
  to   space 4096K, 0% used [0x00000000ec400000,0x00000000ec400000,0x00000000ec800000)
 ParOldGen       total 68608K, used 3943K [0x00000000c0000000, 0x00000000c4300000, 0x00000000eab00000)
  object space 68608K, 5% used [0x00000000c0000000,0x00000000c03d9e70,0x00000000c4300000)
 Metaspace       used 21057K, committed 21504K, reserved 1073152K
  class space    used 2143K, committed 2368K, reserved 1048576K
}
Event: 3.837 GC heap before
{Heap before GC invocations=5 (full 1):
 PSYoungGen      total 29696K, used 4072K [0x00000000eab00000, 0x00000000ecc00000, 0x0000000100000000)
  eden space 25600K, 0% used [0x00000000eab00000,0x00000000eab00000,0x00000000ec400000)
  from space 4096K, 99% used [0x00000000ec800000,0x00000000ecbfa398,0x00000000ecc00000)
  to   space 4096K, 0% used [0x00000000ec400000,0x00000000ec400000,0x00000000ec800000)
 ParOldGen       total 68608K, used 3943K [0x00000000c0000000, 0x00000000c4300000, 0x00000000eab00000)
  object space 68608K, 5% used [0x00000000c0000000,0x00000000c03d9e70,0x00000000c4300000)
 Metaspace       used 21057K, committed 21504K, reserved 1073152K
  class space    used 2143K, committed 2368K, reserved 1048576K
}
Event: 3.866 GC heap after
{Heap after GC invocations=5 (full 1):
 PSYoungGen      total 29696K, used 0K [0x00000000eab00000, 0x00000000ecc00000, 0x0000000100000000)
  eden space 25600K, 0% used [0x00000000eab00000,0x00000000eab00000,0x00000000ec400000)
  from space 4096K, 0% used [0x00000000ec800000,0x00000000ec800000,0x00000000ecc00000)
  to   space 4096K, 0% used [0x00000000ec400000,0x00000000ec400000,0x00000000ec800000)
 ParOldGen       total 68608K, used 7872K [0x00000000c0000000, 0x00000000c4300000, 0x00000000eab00000)
  object space 68608K, 11% used [0x00000000c0000000,0x00000000c07b03f0,0x00000000c4300000)
 Metaspace       used 21044K, committed 21504K, reserved 1073152K
  class space    used 2140K, committed 2368K, reserved 1048576K
}
Event: 4.637 GC heap before
{Heap before GC invocations=6 (full 1):
 PSYoungGen      total 29696K, used 25600K [0x00000000eab00000, 0x00000000ecc00000, 0x0000000100000000)
  eden space 25600K, 100% used [0x00000000eab00000,0x00000000ec400000,0x00000000ec400000)
  from space 4096K, 0% used [0x00000000ec800000,0x00000000ec800000,0x00000000ecc00000)
  to   space 4096K, 0% used [0x00000000ec400000,0x00000000ec400000,0x00000000ec800000)
 ParOldGen       total 68608K, used 7872K [0x00000000c0000000, 0x00000000c4300000, 0x00000000eab00000)
  object space 68608K, 11% used [0x00000000c0000000,0x00000000c07b03f0,0x00000000c4300000)
 Metaspace       used 22257K, committed 22720K, reserved 1073152K
  class space    used 2261K, committed 2496K, reserved 1048576K
}
Event: 4.640 GC heap after
{Heap after GC invocations=6 (full 1):
 PSYoungGen      total 26112K, used 1015K [0x00000000eab00000, 0x00000000ec880000, 0x0000000100000000)
  eden space 25088K, 0% used [0x00000000eab00000,0x00000000eab00000,0x00000000ec380000)
  from space 1024K, 99% used [0x00000000ec400000,0x00000000ec4fdf80,0x00000000ec500000)
  to   space 2560K, 0% used [0x00000000ec600000,0x00000000ec600000,0x00000000ec880000)
 ParOldGen       total 68608K, used 7880K [0x00000000c0000000, 0x00000000c4300000, 0x00000000eab00000)
  object space 68608K, 11% used [0x00000000c0000000,0x00000000c07b23f0,0x00000000c4300000)
 Metaspace       used 22257K, committed 22720K, reserved 1073152K
  class space    used 2261K, committed 2496K, reserved 1048576K
}
Event: 5.125 GC heap before
{Heap before GC invocations=7 (full 1):
 PSYoungGen      total 26112K, used 26103K [0x00000000eab00000, 0x00000000ec880000, 0x0000000100000000)
  eden space 25088K, 100% used [0x00000000eab00000,0x00000000ec380000,0x00000000ec380000)
  from space 1024K, 99% used [0x00000000ec400000,0x00000000ec4fdf80,0x00000000ec500000)
  to   space 2560K, 0% used [0x00000000ec600000,0x00000000ec600000,0x00000000ec880000)
 ParOldGen       total 68608K, used 7880K [0x00000000c0000000, 0x00000000c4300000, 0x00000000eab00000)
  object space 68608K, 11% used [0x00000000c0000000,0x00000000c07b23f0,0x00000000c4300000)
 Metaspace       used 24347K, committed 24896K, reserved 1073152K
  class space    used 2480K, committed 2688K, reserved 1048576K
}
Event: 5.127 GC heap after
{Heap after GC invocations=7 (full 1):
 PSYoungGen      total 27136K, used 2532K [0x00000000eab00000, 0x00000000ec900000, 0x0000000100000000)
  eden space 24576K, 0% used [0x00000000eab00000,0x00000000eab00000,0x00000000ec300000)
  from space 2560K, 98% used [0x00000000ec600000,0x00000000ec8793e0,0x00000000ec880000)
  to   space 3072K, 0% used [0x00000000ec300000,0x00000000ec300000,0x00000000ec600000)
 ParOldGen       total 68608K, used 8016K [0x00000000c0000000, 0x00000000c4300000, 0x00000000eab00000)
  object space 68608K, 11% used [0x00000000c0000000,0x00000000c07d43f0,0x00000000c4300000)
 Metaspace       used 24347K, committed 24896K, reserved 1073152K
  class space    used 2480K, committed 2688K, reserved 1048576K
}
Event: 5.354 GC heap before
{Heap before GC invocations=8 (full 1):
 PSYoungGen      total 27136K, used 27089K [0x00000000eab00000, 0x00000000ec900000, 0x0000000100000000)
  eden space 24576K, 99% used [0x00000000eab00000,0x00000000ec2fb040,0x00000000ec300000)
  from space 2560K, 98% used [0x00000000ec600000,0x00000000ec8793e0,0x00000000ec880000)
  to   space 3072K, 0% used [0x00000000ec300000,0x00000000ec300000,0x00000000ec600000)
 ParOldGen       total 68608K, used 8016K [0x00000000c0000000, 0x00000000c4300000, 0x00000000eab00000)
  object space 68608K, 11% used [0x00000000c0000000,0x00000000c07d43f0,0x00000000c4300000)
 Metaspace       used 27527K, committed 27968K, reserved 1081344K
  class space    used 2713K, committed 2880K, reserved 1048576K
}
Event: 5.356 GC heap after
{Heap after GC invocations=8 (full 1):
 PSYoungGen      total 27136K, used 3041K [0x00000000eab00000, 0x00000000eca80000, 0x0000000100000000)
  eden space 24064K, 0% used [0x00000000eab00000,0x00000000eab00000,0x00000000ec280000)
  from space 3072K, 99% used [0x00000000ec300000,0x00000000ec5f8560,0x00000000ec600000)
  to   space 4096K, 0% used [0x00000000ec680000,0x00000000ec680000,0x00000000eca80000)
 ParOldGen       total 68608K, used 8659K [0x00000000c0000000, 0x00000000c4300000, 0x00000000eab00000)
  object space 68608K, 12% used [0x00000000c0000000,0x00000000c0874fb0,0x00000000c4300000)
 Metaspace       used 27527K, committed 27968K, reserved 1081344K
  class space    used 2713K, committed 2880K, reserved 1048576K
}
Event: 6.175 GC heap before
{Heap before GC invocations=9 (full 1):
 PSYoungGen      total 27136K, used 27105K [0x00000000eab00000, 0x00000000eca80000, 0x0000000100000000)
  eden space 24064K, 100% used [0x00000000eab00000,0x00000000ec280000,0x00000000ec280000)
  from space 3072K, 99% used [0x00000000ec300000,0x00000000ec5f8560,0x00000000ec600000)
  to   space 4096K, 0% used [0x00000000ec680000,0x00000000ec680000,0x00000000eca80000)
 ParOldGen       total 68608K, used 8659K [0x00000000c0000000, 0x00000000c4300000, 0x00000000eab00000)
  object space 68608K, 12% used [0x00000000c0000000,0x00000000c0874fb0,0x00000000c4300000)
 Metaspace       used 30700K, committed 31168K, reserved 1081344K
  class space    used 3005K, committed 3200K, reserved 1048576K
}
Event: 6.179 GC heap after
{Heap after GC invocations=9 (full 1):
 PSYoungGen      total 27648K, used 3627K [0x00000000eab00000, 0x00000000eca80000, 0x0000000100000000)
  eden space 23552K, 0% used [0x00000000eab00000,0x00000000eab00000,0x00000000ec200000)
  from space 4096K, 88% used [0x00000000ec680000,0x00000000eca0af48,0x00000000eca80000)
  to   space 4096K, 0% used [0x00000000ec280000,0x00000000ec280000,0x00000000ec680000)
 ParOldGen       total 68608K, used 8667K [0x00000000c0000000, 0x00000000c4300000, 0x00000000eab00000)
  object space 68608K, 12% used [0x00000000c0000000,0x00000000c0876fb0,0x00000000c4300000)
 Metaspace       used 30700K, committed 31168K, reserved 1081344K
  class space    used 3005K, committed 3200K, reserved 1048576K
}

Deoptimization events (20 events):
Event: 5.470 Thread 0x0000028fdb6935e0 DEOPT PACKING pc=0x0000028fcf016390 sp=0x000000d6f4cf8f40
Event: 5.470 Thread 0x0000028fdb6935e0 DEOPT UNPACKING pc=0x0000028fc7485923 sp=0x000000d6f4cf8ed0 mode 2
Event: 5.759 Thread 0x0000028fdb6935e0 Uncommon trap: trap_request=0xffffffc6 fr.pc=0x0000028fcf009ab4 relative=0x0000000000000bf4
Event: 5.759 Thread 0x0000028fdb6935e0 Uncommon trap: reason=bimorphic_or_optimized_type_check action=maybe_recompile pc=0x0000028fcf009ab4 method=java.util.HashMap.putVal(ILjava/lang/Object;Ljava/lang/Object;ZZ)Ljava/lang/Object; @ 56 c2
Event: 5.759 Thread 0x0000028fdb6935e0 DEOPT PACKING pc=0x0000028fcf009ab4 sp=0x000000d6f4cfd7a0
Event: 5.759 Thread 0x0000028fdb6935e0 DEOPT UNPACKING pc=0x0000028fc7485923 sp=0x000000d6f4cfd6a0 mode 2
Event: 5.759 Thread 0x0000028fdb6935e0 Uncommon trap: trap_request=0xffffffc6 fr.pc=0x0000028fcf009ab4 relative=0x0000000000000bf4
Event: 5.759 Thread 0x0000028fdb6935e0 Uncommon trap: reason=bimorphic_or_optimized_type_check action=maybe_recompile pc=0x0000028fcf009ab4 method=java.util.HashMap.putVal(ILjava/lang/Object;Ljava/lang/Object;ZZ)Ljava/lang/Object; @ 56 c2
Event: 5.759 Thread 0x0000028fdb6935e0 DEOPT PACKING pc=0x0000028fcf009ab4 sp=0x000000d6f4cfd7a0
Event: 5.759 Thread 0x0000028fdb6935e0 DEOPT UNPACKING pc=0x0000028fc7485923 sp=0x000000d6f4cfd6a0 mode 2
Event: 5.759 Thread 0x0000028fdb6935e0 Uncommon trap: trap_request=0xffffffc6 fr.pc=0x0000028fcf009ae4 relative=0x0000000000000c24
Event: 5.759 Thread 0x0000028fdb6935e0 Uncommon trap: reason=bimorphic_or_optimized_type_check action=maybe_recompile pc=0x0000028fcf009ae4 method=java.util.HashMap.putVal(ILjava/lang/Object;Ljava/lang/Object;ZZ)Ljava/lang/Object; @ 152 c2
Event: 5.759 Thread 0x0000028fdb6935e0 DEOPT PACKING pc=0x0000028fcf009ae4 sp=0x000000d6f4cfd7a0
Event: 5.759 Thread 0x0000028fdb6935e0 DEOPT UNPACKING pc=0x0000028fc7485923 sp=0x000000d6f4cfd6a8 mode 2
Event: 5.759 Thread 0x0000028fdb6935e0 Uncommon trap: trap_request=0xffffffc6 fr.pc=0x0000028fcf009ab4 relative=0x0000000000000bf4
Event: 5.759 Thread 0x0000028fdb6935e0 Uncommon trap: reason=bimorphic_or_optimized_type_check action=maybe_recompile pc=0x0000028fcf009ab4 method=java.util.HashMap.putVal(ILjava/lang/Object;Ljava/lang/Object;ZZ)Ljava/lang/Object; @ 56 c2
Event: 5.759 Thread 0x0000028fdb6935e0 DEOPT PACKING pc=0x0000028fcf009ab4 sp=0x000000d6f4cfd7a0
Event: 5.759 Thread 0x0000028fdb6935e0 DEOPT UNPACKING pc=0x0000028fc7485923 sp=0x000000d6f4cfd6a0 mode 2
Event: 6.027 Thread 0x0000028fdb92e5f0 DEOPT PACKING pc=0x0000028fc7cfdd08 sp=0x000000d6f4ff84e0
Event: 6.027 Thread 0x0000028fdb92e5f0 DEOPT UNPACKING pc=0x0000028fc7486463 sp=0x000000d6f4ff79e8 mode 0

Classes unloaded (7 events):
Event: 3.843 Thread 0x0000028fc486d820 Unloading class 0x0000000100218800 'java/lang/invoke/LambdaForm$MH+0x0000000100218800'
Event: 3.843 Thread 0x0000028fc486d820 Unloading class 0x0000000100218400 'java/lang/invoke/LambdaForm$MH+0x0000000100218400'
Event: 3.843 Thread 0x0000028fc486d820 Unloading class 0x0000000100218000 'java/lang/invoke/LambdaForm$MH+0x0000000100218000'
Event: 3.843 Thread 0x0000028fc486d820 Unloading class 0x0000000100217c00 'java/lang/invoke/LambdaForm$MH+0x0000000100217c00'
Event: 3.843 Thread 0x0000028fc486d820 Unloading class 0x0000000100217400 'java/lang/invoke/LambdaForm$BMH+0x0000000100217400'
Event: 3.843 Thread 0x0000028fc486d820 Unloading class 0x0000000100217000 'java/lang/invoke/LambdaForm$DMH+0x0000000100217000'
Event: 3.843 Thread 0x0000028fc486d820 Unloading class 0x0000000100214400 'java/lang/invoke/LambdaForm$DMH+0x0000000100214400'

Classes redefined (0 events):
No events

Internal exceptions (20 events):
Event: 3.294 Thread 0x0000028fdb6935e0 Exception <a 'java/lang/NoSuchMethodError'{0x00000000ec0ad9f8}: 'void java.lang.invoke.DirectMethodHandle$Holder.invokeStatic(java.lang.Object, java.lang.Object, int, java.lang.Object)'> (0x00000000ec0ad9f8) 
thrown [s\src\hotspot\share\interpreter\linkResolver.cpp, line 759]
Event: 3.294 Thread 0x0000028fdb6935e0 Exception <a 'java/lang/NoSuchMethodError'{0x00000000ec0b5128}: 'void java.lang.invoke.DelegatingMethodHandle$Holder.delegate(java.lang.Object, java.lang.Object, int, java.lang.Object)'> (0x00000000ec0b5128) 
thrown [s\src\hotspot\share\interpreter\linkResolver.cpp, line 759]
Event: 3.295 Thread 0x0000028fdb6935e0 Exception <a 'java/lang/NoSuchMethodError'{0x00000000ec0b9510}: 'int java.lang.invoke.DirectMethodHandle$Holder.invokeSpecial(java.lang.Object, java.lang.Object, java.lang.Object)'> (0x00000000ec0b9510) 
thrown [s\src\hotspot\share\interpreter\linkResolver.cpp, line 759]
Event: 3.296 Thread 0x0000028fdb6935e0 Exception <a 'java/lang/NoSuchMethodError'{0x00000000ec0c9b00}: 'int java.lang.invoke.DirectMethodHandle$Holder.invokeStatic(java.lang.Object, java.lang.Object, int)'> (0x00000000ec0c9b00) 
thrown [s\src\hotspot\share\interpreter\linkResolver.cpp, line 759]
Event: 3.297 Thread 0x0000028fdb6935e0 Exception <a 'java/lang/NoSuchMethodError'{0x00000000ec0cdd90}: 'int java.lang.invoke.DirectMethodHandle$Holder.invokeSpecial(java.lang.Object, java.lang.Object, java.lang.Object, int)'> (0x00000000ec0cdd90) 
thrown [s\src\hotspot\share\interpreter\linkResolver.cpp, line 759]
Event: 3.299 Thread 0x0000028fdb6935e0 Exception <a 'java/lang/NoSuchMethodError'{0x00000000ec0e8810}: 'java.lang.Object java.lang.invoke.DirectMethodHandle$Holder.invokeStatic(java.lang.Object, java.lang.Object, java.lang.Object, java.lang.Object, int)'> (0x00000000ec0e8810) 
thrown [s\src\hotspot\share\interpreter\linkResolver.cpp, line 759]
Event: 3.306 Thread 0x0000028fdb6935e0 Exception <a 'java/lang/NoSuchMethodError'{0x00000000ec0f4bd8}: 'java.lang.Object java.lang.invoke.DelegatingMethodHandle$Holder.reinvoke_L(java.lang.Object, java.lang.Object, java.lang.Object, java.lang.Object, int, int)'> (0x00000000ec0f4bd8) 
thrown [s\src\hotspot\share\interpreter\linkResolver.cpp, line 759]
Event: 3.311 Thread 0x0000028fdb6935e0 Exception <a 'java/lang/NoSuchMethodError'{0x00000000ec10cc58}: 'java.lang.Object java.lang.invoke.Invokers$Holder.invokeExact_MT(java.lang.Object, java.lang.Object, java.lang.Object, java.lang.Object)'> (0x00000000ec10cc58) 
thrown [s\src\hotspot\share\interpreter\linkResolver.cpp, line 759]
Event: 3.755 Thread 0x0000028fdb6935e0 Exception <a 'java/lang/NoSuchMethodError'{0x00000000eb0c5e98}: 'int java.lang.invoke.DirectMethodHandle$Holder.invokeStaticInit(java.lang.Object, java.lang.Object, java.lang.Object)'> (0x00000000eb0c5e98) 
thrown [s\src\hotspot\share\interpreter\linkResolver.cpp, line 759]
Event: 3.788 Thread 0x0000028fdb6935e0 Exception <a 'java/lang/IncompatibleClassChangeError'{0x00000000eb14d828}: Found class java.lang.Object, but interface was expected> (0x00000000eb14d828) 
thrown [s\src\hotspot\share\interpreter\linkResolver.cpp, line 826]
Event: 4.430 Thread 0x0000028fdb6935e0 Exception <a 'java/io/FileNotFoundException'{0x00000000ebb01560}> (0x00000000ebb01560) 
thrown [s\src\hotspot\share\prims\jni.cpp, line 516]
Event: 4.908 Thread 0x0000028fdb6935e0 Exception <a 'java/lang/NoSuchMethodError'{0x00000000eb946cf8}: 'void java.lang.invoke.DirectMethodHandle$Holder.invokeSpecial(java.lang.Object, java.lang.Object, java.lang.Object, int)'> (0x00000000eb946cf8) 
thrown [s\src\hotspot\share\interpreter\linkResolver.cpp, line 759]
Event: 5.025 Thread 0x0000028fdb92e5f0 Exception <a 'java/io/FileNotFoundException'{0x00000000ebcd2cd8}> (0x00000000ebcd2cd8) 
thrown [s\src\hotspot\share\prims\jni.cpp, line 516]
Event: 5.626 Thread 0x0000028fdb6935e0 Exception <a 'java/lang/ClassNotFoundException'{0x00000000ebafb730}: com/sun/org/apache/xerces/internal/impl/msg/spi/DOMMessagesProvider> (0x00000000ebafb730) 
thrown [s\src\hotspot\share\classfile\systemDictionary.cpp, line 256]
Event: 5.628 Thread 0x0000028fdb6935e0 Exception <a 'java/lang/ClassNotFoundException'{0x00000000ebb17460}: com/sun/org/apache/xerces/internal/impl/msg/spi/XMLSerializerMessagesProvider> (0x00000000ebb17460) 
thrown [s\src\hotspot\share\classfile\systemDictionary.cpp, line 256]
Event: 5.629 Thread 0x0000028fdb6935e0 Exception <a 'java/lang/ClassNotFoundException'{0x00000000ebb24938}: com/sun/org/apache/xerces/internal/impl/msg/spi/XMLMessagesProvider> (0x00000000ebb24938) 
thrown [s\src\hotspot\share\classfile\systemDictionary.cpp, line 256]
Event: 5.710 Thread 0x0000028fdb6935e0 Exception <a 'sun/nio/fs/WindowsException'{0x00000000ebc09860}> (0x00000000ebc09860) 
thrown [s\src\hotspot\share\prims\jni.cpp, line 516]
Event: 5.772 Thread 0x0000028fdb6935e0 Exception <a 'java/lang/NoSuchMethodError'{0x00000000ebe57da8}: 'java.lang.Object java.lang.invoke.DirectMethodHandle$Holder.invokeStaticInit(java.lang.Object, int, int, int, int)'> (0x00000000ebe57da8) 
thrown [s\src\hotspot\share\interpreter\linkResolver.cpp, line 759]
Event: 5.916 Thread 0x0000028fdb6935e0 Exception <a 'java/lang/NoSuchMethodError'{0x00000000ebedaa88}: 'java.lang.Object java.lang.invoke.DirectMethodHandle$Holder.invokeStaticInit(java.lang.Object, java.lang.Object, int, int, int, int)'> (0x00000000ebedaa88) 
thrown [s\src\hotspot\share\interpreter\linkResolver.cpp, line 759]
Event: 5.993 Thread 0x0000028fdb92e5f0 Exception <a 'java/lang/NoSuchMethodError'{0x00000000ebfca330}: 'java.lang.Object java.lang.invoke.DirectMethodHandle$Holder.newInvokeSpecial(java.lang.Object, java.lang.Object, java.lang.Object, java.lang.Object, java.lang.Object)'> (0x00000000ebfca330) 
thrown [s\src\hotspot\share\interpreter\linkResolver.cpp, line 759]

VM Operations (20 events):
Event: 4.443 Executing VM operation: HandshakeAllThreads
Event: 4.443 Executing VM operation: HandshakeAllThreads done
Event: 4.637 Executing VM operation: ParallelGCFailedAllocation
Event: 4.640 Executing VM operation: ParallelGCFailedAllocation done
Event: 4.897 Executing VM operation: HandshakeAllThreads
Event: 4.897 Executing VM operation: HandshakeAllThreads done
Event: 4.897 Executing VM operation: HandshakeAllThreads
Event: 4.897 Executing VM operation: HandshakeAllThreads done
Event: 5.125 Executing VM operation: ParallelGCFailedAllocation
Event: 5.127 Executing VM operation: ParallelGCFailedAllocation done
Event: 5.354 Executing VM operation: ParallelGCFailedAllocation
Event: 5.357 Executing VM operation: ParallelGCFailedAllocation done
Event: 5.711 Executing VM operation: HandshakeAllThreads
Event: 5.711 Executing VM operation: HandshakeAllThreads done
Event: 5.758 Executing VM operation: HandshakeAllThreads
Event: 5.758 Executing VM operation: HandshakeAllThreads done
Event: 5.912 Executing VM operation: HandshakeAllThreads
Event: 5.912 Executing VM operation: HandshakeAllThreads done
Event: 6.168 Executing VM operation: ParallelGCFailedAllocation
Event: 6.184 Executing VM operation: ParallelGCFailedAllocation done

Events (20 events):
Event: 6.139 loading class java/util/HashMap$ValueSpliterator
Event: 6.139 loading class java/util/HashMap$ValueSpliterator done
Event: 6.140 loading class java/util/stream/ReduceOps$2
Event: 6.140 loading class java/util/stream/ReduceOps$2 done
Event: 6.140 loading class java/util/stream/ReduceOps$2ReducingSink
Event: 6.140 loading class java/util/stream/ReduceOps$2ReducingSink done
Event: 6.140 loading class sun/management/RuntimeImpl
Event: 6.140 loading class sun/management/RuntimeImpl done
Event: 6.141 loading class java/util/Collections$2
Event: 6.141 loading class java/util/Collections$2 done
Event: 6.143 loading class sun/management/Util
Event: 6.143 loading class sun/management/Util done
Event: 6.143 loading class java/lang/management/ManagementPermission
Event: 6.143 loading class java/lang/management/ManagementPermission done
Event: 6.144 loading class java/util/Hashtable$EntrySet
Event: 6.144 loading class java/util/Hashtable$EntrySet done
Event: 6.189 loading class java/util/ResourceBundle$ResourceBundleControlProviderHolder
Event: 6.189 loading class java/util/ResourceBundle$ResourceBundleControlProviderHolder done
Event: 6.190 loading class java/util/spi/ResourceBundleControlProvider
Event: 6.190 loading class java/util/spi/ResourceBundleControlProvider done


Dynamic libraries:
0x00007ff758120000 - 0x00007ff75812e000 	c:\Users\se\.vscode\extensions\redhat.java-1.12.0-win32-x64\jre\17.0.4.1-win32-x86_64\bin\java.exe
0x00007ffcb4760000 - 0x00007ffcb4969000 	C:\WINDOWS\SYSTEM32\ntdll.dll
0x00007ffcb4650000 - 0x00007ffcb470d000 	C:\WINDOWS\System32\KERNEL32.DLL
0x00007ffcb1d50000 - 0x00007ffcb20cb000 	C:\WINDOWS\System32\KERNELBASE.dll
0x00007ffcb2200000 - 0x00007ffcb2311000 	C:\WINDOWS\System32\ucrtbase.dll
0x00007ffc91880000 - 0x00007ffc91898000 	c:\Users\se\.vscode\extensions\redhat.java-1.12.0-win32-x64\jre\17.0.4.1-win32-x86_64\bin\jli.dll
0x00007ffcb2e50000 - 0x00007ffcb2ffd000 	C:\WINDOWS\System32\USER32.dll
0x00007ffcb25b0000 - 0x00007ffcb25d6000 	C:\WINDOWS\System32\win32u.dll
0x00007ffcb25f0000 - 0x00007ffcb2619000 	C:\WINDOWS\System32\GDI32.dll
0x00007ffcb2320000 - 0x00007ffcb2438000 	C:\WINDOWS\System32\gdi32full.dll
0x00007ffcb1c30000 - 0x00007ffcb1ccd000 	C:\WINDOWS\System32\msvcp_win.dll
0x00007ffc918e0000 - 0x00007ffc918f9000 	c:\Users\se\.vscode\extensions\redhat.java-1.12.0-win32-x64\jre\17.0.4.1-win32-x86_64\bin\VCRUNTIME140.dll
0x00007ffc961d0000 - 0x00007ffc96475000 	C:\WINDOWS\WinSxS\amd64_microsoft.windows.common-controls_6595b64144ccf1df_6.0.22000.120_none_9d947278b86cc467\COMCTL32.dll
0x00007ffcb3ed0000 - 0x00007ffcb3f73000 	C:\WINDOWS\System32\msvcrt.dll
0x00007ffcb4610000 - 0x00007ffcb4641000 	C:\WINDOWS\System32\IMM32.DLL
0x00007ffca6f40000 - 0x00007ffca6f4c000 	c:\Users\se\.vscode\extensions\redhat.java-1.12.0-win32-x64\jre\17.0.4.1-win32-x86_64\bin\vcruntime140_1.dll
0x00007ffc6dd70000 - 0x00007ffc6de01000 	c:\Users\se\.vscode\extensions\redhat.java-1.12.0-win32-x64\jre\17.0.4.1-win32-x86_64\bin\msvcp140.dll
0x00007ffc6d120000 - 0x00007ffc6dd66000 	c:\Users\se\.vscode\extensions\redhat.java-1.12.0-win32-x64\jre\17.0.4.1-win32-x86_64\bin\server\jvm.dll
0x00007ffcb4550000 - 0x00007ffcb45fe000 	C:\WINDOWS\System32\ADVAPI32.dll
0x00007ffcb4300000 - 0x00007ffcb439e000 	C:\WINDOWS\System32\sechost.dll
0x00007ffcb2d30000 - 0x00007ffcb2e50000 	C:\WINDOWS\System32\RPCRT4.dll
0x00007ffcb4710000 - 0x00007ffcb4718000 	C:\WINDOWS\System32\PSAPI.DLL
0x00007ffc96880000 - 0x00007ffc96889000 	C:\WINDOWS\SYSTEM32\WSOCK32.dll
0x00007ffcb3690000 - 0x00007ffcb36ff000 	C:\WINDOWS\System32\WS2_32.dll
0x00007ffca7880000 - 0x00007ffca78b3000 	C:\WINDOWS\SYSTEM32\WINMM.dll
0x00007ffca7280000 - 0x00007ffca728a000 	C:\WINDOWS\SYSTEM32\VERSION.dll
0x00007ffcb0cb0000 - 0x00007ffcb0cc8000 	C:\WINDOWS\SYSTEM32\kernel.appcore.dll
0x00007ffc93130000 - 0x00007ffc9313a000 	c:\Users\se\.vscode\extensions\redhat.java-1.12.0-win32-x64\jre\17.0.4.1-win32-x86_64\bin\jimage.dll
0x00007ffcac2c0000 - 0x00007ffcac4e1000 	C:\WINDOWS\SYSTEM32\DBGHELP.DLL
0x00007ffc8f3b0000 - 0x00007ffc8f3e1000 	C:\WINDOWS\SYSTEM32\dbgcore.DLL
0x00007ffcb1cd0000 - 0x00007ffcb1d4f000 	C:\WINDOWS\System32\bcryptPrimitives.dll
0x00007ffc92bf0000 - 0x00007ffc92bfe000 	c:\Users\se\.vscode\extensions\redhat.java-1.12.0-win32-x64\jre\17.0.4.1-win32-x86_64\bin\instrument.dll
0x00007ffc8c020000 - 0x00007ffc8c045000 	c:\Users\se\.vscode\extensions\redhat.java-1.12.0-win32-x64\jre\17.0.4.1-win32-x86_64\bin\java.dll
0x00007ffc91860000 - 0x00007ffc91878000 	c:\Users\se\.vscode\extensions\redhat.java-1.12.0-win32-x64\jre\17.0.4.1-win32-x86_64\bin\zip.dll
0x00007ffcb3710000 - 0x00007ffcb3ec8000 	C:\WINDOWS\System32\SHELL32.dll
0x00007ffcafd20000 - 0x00007ffcb0585000 	C:\WINDOWS\SYSTEM32\windows.storage.dll
0x00007ffcb3f80000 - 0x00007ffcb42f7000 	C:\WINDOWS\System32\combase.dll
0x00007ffcafbb0000 - 0x00007ffcafd16000 	C:\WINDOWS\SYSTEM32\wintypes.dll
0x00007ffcb2710000 - 0x00007ffcb27fa000 	C:\WINDOWS\System32\SHCORE.dll
0x00007ffcb2a90000 - 0x00007ffcb2aed000 	C:\WINDOWS\System32\shlwapi.dll
0x00007ffcb1b60000 - 0x00007ffcb1b81000 	C:\WINDOWS\SYSTEM32\profapi.dll
0x00007ffc89500000 - 0x00007ffc89519000 	C:\Users\se\.vscode\extensions\redhat.java-1.12.0-win32-x64\jre\17.0.4.1-win32-x86_64\bin\net.dll
0x00007ffca7320000 - 0x00007ffca742c000 	C:\WINDOWS\SYSTEM32\WINHTTP.dll
0x00007ffcb1150000 - 0x00007ffcb11b7000 	C:\WINDOWS\system32\mswsock.dll
0x00007ffc845e0000 - 0x00007ffc845f5000 	C:\Users\se\.vscode\extensions\redhat.java-1.12.0-win32-x64\jre\17.0.4.1-win32-x86_64\bin\nio.dll
0x00007ffc918d0000 - 0x00007ffc918e0000 	c:\Users\se\.vscode\extensions\redhat.java-1.12.0-win32-x64\jre\17.0.4.1-win32-x86_64\bin\verify.dll
0x00007ffc6e900000 - 0x00007ffc6e93e000 	C:\Users\se\AppData\Roaming\Code\User\globalStorage\redhat.java\1.12.0\config_win\org.eclipse.equinox.launcher\org.eclipse.equinox.launcher.win32.win32.x86_64_1.2.600.v20220720-1916\eclipse_11700.dll
0x00007ffcb28f0000 - 0x00007ffcb2a8a000 	C:\WINDOWS\System32\ole32.dll
0x00007ffcb1390000 - 0x00007ffcb13a8000 	C:\WINDOWS\SYSTEM32\CRYPTSP.dll
0x00007ffcb0c10000 - 0x00007ffcb0c45000 	C:\WINDOWS\system32\rsaenh.dll
0x00007ffcb1240000 - 0x00007ffcb1269000 	C:\WINDOWS\SYSTEM32\USERENV.dll
0x00007ffcb1590000 - 0x00007ffcb15b7000 	C:\WINDOWS\SYSTEM32\bcrypt.dll
0x00007ffcb13b0000 - 0x00007ffcb13bc000 	C:\WINDOWS\SYSTEM32\CRYPTBASE.dll
0x00007ffcb07d0000 - 0x00007ffcb07fd000 	C:\WINDOWS\SYSTEM32\IPHLPAPI.DLL
0x00007ffcb3700000 - 0x00007ffcb3709000 	C:\WINDOWS\System32\NSI.dll
0x00007ffca72b0000 - 0x00007ffca72c9000 	C:\WINDOWS\SYSTEM32\dhcpcsvc6.DLL
0x00007ffca7430000 - 0x00007ffca744e000 	C:\WINDOWS\SYSTEM32\dhcpcsvc.DLL
0x00007ffcb0800000 - 0x00007ffcb08e8000 	C:\WINDOWS\SYSTEM32\DNSAPI.dll
0x00007ffcaa2b0000 - 0x00007ffcaa2b9000 	C:\Users\se\.vscode\extensions\redhat.java-1.12.0-win32-x64\jre\17.0.4.1-win32-x86_64\bin\management.dll
0x00007ffcaa2a0000 - 0x00007ffcaa2ab000 	C:\Users\se\.vscode\extensions\redhat.java-1.12.0-win32-x64\jre\17.0.4.1-win32-x86_64\bin\management_ext.dll

dbghelp: loaded successfully - version: 4.0.5 - missing functions: none
symbol engine: initialized successfully - sym options: 0x614 - pdb path: .;c:\Users\se\.vscode\extensions\redhat.java-1.12.0-win32-x64\jre\17.0.4.1-win32-x86_64\bin;C:\WINDOWS\SYSTEM32;C:\WINDOWS\WinSxS\amd64_microsoft.windows.common-controls_6595b64144ccf1df_6.0.22000.120_none_9d947278b86cc467;c:\Users\se\.vscode\extensions\redhat.java-1.12.0-win32-x64\jre\17.0.4.1-win32-x86_64\bin\server;C:\Users\se\AppData\Roaming\Code\User\globalStorage\redhat.java\1.12.0\config_win\org.eclipse.equinox.launcher\org.eclipse.equinox.launcher.win32.win32.x86_64_1.2.600.v20220720-1916

VM Arguments:
jvm_args: --add-modules=ALL-SYSTEM --add-opens=java.base/java.util=ALL-UNNAMED --add-opens=java.base/java.lang=ALL-UNNAMED --add-opens=java.base/sun.nio.fs=ALL-UNNAMED -Declipse.application=org.eclipse.jdt.ls.core.id1 -Dosgi.bundles.defaultStartLevel=4 -Declipse.product=org.eclipse.jdt.ls.core.product -Djava.import.generatesMetadataFilesAtProjectRoot=false -Dfile.encoding=utf8 -XX:+UseParallelGC -XX:GCTimeRatio=4 -XX:AdaptiveSizePolicyWeight=90 -Dsun.zip.disableMemoryMapping=true -Xmx1G -Xms100m -Xlog:disable -javaagent:c:\Users\se\.vscode\extensions\redhat.java-1.12.0-win32-x64\lombok\lombok-1.18.24.jar -XX:+HeapDumpOnOutOfMemoryError -XX:HeapDumpPath=c:\Users\se\AppData\Roaming\Code\User\workspaceStorage\042ae597b835ad676826bf5aba2120d6\redhat.java 
java_command: c:\Users\se\.vscode\extensions\redhat.java-1.12.0-win32-x64\server\plugins\org.eclipse.equinox.launcher_1.6.400.v20210924-0641.jar -configuration c:\Users\se\AppData\Roaming\Code\User\globalStorage\redhat.java\1.12.0\config_win -data c:\Users\se\AppData\Roaming\Code\User\workspaceStorage\042ae597b835ad676826bf5aba2120d6\redhat.java\jdt_ws
java_class_path (initial): c:\Users\se\.vscode\extensions\redhat.java-1.12.0-win32-x64\server\plugins\org.eclipse.equinox.launcher_1.6.400.v20210924-0641.jar
Launcher Type: SUN_STANDARD

[Global flags]
    uintx AdaptiveSizePolicyWeight                 = 90                                        {product} {command line}
     intx CICompilerCount                          = 3                                         {product} {ergonomic}
    uintx GCTimeRatio                              = 4                                         {product} {command line}
     bool HeapDumpOnOutOfMemoryError               = true                                   {manageable} {command line}
    ccstr HeapDumpPath                             = c:\Users\se\AppData\Roaming\Code\User\workspaceStorage\042ae597b835ad676826bf5aba2120d6\redhat.java         {manageable} {command line}
   size_t InitialHeapSize                          = 104857600                                 {product} {command line}
   size_t MaxHeapSize                              = 1073741824                                {product} {command line}
   size_t MaxNewSize                               = 357564416                                 {product} {ergonomic}
   size_t MinHeapDeltaBytes                        = 524288                                    {product} {ergonomic}
   size_t MinHeapSize                              = 104857600                                 {product} {command line}
   size_t NewSize                                  = 34603008                                  {product} {ergonomic}
    uintx NonNMethodCodeHeapSize                   = 5832780                                {pd product} {ergonomic}
    uintx NonProfiledCodeHeapSize                  = 122912730                              {pd product} {ergonomic}
   size_t OldSize                                  = 70254592                                  {product} {ergonomic}
    uintx ProfiledCodeHeapSize                     = 122912730                              {pd product} {ergonomic}
    uintx ReservedCodeCacheSize                    = 251658240                              {pd product} {ergonomic}
     bool SegmentedCodeCache                       = true                                      {product} {ergonomic}
   size_t SoftMaxHeapSize                          = 1073741824                             {manageable} {ergonomic}
     bool UseCompressedClassPointers               = true                           {product lp64_product} {ergonomic}
     bool UseCompressedOops                        = true                           {product lp64_product} {ergonomic}
     bool UseLargePagesIndividualAllocation        = false                                  {pd product} {ergonomic}
     bool UseParallelGC                            = true                                      {product} {command line}

Logging:
Log output configuration:
 #0: stdout all=off uptime,level,tags
 #1: stderr all=off uptime,level,tags

Environment Variables:
PATH=C:\Program Files\Common Files\Oracle\Java\javapath;C:\Program Files (x86)\Common Files\Intel\Shared Libraries\redist\intel64\compiler;C:\WINDOWS\system32;C:\WINDOWS;C:\WINDOWS\System32\Wbem;C:\WINDOWS\System32\WindowsPowerShell\v1.0\;C:\WINDOWS\System32\OpenSSH\;C:\MinGW\bin;C:\Program Files (x86)\MGLTools-1.5.7;C:\MinGW\bin;C:\Program Files\Java\jdk-18.0.2.1\bin;C:\Program Files\dotnet\;C:\Users\se\AppData\Local\Microsoft\WindowsApps;E:\New folder\MinGW\bin;C:\Users\se\AppData\Local\Programs\Microsoft VS Code\bin
USERNAME=se
OS=Windows_NT
PROCESSOR_IDENTIFIER=Intel64 Family 6 Model 126 Stepping 5, GenuineIntel
TMP=C:\Users\se\AppData\Local\Temp
TEMP=C:\Users\se\AppData\Local\Temp



---------------  S Y S T E M  ---------------

OS:
 Windows 11 , 64 bit Build 22000 (10.0.22000.708)
OS uptime: 0 days 0:10 hours

CPU: total 4 (initial active 4) (2 cores per cpu, 2 threads per core) family 6 model 126 stepping 5 microcode 0xa6, cx8, cmov, fxsr, ht, mmx, 3dnowpref, sse, sse2, sse3, ssse3, sse4.1, sse4.2, popcnt, lzcnt, tsc, tscinvbit, avx, avx2, aes, erms, clmul, bmi1, bmi2, adx, avx512f, avx512dq, avx512cd, avx512bw, avx512vl, sha, fma, vzeroupper, avx512_vpopcntdq, avx512_vpclmulqdq, avx512_vaes, avx512_vnni, clflush, clflushopt, avx512_vbmi2, avx512_vbmi

Memory: 4k page, system-wide physical 3858M (380M free)
TotalPageFile size 3858M (AvailPageFile size 3M)
current process WorkingSet (physical memory assigned to process): 156M, peak: 156M
current process commit charge ("private bytes"): 250M, peak: 250M

vm_info: OpenJDK 64-Bit Server VM (17.0.4.1+1) for windows-amd64 JRE (17.0.4.1+1), built on Aug 17 2022 07:42:43 by "temurin" with MS VC++ 16.7 (VS2019)

END.
