#
# There is insufficient memory for the Java Runtime Environment to continue.
# Native memory allocation (malloc) failed to allocate 158064 bytes for Chunk::new
# Possible reasons:
#   The system is out of physical RAM or swap space
#   The process is running with CompressedOops enabled, and the Java Heap may be blocking the growth of the native heap
# Possible solutions:
#   Reduce memory load on the system
#   Increase physical memory or swap space
#   Check if swap backing store is full
#   Decrease Java heap size (-Xmx/-Xms)
#   Decrease number of Java threads
#   Decrease Java thread stack sizes (-Xss)
#   Set larger code cache with -XX:ReservedCodeCacheSize=
#   JVM is running with Unscaled Compressed Oops mode in which the Java heap is
#     placed in the first 4GB address space. The Java Heap base address is the
#     maximum limit for the native heap growth. Please use -XX:HeapBaseMinAddress
#     to set the Java Heap base and to place the Java Heap above 4GB virtual address.
# This output file may be truncated or incomplete.
#
#  Out of Memory Error (arena.cpp:189), pid=1536, tid=1496
#
# JRE version: OpenJDK Runtime Environment Temurin-17.0.4.1+1 (17.0.4.1+1) (build 17.0.4.1+1)
# Java VM: OpenJDK 64-Bit Server VM Temurin-17.0.4.1+1 (17.0.4.1+1, mixed mode, tiered, compressed oops, compressed class ptrs, parallel gc, windows-amd64)
# No core dump will be written. Minidumps are not enabled by default on client versions of Windows
#

---------------  S U M M A R Y ------------

Command Line: --add-modules=ALL-SYSTEM --add-opens=java.base/java.util=ALL-UNNAMED --add-opens=java.base/java.lang=ALL-UNNAMED --add-opens=java.base/sun.nio.fs=ALL-UNNAMED -Declipse.application=org.eclipse.jdt.ls.core.id1 -Dosgi.bundles.defaultStartLevel=4 -Declipse.product=org.eclipse.jdt.ls.core.product -Djava.import.generatesMetadataFilesAtProjectRoot=false -Dfile.encoding=utf8 -XX:+UseParallelGC -XX:GCTimeRatio=4 -XX:AdaptiveSizePolicyWeight=90 -Dsun.zip.disableMemoryMapping=true -Xmx1G -Xms100m -Xlog:disable -javaagent:c:\Users\se\.vscode\extensions\redhat.java-1.12.0-win32-x64\lombok\lombok-1.18.24.jar c:\Users\se\.vscode\extensions\redhat.java-1.12.0-win32-x64\server\plugins\org.eclipse.equinox.launcher_1.6.400.v20210924-0641.jar -configuration c:\Users\se\AppData\Roaming\Code\User\globalStorage\redhat.java\1.12.0\config_ss_win -data c:\Users\se\AppData\Roaming\Code\User\workspaceStorage\042ae597b835ad676826bf5aba2120d6\redhat.java\ss_ws

Host: Intel(R) Core(TM) i3-1005G1 CPU @ 1.20GHz, 4 cores, 3G,  Windows 11 , 64 bit Build 22000 (10.0.22000.708)
Time: Wed Dec 14 19:34:13 2022 India Standard Time elapsed time: 2.133547 seconds (0d 0h 0m 2s)

---------------  T H R E A D  ---------------

Current thread (0x00000293b53d98e0):  JavaThread "C2 CompilerThread0" daemon [_thread_in_native, id=1496, stack(0x000000d942600000,0x000000d942700000)]


Current CompileTask:
C2:   2133 1475       4       lombok.patcher.scripts.AddFieldScript::patch (55 bytes)

Stack: [0x000000d942600000,0x000000d942700000]
Native frames: (J=compiled Java code, j=interpreted, Vv=VM code, C=native code)
V  [jvm.dll+0x67731a]
V  [jvm.dll+0x832284]
V  [jvm.dll+0x833a2e]
V  [jvm.dll+0x834093]
V  [jvm.dll+0x245775]
V  [jvm.dll+0xabd7b]
V  [jvm.dll+0xac30c]
V  [jvm.dll+0x363a97]
V  [jvm.dll+0x32e011]
V  [jvm.dll+0x32d4ba]
V  [jvm.dll+0x218681]
V  [jvm.dll+0x217aa1]
V  [jvm.dll+0x1a3f8d]
V  [jvm.dll+0x227498]
V  [jvm.dll+0x2255e5]
V  [jvm.dll+0x7e7e9b]
V  [jvm.dll+0x7e240a]
V  [jvm.dll+0x6761a5]
C  [ucrtbase.dll+0x26c0c]
C  [KERNEL32.DLL+0x154e0]
C  [ntdll.dll+0x485b]


---------------  P R O C E S S  ---------------

Threads class SMR info:
_java_thread_list=0x00000293b78a5ec0, length=16, elements={
0x000002939f618f90, 0x00000293b538c0c0, 0x00000293b538e420, 0x00000293b53a0090,
0x00000293b53a2b60, 0x00000293b53ce7b0, 0x00000293b53d4c40, 0x00000293b53d98e0,
0x00000293b6de07e0, 0x00000293b6df5490, 0x00000293b6e14d10, 0x00000293b7082770,
0x00000293b78094a0, 0x00000293b8471c50, 0x00000293b84723c0, 0x00000293b860b3e0
}

Java Threads: ( => current thread )
  0x000002939f618f90 JavaThread "main" [_thread_blocked, id=5512, stack(0x000000d941d00000,0x000000d941e00000)]
  0x00000293b538c0c0 JavaThread "Reference Handler" daemon [_thread_blocked, id=5484, stack(0x000000d942000000,0x000000d942100000)]
  0x00000293b538e420 JavaThread "Finalizer" daemon [_thread_blocked, id=3964, stack(0x000000d942100000,0x000000d942200000)]
  0x00000293b53a0090 JavaThread "Signal Dispatcher" daemon [_thread_blocked, id=6260, stack(0x000000d942200000,0x000000d942300000)]
  0x00000293b53a2b60 JavaThread "Attach Listener" daemon [_thread_blocked, id=9148, stack(0x000000d942300000,0x000000d942400000)]
  0x00000293b53ce7b0 JavaThread "Service Thread" daemon [_thread_blocked, id=2972, stack(0x000000d942400000,0x000000d942500000)]
  0x00000293b53d4c40 JavaThread "Monitor Deflation Thread" daemon [_thread_blocked, id=3796, stack(0x000000d942500000,0x000000d942600000)]
=>0x00000293b53d98e0 JavaThread "C2 CompilerThread0" daemon [_thread_in_native, id=1496, stack(0x000000d942600000,0x000000d942700000)]
  0x00000293b6de07e0 JavaThread "C1 CompilerThread0" daemon [_thread_blocked, id=6488, stack(0x000000d942700000,0x000000d942800000)]
  0x00000293b6df5490 JavaThread "Sweeper thread" daemon [_thread_blocked, id=7400, stack(0x000000d942800000,0x000000d942900000)]
  0x00000293b6e14d10 JavaThread "Common-Cleaner" daemon [_thread_blocked, id=5840, stack(0x000000d942900000,0x000000d942a00000)]
  0x00000293b7082770 JavaThread "Notification Thread" daemon [_thread_blocked, id=7156, stack(0x000000d942a00000,0x000000d942b00000)]
  0x00000293b78094a0 JavaThread "Active Thread: Equinox Container: 1950c55b-eff6-4b10-a633-687c0a935c94" [_thread_blocked, id=3088, stack(0x000000d943000000,0x000000d943100000)]
  0x00000293b8471c50 JavaThread "Framework Event Dispatcher: Equinox Container: 1950c55b-eff6-4b10-a633-687c0a935c94" daemon [_thread_blocked, id=9028, stack(0x000000d942c00000,0x000000d942d00000)]
  0x00000293b84723c0 JavaThread "Start Level: Equinox Container: 1950c55b-eff6-4b10-a633-687c0a935c94" daemon [_thread_in_vm, id=1264, stack(0x000000d943100000,0x000000d943200000)]
  0x00000293b860b3e0 JavaThread "SCR Component Actor" daemon [_thread_blocked, id=9032, stack(0x000000d943200000,0x000000d943300000)]

Other Threads:
  0x00000293b529b420 VMThread "VM Thread" [stack: 0x000000d941f00000,0x000000d942000000] [id=1488]
  0x00000293b70830a0 WatcherThread [stack: 0x000000d942b00000,0x000000d942c00000] [id=7412]
  0x000002939f62e180 GCTaskThread "GC Thread#0" [stack: 0x000000d941e00000,0x000000d941f00000] [id=9196]
  0x00000293b77a4080 GCTaskThread "GC Thread#1" [stack: 0x000000d942d00000,0x000000d942e00000] [id=7928]
  0x00000293b77a4330 GCTaskThread "GC Thread#2" [stack: 0x000000d942e00000,0x000000d942f00000] [id=3764]
  0x00000293b74baaf0 GCTaskThread "GC Thread#3" [stack: 0x000000d942f00000,0x000000d943000000] [id=2812]

Threads with active compile tasks:
C2 CompilerThread0     2151 1475       4       lombok.patcher.scripts.AddFieldScript::patch (55 bytes)

VM state: not at safepoint (normal execution)

VM Mutex/Monitor currently owned by a thread:  ([mutex/lock_event])
[0x000002939f6146b0] MethodCompileQueue_lock - owner thread: 0x0000000000000000

Heap address: 0x00000000c0000000, size: 1024 MB, Compressed Oops mode: 32-bit

CDS archive(s) not mapped
Compressed class space mapped at: 0x0000000100000000-0x0000000140000000, reserved size: 1073741824
Narrow klass base: 0x0000000000000000, Narrow klass shift: 3, Narrow klass range: 0x140000000

GC Precious Log:
 CPUs: 4 total, 4 available
 Memory: 3858M
 Large Page Support: Disabled
 NUMA Support: Disabled
 Compressed Oops: Enabled (32-bit)
 Alignments: Space 512K, Generation 512K, Heap 2M
 Heap Min Capacity: 100M
 Heap Initial Capacity: 100M
 Heap Max Capacity: 1G
 Pre-touch: Disabled
 Parallel Workers: 4

Heap:
 PSYoungGen      total 29696K, used 24494K [0x00000000eab00000, 0x00000000ecc00000, 0x0000000100000000)
  eden space 25600K, 83% used [0x00000000eab00000,0x00000000ebfc58b8,0x00000000ec400000)
  from space 4096K, 78% used [0x00000000ec400000,0x00000000ec726218,0x00000000ec800000)
  to   space 4096K, 0% used [0x00000000ec800000,0x00000000ec800000,0x00000000ecc00000)
 ParOldGen       total 68608K, used 16K [0x00000000c0000000, 0x00000000c4300000, 0x00000000eab00000)
  object space 68608K, 0% used [0x00000000c0000000,0x00000000c0004000,0x00000000c4300000)
 Metaspace       used 13936K, committed 14144K, reserved 1064960K
  class space    used 1406K, committed 1472K, reserved 1048576K

Card table byte_map: [0x00000293b2c80000,0x00000293b2e90000] _byte_map_base: 0x00000293b2680000

Marking Bits: (ParMarkBitMap*) 0x00007ffc6dca2cc0
 Begin Bits: [0x00000293b2ff0000, 0x00000293b3ff0000)
 End Bits:   [0x00000293b3ff0000, 0x00000293b4ff0000)

Polling page: 0x000002939f6f0000

Metaspace:

Usage:
  Non-class:     12.24 MB used.
      Class:      1.37 MB used.
       Both:     13.61 MB used.

Virtual space:
  Non-class space:       16.00 MB reserved,      12.38 MB ( 77%) committed,  2 nodes.
      Class space:        1.00 GB reserved,       1.44 MB ( <1%) committed,  1 nodes.
             Both:        1.02 GB reserved,      13.81 MB (  1%) committed. 

Chunk freelists:
   Non-Class:  3.33 MB
       Class:  2.38 MB
        Both:  5.70 MB

MaxMetaspaceSize: unlimited
CompressedClassSpaceSize: 1.00 GB
Initial GC threshold: 21.00 MB
Current GC threshold: 21.00 MB
CDS: off
MetaspaceReclaimPolicy: balanced
 - commit_granule_bytes: 65536.
 - commit_granule_words: 8192.
 - virtual_space_node_default_size: 1048576.
 - enlarge_chunks_in_place: 1.
 - new_chunks_are_fully_committed: 0.
 - uncommit_free_chunks: 1.
 - use_allocation_guard: 0.
 - handle_deallocations: 1.


Internal statistics:

num_allocs_failed_limit: 0.
num_arena_births: 64.
num_arena_deaths: 0.
num_vsnodes_births: 3.
num_vsnodes_deaths: 0.
num_space_committed: 221.
num_space_uncommitted: 0.
num_chunks_returned_to_freelist: 0.
num_chunks_taken_from_freelist: 267.
num_chunk_merges: 0.
num_chunk_splits: 179.
num_chunks_enlarged: 140.
num_purges: 0.
num_inconsistent_stats: 0.

CodeHeap 'non-profiled nmethods': size=120000Kb used=576Kb max_used=576Kb free=119423Kb
 bounds [0x00000293ab570000, 0x00000293ab7e0000, 0x00000293b2aa0000]
CodeHeap 'profiled nmethods': size=120000Kb used=2856Kb max_used=2856Kb free=117143Kb
 bounds [0x00000293a4040000, 0x00000293a4310000, 0x00000293ab570000]
CodeHeap 'non-nmethods': size=5760Kb used=1163Kb max_used=1189Kb free=4596Kb
 bounds [0x00000293a3aa0000, 0x00000293a3d10000, 0x00000293a4040000]
 total_blobs=1949 nmethods=1506 adapters=357
 compilation: enabled
              stopped_count=0, restarted_count=0
 full_count=0

Compilation events (20 events):
Event: 2.120 Thread 0x00000293b6de07e0 1477       3       org.eclipse.osgi.internal.serviceregistry.FilteredServiceListener::serviceChanged (284 bytes)
Event: 2.123 Thread 0x00000293b6de07e0 nmethod 1477 0x00000293a42f9f90 code [0x00000293a42fa5e0, 0x00000293a42fd3d8]
Event: 2.125 Thread 0x00000293b6de07e0 1478       3       org.eclipse.osgi.container.ModuleDatabase::readLock (11 bytes)
Event: 2.125 Thread 0x00000293b6de07e0 nmethod 1478 0x00000293a42fe410 code [0x00000293a42fe5c0, 0x00000293a42fe7c8]
Event: 2.125 Thread 0x00000293b6de07e0 1479       3       org.eclipse.osgi.container.ModuleDatabase::readUnlock (11 bytes)
Event: 2.126 Thread 0x00000293b6de07e0 nmethod 1479 0x00000293a42fe910 code [0x00000293a42feae0, 0x00000293a42fee58]
Event: 2.126 Thread 0x00000293b6de07e0 1480       3       java.lang.invoke.MethodType::toMethodDescriptorString (28 bytes)
Event: 2.127 Thread 0x00000293b6de07e0 nmethod 1480 0x00000293a42ff010 code [0x00000293a42ff1c0, 0x00000293a42ff368]
Event: 2.128 Thread 0x00000293b6de07e0 1481       3       java.lang.invoke.MemberName::getModifiers (8 bytes)
Event: 2.128 Thread 0x00000293b6de07e0 nmethod 1481 0x00000293a42ff410 code [0x00000293a42ff5a0, 0x00000293a42ff6b8]
Event: 2.128 Thread 0x00000293b6de07e0 1482       3       java.lang.invoke.MethodHandle::<init> (37 bytes)
Event: 2.129 Thread 0x00000293b6de07e0 nmethod 1482 0x00000293a42ff790 code [0x00000293a42ff980, 0x00000293a42ffe58]
Event: 2.129 Thread 0x00000293b6de07e0 1483       3       java.lang.invoke.LambdaForm::prepare (112 bytes)
Event: 2.129 Thread 0x00000293b6de07e0 nmethod 1483 0x00000293a4300090 code [0x00000293a43002c0, 0x00000293a4300a78]
Event: 2.129 Thread 0x00000293b6de07e0 1485       3       jdk.internal.org.objectweb.asm.ByteVector::enlarge (51 bytes)
Event: 2.129 Thread 0x00000293b6de07e0 nmethod 1485 0x00000293a4300d90 code [0x00000293a4300f40, 0x00000293a4301228]
Event: 2.129 Thread 0x00000293b6de07e0 1484       3       java.lang.invoke.MemberName::getInvocationType (56 bytes)
Event: 2.130 Thread 0x00000293b6de07e0 nmethod 1484 0x00000293a4301310 code [0x00000293a4301540, 0x00000293a4301e08]
Event: 2.131 Thread 0x00000293b6de07e0 1486       1       java.lang.reflect.Constructor::getSharedParameterTypes (5 bytes)
Event: 2.132 Thread 0x00000293b6de07e0 nmethod 1486 0x00000293ab5fe610 code [0x00000293ab5fe7a0, 0x00000293ab5fe878]

GC Heap History (2 events):
Event: 1.306 GC heap before
{Heap before GC invocations=1 (full 0):
 PSYoungGen      total 29696K, used 25600K [0x00000000eab00000, 0x00000000ecc00000, 0x0000000100000000)
  eden space 25600K, 100% used [0x00000000eab00000,0x00000000ec400000,0x00000000ec400000)
  from space 4096K, 0% used [0x00000000ec800000,0x00000000ec800000,0x00000000ecc00000)
  to   space 4096K, 0% used [0x00000000ec400000,0x00000000ec400000,0x00000000ec800000)
 ParOldGen       total 68608K, used 0K [0x00000000c0000000, 0x00000000c4300000, 0x00000000eab00000)
  object space 68608K, 0% used [0x00000000c0000000,0x00000000c0000000,0x00000000c4300000)
 Metaspace       used 10854K, committed 11008K, reserved 1064960K
  class space    used 1089K, committed 1152K, reserved 1048576K
}
Event: 1.315 GC heap after
{Heap after GC invocations=1 (full 0):
 PSYoungGen      total 29696K, used 3224K [0x00000000eab00000, 0x00000000ecc00000, 0x0000000100000000)
  eden space 25600K, 0% used [0x00000000eab00000,0x00000000eab00000,0x00000000ec400000)
  from space 4096K, 78% used [0x00000000ec400000,0x00000000ec726218,0x00000000ec800000)
  to   space 4096K, 0% used [0x00000000ec800000,0x00000000ec800000,0x00000000ecc00000)
 ParOldGen       total 68608K, used 16K [0x00000000c0000000, 0x00000000c4300000, 0x00000000eab00000)
  object space 68608K, 0% used [0x00000000c0000000,0x00000000c0004000,0x00000000c4300000)
 Metaspace       used 10854K, committed 11008K, reserved 1064960K
  class space    used 1089K, committed 1152K, reserved 1048576K
}

Deoptimization events (20 events):
Event: 1.216 Thread 0x000002939f618f90 Uncommon trap: trap_request=0xffffff45 fr.pc=0x00000293ab5ab894 relative=0x0000000000000094
Event: 1.216 Thread 0x000002939f618f90 Uncommon trap: reason=unstable_if action=reinterpret pc=0x00000293ab5ab894 method=java.util.HashMap.hash(Ljava/lang/Object;)I @ 1 c2
Event: 1.216 Thread 0x000002939f618f90 DEOPT PACKING pc=0x00000293ab5ab894 sp=0x000000d941dfe480
Event: 1.216 Thread 0x000002939f618f90 DEOPT UNPACKING pc=0x00000293a3af5923 sp=0x000000d941dfe418 mode 2
Event: 1.434 Thread 0x000002939f618f90 Uncommon trap: trap_request=0xffffff45 fr.pc=0x00000293ab5a54c0 relative=0x0000000000000ca0
Event: 1.434 Thread 0x000002939f618f90 Uncommon trap: reason=unstable_if action=reinterpret pc=0x00000293ab5a54c0 method=lombok.patcher.PatchScript.classMatches(Ljava/lang/String;Ljava/util/Collection;)Z @ 25 c2
Event: 1.434 Thread 0x000002939f618f90 DEOPT PACKING pc=0x00000293ab5a54c0 sp=0x000000d941df8760
Event: 1.434 Thread 0x000002939f618f90 DEOPT UNPACKING pc=0x00000293a3af5923 sp=0x000000d941df86c8 mode 2
Event: 1.670 Thread 0x000002939f618f90 Uncommon trap: trap_request=0xffffff45 fr.pc=0x00000293ab5b6c98 relative=0x00000000000002d8
Event: 1.670 Thread 0x000002939f618f90 Uncommon trap: reason=unstable_if action=reinterpret pc=0x00000293ab5b6c98 method=java.lang.invoke.VarHandle.checkExactAccessMode(Ljava/lang/invoke/VarHandle$AccessDescriptor;)V @ 4 c2
Event: 1.670 Thread 0x000002939f618f90 DEOPT PACKING pc=0x00000293ab5b6c98 sp=0x000000d941dfe5e0
Event: 1.670 Thread 0x000002939f618f90 DEOPT UNPACKING pc=0x00000293a3af5923 sp=0x000000d941dfe5b0 mode 2
Event: 1.840 Thread 0x000002939f618f90 Uncommon trap: trap_request=0xffffffde fr.pc=0x00000293ab5d336c relative=0x000000000000092c
Event: 1.840 Thread 0x000002939f618f90 Uncommon trap: reason=class_check action=maybe_recompile pc=0x00000293ab5d336c method=java.util.HashMap.putVal(ILjava/lang/Object;Ljava/lang/Object;ZZ)Ljava/lang/Object; @ 253 c2
Event: 1.840 Thread 0x000002939f618f90 DEOPT PACKING pc=0x00000293ab5d336c sp=0x000000d941dfe070
Event: 1.840 Thread 0x000002939f618f90 DEOPT UNPACKING pc=0x00000293a3af5923 sp=0x000000d941dfdff0 mode 2
Event: 1.847 Thread 0x000002939f618f90 Uncommon trap: trap_request=0xffffffde fr.pc=0x00000293ab5d336c relative=0x000000000000092c
Event: 1.847 Thread 0x000002939f618f90 Uncommon trap: reason=class_check action=maybe_recompile pc=0x00000293ab5d336c method=java.util.HashMap.putVal(ILjava/lang/Object;Ljava/lang/Object;ZZ)Ljava/lang/Object; @ 253 c2
Event: 1.847 Thread 0x000002939f618f90 DEOPT PACKING pc=0x00000293ab5d336c sp=0x000000d941dfe070
Event: 1.847 Thread 0x000002939f618f90 DEOPT UNPACKING pc=0x00000293a3af5923 sp=0x000000d941dfdff0 mode 2

Classes unloaded (0 events):
No events

Classes redefined (0 events):
No events

Internal exceptions (20 events):
Event: 0.852 Thread 0x000002939f618f90 Exception <a 'java/io/FileNotFoundException'{0x00000000eb721220}> (0x00000000eb721220) 
thrown [s\src\hotspot\share\prims\jni.cpp, line 516]
Event: 0.873 Thread 0x000002939f618f90 Exception <a 'java/io/FileNotFoundException'{0x00000000eb75fc18}> (0x00000000eb75fc18) 
thrown [s\src\hotspot\share\prims\jni.cpp, line 516]
Event: 1.155 Thread 0x000002939f618f90 Exception <a 'java/lang/ClassNotFoundException'{0x00000000ebf55698}: sun/net/www/protocol/c/Handler> (0x00000000ebf55698) 
thrown [s\src\hotspot\share\classfile\systemDictionary.cpp, line 256]
Event: 1.156 Thread 0x000002939f618f90 Exception <a 'java/lang/ClassNotFoundException'{0x00000000ebf56988}: sun/net/www/protocol/e/Handler> (0x00000000ebf56988) 
thrown [s\src\hotspot\share\classfile\systemDictionary.cpp, line 256]
Event: 1.156 Thread 0x000002939f618f90 Exception <a 'java/lang/ClassNotFoundException'{0x00000000ebf57a98}: sun/net/www/protocol/c/Handler> (0x00000000ebf57a98) 
thrown [s\src\hotspot\share\classfile\systemDictionary.cpp, line 256]
Event: 1.171 Thread 0x000002939f618f90 Exception <a 'java/io/FileNotFoundException'{0x00000000ebf76578}> (0x00000000ebf76578) 
thrown [s\src\hotspot\share\prims\jni.cpp, line 516]
Event: 1.216 Thread 0x000002939f618f90 Implicit null exception at 0x00000293ab5c39fb to 0x00000293ab5c4444
Event: 1.216 Thread 0x000002939f618f90 Implicit null exception at 0x00000293ab5bddec to 0x00000293ab5bdfcc
Event: 1.216 Thread 0x000002939f618f90 Implicit null exception at 0x00000293ab5ad78c to 0x00000293ab5ad9a4
Event: 1.216 Thread 0x000002939f618f90 Implicit null exception at 0x00000293ab5ab80f to 0x00000293ab5ab885
Event: 1.253 Thread 0x000002939f618f90 Exception <a 'java/lang/NoSuchMethodError'{0x00000000ec2400a0}: 'int java.lang.invoke.DirectMethodHandle$Holder.invokeStaticInit(java.lang.Object, java.lang.Object, java.lang.Object, java.lang.Object)'> (0x00000000ec2400a0) 
thrown [s\src\hotspot\share\interpreter\linkResolver.cpp, line 759]
Event: 1.254 Thread 0x000002939f618f90 Exception <a 'java/lang/NoSuchMethodError'{0x00000000ec24a710}: 'java.lang.Object java.lang.invoke.DirectMethodHandle$Holder.invokeInterface(java.lang.Object, java.lang.Object)'> (0x00000000ec24a710) 
thrown [s\src\hotspot\share\interpreter\linkResolver.cpp, line 759]
Event: 1.255 Thread 0x000002939f618f90 Exception <a 'java/lang/IncompatibleClassChangeError'{0x00000000ec24df08}: Found class java.lang.Object, but interface was expected> (0x00000000ec24df08) 
thrown [s\src\hotspot\share\interpreter\linkResolver.cpp, line 826]
Event: 1.255 Thread 0x000002939f618f90 Exception <a 'java/lang/NoSuchMethodError'{0x00000000ec252400}: 'void java.lang.invoke.DirectMethodHandle$Holder.invokeStatic(java.lang.Object, java.lang.Object)'> (0x00000000ec252400) 
thrown [s\src\hotspot\share\interpreter\linkResolver.cpp, line 759]
Event: 1.255 Thread 0x000002939f618f90 Exception <a 'java/lang/NoSuchMethodError'{0x00000000ec255c00}: 'void java.lang.invoke.DirectMethodHandle$Holder.invokeStaticInit(java.lang.Object, java.lang.Object)'> (0x00000000ec255c00) 
thrown [s\src\hotspot\share\interpreter\linkResolver.cpp, line 759]
Event: 1.256 Thread 0x000002939f618f90 Exception <a 'java/lang/NoSuchMethodError'{0x00000000ec25cff8}: 'int java.lang.invoke.DirectMethodHandle$Holder.invokeStaticInit(java.lang.Object, java.lang.Object)'> (0x00000000ec25cff8) 
thrown [s\src\hotspot\share\interpreter\linkResolver.cpp, line 759]
Event: 1.297 Thread 0x000002939f618f90 Exception <a 'java/lang/NoSuchMethodError'{0x00000000ec3832f8}: 'void java.lang.invoke.DirectMethodHandle$Holder.invokeSpecial(java.lang.Object, java.lang.Object, java.lang.Object)'> (0x00000000ec3832f8) 
thrown [s\src\hotspot\share\interpreter\linkResolver.cpp, line 759]
Event: 1.802 Thread 0x000002939f618f90 Exception <a 'java/lang/NoSuchMethodError'{0x00000000eb629c80}: 'java.lang.Object java.lang.invoke.DirectMethodHandle$Holder.newInvokeSpecial(java.lang.Object, int, java.lang.Object)'> (0x00000000eb629c80) 
thrown [s\src\hotspot\share\interpreter\linkResolver.cpp, line 759]
Event: 2.023 Thread 0x000002939f618f90 Exception <a 'java/lang/UnsatisfiedLinkError'{0x00000000ebb59ca8}: 'void org.eclipse.equinox.launcher.JNIBridge._update_splash()'> (0x00000000ebb59ca8) 
thrown [s\src\hotspot\share\prims\nativeLookup.cpp, line 543]
Event: 2.112 Thread 0x00000293b84723c0 Exception <a 'java/lang/NoSuchMethodError'{0x00000000ebe4eac0}: 'java.lang.Object java.lang.invoke.DirectMethodHandle$Holder.invokeStaticInit(java.lang.Object)'> (0x00000000ebe4eac0) 
thrown [s\src\hotspot\share\interpreter\linkResolver.cpp, line 759]

VM Operations (20 events):
Event: 0.776 Executing VM operation: HandshakeAllThreads
Event: 0.776 Executing VM operation: HandshakeAllThreads done
Event: 0.797 Executing VM operation: HandshakeAllThreads
Event: 0.797 Executing VM operation: HandshakeAllThreads done
Event: 1.122 Executing VM operation: HandshakeAllThreads
Event: 1.122 Executing VM operation: HandshakeAllThreads done
Event: 1.122 Executing VM operation: Cleanup
Event: 1.122 Executing VM operation: Cleanup done
Event: 1.306 Executing VM operation: ParallelGCFailedAllocation
Event: 1.315 Executing VM operation: ParallelGCFailedAllocation done
Event: 1.722 Executing VM operation: HandshakeAllThreads
Event: 1.722 Executing VM operation: HandshakeAllThreads done
Event: 1.722 Executing VM operation: HandshakeAllThreads
Event: 1.722 Executing VM operation: HandshakeAllThreads done
Event: 1.734 Executing VM operation: HandshakeAllThreads
Event: 1.734 Executing VM operation: HandshakeAllThreads done
Event: 1.781 Executing VM operation: HandshakeAllThreads
Event: 1.781 Executing VM operation: HandshakeAllThreads done
Event: 2.130 Executing VM operation: HandshakeAllThreads
Event: 2.130 Executing VM operation: HandshakeAllThreads done

Events (20 events):
Event: 2.027 loading class java/util/concurrent/locks/AbstractQueuedSynchronizer$SharedNode done
Event: 2.027 loading class java/util/concurrent/locks/AbstractQueuedSynchronizer$ExclusiveNode
Event: 2.027 loading class java/util/concurrent/locks/AbstractQueuedSynchronizer$ExclusiveNode done
Event: 2.028 loading class java/util/concurrent/CountDownLatch
Event: 2.029 loading class java/util/concurrent/CountDownLatch done
Event: 2.029 loading class java/util/concurrent/CountDownLatch$Sync
Event: 2.029 loading class java/util/concurrent/CountDownLatch$Sync done
Event: 2.079 loading class java/lang/IllegalAccessError
Event: 2.079 loading class java/lang/IllegalAccessError done
Event: 2.088 loading class java/util/TimerTask
Event: 2.088 loading class java/util/TimerTask done
Event: 2.100 Thread 0x00000293b860b3e0 Thread added: 0x00000293b860b3e0
Event: 2.102 loading class java/util/MissingResourceException
Event: 2.102 loading class java/util/MissingResourceException done
Event: 2.122 loading class java/util/concurrent/ConcurrentLinkedQueue
Event: 2.122 loading class java/util/concurrent/ConcurrentLinkedQueue done
Event: 2.122 loading class java/util/concurrent/ConcurrentLinkedQueue$Node
Event: 2.122 loading class java/util/concurrent/ConcurrentLinkedQueue$Node done
Event: 2.126 loading class sun/invoke/util/VerifyAccess$1
Event: 2.126 loading class sun/invoke/util/VerifyAccess$1 done


Dynamic libraries:
0x00007ff758120000 - 0x00007ff75812e000 	c:\Users\se\.vscode\extensions\redhat.java-1.12.0-win32-x64\jre\17.0.4.1-win32-x86_64\bin\java.exe
0x00007ffcb4760000 - 0x00007ffcb4969000 	C:\WINDOWS\SYSTEM32\ntdll.dll
0x00007ffcb4650000 - 0x00007ffcb470d000 	C:\WINDOWS\System32\KERNEL32.DLL
0x00007ffcb1d50000 - 0x00007ffcb20cb000 	C:\WINDOWS\System32\KERNELBASE.dll
0x00007ffcb2200000 - 0x00007ffcb2311000 	C:\WINDOWS\System32\ucrtbase.dll
0x00007ffc91880000 - 0x00007ffc91898000 	c:\Users\se\.vscode\extensions\redhat.java-1.12.0-win32-x64\jre\17.0.4.1-win32-x86_64\bin\jli.dll
0x00007ffcb2e50000 - 0x00007ffcb2ffd000 	C:\WINDOWS\System32\USER32.dll
0x00007ffcb25b0000 - 0x00007ffcb25d6000 	C:\WINDOWS\System32\win32u.dll
0x00007ffcb25f0000 - 0x00007ffcb2619000 	C:\WINDOWS\System32\GDI32.dll
0x00007ffcb2320000 - 0x00007ffcb2438000 	C:\WINDOWS\System32\gdi32full.dll
0x00007ffcb1c30000 - 0x00007ffcb1ccd000 	C:\WINDOWS\System32\msvcp_win.dll
0x00007ffc918e0000 - 0x00007ffc918f9000 	c:\Users\se\.vscode\extensions\redhat.java-1.12.0-win32-x64\jre\17.0.4.1-win32-x86_64\bin\VCRUNTIME140.dll
0x00007ffc961d0000 - 0x00007ffc96475000 	C:\WINDOWS\WinSxS\amd64_microsoft.windows.common-controls_6595b64144ccf1df_6.0.22000.120_none_9d947278b86cc467\COMCTL32.dll
0x00007ffcb3ed0000 - 0x00007ffcb3f73000 	C:\WINDOWS\System32\msvcrt.dll
0x00007ffcb4610000 - 0x00007ffcb4641000 	C:\WINDOWS\System32\IMM32.DLL
0x00007ffca6f40000 - 0x00007ffca6f4c000 	c:\Users\se\.vscode\extensions\redhat.java-1.12.0-win32-x64\jre\17.0.4.1-win32-x86_64\bin\vcruntime140_1.dll
0x00007ffc6dd70000 - 0x00007ffc6de01000 	c:\Users\se\.vscode\extensions\redhat.java-1.12.0-win32-x64\jre\17.0.4.1-win32-x86_64\bin\msvcp140.dll
0x00007ffc6d120000 - 0x00007ffc6dd66000 	c:\Users\se\.vscode\extensions\redhat.java-1.12.0-win32-x64\jre\17.0.4.1-win32-x86_64\bin\server\jvm.dll
0x00007ffcb4550000 - 0x00007ffcb45fe000 	C:\WINDOWS\System32\ADVAPI32.dll
0x00007ffcb4300000 - 0x00007ffcb439e000 	C:\WINDOWS\System32\sechost.dll
0x00007ffcb2d30000 - 0x00007ffcb2e50000 	C:\WINDOWS\System32\RPCRT4.dll
0x00007ffcb4710000 - 0x00007ffcb4718000 	C:\WINDOWS\System32\PSAPI.DLL
0x00007ffc96880000 - 0x00007ffc96889000 	C:\WINDOWS\SYSTEM32\WSOCK32.dll
0x00007ffcb3690000 - 0x00007ffcb36ff000 	C:\WINDOWS\System32\WS2_32.dll
0x00007ffca7880000 - 0x00007ffca78b3000 	C:\WINDOWS\SYSTEM32\WINMM.dll
0x00007ffca7280000 - 0x00007ffca728a000 	C:\WINDOWS\SYSTEM32\VERSION.dll
0x00007ffcb0cb0000 - 0x00007ffcb0cc8000 	C:\WINDOWS\SYSTEM32\kernel.appcore.dll
0x00007ffc93130000 - 0x00007ffc9313a000 	c:\Users\se\.vscode\extensions\redhat.java-1.12.0-win32-x64\jre\17.0.4.1-win32-x86_64\bin\jimage.dll
0x00007ffcac2c0000 - 0x00007ffcac4e1000 	C:\WINDOWS\SYSTEM32\DBGHELP.DLL
0x00007ffc8f3b0000 - 0x00007ffc8f3e1000 	C:\WINDOWS\SYSTEM32\dbgcore.DLL
0x00007ffcb1cd0000 - 0x00007ffcb1d4f000 	C:\WINDOWS\System32\bcryptPrimitives.dll
0x00007ffc92bf0000 - 0x00007ffc92bfe000 	c:\Users\se\.vscode\extensions\redhat.java-1.12.0-win32-x64\jre\17.0.4.1-win32-x86_64\bin\instrument.dll
0x00007ffc8c020000 - 0x00007ffc8c045000 	c:\Users\se\.vscode\extensions\redhat.java-1.12.0-win32-x64\jre\17.0.4.1-win32-x86_64\bin\java.dll
0x00007ffc91860000 - 0x00007ffc91878000 	c:\Users\se\.vscode\extensions\redhat.java-1.12.0-win32-x64\jre\17.0.4.1-win32-x86_64\bin\zip.dll
0x00007ffcb3710000 - 0x00007ffcb3ec8000 	C:\WINDOWS\System32\SHELL32.dll
0x00007ffcafd20000 - 0x00007ffcb0585000 	C:\WINDOWS\SYSTEM32\windows.storage.dll
0x00007ffcb3f80000 - 0x00007ffcb42f7000 	C:\WINDOWS\System32\combase.dll
0x00007ffcafbb0000 - 0x00007ffcafd16000 	C:\WINDOWS\SYSTEM32\wintypes.dll
0x00007ffcb2710000 - 0x00007ffcb27fa000 	C:\WINDOWS\System32\SHCORE.dll
0x00007ffcb2a90000 - 0x00007ffcb2aed000 	C:\WINDOWS\System32\shlwapi.dll
0x00007ffcb1b60000 - 0x00007ffcb1b81000 	C:\WINDOWS\SYSTEM32\profapi.dll
0x00007ffc89500000 - 0x00007ffc89519000 	C:\Users\se\.vscode\extensions\redhat.java-1.12.0-win32-x64\jre\17.0.4.1-win32-x86_64\bin\net.dll
0x00007ffca7320000 - 0x00007ffca742c000 	C:\WINDOWS\SYSTEM32\WINHTTP.dll
0x00007ffcb1150000 - 0x00007ffcb11b7000 	C:\WINDOWS\system32\mswsock.dll
0x00007ffc845e0000 - 0x00007ffc845f5000 	C:\Users\se\.vscode\extensions\redhat.java-1.12.0-win32-x64\jre\17.0.4.1-win32-x86_64\bin\nio.dll
0x00007ffc918d0000 - 0x00007ffc918e0000 	c:\Users\se\.vscode\extensions\redhat.java-1.12.0-win32-x64\jre\17.0.4.1-win32-x86_64\bin\verify.dll
0x00007ffcaa280000 - 0x00007ffcaa2be000 	C:\Users\se\AppData\Roaming\Code\User\globalStorage\redhat.java\1.12.0\config_ss_win\org.eclipse.equinox.launcher\org.eclipse.equinox.launcher.win32.win32.x86_64_1.2.600.v20220720-1916\eclipse_11700.dll
0x00007ffcb28f0000 - 0x00007ffcb2a8a000 	C:\WINDOWS\System32\ole32.dll

dbghelp: loaded successfully - version: 4.0.5 - missing functions: none
symbol engine: initialized successfully - sym options: 0x614 - pdb path: .;c:\Users\se\.vscode\extensions\redhat.java-1.12.0-win32-x64\jre\17.0.4.1-win32-x86_64\bin;C:\WINDOWS\SYSTEM32;C:\WINDOWS\WinSxS\amd64_microsoft.windows.common-controls_6595b64144ccf1df_6.0.22000.120_none_9d947278b86cc467;c:\Users\se\.vscode\extensions\redhat.java-1.12.0-win32-x64\jre\17.0.4.1-win32-x86_64\bin\server;C:\Users\se\AppData\Roaming\Code\User\globalStorage\redhat.java\1.12.0\config_ss_win\org.eclipse.equinox.launcher\org.eclipse.equinox.launcher.win32.win32.x86_64_1.2.600.v20220720-1916

VM Arguments:
jvm_args: --add-modules=ALL-SYSTEM --add-opens=java.base/java.util=ALL-UNNAMED --add-opens=java.base/java.lang=ALL-UNNAMED --add-opens=java.base/sun.nio.fs=ALL-UNNAMED -Declipse.application=org.eclipse.jdt.ls.core.id1 -Dosgi.bundles.defaultStartLevel=4 -Declipse.product=org.eclipse.jdt.ls.core.product -Djava.import.generatesMetadataFilesAtProjectRoot=false -Dfile.encoding=utf8 -XX:+UseParallelGC -XX:GCTimeRatio=4 -XX:AdaptiveSizePolicyWeight=90 -Dsun.zip.disableMemoryMapping=true -Xmx1G -Xms100m -Xlog:disable -javaagent:c:\Users\se\.vscode\extensions\redhat.java-1.12.0-win32-x64\lombok\lombok-1.18.24.jar 
java_command: c:\Users\se\.vscode\extensions\redhat.java-1.12.0-win32-x64\server\plugins\org.eclipse.equinox.launcher_1.6.400.v20210924-0641.jar -configuration c:\Users\se\AppData\Roaming\Code\User\globalStorage\redhat.java\1.12.0\config_ss_win -data c:\Users\se\AppData\Roaming\Code\User\workspaceStorage\042ae597b835ad676826bf5aba2120d6\redhat.java\ss_ws
java_class_path (initial): c:\Users\se\.vscode\extensions\redhat.java-1.12.0-win32-x64\server\plugins\org.eclipse.equinox.launcher_1.6.400.v20210924-0641.jar
Launcher Type: SUN_STANDARD

[Global flags]
    uintx AdaptiveSizePolicyWeight                 = 90                                        {product} {command line}
     intx CICompilerCount                          = 3                                         {product} {ergonomic}
    uintx GCTimeRatio                              = 4                                         {product} {command line}
   size_t InitialHeapSize                          = 104857600                                 {product} {command line}
   size_t MaxHeapSize                              = 1073741824                                {product} {command line}
   size_t MaxNewSize                               = 357564416                                 {product} {ergonomic}
   size_t MinHeapDeltaBytes                        = 524288                                    {product} {ergonomic}
   size_t MinHeapSize                              = 104857600                                 {product} {command line}
   size_t NewSize                                  = 34603008                                  {product} {ergonomic}
    uintx NonNMethodCodeHeapSize                   = 5832780                                {pd product} {ergonomic}
    uintx NonProfiledCodeHeapSize                  = 122912730                              {pd product} {ergonomic}
   size_t OldSize                                  = 70254592                                  {product} {ergonomic}
    uintx ProfiledCodeHeapSize                     = 122912730                              {pd product} {ergonomic}
    uintx ReservedCodeCacheSize                    = 251658240                              {pd product} {ergonomic}
     bool SegmentedCodeCache                       = true                                      {product} {ergonomic}
   size_t SoftMaxHeapSize                          = 1073741824                             {manageable} {ergonomic}
     bool UseCompressedClassPointers               = true                           {product lp64_product} {ergonomic}
     bool UseCompressedOops                        = true                           {product lp64_product} {ergonomic}
     bool UseLargePagesIndividualAllocation        = false                                  {pd product} {ergonomic}
     bool UseParallelGC                            = true                                      {product} {command line}

Logging:
Log output configuration:
 #0: stdout all=off uptime,level,tags
 #1: stderr all=off uptime,level,tags

Environment Variables:
PATH=C:\Program Files\Common Files\Oracle\Java\javapath;C:\Program Files (x86)\Common Files\Intel\Shared Libraries\redist\intel64\compiler;C:\WINDOWS\system32;C:\WINDOWS;C:\WINDOWS\System32\Wbem;C:\WINDOWS\System32\WindowsPowerShell\v1.0\;C:\WINDOWS\System32\OpenSSH\;C:\MinGW\bin;C:\Program Files (x86)\MGLTools-1.5.7;C:\MinGW\bin;C:\Program Files\Java\jdk-18.0.2.1\bin;C:\Program Files\dotnet\;C:\Users\se\AppData\Local\Microsoft\WindowsApps;E:\New folder\MinGW\bin;C:\Users\se\AppData\Local\Programs\Microsoft VS Code\bin
USERNAME=se
OS=Windows_NT
PROCESSOR_IDENTIFIER=Intel64 Family 6 Model 126 Stepping 5, GenuineIntel
TMP=C:\Users\se\AppData\Local\Temp
TEMP=C:\Users\se\AppData\Local\Temp



---------------  S Y S T E M  ---------------

OS:
 Windows 11 , 64 bit Build 22000 (10.0.22000.708)
OS uptime: 0 days 0:10 hours

CPU: total 4 (initial active 4) (2 cores per cpu, 2 threads per core) family 6 model 126 stepping 5 microcode 0xa6, cx8, cmov, fxsr, ht, mmx, 3dnowpref, sse, sse2, sse3, ssse3, sse4.1, sse4.2, popcnt, lzcnt, tsc, tscinvbit, avx, avx2, aes, erms, clmul, bmi1, bmi2, adx, avx512f, avx512dq, avx512cd, avx512bw, avx512vl, sha, fma, vzeroupper, avx512_vpopcntdq, avx512_vpclmulqdq, avx512_vaes, avx512_vnni, clflush, clflushopt, avx512_vbmi2, avx512_vbmi

Memory: 4k page, system-wide physical 3858M (373M free)
TotalPageFile size 3858M (AvailPageFile size 3M)
current process WorkingSet (physical memory assigned to process): 83M, peak: 83M
current process commit charge ("private bytes"): 191M, peak: 192M

vm_info: OpenJDK 64-Bit Server VM (17.0.4.1+1) for windows-amd64 JRE (17.0.4.1+1), built on Aug 17 2022 07:42:43 by "temurin" with MS VC++ 16.7 (VS2019)

END.
