#
# There is insufficient memory for the Java Runtime Environment to continue.
# Native memory allocation (mmap) failed to map 65536 bytes for Failed to commit metaspace.
# Possible reasons:
#   The system is out of physical RAM or swap space
#   The process is running with CompressedOops enabled, and the Java Heap may be blocking the growth of the native heap
# Possible solutions:
#   Reduce memory load on the system
#   Increase physical memory or swap space
#   Check if swap backing store is full
#   Decrease Java heap size (-Xmx/-Xms)
#   Decrease number of Java threads
#   Decrease Java thread stack sizes (-Xss)
#   Set larger code cache with -XX:ReservedCodeCacheSize=
#   JVM is running with Unscaled Compressed Oops mode in which the Java heap is
#     placed in the first 4GB address space. The Java Heap base address is the
#     maximum limit for the native heap growth. Please use -XX:HeapBaseMinAddress
#     to set the Java Heap base and to place the Java Heap above 4GB virtual address.
# This output file may be truncated or incomplete.
#
#  Out of Memory Error (virtualSpaceNode.cpp:110), pid=4120, tid=12072
#
# JRE version: OpenJDK Runtime Environment Temurin-17.0.4.1+1 (17.0.4.1+1) (build 17.0.4.1+1)
# Java VM: OpenJDK 64-Bit Server VM Temurin-17.0.4.1+1 (17.0.4.1+1, mixed mode, tiered, compressed oops, compressed class ptrs, parallel gc, windows-amd64)
# No core dump will be written. Minidumps are not enabled by default on client versions of Windows
#

---------------  S U M M A R Y ------------

Command Line: --add-modules=ALL-SYSTEM --add-opens=java.base/java.util=ALL-UNNAMED --add-opens=java.base/java.lang=ALL-UNNAMED --add-opens=java.base/sun.nio.fs=ALL-UNNAMED -Declipse.application=org.eclipse.jdt.ls.core.id1 -Dosgi.bundles.defaultStartLevel=4 -Declipse.product=org.eclipse.jdt.ls.core.product -Djava.import.generatesMetadataFilesAtProjectRoot=false -Dfile.encoding=utf8 -XX:+UseParallelGC -XX:GCTimeRatio=4 -XX:AdaptiveSizePolicyWeight=90 -Dsun.zip.disableMemoryMapping=true -Xmx1G -Xms100m -Xlog:disable -javaagent:c:\Users\se\.vscode\extensions\redhat.java-1.12.0-win32-x64\lombok\lombok-1.18.24.jar c:\Users\se\.vscode\extensions\redhat.java-1.12.0-win32-x64\server\plugins\org.eclipse.equinox.launcher_1.6.400.v20210924-0641.jar -configuration c:\Users\se\AppData\Roaming\Code\User\globalStorage\redhat.java\1.12.0\config_ss_win -data c:\Users\se\AppData\Roaming\Code\User\workspaceStorage\85ccc1e8541c9c61dbb81f5c14fcce68\redhat.java\ss_ws

Host: Intel(R) Core(TM) i3-1005G1 CPU @ 1.20GHz, 4 cores, 3G,  Windows 11 , 64 bit Build 22000 (10.0.22000.708)
Time: Sun Dec 25 14:39:11 2022 India Standard Time elapsed time: 2.423569 seconds (0d 0h 0m 2s)

---------------  T H R E A D  ---------------

Current thread (0x000001af021cebb0):  JavaThread "Start Level: Equinox Container: af2a6605-7b46-4bd7-b1b5-a38dcd765416" daemon [_thread_in_vm, id=12072, stack(0x00000072d6200000,0x00000072d6300000)]

Stack: [0x00000072d6200000,0x00000072d6300000]
Native frames: (J=compiled Java code, j=interpreted, Vv=VM code, C=native code)
V  [jvm.dll+0x67731a]
V  [jvm.dll+0x832284]
V  [jvm.dll+0x833a2e]
V  [jvm.dll+0x834093]
V  [jvm.dll+0x245775]
V  [jvm.dll+0x82e22b]
V  [jvm.dll+0x61bdf6]
V  [jvm.dll+0x1c07be]
V  [jvm.dll+0x61e741]
V  [jvm.dll+0x61c796]
V  [jvm.dll+0x6265e7]
V  [jvm.dll+0x1ea5db]
V  [jvm.dll+0x1eab15]
V  [jvm.dll+0x1eb54f]
V  [jvm.dll+0x1e09f1]
V  [jvm.dll+0x53c910]
V  [jvm.dll+0x7ad138]
V  [jvm.dll+0x7ad224]
V  [jvm.dll+0x40ccd5]
V  [jvm.dll+0x412ec8]
C  [java.dll+0x17ec]

Java frames: (J=compiled Java code, j=interpreted, Vv=VM code)
J 1061  java.lang.ClassLoader.defineClass1(Ljava/lang/ClassLoader;Ljava/lang/String;[BIILjava/security/ProtectionDomain;Ljava/lang/String;)Ljava/lang/Class; java.base@17.0.4.1 (0 bytes) @ 0x000001af78b307db [0x000001af78b30720+0x00000000000000bb]
J 1615 c1 java.lang.ClassLoader.defineClass(Ljava/lang/String;[BIILjava/security/ProtectionDomain;)Ljava/lang/Class; java.base@17.0.4.1 (43 bytes) @ 0x000001af718942d4 [0x000001af71893f80+0x0000000000000354]
J 2032 c1 org.eclipse.osgi.internal.loader.ModuleClassLoader.defineClass(Ljava/lang/String;[BLorg/eclipse/osgi/internal/loader/classpath/ClasspathEntry;)Lorg/eclipse/osgi/internal/loader/ModuleClassLoader$DefineClassResult; (138 bytes) @ 0x000001af71998c1c [0x000001af719989c0+0x000000000000025c]
J 1680 c1 org.eclipse.osgi.internal.loader.classpath.ClasspathManager.defineClass(Ljava/lang/String;[BLorg/eclipse/osgi/internal/loader/classpath/ClasspathEntry;Lorg/eclipse/osgi/storage/bundlefile/BundleEntry;Ljava/util/List;)Ljava/lang/Class; (636 bytes) @ 0x000001af718c2f44 [0x000001af718c1560+0x00000000000019e4]
J 1886 c1 org.eclipse.osgi.internal.loader.classpath.ClasspathManager.findClassImpl(Ljava/lang/String;Lorg/eclipse/osgi/internal/loader/classpath/ClasspathEntry;Ljava/util/List;)Ljava/lang/Class; (308 bytes) @ 0x000001af7193630c [0x000001af719335a0+0x0000000000002d6c]
J 1661 c1 org.eclipse.osgi.internal.loader.classpath.ClasspathManager.findLocalClassImpl(Ljava/lang/String;[Lorg/eclipse/osgi/internal/loader/classpath/ClasspathEntry;Ljava/util/List;)Ljava/lang/Class; (55 bytes) @ 0x000001af718b7acc [0x000001af718b7940+0x000000000000018c]
J 1660 c1 org.eclipse.osgi.internal.loader.classpath.ClasspathManager.findLocalClassImpl(Ljava/lang/String;Ljava/util/List;)Ljava/lang/Class; (132 bytes) @ 0x000001af718b7054 [0x000001af718b6b40+0x0000000000000514]
J 1752 c1 org.eclipse.osgi.internal.loader.classpath.ClasspathManager.findLocalClass(Ljava/lang/String;)Ljava/lang/Class; (210 bytes) @ 0x000001af718e693c [0x000001af718e5ca0+0x0000000000000c9c]
J 1651 c1 org.eclipse.osgi.internal.loader.BundleLoader.findLocalClass(Ljava/lang/String;)Ljava/lang/Class; (152 bytes) @ 0x000001af718ab5ec [0x000001af718aada0+0x000000000000084c]
J 1582 c1 org.eclipse.osgi.internal.loader.BundleLoader.findClass0(Ljava/lang/String;ZZ)Ljava/lang/Class; (466 bytes) @ 0x000001af71883094 [0x000001af718809a0+0x00000000000026f4]
J 1581 c1 org.eclipse.osgi.internal.loader.BundleLoader.findClass(Ljava/lang/String;)Ljava/lang/Class; (8 bytes) @ 0x000001af7188009c [0x000001af71880020+0x000000000000007c]
J 1584 c1 org.eclipse.osgi.internal.loader.ModuleClassLoader.loadClass(Ljava/lang/String;Z)Ljava/lang/Class; (36 bytes) @ 0x000001af71886e3c [0x000001af71886c20+0x000000000000021c]
J 786 c1 java.lang.ClassLoader.loadClass(Ljava/lang/String;)Ljava/lang/Class; java.base@17.0.4.1 (7 bytes) @ 0x000001af716e14bc [0x000001af716e13c0+0x00000000000000fc]
v  ~StubRoutines::call_stub
J 1061  java.lang.ClassLoader.defineClass1(Ljava/lang/ClassLoader;Ljava/lang/String;[BIILjava/security/ProtectionDomain;Ljava/lang/String;)Ljava/lang/Class; java.base@17.0.4.1 (0 bytes) @ 0x000001af78b307db [0x000001af78b30720+0x00000000000000bb]
J 1615 c1 java.lang.ClassLoader.defineClass(Ljava/lang/String;[BIILjava/security/ProtectionDomain;)Ljava/lang/Class; java.base@17.0.4.1 (43 bytes) @ 0x000001af718942d4 [0x000001af71893f80+0x0000000000000354]
J 2032 c1 org.eclipse.osgi.internal.loader.ModuleClassLoader.defineClass(Ljava/lang/String;[BLorg/eclipse/osgi/internal/loader/classpath/ClasspathEntry;)Lorg/eclipse/osgi/internal/loader/ModuleClassLoader$DefineClassResult; (138 bytes) @ 0x000001af71998c1c [0x000001af719989c0+0x000000000000025c]
J 1680 c1 org.eclipse.osgi.internal.loader.classpath.ClasspathManager.defineClass(Ljava/lang/String;[BLorg/eclipse/osgi/internal/loader/classpath/ClasspathEntry;Lorg/eclipse/osgi/storage/bundlefile/BundleEntry;Ljava/util/List;)Ljava/lang/Class; (636 bytes) @ 0x000001af718c2f44 [0x000001af718c1560+0x00000000000019e4]
J 1886 c1 org.eclipse.osgi.internal.loader.classpath.ClasspathManager.findClassImpl(Ljava/lang/String;Lorg/eclipse/osgi/internal/loader/classpath/ClasspathEntry;Ljava/util/List;)Ljava/lang/Class; (308 bytes) @ 0x000001af7193630c [0x000001af719335a0+0x0000000000002d6c]
J 1661 c1 org.eclipse.osgi.internal.loader.classpath.ClasspathManager.findLocalClassImpl(Ljava/lang/String;[Lorg/eclipse/osgi/internal/loader/classpath/ClasspathEntry;Ljava/util/List;)Ljava/lang/Class; (55 bytes) @ 0x000001af718b7acc [0x000001af718b7940+0x000000000000018c]
J 1660 c1 org.eclipse.osgi.internal.loader.classpath.ClasspathManager.findLocalClassImpl(Ljava/lang/String;Ljava/util/List;)Ljava/lang/Class; (132 bytes) @ 0x000001af718b7054 [0x000001af718b6b40+0x0000000000000514]
J 1752 c1 org.eclipse.osgi.internal.loader.classpath.ClasspathManager.findLocalClass(Ljava/lang/String;)Ljava/lang/Class; (210 bytes) @ 0x000001af718e693c [0x000001af718e5ca0+0x0000000000000c9c]
J 1651 c1 org.eclipse.osgi.internal.loader.BundleLoader.findLocalClass(Ljava/lang/String;)Ljava/lang/Class; (152 bytes) @ 0x000001af718ab5ec [0x000001af718aada0+0x000000000000084c]
J 1582 c1 org.eclipse.osgi.internal.loader.BundleLoader.findClass0(Ljava/lang/String;ZZ)Ljava/lang/Class; (466 bytes) @ 0x000001af71883094 [0x000001af718809a0+0x00000000000026f4]
J 1581 c1 org.eclipse.osgi.internal.loader.BundleLoader.findClass(Ljava/lang/String;)Ljava/lang/Class; (8 bytes) @ 0x000001af7188009c [0x000001af71880020+0x000000000000007c]
J 1584 c1 org.eclipse.osgi.internal.loader.ModuleClassLoader.loadClass(Ljava/lang/String;Z)Ljava/lang/Class; (36 bytes) @ 0x000001af71886e3c [0x000001af71886c20+0x000000000000021c]
J 786 c1 java.lang.ClassLoader.loadClass(Ljava/lang/String;)Ljava/lang/Class; java.base@17.0.4.1 (7 bytes) @ 0x000001af716e14bc [0x000001af716e13c0+0x00000000000000fc]
v  ~StubRoutines::call_stub
J 1061  java.lang.ClassLoader.defineClass1(Ljava/lang/ClassLoader;Ljava/lang/String;[BIILjava/security/ProtectionDomain;Ljava/lang/String;)Ljava/lang/Class; java.base@17.0.4.1 (0 bytes) @ 0x000001af78b307db [0x000001af78b30720+0x00000000000000bb]
J 1615 c1 java.lang.ClassLoader.defineClass(Ljava/lang/String;[BIILjava/security/ProtectionDomain;)Ljava/lang/Class; java.base@17.0.4.1 (43 bytes) @ 0x000001af718942d4 [0x000001af71893f80+0x0000000000000354]
J 2032 c1 org.eclipse.osgi.internal.loader.ModuleClassLoader.defineClass(Ljava/lang/String;[BLorg/eclipse/osgi/internal/loader/classpath/ClasspathEntry;)Lorg/eclipse/osgi/internal/loader/ModuleClassLoader$DefineClassResult; (138 bytes) @ 0x000001af71998c1c [0x000001af719989c0+0x000000000000025c]
J 1680 c1 org.eclipse.osgi.internal.loader.classpath.ClasspathManager.defineClass(Ljava/lang/String;[BLorg/eclipse/osgi/internal/loader/classpath/ClasspathEntry;Lorg/eclipse/osgi/storage/bundlefile/BundleEntry;Ljava/util/List;)Ljava/lang/Class; (636 bytes) @ 0x000001af718c2f44 [0x000001af718c1560+0x00000000000019e4]
J 1886 c1 org.eclipse.osgi.internal.loader.classpath.ClasspathManager.findClassImpl(Ljava/lang/String;Lorg/eclipse/osgi/internal/loader/classpath/ClasspathEntry;Ljava/util/List;)Ljava/lang/Class; (308 bytes) @ 0x000001af7193630c [0x000001af719335a0+0x0000000000002d6c]
J 1661 c1 org.eclipse.osgi.internal.loader.classpath.ClasspathManager.findLocalClassImpl(Ljava/lang/String;[Lorg/eclipse/osgi/internal/loader/classpath/ClasspathEntry;Ljava/util/List;)Ljava/lang/Class; (55 bytes) @ 0x000001af718b7acc [0x000001af718b7940+0x000000000000018c]
J 1660 c1 org.eclipse.osgi.internal.loader.classpath.ClasspathManager.findLocalClassImpl(Ljava/lang/String;Ljava/util/List;)Ljava/lang/Class; (132 bytes) @ 0x000001af718b7054 [0x000001af718b6b40+0x0000000000000514]
J 1752 c1 org.eclipse.osgi.internal.loader.classpath.ClasspathManager.findLocalClass(Ljava/lang/String;)Ljava/lang/Class; (210 bytes) @ 0x000001af718e693c [0x000001af718e5ca0+0x0000000000000c9c]
J 1651 c1 org.eclipse.osgi.internal.loader.BundleLoader.findLocalClass(Ljava/lang/String;)Ljava/lang/Class; (152 bytes) @ 0x000001af718ab5ec [0x000001af718aada0+0x000000000000084c]
J 1582 c1 org.eclipse.osgi.internal.loader.BundleLoader.findClass0(Ljava/lang/String;ZZ)Ljava/lang/Class; (466 bytes) @ 0x000001af71883094 [0x000001af718809a0+0x00000000000026f4]
J 1581 c1 org.eclipse.osgi.internal.loader.BundleLoader.findClass(Ljava/lang/String;)Ljava/lang/Class; (8 bytes) @ 0x000001af7188009c [0x000001af71880020+0x000000000000007c]
J 1584 c1 org.eclipse.osgi.internal.loader.ModuleClassLoader.loadClass(Ljava/lang/String;Z)Ljava/lang/Class; (36 bytes) @ 0x000001af71886e3c [0x000001af71886c20+0x000000000000021c]
J 786 c1 java.lang.ClassLoader.loadClass(Ljava/lang/String;)Ljava/lang/Class; java.base@17.0.4.1 (7 bytes) @ 0x000001af716e14bc [0x000001af716e13c0+0x00000000000000fc]
v  ~StubRoutines::call_stub
j  org.eclipse.jdt.internal.core.JavaModelManager.<init>()V+403
j  org.eclipse.jdt.internal.core.JavaModelManager.<clinit>()V+87
v  ~StubRoutines::call_stub
j  org.eclipse.jdt.core.JavaCore.start(Lorg/osgi/framework/BundleContext;)V+6
j  org.eclipse.osgi.internal.framework.BundleContextImpl$2.run()Ljava/lang/Void;+23
j  org.eclipse.osgi.internal.framework.BundleContextImpl$2.run()Ljava/lang/Object;+1
J 1204 c1 java.security.AccessController.executePrivileged(Ljava/security/PrivilegedExceptionAction;Ljava/security/AccessControlContext;Ljava/lang/Class;)Ljava/lang/Object; java.base@17.0.4.1 (65 bytes) @ 0x000001af717bc734 [0x000001af717bc5e0+0x0000000000000154]
j  java.security.AccessController.doPrivileged(Ljava/security/PrivilegedExceptionAction;)Ljava/lang/Object;+9 java.base@17.0.4.1
j  org.eclipse.osgi.internal.framework.BundleContextImpl.startActivator(Lorg/osgi/framework/BundleActivator;)V+9
j  org.eclipse.osgi.internal.framework.BundleContextImpl.start()V+134
j  org.eclipse.osgi.internal.framework.EquinoxBundle.startWorker0()V+35
j  org.eclipse.osgi.internal.framework.EquinoxBundle$EquinoxModule.startWorker()V+4
j  org.eclipse.osgi.container.Module.doStart([Lorg/eclipse/osgi/container/Module$StartOptions;)Lorg/eclipse/osgi/container/ModuleContainerAdaptor$ModuleEvent;+190
j  org.eclipse.osgi.container.Module.start([Lorg/eclipse/osgi/container/Module$StartOptions;)V+460
j  org.eclipse.osgi.framework.util.SecureAction.start(Lorg/eclipse/osgi/container/Module;[Lorg/eclipse/osgi/container/Module$StartOptions;)V+8
J 1653 c1 org.eclipse.osgi.internal.hooks.EclipseLazyStarter.postFindLocalClass(Ljava/lang/String;Ljava/lang/Class;Lorg/eclipse/osgi/internal/loader/classpath/ClasspathManager;)V (394 bytes) @ 0x000001af718ae55c [0x000001af718ad5e0+0x0000000000000f7c]
J 1752 c1 org.eclipse.osgi.internal.loader.classpath.ClasspathManager.findLocalClass(Ljava/lang/String;)Ljava/lang/Class; (210 bytes) @ 0x000001af718e6c54 [0x000001af718e5ca0+0x0000000000000fb4]
J 1651 c1 org.eclipse.osgi.internal.loader.BundleLoader.findLocalClass(Ljava/lang/String;)Ljava/lang/Class; (152 bytes) @ 0x000001af718ab5ec [0x000001af718aada0+0x000000000000084c]
j  org.eclipse.osgi.internal.loader.sources.SingleSourcePackage.loadClass(Ljava/lang/String;)Ljava/lang/Class;+5
J 1582 c1 org.eclipse.osgi.internal.loader.BundleLoader.findClass0(Ljava/lang/String;ZZ)Ljava/lang/Class; (466 bytes) @ 0x000001af71882f9c [0x000001af718809a0+0x00000000000025fc]
J 1581 c1 org.eclipse.osgi.internal.loader.BundleLoader.findClass(Ljava/lang/String;)Ljava/lang/Class; (8 bytes) @ 0x000001af7188009c [0x000001af71880020+0x000000000000007c]
J 1584 c1 org.eclipse.osgi.internal.loader.ModuleClassLoader.loadClass(Ljava/lang/String;Z)Ljava/lang/Class; (36 bytes) @ 0x000001af71886e3c [0x000001af71886c20+0x000000000000021c]
J 786 c1 java.lang.ClassLoader.loadClass(Ljava/lang/String;)Ljava/lang/Class; java.base@17.0.4.1 (7 bytes) @ 0x000001af716e14bc [0x000001af716e13c0+0x00000000000000fc]
v  ~StubRoutines::call_stub
j  java.lang.Class.getDeclaredConstructors0(Z)[Ljava/lang/reflect/Constructor;+0 java.base@17.0.4.1
j  java.lang.Class.privateGetDeclaredConstructors(Z)[Ljava/lang/reflect/Constructor;+52 java.base@17.0.4.1
j  java.lang.Class.getConstructor0([Ljava/lang/Class;I)Ljava/lang/reflect/Constructor;+14 java.base@17.0.4.1
j  java.lang.Class.getConstructor([Ljava/lang/Class;)Ljava/lang/reflect/Constructor;+24 java.base@17.0.4.1
j  org.eclipse.osgi.internal.framework.BundleContextImpl.loadBundleActivator()Lorg/osgi/framework/BundleActivator;+105
j  org.eclipse.osgi.internal.framework.BundleContextImpl.start()V+18
j  org.eclipse.osgi.internal.framework.EquinoxBundle.startWorker0()V+35
j  org.eclipse.osgi.internal.framework.EquinoxBundle$EquinoxModule.startWorker()V+4
j  org.eclipse.osgi.container.Module.doStart([Lorg/eclipse/osgi/container/Module$StartOptions;)Lorg/eclipse/osgi/container/ModuleContainerAdaptor$ModuleEvent;+190
j  org.eclipse.osgi.container.Module.start([Lorg/eclipse/osgi/container/Module$StartOptions;)V+460
j  org.eclipse.osgi.container.ModuleContainer$ContainerStartLevel$2.run()V+71
j  org.eclipse.osgi.internal.framework.EquinoxContainerAdaptor$1$1.execute(Ljava/lang/Runnable;)V+1
j  org.eclipse.osgi.container.ModuleContainer$ContainerStartLevel.incStartLevel(ILjava/util/List;Z)V+192
j  org.eclipse.osgi.container.ModuleContainer$ContainerStartLevel.incStartLevel(ILjava/util/List;Ljava/util/List;Ljava/util/List;Ljava/util/List;)V+19
j  org.eclipse.osgi.container.ModuleContainer$ContainerStartLevel.doContainerStartLevel(Lorg/eclipse/osgi/container/Module;I[Lorg/osgi/framework/FrameworkListener;)V+349
j  org.eclipse.osgi.container.ModuleContainer$ContainerStartLevel.dispatchEvent(Lorg/eclipse/osgi/container/Module;[Lorg/osgi/framework/FrameworkListener;ILjava/lang/Integer;)V+32
j  org.eclipse.osgi.container.ModuleContainer$ContainerStartLevel.dispatchEvent(Ljava/lang/Object;Ljava/lang/Object;ILjava/lang/Object;)V+15
j  org.eclipse.osgi.framework.eventmgr.EventManager.dispatchEvent(Ljava/util/Set;Lorg/eclipse/osgi/framework/eventmgr/EventDispatcher;ILjava/lang/Object;)V+48
j  org.eclipse.osgi.framework.eventmgr.EventManager$EventThread.run()V+26
v  ~StubRoutines::call_stub

---------------  P R O C E S S  ---------------

Threads class SMR info:
_java_thread_list=0x000001af0460bd40, length=20, elements={
0x000001af6e36cf40, 0x000001af021884f0, 0x000001af0218a560, 0x000001af0219e2f0,
0x000001af0219ebb0, 0x000001af0219fc10, 0x000001af021cd870, 0x000001af021d5610,
0x000001af021d6130, 0x000001af021db330, 0x000001af021cdd40, 0x000001af021ce210,
0x000001af021ce6e0, 0x000001af021cfa20, 0x000001af021cebb0, 0x000001af021cf080,
0x000001af021cc530, 0x000001af021cf550, 0x000001af021cced0, 0x000001af021cd3a0
}

Java Threads: ( => current thread )
  0x000001af6e36cf40 JavaThread "main" [_thread_blocked, id=3664, stack(0x00000072d4e00000,0x00000072d4f00000)]
  0x000001af021884f0 JavaThread "Reference Handler" daemon [_thread_blocked, id=8284, stack(0x00000072d5100000,0x00000072d5200000)]
  0x000001af0218a560 JavaThread "Finalizer" daemon [_thread_blocked, id=11876, stack(0x00000072d5200000,0x00000072d5300000)]
  0x000001af0219e2f0 JavaThread "Signal Dispatcher" daemon [_thread_blocked, id=11868, stack(0x00000072d5300000,0x00000072d5400000)]
  0x000001af0219ebb0 JavaThread "Attach Listener" daemon [_thread_blocked, id=11872, stack(0x00000072d5400000,0x00000072d5500000)]
  0x000001af0219fc10 JavaThread "Service Thread" daemon [_thread_blocked, id=10144, stack(0x00000072d5500000,0x00000072d5600000)]
  0x000001af021cd870 JavaThread "Monitor Deflation Thread" daemon [_thread_blocked, id=11496, stack(0x00000072d5600000,0x00000072d5700000)]
  0x000001af021d5610 JavaThread "C2 CompilerThread0" daemon [_thread_blocked, id=2172, stack(0x00000072d5700000,0x00000072d5800000)]
  0x000001af021d6130 JavaThread "C1 CompilerThread0" daemon [_thread_blocked, id=3300, stack(0x00000072d5800000,0x00000072d5900000)]
  0x000001af021db330 JavaThread "Sweeper thread" daemon [_thread_blocked, id=9616, stack(0x00000072d5900000,0x00000072d5a00000)]
  0x000001af021cdd40 JavaThread "Common-Cleaner" daemon [_thread_blocked, id=12008, stack(0x00000072d5a00000,0x00000072d5b00000)]
  0x000001af021ce210 JavaThread "Notification Thread" daemon [_thread_blocked, id=11816, stack(0x00000072d5b00000,0x00000072d5c00000)]
  0x000001af021ce6e0 JavaThread "Active Thread: Equinox Container: af2a6605-7b46-4bd7-b1b5-a38dcd765416" [_thread_blocked, id=12016, stack(0x00000072d6000000,0x00000072d6100000)]
  0x000001af021cfa20 JavaThread "Framework Event Dispatcher: Equinox Container: af2a6605-7b46-4bd7-b1b5-a38dcd765416" daemon [_thread_blocked, id=12068, stack(0x00000072d6100000,0x00000072d6200000)]
=>0x000001af021cebb0 JavaThread "Start Level: Equinox Container: af2a6605-7b46-4bd7-b1b5-a38dcd765416" daemon [_thread_in_vm, id=12072, stack(0x00000072d6200000,0x00000072d6300000)]
  0x000001af021cf080 JavaThread "SCR Component Actor" daemon [_thread_blocked, id=11948, stack(0x00000072d6300000,0x00000072d6400000)]
  0x000001af021cc530 JavaThread "SCR Component Registry" daemon [_thread_blocked, id=11952, stack(0x00000072d6400000,0x00000072d6500000)]
  0x000001af021cf550 JavaThread "Worker-JM" [_thread_blocked, id=9136, stack(0x00000072d6500000,0x00000072d6600000)]
  0x000001af021cced0 JavaThread "Worker-0" [_thread_blocked, id=5876, stack(0x00000072d6600000,0x00000072d6700000)]
  0x000001af021cd3a0 JavaThread "Worker-1" [_thread_blocked, id=8180, stack(0x00000072d6700000,0x00000072d6800000)]

Other Threads:
  0x000001af021727e0 VMThread "VM Thread" [stack: 0x00000072d5000000,0x00000072d5100000] [id=9460]
  0x000001af03e88d80 WatcherThread [stack: 0x00000072d5c00000,0x00000072d5d00000] [id=11852]
  0x000001af6e381b50 GCTaskThread "GC Thread#0" [stack: 0x00000072d4f00000,0x00000072d5000000] [id=9476]
  0x000001af04097970 GCTaskThread "GC Thread#1" [stack: 0x00000072d5d00000,0x00000072d5e00000] [id=11936]
  0x000001af043890a0 GCTaskThread "GC Thread#2" [stack: 0x00000072d5e00000,0x00000072d5f00000] [id=11956]
  0x000001af04389350 GCTaskThread "GC Thread#3" [stack: 0x00000072d5f00000,0x00000072d6000000] [id=11944]

Threads with active compile tasks:

VM state: not at safepoint (normal execution)

VM Mutex/Monitor currently owned by a thread:  ([mutex/lock_event])
[0x000001af6e365f30] Metaspace_lock - owner thread: 0x000001af021cebb0

Heap address: 0x00000000c0000000, size: 1024 MB, Compressed Oops mode: 32-bit

CDS archive(s) not mapped
Compressed class space mapped at: 0x0000000100000000-0x0000000140000000, reserved size: 1073741824
Narrow klass base: 0x0000000000000000, Narrow klass shift: 3, Narrow klass range: 0x140000000

GC Precious Log:
 CPUs: 4 total, 4 available
 Memory: 3858M
 Large Page Support: Disabled
 NUMA Support: Disabled
 Compressed Oops: Enabled (32-bit)
 Alignments: Space 512K, Generation 512K, Heap 2M
 Heap Min Capacity: 100M
 Heap Initial Capacity: 100M
 Heap Max Capacity: 1G
 Pre-touch: Disabled
 Parallel Workers: 4

Heap:
 PSYoungGen      total 29696K, used 14131K [0x00000000eab00000, 0x00000000ecc00000, 0x0000000100000000)
  eden space 25600K, 55% used [0x00000000eab00000,0x00000000eb8ccc60,0x00000000ec400000)
  from space 4096K, 0% used [0x00000000ec800000,0x00000000ec800000,0x00000000ecc00000)
  to   space 4096K, 0% used [0x00000000ec400000,0x00000000ec400000,0x00000000ec800000)
 ParOldGen       total 68608K, used 7077K [0x00000000c0000000, 0x00000000c4300000, 0x00000000eab00000)
  object space 68608K, 10% used [0x00000000c0000000,0x00000000c06e96b8,0x00000000c4300000)
 Metaspace       used 22050K, committed 22528K, reserved 1073152K
  class space    used 2217K, committed 2432K, reserved 1048576K

Card table byte_map: [0x000001af6dd20000,0x000001af6df30000] _byte_map_base: 0x000001af6d720000

Marking Bits: (ParMarkBitMap*) 0x00007ffafc552cc0
 Begin Bits: [0x000001af00000000, 0x000001af01000000)
 End Bits:   [0x000001af01000000, 0x000001af02000000)

Polling page: 0x000001af6c360000

Metaspace:

Usage:
  Non-class:     19.37 MB used.
      Class:      2.17 MB used.
       Both:     21.53 MB used.

Virtual space:
  Non-class space:       24.00 MB reserved,      19.62 MB ( 82%) committed,  3 nodes.
      Class space:        1.00 GB reserved,       2.38 MB ( <1%) committed,  1 nodes.
             Both:        1.02 GB reserved,      22.00 MB (  2%) committed. 

Chunk freelists:
   Non-Class:  3.73 MB
       Class:  1.66 MB
        Both:  5.39 MB

MaxMetaspaceSize: unlimited
CompressedClassSpaceSize: 1.00 GB
Initial GC threshold: 21.00 MB
Current GC threshold: 35.00 MB
CDS: off
MetaspaceReclaimPolicy: balanced
 - commit_granule_bytes: 65536.
 - commit_granule_words: 8192.
 - virtual_space_node_default_size: 1048576.
 - enlarge_chunks_in_place: 1.
 - new_chunks_are_fully_committed: 0.
 - uncommit_free_chunks: 1.
 - use_allocation_guard: 0.
 - handle_deallocations: 1.


Internal statistics:

num_allocs_failed_limit: 3.
num_arena_births: 166.
num_arena_deaths: 14.
num_vsnodes_births: 4.
num_vsnodes_deaths: 0.
num_space_committed: 352.
num_space_uncommitted: 0.
num_chunks_returned_to_freelist: 17.
num_chunks_taken_from_freelist: 681.
num_chunk_merges: 7.
num_chunk_splits: 458.
num_chunks_enlarged: 335.
num_purges: 2.
num_inconsistent_stats: 0.

CodeHeap 'non-profiled nmethods': size=120000Kb used=856Kb max_used=856Kb free=119143Kb
 bounds [0x000001af78ad0000, 0x000001af78d40000, 0x000001af80000000]
CodeHeap 'profiled nmethods': size=120000Kb used=4452Kb max_used=4452Kb free=115547Kb
 bounds [0x000001af715a0000, 0x000001af71a00000, 0x000001af78ad0000]
CodeHeap 'non-nmethods': size=5760Kb used=1196Kb max_used=1212Kb free=4563Kb
 bounds [0x000001af71000000, 0x000001af71270000, 0x000001af715a0000]
 total_blobs=2697 nmethods=2212 adapters=399
 compilation: enabled
              stopped_count=0, restarted_count=0
 full_count=0

Compilation events (20 events):
Event: 2.408 Thread 0x000001af021d6130 2204       3       java.util.regex.Pattern$CharPropertyGreedy::match (160 bytes)
Event: 2.409 Thread 0x000001af021d6130 nmethod 2204 0x000001af719f1b90 code [0x000001af719f1dc0, 0x000001af719f2788]
Event: 2.409 Thread 0x000001af021d6130 2206       3       org.objectweb.asm.SymbolTable::addConstantMemberReference (147 bytes)
Event: 2.410 Thread 0x000001af021d6130 nmethod 2206 0x000001af719f2a90 code [0x000001af719f2d00, 0x000001af719f35c8]
Event: 2.410 Thread 0x000001af021d6130 2205       3       org.objectweb.asm.MethodVisitor::visitVarInsn (17 bytes)
Event: 2.410 Thread 0x000001af021d6130 nmethod 2205 0x000001af719f3b10 code [0x000001af719f3cc0, 0x000001af719f3ec8]
Event: 2.410 Thread 0x000001af021d6130 2207       3       org.objectweb.asm.SymbolTable$Entry::<init> (17 bytes)
Event: 2.410 Thread 0x000001af021d6130 nmethod 2207 0x000001af719f3f90 code [0x000001af719f4140, 0x000001af719f42c8]
Event: 2.411 Thread 0x000001af021d6130 2209       3       org.objectweb.asm.SymbolTable::hash (7 bytes)
Event: 2.411 Thread 0x000001af021d6130 nmethod 2209 0x000001af719f4390 code [0x000001af719f4520, 0x000001af719f4618]
Event: 2.412 Thread 0x000001af021d6130 2210       3       java.util.regex.Matcher::reset (128 bytes)
Event: 2.412 Thread 0x000001af021d6130 nmethod 2210 0x000001af719f4690 code [0x000001af719f4880, 0x000001af719f4e68]
Event: 2.412 Thread 0x000001af021d6130 2211       3       org.objectweb.asm.MethodWriter::visitFieldInsn (258 bytes)
Event: 2.413 Thread 0x000001af021d6130 nmethod 2211 0x000001af719f5110 code [0x000001af719f5380, 0x000001af719f5f68]
Event: 2.413 Thread 0x000001af021d6130 2212       3       org.objectweb.asm.SymbolTable::addConstantFieldref (10 bytes)
Event: 2.413 Thread 0x000001af021d6130 nmethod 2212 0x000001af719f6390 code [0x000001af719f6520, 0x000001af719f6668]
Event: 2.415 Thread 0x000001af021d6130 2213       3       org.objectweb.asm.ClassReader::readConst (276 bytes)
Event: 2.416 Thread 0x000001af021d6130 nmethod 2213 0x000001af719f6710 code [0x000001af719f6b80, 0x000001af719f8718]
Event: 2.417 Thread 0x000001af021d5610 nmethod 2193 0x000001af78ba3d10 code [0x000001af78ba3ea0, 0x000001af78ba4538]
Event: 2.417 Thread 0x000001af021d5610 2195       4       org.objectweb.asm.SymbolTable::addConstantUtf8 (98 bytes)

GC Heap History (10 events):
Event: 0.876 GC heap before
{Heap before GC invocations=1 (full 0):
 PSYoungGen      total 29696K, used 25600K [0x00000000eab00000, 0x00000000ecc00000, 0x0000000100000000)
  eden space 25600K, 100% used [0x00000000eab00000,0x00000000ec400000,0x00000000ec400000)
  from space 4096K, 0% used [0x00000000ec800000,0x00000000ec800000,0x00000000ecc00000)
  to   space 4096K, 0% used [0x00000000ec400000,0x00000000ec400000,0x00000000ec800000)
 ParOldGen       total 68608K, used 0K [0x00000000c0000000, 0x00000000c4300000, 0x00000000eab00000)
  object space 68608K, 0% used [0x00000000c0000000,0x00000000c0000000,0x00000000c4300000)
 Metaspace       used 10850K, committed 11008K, reserved 1064960K
  class space    used 1089K, committed 1152K, reserved 1048576K
}
Event: 0.885 GC heap after
{Heap after GC invocations=1 (full 0):
 PSYoungGen      total 29696K, used 3240K [0x00000000eab00000, 0x00000000ecc00000, 0x0000000100000000)
  eden space 25600K, 0% used [0x00000000eab00000,0x00000000eab00000,0x00000000ec400000)
  from space 4096K, 79% used [0x00000000ec400000,0x00000000ec72a208,0x00000000ec800000)
  to   space 4096K, 0% used [0x00000000ec800000,0x00000000ec800000,0x00000000ecc00000)
 ParOldGen       total 68608K, used 0K [0x00000000c0000000, 0x00000000c4300000, 0x00000000eab00000)
  object space 68608K, 0% used [0x00000000c0000000,0x00000000c0000000,0x00000000c4300000)
 Metaspace       used 10850K, committed 11008K, reserved 1064960K
  class space    used 1089K, committed 1152K, reserved 1048576K
}
Event: 1.524 GC heap before
{Heap before GC invocations=2 (full 0):
 PSYoungGen      total 29696K, used 28840K [0x00000000eab00000, 0x00000000ecc00000, 0x0000000100000000)
  eden space 25600K, 100% used [0x00000000eab00000,0x00000000ec400000,0x00000000ec400000)
  from space 4096K, 79% used [0x00000000ec400000,0x00000000ec72a208,0x00000000ec800000)
  to   space 4096K, 0% used [0x00000000ec800000,0x00000000ec800000,0x00000000ecc00000)
 ParOldGen       total 68608K, used 0K [0x00000000c0000000, 0x00000000c4300000, 0x00000000eab00000)
  object space 68608K, 0% used [0x00000000c0000000,0x00000000c0000000,0x00000000c4300000)
 Metaspace       used 15204K, committed 15424K, reserved 1064960K
  class space    used 1555K, committed 1664K, reserved 1048576K
}
Event: 1.530 GC heap after
{Heap after GC invocations=2 (full 0):
 PSYoungGen      total 29696K, used 4078K [0x00000000eab00000, 0x00000000ecc00000, 0x0000000100000000)
  eden space 25600K, 0% used [0x00000000eab00000,0x00000000eab00000,0x00000000ec400000)
  from space 4096K, 99% used [0x00000000ec800000,0x00000000ecbfba58,0x00000000ecc00000)
  to   space 4096K, 0% used [0x00000000ec400000,0x00000000ec400000,0x00000000ec800000)
 ParOldGen       total 68608K, used 702K [0x00000000c0000000, 0x00000000c4300000, 0x00000000eab00000)
  object space 68608K, 1% used [0x00000000c0000000,0x00000000c00af820,0x00000000c4300000)
 Metaspace       used 15204K, committed 15424K, reserved 1064960K
  class space    used 1555K, committed 1664K, reserved 1048576K
}
Event: 2.183 GC heap before
{Heap before GC invocations=3 (full 0):
 PSYoungGen      total 29696K, used 29678K [0x00000000eab00000, 0x00000000ecc00000, 0x0000000100000000)
  eden space 25600K, 100% used [0x00000000eab00000,0x00000000ec400000,0x00000000ec400000)
  from space 4096K, 99% used [0x00000000ec800000,0x00000000ecbfba58,0x00000000ecc00000)
  to   space 4096K, 0% used [0x00000000ec400000,0x00000000ec400000,0x00000000ec800000)
 ParOldGen       total 68608K, used 702K [0x00000000c0000000, 0x00000000c4300000, 0x00000000eab00000)
  object space 68608K, 1% used [0x00000000c0000000,0x00000000c00af820,0x00000000c4300000)
 Metaspace       used 20193K, committed 20672K, reserved 1073152K
  class space    used 2061K, committed 2304K, reserved 1048576K
}
Event: 2.188 GC heap after
{Heap after GC invocations=3 (full 0):
 PSYoungGen      total 29696K, used 4072K [0x00000000eab00000, 0x00000000ecc00000, 0x0000000100000000)
  eden space 25600K, 0% used [0x00000000eab00000,0x00000000eab00000,0x00000000ec400000)
  from space 4096K, 99% used [0x00000000ec400000,0x00000000ec7fa080,0x00000000ec800000)
  to   space 4096K, 0% used [0x00000000ec800000,0x00000000ec800000,0x00000000ecc00000)
 ParOldGen       total 68608K, used 2966K [0x00000000c0000000, 0x00000000c4300000, 0x00000000eab00000)
  object space 68608K, 4% used [0x00000000c0000000,0x00000000c02e5b28,0x00000000c4300000)
 Metaspace       used 20193K, committed 20672K, reserved 1073152K
  class space    used 2061K, committed 2304K, reserved 1048576K
}
Event: 2.283 GC heap before
{Heap before GC invocations=4 (full 0):
 PSYoungGen      total 29696K, used 9179K [0x00000000eab00000, 0x00000000ecc00000, 0x0000000100000000)
  eden space 25600K, 19% used [0x00000000eab00000,0x00000000eaffcde8,0x00000000ec400000)
  from space 4096K, 99% used [0x00000000ec400000,0x00000000ec7fa080,0x00000000ec800000)
  to   space 4096K, 0% used [0x00000000ec800000,0x00000000ec800000,0x00000000ecc00000)
 ParOldGen       total 68608K, used 2966K [0x00000000c0000000, 0x00000000c4300000, 0x00000000eab00000)
  object space 68608K, 4% used [0x00000000c0000000,0x00000000c02e5b28,0x00000000c4300000)
 Metaspace       used 21030K, committed 21504K, reserved 1073152K
  class space    used 2144K, committed 2368K, reserved 1048576K
}
Event: 2.287 GC heap after
{Heap after GC invocations=4 (full 0):
 PSYoungGen      total 29696K, used 4082K [0x00000000eab00000, 0x00000000ecc00000, 0x0000000100000000)
  eden space 25600K, 0% used [0x00000000eab00000,0x00000000eab00000,0x00000000ec400000)
  from space 4096K, 99% used [0x00000000ec800000,0x00000000ecbfc860,0x00000000ecc00000)
  to   space 4096K, 0% used [0x00000000ec400000,0x00000000ec400000,0x00000000ec800000)
 ParOldGen       total 68608K, used 3094K [0x00000000c0000000, 0x00000000c4300000, 0x00000000eab00000)
  object space 68608K, 4% used [0x00000000c0000000,0x00000000c0305b28,0x00000000c4300000)
 Metaspace       used 21030K, committed 21504K, reserved 1073152K
  class space    used 2144K, committed 2368K, reserved 1048576K
}
Event: 2.287 GC heap before
{Heap before GC invocations=5 (full 1):
 PSYoungGen      total 29696K, used 4082K [0x00000000eab00000, 0x00000000ecc00000, 0x0000000100000000)
  eden space 25600K, 0% used [0x00000000eab00000,0x00000000eab00000,0x00000000ec400000)
  from space 4096K, 99% used [0x00000000ec800000,0x00000000ecbfc860,0x00000000ecc00000)
  to   space 4096K, 0% used [0x00000000ec400000,0x00000000ec400000,0x00000000ec800000)
 ParOldGen       total 68608K, used 3094K [0x00000000c0000000, 0x00000000c4300000, 0x00000000eab00000)
  object space 68608K, 4% used [0x00000000c0000000,0x00000000c0305b28,0x00000000c4300000)
 Metaspace       used 21030K, committed 21504K, reserved 1073152K
  class space    used 2144K, committed 2368K, reserved 1048576K
}
Event: 2.312 GC heap after
{Heap after GC invocations=5 (full 1):
 PSYoungGen      total 29696K, used 0K [0x00000000eab00000, 0x00000000ecc00000, 0x0000000100000000)
  eden space 25600K, 0% used [0x00000000eab00000,0x00000000eab00000,0x00000000ec400000)
  from space 4096K, 0% used [0x00000000ec800000,0x00000000ec800000,0x00000000ecc00000)
  to   space 4096K, 0% used [0x00000000ec400000,0x00000000ec400000,0x00000000ec800000)
 ParOldGen       total 68608K, used 7077K [0x00000000c0000000, 0x00000000c4300000, 0x00000000eab00000)
  object space 68608K, 10% used [0x00000000c0000000,0x00000000c06e96b8,0x00000000c4300000)
 Metaspace       used 21016K, committed 21504K, reserved 1073152K
  class space    used 2141K, committed 2368K, reserved 1048576K
}

Deoptimization events (20 events):
Event: 2.116 Thread 0x000001af021cebb0 Uncommon trap: trap_request=0xffffffc6 fr.pc=0x000001af78b78a80 relative=0x0000000000001a60
Event: 2.116 Thread 0x000001af021cebb0 Uncommon trap: reason=bimorphic_or_optimized_type_check action=maybe_recompile pc=0x000001af78b78a80 method=java.io.DataInputStream.readUnsignedShort()I @ 4 c2
Event: 2.116 Thread 0x000001af021cebb0 DEOPT PACKING pc=0x000001af78b78a80 sp=0x00000072d62f5050
Event: 2.116 Thread 0x000001af021cebb0 DEOPT UNPACKING pc=0x000001af71055923 sp=0x00000072d62f4fc8 mode 2
Event: 2.119 Thread 0x000001af021cebb0 Uncommon trap: trap_request=0xffffffc6 fr.pc=0x000001af78b78a80 relative=0x0000000000001a60
Event: 2.119 Thread 0x000001af021cebb0 Uncommon trap: reason=bimorphic_or_optimized_type_check action=maybe_recompile pc=0x000001af78b78a80 method=java.io.DataInputStream.readUnsignedShort()I @ 4 c2
Event: 2.119 Thread 0x000001af021cebb0 DEOPT PACKING pc=0x000001af78b78a80 sp=0x00000072d62f4d10
Event: 2.119 Thread 0x000001af021cebb0 DEOPT UNPACKING pc=0x000001af71055923 sp=0x00000072d62f4c88 mode 2
Event: 2.119 Thread 0x000001af021cebb0 Uncommon trap: trap_request=0xffffffc6 fr.pc=0x000001af78b78a80 relative=0x0000000000001a60
Event: 2.119 Thread 0x000001af021cebb0 Uncommon trap: reason=bimorphic_or_optimized_type_check action=maybe_recompile pc=0x000001af78b78a80 method=java.io.DataInputStream.readUnsignedShort()I @ 4 c2
Event: 2.119 Thread 0x000001af021cebb0 DEOPT PACKING pc=0x000001af78b78a80 sp=0x00000072d62f4c50
Event: 2.119 Thread 0x000001af021cebb0 DEOPT UNPACKING pc=0x000001af71055923 sp=0x00000072d62f4bc8 mode 2
Event: 2.119 Thread 0x000001af021cebb0 Uncommon trap: trap_request=0xffffffc6 fr.pc=0x000001af78b78a80 relative=0x0000000000001a60
Event: 2.119 Thread 0x000001af021cebb0 Uncommon trap: reason=bimorphic_or_optimized_type_check action=maybe_recompile pc=0x000001af78b78a80 method=java.io.DataInputStream.readUnsignedShort()I @ 4 c2
Event: 2.119 Thread 0x000001af021cebb0 DEOPT PACKING pc=0x000001af78b78a80 sp=0x00000072d62f4ba0
Event: 2.119 Thread 0x000001af021cebb0 DEOPT UNPACKING pc=0x000001af71055923 sp=0x00000072d62f4b18 mode 2
Event: 2.182 Thread 0x000001af021cebb0 Uncommon trap: trap_request=0xffffff45 fr.pc=0x000001af78b5aac0 relative=0x0000000000000040
Event: 2.182 Thread 0x000001af021cebb0 Uncommon trap: reason=unstable_if action=reinterpret pc=0x000001af78b5aac0 method=sun.nio.fs.WindowsPathParser.isSlash(C)Z @ 9 c2
Event: 2.182 Thread 0x000001af021cebb0 DEOPT PACKING pc=0x000001af78b5aac0 sp=0x00000072d62f4a30
Event: 2.182 Thread 0x000001af021cebb0 DEOPT UNPACKING pc=0x000001af71055923 sp=0x00000072d62f49b8 mode 2

Classes unloaded (7 events):
Event: 2.292 Thread 0x000001af021727e0 Unloading class 0x0000000100210800 'java/lang/invoke/LambdaForm$MH+0x0000000100210800'
Event: 2.292 Thread 0x000001af021727e0 Unloading class 0x0000000100210400 'java/lang/invoke/LambdaForm$MH+0x0000000100210400'
Event: 2.292 Thread 0x000001af021727e0 Unloading class 0x0000000100210000 'java/lang/invoke/LambdaForm$MH+0x0000000100210000'
Event: 2.292 Thread 0x000001af021727e0 Unloading class 0x000000010020fc00 'java/lang/invoke/LambdaForm$MH+0x000000010020fc00'
Event: 2.292 Thread 0x000001af021727e0 Unloading class 0x000000010020f400 'java/lang/invoke/LambdaForm$BMH+0x000000010020f400'
Event: 2.292 Thread 0x000001af021727e0 Unloading class 0x000000010020f000 'java/lang/invoke/LambdaForm$DMH+0x000000010020f000'
Event: 2.292 Thread 0x000001af021727e0 Unloading class 0x000000010020c400 'java/lang/invoke/LambdaForm$DMH+0x000000010020c400'

Classes redefined (0 events):
No events

Internal exceptions (20 events):
Event: 1.196 Thread 0x000001af6e36cf40 Exception <a 'java/lang/NoSuchMethodError'{0x00000000eb636558}: 'java.lang.Object java.lang.invoke.DirectMethodHandle$Holder.newInvokeSpecial(java.lang.Object, int, java.lang.Object)'> (0x00000000eb636558) 
thrown [s\src\hotspot\share\interpreter\linkResolver.cpp, line 759]
Event: 1.334 Thread 0x000001af6e36cf40 Exception <a 'java/lang/UnsatisfiedLinkError'{0x00000000ebb63268}: 'void org.eclipse.equinox.launcher.JNIBridge._update_splash()'> (0x00000000ebb63268) 
thrown [s\src\hotspot\share\prims\nativeLookup.cpp, line 543]
Event: 1.405 Thread 0x000001af021cebb0 Exception <a 'java/lang/NoSuchMethodError'{0x00000000ebe22478}: 'java.lang.Object java.lang.invoke.DirectMethodHandle$Holder.invokeStaticInit(java.lang.Object)'> (0x00000000ebe22478) 
thrown [s\src\hotspot\share\interpreter\linkResolver.cpp, line 759]
Event: 1.670 Thread 0x000001af021cebb0 Exception <a 'java/io/FileNotFoundException'{0x00000000eb116828}> (0x00000000eb116828) 
thrown [s\src\hotspot\share\prims\jni.cpp, line 516]
Event: 1.681 Thread 0x000001af021cebb0 Exception <a 'java/lang/NullPointerException'{0x00000000eb167df8}> (0x00000000eb167df8) 
thrown [s\src\hotspot\share\interpreter\linkResolver.cpp, line 1350]
Event: 1.681 Thread 0x000001af021cebb0 Exception <a 'java/lang/NullPointerException'{0x00000000eb168620}> (0x00000000eb168620) 
thrown [s\src\hotspot\share\interpreter\linkResolver.cpp, line 1350]
Event: 1.926 Thread 0x000001af021cebb0 Exception <a 'java/lang/NoSuchMethodError'{0x00000000eb936570}: 'void java.lang.invoke.DirectMethodHandle$Holder.invokeInterface(java.lang.Object, java.lang.Object, java.lang.Object)'> (0x00000000eb936570) 
thrown [s\src\hotspot\share\interpreter\linkResolver.cpp, line 759]
Event: 2.001 Thread 0x000001af021cebb0 Exception <a 'java/lang/NoSuchMethodError'{0x00000000ebc5a2a0}: 'java.lang.Object java.lang.invoke.Invokers$Holder.invokeExact_MT(java.lang.Object, java.lang.Object, java.lang.Object, java.lang.Object, java.lang.Object, java.lang.Object)'> (0x00000000ebc5a2a0) 
thrown [s\src\hotspot\share\interpreter\linkResolver.cpp, line 759]
Event: 2.018 Thread 0x000001af021cebb0 Exception <a 'java/lang/NoSuchMethodError'{0x00000000ebd442f8}: 'java.lang.Object java.lang.invoke.DirectMethodHandle$Holder.invokeStatic(java.lang.Object, java.lang.Object, int)'> (0x00000000ebd442f8) 
thrown [s\src\hotspot\share\interpreter\linkResolver.cpp, line 759]
Event: 2.019 Thread 0x000001af021cebb0 Exception <a 'java/lang/NoSuchMethodError'{0x00000000ebd49150}: 'void java.lang.invoke.DirectMethodHandle$Holder.invokeStatic(java.lang.Object, java.lang.Object, int, java.lang.Object)'> (0x00000000ebd49150) 
thrown [s\src\hotspot\share\interpreter\linkResolver.cpp, line 759]
Event: 2.019 Thread 0x000001af021cebb0 Exception <a 'java/lang/NoSuchMethodError'{0x00000000ebd50b28}: 'void java.lang.invoke.DelegatingMethodHandle$Holder.delegate(java.lang.Object, java.lang.Object, int, java.lang.Object)'> (0x00000000ebd50b28) 
thrown [s\src\hotspot\share\interpreter\linkResolver.cpp, line 759]
Event: 2.020 Thread 0x000001af021cebb0 Exception <a 'java/lang/NoSuchMethodError'{0x00000000ebd551b8}: 'int java.lang.invoke.DirectMethodHandle$Holder.invokeSpecial(java.lang.Object, java.lang.Object, java.lang.Object)'> (0x00000000ebd551b8) 
thrown [s\src\hotspot\share\interpreter\linkResolver.cpp, line 759]
Event: 2.022 Thread 0x000001af021cebb0 Exception <a 'java/lang/NoSuchMethodError'{0x00000000ebd667c8}: 'int java.lang.invoke.DirectMethodHandle$Holder.invokeStatic(java.lang.Object, java.lang.Object, int)'> (0x00000000ebd667c8) 
thrown [s\src\hotspot\share\interpreter\linkResolver.cpp, line 759]
Event: 2.023 Thread 0x000001af021cebb0 Exception <a 'java/lang/NoSuchMethodError'{0x00000000ebd6ad28}: 'int java.lang.invoke.DirectMethodHandle$Holder.invokeSpecial(java.lang.Object, java.lang.Object, java.lang.Object, int)'> (0x00000000ebd6ad28) 
thrown [s\src\hotspot\share\interpreter\linkResolver.cpp, line 759]
Event: 2.025 Thread 0x000001af021cebb0 Exception <a 'java/lang/NoSuchMethodError'{0x00000000ebd867c8}: 'java.lang.Object java.lang.invoke.DirectMethodHandle$Holder.invokeStatic(java.lang.Object, java.lang.Object, java.lang.Object, java.lang.Object, int)'> (0x00000000ebd867c8) 
thrown [s\src\hotspot\share\interpreter\linkResolver.cpp, line 759]
Event: 2.026 Thread 0x000001af021cebb0 Exception <a 'java/lang/NoSuchMethodError'{0x00000000ebd927c0}: 'java.lang.Object java.lang.invoke.DelegatingMethodHandle$Holder.reinvoke_L(java.lang.Object, java.lang.Object, java.lang.Object, java.lang.Object, int, int)'> (0x00000000ebd927c0) 
thrown [s\src\hotspot\share\interpreter\linkResolver.cpp, line 759]
Event: 2.029 Thread 0x000001af021cebb0 Exception <a 'java/lang/NoSuchMethodError'{0x00000000ebdaa9b0}: 'java.lang.Object java.lang.invoke.Invokers$Holder.invokeExact_MT(java.lang.Object, java.lang.Object, java.lang.Object, java.lang.Object)'> (0x00000000ebdaa9b0) 
thrown [s\src\hotspot\share\interpreter\linkResolver.cpp, line 759]
Event: 2.240 Thread 0x000001af021cebb0 Exception <a 'java/lang/NoSuchMethodError'{0x00000000ead47e08}: 'int java.lang.invoke.DirectMethodHandle$Holder.invokeStaticInit(java.lang.Object, java.lang.Object, java.lang.Object)'> (0x00000000ead47e08) 
thrown [s\src\hotspot\share\interpreter\linkResolver.cpp, line 759]
Event: 2.249 Thread 0x000001af021cebb0 Exception <a 'java/lang/IncompatibleClassChangeError'{0x00000000eadae8a0}: Found class java.lang.Object, but interface was expected> (0x00000000eadae8a0) 
thrown [s\src\hotspot\share\interpreter\linkResolver.cpp, line 826]
Event: 2.276 Thread 0x000001af021cced0 Exception <a 'java/io/FileNotFoundException'{0x00000000ead1e050}> (0x00000000ead1e050) 
thrown [s\src\hotspot\share\prims\jni.cpp, line 516]

VM Operations (20 events):
Event: 1.190 Executing VM operation: HandshakeAllThreads
Event: 1.191 Executing VM operation: HandshakeAllThreads done
Event: 1.424 Executing VM operation: HandshakeAllThreads
Event: 1.424 Executing VM operation: HandshakeAllThreads done
Event: 1.524 Executing VM operation: ParallelGCFailedAllocation
Event: 1.530 Executing VM operation: ParallelGCFailedAllocation done
Event: 1.819 Executing VM operation: HandshakeAllThreads
Event: 1.819 Executing VM operation: HandshakeAllThreads done
Event: 1.894 Executing VM operation: HandshakeAllThreads
Event: 1.894 Executing VM operation: HandshakeAllThreads done
Event: 1.897 Executing VM operation: HandshakeAllThreads
Event: 1.897 Executing VM operation: HandshakeAllThreads done
Event: 2.017 Executing VM operation: HandshakeAllThreads
Event: 2.017 Executing VM operation: HandshakeAllThreads done
Event: 2.183 Executing VM operation: ParallelGCFailedAllocation
Event: 2.188 Executing VM operation: ParallelGCFailedAllocation done
Event: 2.267 Executing VM operation: HandshakeAllThreads
Event: 2.267 Executing VM operation: HandshakeAllThreads done
Event: 2.283 Executing VM operation: CollectForMetadataAllocation
Event: 2.316 Executing VM operation: CollectForMetadataAllocation done

Events (20 events):
Event: 2.313 loading class java/util/zip/DeflaterOutputStream done
Event: 2.313 loading class java/util/zip/GZIPOutputStream done
Event: 2.321 loading class java/io/StringReader
Event: 2.321 loading class java/io/StringReader done
Event: 2.335 loading class java/util/zip/GZIPInputStream
Event: 2.335 loading class java/util/zip/GZIPInputStream done
Event: 2.338 loading class java/net/SocketTimeoutException
Event: 2.338 loading class java/io/InterruptedIOException
Event: 2.338 loading class java/io/InterruptedIOException done
Event: 2.338 loading class java/net/SocketTimeoutException done
Event: 2.338 loading class java/net/SocketException
Event: 2.339 loading class java/net/SocketException done
Event: 2.339 loading class java/net/UnknownHostException
Event: 2.339 loading class java/net/UnknownHostException done
Event: 2.339 loading class java/net/ProtocolException
Event: 2.339 loading class java/net/ProtocolException done
Event: 2.361 loading class java/lang/NegativeArraySizeException
Event: 2.361 loading class java/lang/NegativeArraySizeException done
Event: 2.361 loading class java/io/FileWriter
Event: 2.361 loading class java/io/FileWriter done


Dynamic libraries:
0x00007ff652aa0000 - 0x00007ff652aae000 	c:\Users\se\.vscode\extensions\redhat.java-1.12.0-win32-x64\jre\17.0.4.1-win32-x86_64\bin\java.exe
0x00007ffb58e80000 - 0x00007ffb59089000 	C:\WINDOWS\SYSTEM32\ntdll.dll
0x00007ffb57910000 - 0x00007ffb579cd000 	C:\WINDOWS\System32\KERNEL32.DLL
0x00007ffb568e0000 - 0x00007ffb56c5b000 	C:\WINDOWS\System32\KERNELBASE.dll
0x00007ffb563f0000 - 0x00007ffb56501000 	C:\WINDOWS\System32\ucrtbase.dll
0x00007ffb14dc0000 - 0x00007ffb14dd8000 	c:\Users\se\.vscode\extensions\redhat.java-1.12.0-win32-x64\jre\17.0.4.1-win32-x86_64\bin\jli.dll
0x00007ffb14da0000 - 0x00007ffb14db9000 	c:\Users\se\.vscode\extensions\redhat.java-1.12.0-win32-x64\jre\17.0.4.1-win32-x86_64\bin\VCRUNTIME140.dll
0x00007ffb58b00000 - 0x00007ffb58cad000 	C:\WINDOWS\System32\USER32.dll
0x00007ffb563c0000 - 0x00007ffb563e6000 	C:\WINDOWS\System32\win32u.dll
0x00007ffb35530000 - 0x00007ffb357d5000 	C:\WINDOWS\WinSxS\amd64_microsoft.windows.common-controls_6595b64144ccf1df_6.0.22000.120_none_9d947278b86cc467\COMCTL32.dll
0x00007ffb57b60000 - 0x00007ffb57b89000 	C:\WINDOWS\System32\GDI32.dll
0x00007ffb58a50000 - 0x00007ffb58af3000 	C:\WINDOWS\System32\msvcrt.dll
0x00007ffb56510000 - 0x00007ffb56628000 	C:\WINDOWS\System32\gdi32full.dll
0x00007ffb56c60000 - 0x00007ffb56cfd000 	C:\WINDOWS\System32\msvcp_win.dll
0x00007ffb57b20000 - 0x00007ffb57b51000 	C:\WINDOWS\System32\IMM32.DLL
0x00007ffb14d90000 - 0x00007ffb14d9c000 	c:\Users\se\.vscode\extensions\redhat.java-1.12.0-win32-x64\jre\17.0.4.1-win32-x86_64\bin\vcruntime140_1.dll
0x00007ffb14cf0000 - 0x00007ffb14d81000 	c:\Users\se\.vscode\extensions\redhat.java-1.12.0-win32-x64\jre\17.0.4.1-win32-x86_64\bin\msvcp140.dll
0x00007ffafb9d0000 - 0x00007ffafc616000 	c:\Users\se\.vscode\extensions\redhat.java-1.12.0-win32-x64\jre\17.0.4.1-win32-x86_64\bin\server\jvm.dll
0x00007ffb56d00000 - 0x00007ffb56dae000 	C:\WINDOWS\System32\ADVAPI32.dll
0x00007ffb57a50000 - 0x00007ffb57aee000 	C:\WINDOWS\System32\sechost.dll
0x00007ffb58cb0000 - 0x00007ffb58dd0000 	C:\WINDOWS\System32\RPCRT4.dll
0x00007ffb57af0000 - 0x00007ffb57af8000 	C:\WINDOWS\System32\PSAPI.DLL
0x00007ffb52b50000 - 0x00007ffb52b83000 	C:\WINDOWS\SYSTEM32\WINMM.dll
0x00007ffb14ce0000 - 0x00007ffb14ce9000 	C:\WINDOWS\SYSTEM32\WSOCK32.dll
0x00007ffb579e0000 - 0x00007ffb57a4f000 	C:\WINDOWS\System32\WS2_32.dll
0x00007ffb52650000 - 0x00007ffb5265a000 	C:\WINDOWS\SYSTEM32\VERSION.dll
0x00007ffb553d0000 - 0x00007ffb553e8000 	C:\WINDOWS\SYSTEM32\kernel.appcore.dll
0x00007ffb14cd0000 - 0x00007ffb14cda000 	c:\Users\se\.vscode\extensions\redhat.java-1.12.0-win32-x64\jre\17.0.4.1-win32-x86_64\bin\jimage.dll
0x00007ffb4e5d0000 - 0x00007ffb4e7f1000 	C:\WINDOWS\SYSTEM32\DBGHELP.DLL
0x00007ffb38680000 - 0x00007ffb386b1000 	C:\WINDOWS\SYSTEM32\dbgcore.DLL
0x00007ffb56630000 - 0x00007ffb566af000 	C:\WINDOWS\System32\bcryptPrimitives.dll
0x00007ffb14cc0000 - 0x00007ffb14cce000 	c:\Users\se\.vscode\extensions\redhat.java-1.12.0-win32-x64\jre\17.0.4.1-win32-x86_64\bin\instrument.dll
0x00007ffb14c90000 - 0x00007ffb14cb5000 	c:\Users\se\.vscode\extensions\redhat.java-1.12.0-win32-x64\jre\17.0.4.1-win32-x86_64\bin\java.dll
0x00007ffb14c70000 - 0x00007ffb14c88000 	c:\Users\se\.vscode\extensions\redhat.java-1.12.0-win32-x64\jre\17.0.4.1-win32-x86_64\bin\zip.dll
0x00007ffb56dd0000 - 0x00007ffb57588000 	C:\WINDOWS\System32\SHELL32.dll
0x00007ffb54440000 - 0x00007ffb54ca5000 	C:\WINDOWS\SYSTEM32\windows.storage.dll
0x00007ffb57590000 - 0x00007ffb57907000 	C:\WINDOWS\System32\combase.dll
0x00007ffb542d0000 - 0x00007ffb54436000 	C:\WINDOWS\SYSTEM32\wintypes.dll
0x00007ffb57d00000 - 0x00007ffb57dea000 	C:\WINDOWS\System32\SHCORE.dll
0x00007ffb58340000 - 0x00007ffb5839d000 	C:\WINDOWS\System32\shlwapi.dll
0x00007ffb56280000 - 0x00007ffb562a1000 	C:\WINDOWS\SYSTEM32\profapi.dll
0x00007ffb14c50000 - 0x00007ffb14c69000 	C:\Users\se\.vscode\extensions\redhat.java-1.12.0-win32-x64\jre\17.0.4.1-win32-x86_64\bin\net.dll
0x00007ffb52540000 - 0x00007ffb5264c000 	C:\WINDOWS\SYSTEM32\WINHTTP.dll
0x00007ffb55870000 - 0x00007ffb558d7000 	C:\WINDOWS\system32\mswsock.dll
0x00007ffb14c30000 - 0x00007ffb14c45000 	C:\Users\se\.vscode\extensions\redhat.java-1.12.0-win32-x64\jre\17.0.4.1-win32-x86_64\bin\nio.dll
0x00007ffb14c20000 - 0x00007ffb14c30000 	c:\Users\se\.vscode\extensions\redhat.java-1.12.0-win32-x64\jre\17.0.4.1-win32-x86_64\bin\verify.dll
0x00007ffb14650000 - 0x00007ffb1468e000 	C:\Users\se\AppData\Roaming\Code\User\globalStorage\redhat.java\1.12.0\config_ss_win\org.eclipse.equinox.launcher\org.eclipse.equinox.launcher.win32.win32.x86_64_1.2.600.v20220720-1916\eclipse_11700.dll
0x00007ffb58520000 - 0x00007ffb586ba000 	C:\WINDOWS\System32\ole32.dll

dbghelp: loaded successfully - version: 4.0.5 - missing functions: none
symbol engine: initialized successfully - sym options: 0x614 - pdb path: .;c:\Users\se\.vscode\extensions\redhat.java-1.12.0-win32-x64\jre\17.0.4.1-win32-x86_64\bin;C:\WINDOWS\SYSTEM32;C:\WINDOWS\WinSxS\amd64_microsoft.windows.common-controls_6595b64144ccf1df_6.0.22000.120_none_9d947278b86cc467;c:\Users\se\.vscode\extensions\redhat.java-1.12.0-win32-x64\jre\17.0.4.1-win32-x86_64\bin\server;C:\Users\se\AppData\Roaming\Code\User\globalStorage\redhat.java\1.12.0\config_ss_win\org.eclipse.equinox.launcher\org.eclipse.equinox.launcher.win32.win32.x86_64_1.2.600.v20220720-1916

VM Arguments:
jvm_args: --add-modules=ALL-SYSTEM --add-opens=java.base/java.util=ALL-UNNAMED --add-opens=java.base/java.lang=ALL-UNNAMED --add-opens=java.base/sun.nio.fs=ALL-UNNAMED -Declipse.application=org.eclipse.jdt.ls.core.id1 -Dosgi.bundles.defaultStartLevel=4 -Declipse.product=org.eclipse.jdt.ls.core.product -Djava.import.generatesMetadataFilesAtProjectRoot=false -Dfile.encoding=utf8 -XX:+UseParallelGC -XX:GCTimeRatio=4 -XX:AdaptiveSizePolicyWeight=90 -Dsun.zip.disableMemoryMapping=true -Xmx1G -Xms100m -Xlog:disable -javaagent:c:\Users\se\.vscode\extensions\redhat.java-1.12.0-win32-x64\lombok\lombok-1.18.24.jar 
java_command: c:\Users\se\.vscode\extensions\redhat.java-1.12.0-win32-x64\server\plugins\org.eclipse.equinox.launcher_1.6.400.v20210924-0641.jar -configuration c:\Users\se\AppData\Roaming\Code\User\globalStorage\redhat.java\1.12.0\config_ss_win -data c:\Users\se\AppData\Roaming\Code\User\workspaceStorage\85ccc1e8541c9c61dbb81f5c14fcce68\redhat.java\ss_ws
java_class_path (initial): c:\Users\se\.vscode\extensions\redhat.java-1.12.0-win32-x64\server\plugins\org.eclipse.equinox.launcher_1.6.400.v20210924-0641.jar
Launcher Type: SUN_STANDARD

[Global flags]
    uintx AdaptiveSizePolicyWeight                 = 90                                        {product} {command line}
     intx CICompilerCount                          = 3                                         {product} {ergonomic}
    uintx GCTimeRatio                              = 4                                         {product} {command line}
   size_t InitialHeapSize                          = 104857600                                 {product} {command line}
   size_t MaxHeapSize                              = 1073741824                                {product} {command line}
   size_t MaxNewSize                               = 357564416                                 {product} {ergonomic}
   size_t MinHeapDeltaBytes                        = 524288                                    {product} {ergonomic}
   size_t MinHeapSize                              = 104857600                                 {product} {command line}
   size_t NewSize                                  = 34603008                                  {product} {ergonomic}
    uintx NonNMethodCodeHeapSize                   = 5832780                                {pd product} {ergonomic}
    uintx NonProfiledCodeHeapSize                  = 122912730                              {pd product} {ergonomic}
   size_t OldSize                                  = 70254592                                  {product} {ergonomic}
    uintx ProfiledCodeHeapSize                     = 122912730                              {pd product} {ergonomic}
    uintx ReservedCodeCacheSize                    = 251658240                              {pd product} {ergonomic}
     bool SegmentedCodeCache                       = true                                      {product} {ergonomic}
   size_t SoftMaxHeapSize                          = 1073741824                             {manageable} {ergonomic}
     bool UseCompressedClassPointers               = true                           {product lp64_product} {ergonomic}
     bool UseCompressedOops                        = true                           {product lp64_product} {ergonomic}
     bool UseLargePagesIndividualAllocation        = false                                  {pd product} {ergonomic}
     bool UseParallelGC                            = true                                      {product} {command line}

Logging:
Log output configuration:
 #0: stdout all=off uptime,level,tags
 #1: stderr all=off uptime,level,tags

Environment Variables:
PATH=C:\Program Files\Common Files\Oracle\Java\javapath;C:\Program Files (x86)\Common Files\Intel\Shared Libraries\redist\intel64\compiler;C:\WINDOWS\system32;C:\WINDOWS;C:\WINDOWS\System32\Wbem;C:\WINDOWS\System32\WindowsPowerShell\v1.0\;C:\WINDOWS\System32\OpenSSH\;C:\MinGW\bin;C:\Program Files (x86)\MGLTools-1.5.7;C:\MinGW\bin;C:\Program Files\Java\jdk-18.0.2.1\bin;C:\Program Files\dotnet\;C:\Users\se\AppData\Local\Microsoft\WindowsApps;E:\New folder\MinGW\bin;C:\Users\se\AppData\Local\Programs\Microsoft VS Code\bin
USERNAME=se
OS=Windows_NT
PROCESSOR_IDENTIFIER=Intel64 Family 6 Model 126 Stepping 5, GenuineIntel
TMP=C:\Users\se\AppData\Local\Temp
TEMP=C:\Users\se\AppData\Local\Temp



---------------  S Y S T E M  ---------------

OS:
 Windows 11 , 64 bit Build 22000 (10.0.22000.708)
OS uptime: 0 days 0:07 hours

CPU: total 4 (initial active 4) (2 cores per cpu, 2 threads per core) family 6 model 126 stepping 5 microcode 0xa6, cx8, cmov, fxsr, ht, mmx, 3dnowpref, sse, sse2, sse3, ssse3, sse4.1, sse4.2, popcnt, lzcnt, tsc, tscinvbit, avx, avx2, aes, erms, clmul, bmi1, bmi2, adx, avx512f, avx512dq, avx512cd, avx512bw, avx512vl, sha, fma, vzeroupper, avx512_vpopcntdq, avx512_vpclmulqdq, avx512_vaes, avx512_vnni, clflush, clflushopt, avx512_vbmi2, avx512_vbmi

Memory: 4k page, system-wide physical 3858M (318M free)
TotalPageFile size 3858M (AvailPageFile size 3M)
current process WorkingSet (physical memory assigned to process): 109M, peak: 109M
current process commit charge ("private bytes"): 204M, peak: 204M

vm_info: OpenJDK 64-Bit Server VM (17.0.4.1+1) for windows-amd64 JRE (17.0.4.1+1), built on Aug 17 2022 07:42:43 by "temurin" with MS VC++ 16.7 (VS2019)

END.
