#
# There is insufficient memory for the Java Runtime Environment to continue.
# Native memory allocation (mmap) failed to map 65536 bytes for Failed to commit metaspace.
# Possible reasons:
#   The system is out of physical RAM or swap space
#   The process is running with CompressedOops enabled, and the Java Heap may be blocking the growth of the native heap
# Possible solutions:
#   Reduce memory load on the system
#   Increase physical memory or swap space
#   Check if swap backing store is full
#   Decrease Java heap size (-Xmx/-Xms)
#   Decrease number of Java threads
#   Decrease Java thread stack sizes (-Xss)
#   Set larger code cache with -XX:ReservedCodeCacheSize=
#   JVM is running with Unscaled Compressed Oops mode in which the Java heap is
#     placed in the first 4GB address space. The Java Heap base address is the
#     maximum limit for the native heap growth. Please use -XX:HeapBaseMinAddress
#     to set the Java Heap base and to place the Java Heap above 4GB virtual address.
# This output file may be truncated or incomplete.
#
#  Out of Memory Error (virtualSpaceNode.cpp:110), pid=2328, tid=2588
#
# JRE version: OpenJDK Runtime Environment Temurin-17.0.4.1+1 (17.0.4.1+1) (build 17.0.4.1+1)
# Java VM: OpenJDK 64-Bit Server VM Temurin-17.0.4.1+1 (17.0.4.1+1, mixed mode, tiered, compressed oops, compressed class ptrs, parallel gc, windows-amd64)
# No core dump will be written. Minidumps are not enabled by default on client versions of Windows
#

---------------  S U M M A R Y ------------

Command Line: --add-modules=ALL-SYSTEM --add-opens=java.base/java.util=ALL-UNNAMED --add-opens=java.base/java.lang=ALL-UNNAMED --add-opens=java.base/sun.nio.fs=ALL-UNNAMED -Declipse.application=org.eclipse.jdt.ls.core.id1 -Dosgi.bundles.defaultStartLevel=4 -Declipse.product=org.eclipse.jdt.ls.core.product -Djava.import.generatesMetadataFilesAtProjectRoot=false -Dfile.encoding=utf8 -XX:+UseParallelGC -XX:GCTimeRatio=4 -XX:AdaptiveSizePolicyWeight=90 -Dsun.zip.disableMemoryMapping=true -Xmx1G -Xms100m -Xlog:disable -javaagent:c:\Users\se\.vscode\extensions\redhat.java-1.12.0-win32-x64\lombok\lombok-1.18.24.jar c:\Users\se\.vscode\extensions\redhat.java-1.12.0-win32-x64\server\plugins\org.eclipse.equinox.launcher_1.6.400.v20210924-0641.jar -configuration c:\Users\se\AppData\Roaming\Code\User\globalStorage\redhat.java\1.12.0\config_ss_win -data c:\Users\se\AppData\Roaming\Code\User\workspaceStorage\042ae597b835ad676826bf5aba2120d6\redhat.java\ss_ws

Host: Intel(R) Core(TM) i3-1005G1 CPU @ 1.20GHz, 4 cores, 3G,  Windows 11 , 64 bit Build 22000 (10.0.22000.708)
Time: Sun Dec 25 13:21:13 2022 India Standard Time elapsed time: 39.489724 seconds (0d 0h 0m 39s)

---------------  T H R E A D  ---------------

Current thread (0x0000021b2a76c6b0):  JavaThread "Start Level: Equinox Container: 3a136204-c943-4575-99ec-37fafc531463" daemon [_thread_in_vm, id=2588, stack(0x00000027c6f00000,0x00000027c7000000)]

Stack: [0x00000027c6f00000,0x00000027c7000000]
Native frames: (J=compiled Java code, j=interpreted, Vv=VM code, C=native code)
V  [jvm.dll+0x67731a]
V  [jvm.dll+0x832284]
V  [jvm.dll+0x833a2e]
V  [jvm.dll+0x834093]
V  [jvm.dll+0x245775]
V  [jvm.dll+0x82e22b]
V  [jvm.dll+0x61bdf6]
V  [jvm.dll+0x1c07be]
V  [jvm.dll+0x61e741]
V  [jvm.dll+0x61c796]
V  [jvm.dll+0x239e0f]
V  [jvm.dll+0x6265a5]
V  [jvm.dll+0x1ea5db]
V  [jvm.dll+0x1eab15]
V  [jvm.dll+0x1eb54f]
V  [jvm.dll+0x1e09f1]
V  [jvm.dll+0x53c910]
V  [jvm.dll+0x7ad138]
V  [jvm.dll+0x7ad224]
V  [jvm.dll+0x40ccd5]
V  [jvm.dll+0x412ec8]
C  [java.dll+0x17ec]

Java frames: (J=compiled Java code, j=interpreted, Vv=VM code)
J 1061  java.lang.ClassLoader.defineClass1(Ljava/lang/ClassLoader;Ljava/lang/String;[BIILjava/security/ProtectionDomain;Ljava/lang/String;)Ljava/lang/Class; java.base@17.0.4.1 (0 bytes) @ 0x0000021b1f66405b [0x0000021b1f663fa0+0x00000000000000bb]
J 1643 c1 java.lang.ClassLoader.defineClass(Ljava/lang/String;[BIILjava/security/ProtectionDomain;)Ljava/lang/Class; java.base@17.0.4.1 (43 bytes) @ 0x0000021b183be754 [0x0000021b183be400+0x0000000000000354]
J 2017 c1 org.eclipse.osgi.internal.loader.ModuleClassLoader.defineClass(Ljava/lang/String;[BLorg/eclipse/osgi/internal/loader/classpath/ClasspathEntry;)Lorg/eclipse/osgi/internal/loader/ModuleClassLoader$DefineClassResult; (138 bytes) @ 0x0000021b184ad29c [0x0000021b184ad040+0x000000000000025c]
J 1906 c1 org.eclipse.osgi.internal.loader.classpath.ClasspathManager.defineClass(Ljava/lang/String;[BLorg/eclipse/osgi/internal/loader/classpath/ClasspathEntry;Lorg/eclipse/osgi/storage/bundlefile/BundleEntry;Ljava/util/List;)Ljava/lang/Class; (636 bytes) @ 0x0000021b184616b4 [0x0000021b1845fce0+0x00000000000019d4]
J 1904 c1 org.eclipse.osgi.internal.loader.classpath.ClasspathManager.findClassImpl(Ljava/lang/String;Lorg/eclipse/osgi/internal/loader/classpath/ClasspathEntry;Ljava/util/List;)Ljava/lang/Class; (308 bytes) @ 0x0000021b1845c58c [0x0000021b18459820+0x0000000000002d6c]
J 1688 c1 org.eclipse.osgi.internal.loader.classpath.ClasspathManager.findLocalClassImpl(Ljava/lang/String;[Lorg/eclipse/osgi/internal/loader/classpath/ClasspathEntry;Ljava/util/List;)Ljava/lang/Class; (55 bytes) @ 0x0000021b183e93cc [0x0000021b183e9240+0x000000000000018c]
J 1687 c1 org.eclipse.osgi.internal.loader.classpath.ClasspathManager.findLocalClassImpl(Ljava/lang/String;Ljava/util/List;)Ljava/lang/Class; (132 bytes) @ 0x0000021b183e8954 [0x0000021b183e8440+0x0000000000000514]
J 1768 c1 org.eclipse.osgi.internal.loader.classpath.ClasspathManager.findLocalClass(Ljava/lang/String;)Ljava/lang/Class; (210 bytes) @ 0x0000021b1840bb3c [0x0000021b1840aea0+0x0000000000000c9c]
J 1680 c1 org.eclipse.osgi.internal.loader.BundleLoader.findLocalClass(Ljava/lang/String;)Ljava/lang/Class; (152 bytes) @ 0x0000021b183df36c [0x0000021b183deb20+0x000000000000084c]
J 1607 c1 org.eclipse.osgi.internal.loader.BundleLoader.findClass0(Ljava/lang/String;ZZ)Ljava/lang/Class; (466 bytes) @ 0x0000021b183ad294 [0x0000021b183aaba0+0x00000000000026f4]
J 1606 c1 org.eclipse.osgi.internal.loader.BundleLoader.findClass(Ljava/lang/String;)Ljava/lang/Class; (8 bytes) @ 0x0000021b183aa29c [0x0000021b183aa220+0x000000000000007c]
J 1609 c1 org.eclipse.osgi.internal.loader.ModuleClassLoader.loadClass(Ljava/lang/String;Z)Ljava/lang/Class; (36 bytes) @ 0x0000021b183b103c [0x0000021b183b0e20+0x000000000000021c]
J 792 c1 java.lang.ClassLoader.loadClass(Ljava/lang/String;)Ljava/lang/Class; java.base@17.0.4.1 (7 bytes) @ 0x0000021b1821103c [0x0000021b18210f40+0x00000000000000fc]
v  ~StubRoutines::call_stub
j  org.eclipse.jdt.internal.core.JavaModelManager$8.optionsChanged(Lorg/eclipse/osgi/service/debug/DebugOptions;)V+617
j  org.eclipse.osgi.internal.debug.FrameworkDebugOptions.addingService(Lorg/osgi/framework/ServiceReference;)Lorg/eclipse/osgi/service/debug/DebugOptionsListener;+16
j  org.eclipse.osgi.internal.debug.FrameworkDebugOptions.addingService(Lorg/osgi/framework/ServiceReference;)Ljava/lang/Object;+5
j  org.osgi.util.tracker.ServiceTracker$Tracked.customizerAdding(Lorg/osgi/framework/ServiceReference;Lorg/osgi/framework/ServiceEvent;)Ljava/lang/Object;+8
j  org.osgi.util.tracker.ServiceTracker$Tracked.customizerAdding(Ljava/lang/Object;Ljava/lang/Object;)Ljava/lang/Object;+9
j  org.osgi.util.tracker.AbstractTracked.trackAdding(Ljava/lang/Object;Ljava/lang/Object;)V+8
j  org.osgi.util.tracker.AbstractTracked.track(Ljava/lang/Object;Ljava/lang/Object;)V+83
j  org.osgi.util.tracker.ServiceTracker$Tracked.serviceChanged(Lorg/osgi/framework/ServiceEvent;)V+67
J 1487 c1 org.eclipse.osgi.internal.serviceregistry.FilteredServiceListener.serviceChanged(Lorg/osgi/framework/ServiceEvent;)V (284 bytes) @ 0x0000021b18381a34 [0x0000021b1837f760+0x00000000000022d4]
j  org.eclipse.osgi.internal.framework.BundleContextImpl.dispatchEvent(Ljava/lang/Object;Ljava/lang/Object;ILjava/lang/Object;)V+274
J 1772 c1 org.eclipse.osgi.framework.eventmgr.EventManager.dispatchEvent(Ljava/util/Set;Lorg/eclipse/osgi/framework/eventmgr/EventDispatcher;ILjava/lang/Object;)V (69 bytes) @ 0x0000021b184104f4 [0x0000021b18410020+0x00000000000004d4]
j  org.eclipse.osgi.framework.eventmgr.ListenerQueue.dispatchEventSynchronous(ILjava/lang/Object;)V+67
j  org.eclipse.osgi.internal.serviceregistry.ServiceRegistry.publishServiceEventPrivileged(Lorg/osgi/framework/ServiceEvent;)V+320
j  org.eclipse.osgi.internal.serviceregistry.ServiceRegistry.publishServiceEvent(Lorg/osgi/framework/ServiceEvent;)V+8
j  org.eclipse.osgi.internal.serviceregistry.ServiceRegistrationImpl.register(Ljava/util/Dictionary;)V+128
j  org.eclipse.osgi.internal.serviceregistry.ServiceRegistry.registerService(Lorg/eclipse/osgi/internal/framework/BundleContextImpl;[Ljava/lang/String;Ljava/lang/Object;Ljava/util/Dictionary;)Lorg/eclipse/osgi/internal/serviceregistry/ServiceRegistrationImpl;+298
j  org.eclipse.osgi.internal.framework.BundleContextImpl.registerService([Ljava/lang/String;Ljava/lang/Object;Ljava/util/Dictionary;)Lorg/osgi/framework/ServiceRegistration;+15
j  org.eclipse.osgi.internal.framework.BundleContextImpl.registerService(Ljava/lang/String;Ljava/lang/Object;Ljava/util/Dictionary;)Lorg/osgi/framework/ServiceRegistration;+15
j  org.eclipse.osgi.internal.framework.BundleContextImpl.registerService(Ljava/lang/Class;Ljava/lang/Object;Ljava/util/Dictionary;)Lorg/osgi/framework/ServiceRegistration;+7
j  org.eclipse.jdt.internal.core.JavaModelManager.registerDebugOptionsListener(Lorg/osgi/framework/BundleContext;)V+32
j  org.eclipse.jdt.core.JavaCore.start(Lorg/osgi/framework/BundleContext;)V+6
j  org.eclipse.osgi.internal.framework.BundleContextImpl$2.run()Ljava/lang/Void;+23
j  org.eclipse.osgi.internal.framework.BundleContextImpl$2.run()Ljava/lang/Object;+1
J 1202 c1 java.security.AccessController.executePrivileged(Ljava/security/PrivilegedExceptionAction;Ljava/security/AccessControlContext;Ljava/lang/Class;)Ljava/lang/Object; java.base@17.0.4.1 (65 bytes) @ 0x0000021b182ec6b4 [0x0000021b182ec560+0x0000000000000154]
j  java.security.AccessController.doPrivileged(Ljava/security/PrivilegedExceptionAction;)Ljava/lang/Object;+9 java.base@17.0.4.1
j  org.eclipse.osgi.internal.framework.BundleContextImpl.startActivator(Lorg/osgi/framework/BundleActivator;)V+9
j  org.eclipse.osgi.internal.framework.BundleContextImpl.start()V+134
j  org.eclipse.osgi.internal.framework.EquinoxBundle.startWorker0()V+35
j  org.eclipse.osgi.internal.framework.EquinoxBundle$EquinoxModule.startWorker()V+4
j  org.eclipse.osgi.container.Module.doStart([Lorg/eclipse/osgi/container/Module$StartOptions;)Lorg/eclipse/osgi/container/ModuleContainerAdaptor$ModuleEvent;+190
J 2040 c1 org.eclipse.osgi.container.Module.start([Lorg/eclipse/osgi/container/Module$StartOptions;)V (655 bytes) @ 0x0000021b184b69d4 [0x0000021b184b4660+0x0000000000002374]
j  org.eclipse.osgi.framework.util.SecureAction.start(Lorg/eclipse/osgi/container/Module;[Lorg/eclipse/osgi/container/Module$StartOptions;)V+8
J 1682 c1 org.eclipse.osgi.internal.hooks.EclipseLazyStarter.postFindLocalClass(Ljava/lang/String;Ljava/lang/Class;Lorg/eclipse/osgi/internal/loader/classpath/ClasspathManager;)V (394 bytes) @ 0x0000021b183e22dc [0x0000021b183e1360+0x0000000000000f7c]
J 1768 c1 org.eclipse.osgi.internal.loader.classpath.ClasspathManager.findLocalClass(Ljava/lang/String;)Ljava/lang/Class; (210 bytes) @ 0x0000021b1840be54 [0x0000021b1840aea0+0x0000000000000fb4]
J 1680 c1 org.eclipse.osgi.internal.loader.BundleLoader.findLocalClass(Ljava/lang/String;)Ljava/lang/Class; (152 bytes) @ 0x0000021b183df36c [0x0000021b183deb20+0x000000000000084c]
J 1902 c1 org.eclipse.osgi.internal.loader.sources.SingleSourcePackage.loadClass(Ljava/lang/String;)Ljava/lang/Class; (9 bytes) @ 0x0000021b184589bc [0x0000021b184588c0+0x00000000000000fc]
J 1607 c1 org.eclipse.osgi.internal.loader.BundleLoader.findClass0(Ljava/lang/String;ZZ)Ljava/lang/Class; (466 bytes) @ 0x0000021b183ad19c [0x0000021b183aaba0+0x00000000000025fc]
J 1606 c1 org.eclipse.osgi.internal.loader.BundleLoader.findClass(Ljava/lang/String;)Ljava/lang/Class; (8 bytes) @ 0x0000021b183aa29c [0x0000021b183aa220+0x000000000000007c]
J 1609 c1 org.eclipse.osgi.internal.loader.ModuleClassLoader.loadClass(Ljava/lang/String;Z)Ljava/lang/Class; (36 bytes) @ 0x0000021b183b103c [0x0000021b183b0e20+0x000000000000021c]
J 792 c1 java.lang.ClassLoader.loadClass(Ljava/lang/String;)Ljava/lang/Class; java.base@17.0.4.1 (7 bytes) @ 0x0000021b1821103c [0x0000021b18210f40+0x00000000000000fc]
v  ~StubRoutines::call_stub
j  java.lang.Class.getDeclaredConstructors0(Z)[Ljava/lang/reflect/Constructor;+0 java.base@17.0.4.1
j  java.lang.Class.privateGetDeclaredConstructors(Z)[Ljava/lang/reflect/Constructor;+52 java.base@17.0.4.1
j  java.lang.Class.getConstructor0([Ljava/lang/Class;I)Ljava/lang/reflect/Constructor;+14 java.base@17.0.4.1
j  java.lang.Class.getConstructor([Ljava/lang/Class;)Ljava/lang/reflect/Constructor;+24 java.base@17.0.4.1
j  org.eclipse.osgi.internal.framework.BundleContextImpl.loadBundleActivator()Lorg/osgi/framework/BundleActivator;+105
j  org.eclipse.osgi.internal.framework.BundleContextImpl.start()V+18
j  org.eclipse.osgi.internal.framework.EquinoxBundle.startWorker0()V+35
j  org.eclipse.osgi.internal.framework.EquinoxBundle$EquinoxModule.startWorker()V+4
j  org.eclipse.osgi.container.Module.doStart([Lorg/eclipse/osgi/container/Module$StartOptions;)Lorg/eclipse/osgi/container/ModuleContainerAdaptor$ModuleEvent;+190
j  org.eclipse.osgi.container.Module.start([Lorg/eclipse/osgi/container/Module$StartOptions;)V+460
j  org.eclipse.osgi.container.ModuleContainer$ContainerStartLevel$2.run()V+71
j  org.eclipse.osgi.internal.framework.EquinoxContainerAdaptor$1$1.execute(Ljava/lang/Runnable;)V+1
j  org.eclipse.osgi.container.ModuleContainer$ContainerStartLevel.incStartLevel(ILjava/util/List;Z)V+192
j  org.eclipse.osgi.container.ModuleContainer$ContainerStartLevel.incStartLevel(ILjava/util/List;Ljava/util/List;Ljava/util/List;Ljava/util/List;)V+19
j  org.eclipse.osgi.container.ModuleContainer$ContainerStartLevel.doContainerStartLevel(Lorg/eclipse/osgi/container/Module;I[Lorg/osgi/framework/FrameworkListener;)V+349
j  org.eclipse.osgi.container.ModuleContainer$ContainerStartLevel.dispatchEvent(Lorg/eclipse/osgi/container/Module;[Lorg/osgi/framework/FrameworkListener;ILjava/lang/Integer;)V+32
j  org.eclipse.osgi.container.ModuleContainer$ContainerStartLevel.dispatchEvent(Ljava/lang/Object;Ljava/lang/Object;ILjava/lang/Object;)V+15
j  org.eclipse.osgi.framework.eventmgr.EventManager.dispatchEvent(Ljava/util/Set;Lorg/eclipse/osgi/framework/eventmgr/EventDispatcher;ILjava/lang/Object;)V+48
j  org.eclipse.osgi.framework.eventmgr.EventManager$EventThread.run()V+26
v  ~StubRoutines::call_stub

---------------  P R O C E S S  ---------------

Threads class SMR info:
_java_thread_list=0x0000021b2c9064b0, length=20, elements={
0x0000021b14e9aff0, 0x0000021b28cac390, 0x0000021b28cae6f0, 0x0000021b28cc12d0,
0x0000021b28cc1b90, 0x0000021b28cf1030, 0x0000021b28cf40a0, 0x0000021b28cf4d40,
0x0000021b2a6f9020, 0x0000021b2a6f9dc0, 0x0000021b2a7803c0, 0x0000021b2a97d6f0,
0x0000021b2a9b00d0, 0x0000021b2b2649e0, 0x0000021b2a76c6b0, 0x0000021b2a769060,
0x0000021b2ab17ff0, 0x0000021b2aed9c90, 0x0000021b2aed7fb0, 0x0000021b2aedab00
}

Java Threads: ( => current thread )
  0x0000021b14e9aff0 JavaThread "main" [_thread_blocked, id=10720, stack(0x00000027c5b00000,0x00000027c5c00000)]
  0x0000021b28cac390 JavaThread "Reference Handler" daemon [_thread_blocked, id=10772, stack(0x00000027c5e00000,0x00000027c5f00000)]
  0x0000021b28cae6f0 JavaThread "Finalizer" daemon [_thread_blocked, id=10776, stack(0x00000027c5f00000,0x00000027c6000000)]
  0x0000021b28cc12d0 JavaThread "Signal Dispatcher" daemon [_thread_blocked, id=10812, stack(0x00000027c6000000,0x00000027c6100000)]
  0x0000021b28cc1b90 JavaThread "Attach Listener" daemon [_thread_blocked, id=10824, stack(0x00000027c6100000,0x00000027c6200000)]
  0x0000021b28cf1030 JavaThread "Service Thread" daemon [_thread_blocked, id=10828, stack(0x00000027c6200000,0x00000027c6300000)]
  0x0000021b28cf40a0 JavaThread "Monitor Deflation Thread" daemon [_thread_blocked, id=10832, stack(0x00000027c6300000,0x00000027c6400000)]
  0x0000021b28cf4d40 JavaThread "C2 CompilerThread0" daemon [_thread_in_native, id=10836, stack(0x00000027c6400000,0x00000027c6500000)]
  0x0000021b2a6f9020 JavaThread "C1 CompilerThread0" daemon [_thread_blocked, id=10840, stack(0x00000027c6500000,0x00000027c6600000)]
  0x0000021b2a6f9dc0 JavaThread "Sweeper thread" daemon [_thread_blocked, id=10844, stack(0x00000027c6600000,0x00000027c6700000)]
  0x0000021b2a7803c0 JavaThread "Common-Cleaner" daemon [_thread_blocked, id=10852, stack(0x00000027c6700000,0x00000027c6800000)]
  0x0000021b2a97d6f0 JavaThread "Notification Thread" daemon [_thread_blocked, id=8356, stack(0x00000027c6800000,0x00000027c6900000)]
  0x0000021b2a9b00d0 JavaThread "Active Thread: Equinox Container: 3a136204-c943-4575-99ec-37fafc531463" [_thread_blocked, id=11148, stack(0x00000027c6d00000,0x00000027c6e00000)]
  0x0000021b2b2649e0 JavaThread "Framework Event Dispatcher: Equinox Container: 3a136204-c943-4575-99ec-37fafc531463" daemon [_thread_blocked, id=5136, stack(0x00000027c6e00000,0x00000027c6f00000)]
=>0x0000021b2a76c6b0 JavaThread "Start Level: Equinox Container: 3a136204-c943-4575-99ec-37fafc531463" daemon [_thread_in_vm, id=2588, stack(0x00000027c6f00000,0x00000027c7000000)]
  0x0000021b2a769060 JavaThread "SCR Component Actor" daemon [_thread_blocked, id=5876, stack(0x00000027c7000000,0x00000027c7100000)]
  0x0000021b2ab17ff0 JavaThread "SCR Component Registry" daemon [_thread_blocked, id=4664, stack(0x00000027c7100000,0x00000027c7200000)]
  0x0000021b2aed9c90 JavaThread "Worker-JM" [_thread_blocked, id=7680, stack(0x00000027c7200000,0x00000027c7300000)]
  0x0000021b2aed7fb0 JavaThread "Worker-0" [_thread_blocked, id=10184, stack(0x00000027c7300000,0x00000027c7400000)]
  0x0000021b2aedab00 JavaThread "Worker-1" [_thread_blocked, id=10176, stack(0x00000027c7400000,0x00000027c7500000)]

Other Threads:
  0x0000021b14f6eab0 VMThread "VM Thread" [stack: 0x00000027c5d00000,0x00000027c5e00000] [id=10768] _threads_hazard_ptr=0x0000021b2c9064b0
  0x0000021b2a95f2c0 WatcherThread [stack: 0x00000027c6900000,0x00000027c6a00000] [id=10648]
  0x0000021b14eb03d0 GCTaskThread "GC Thread#0" [stack: 0x00000027c5c00000,0x00000027c5d00000] [id=10756]
  0x0000021b2aaac5b0 GCTaskThread "GC Thread#1" [stack: 0x00000027c6a00000,0x00000027c6b00000] [id=10952]
  0x0000021b2a775540 GCTaskThread "GC Thread#2" [stack: 0x00000027c6b00000,0x00000027c6c00000] [id=10956]
  0x0000021b2a775bf0 GCTaskThread "GC Thread#3" [stack: 0x00000027c6c00000,0x00000027c6d00000] [id=10960]

Threads with active compile tasks:
C2 CompilerThread0    40394 2173       4       org.objectweb.asm.ClassReader::readMethod (1066 bytes)

VM state: synchronizing (normal execution)

VM Mutex/Monitor currently owned by a thread:  ([mutex/lock_event])
[0x0000021b12d54320] Metaspace_lock - owner thread: 0x0000021b2a76c6b0
[0x0000021b14e95cf0] Threads_lock - owner thread: 0x0000021b14f6eab0

Heap address: 0x00000000c0000000, size: 1024 MB, Compressed Oops mode: 32-bit

CDS archive(s) not mapped
Compressed class space mapped at: 0x0000000100000000-0x0000000140000000, reserved size: 1073741824
Narrow klass base: 0x0000000000000000, Narrow klass shift: 3, Narrow klass range: 0x140000000

GC Precious Log:
 CPUs: 4 total, 4 available
 Memory: 3858M
 Large Page Support: Disabled
 NUMA Support: Disabled
 Compressed Oops: Enabled (32-bit)
 Alignments: Space 512K, Generation 512K, Heap 2M
 Heap Min Capacity: 100M
 Heap Initial Capacity: 100M
 Heap Max Capacity: 1G
 Pre-touch: Disabled
 Parallel Workers: 4

Heap:
 PSYoungGen      total 29696K, used 25210K [0x00000000eab00000, 0x00000000ecc00000, 0x0000000100000000)
  eden space 25600K, 98% used [0x00000000eab00000,0x00000000ec39ea48,0x00000000ec400000)
  from space 4096K, 0% used [0x00000000ec800000,0x00000000ec800000,0x00000000ecc00000)
  to   space 4096K, 0% used [0x00000000ec400000,0x00000000ec400000,0x00000000ec800000)
 ParOldGen       total 68608K, used 7845K [0x00000000c0000000, 0x00000000c4300000, 0x00000000eab00000)
  object space 68608K, 11% used [0x00000000c0000000,0x00000000c07a9598,0x00000000c4300000)
 Metaspace       used 24313K, committed 24704K, reserved 1073152K
  class space    used 2359K, committed 2560K, reserved 1048576K

Card table byte_map: [0x0000021b14880000,0x0000021b14a90000] _byte_map_base: 0x0000021b14280000

Marking Bits: (ParMarkBitMap*) 0x00007ffcba8f2cc0
 Begin Bits: [0x0000021b26b30000, 0x0000021b27b30000)
 End Bits:   [0x0000021b27b30000, 0x0000021b28b30000)

Polling page: 0x0000021b14670000

Metaspace:

Usage:
  Non-class:     21.44 MB used.
      Class:      2.30 MB used.
       Both:     23.74 MB used.

Virtual space:
  Non-class space:       24.00 MB reserved,      21.62 MB ( 90%) committed,  3 nodes.
      Class space:        1.00 GB reserved,       2.50 MB ( <1%) committed,  1 nodes.
             Both:        1.02 GB reserved,      24.12 MB (  2%) committed. 

Chunk freelists:
   Non-Class:  1.61 MB
       Class:  1.52 MB
        Both:  3.12 MB

MaxMetaspaceSize: unlimited
CompressedClassSpaceSize: 1.00 GB
Initial GC threshold: 21.00 MB
Current GC threshold: 35.00 MB
CDS: off
MetaspaceReclaimPolicy: balanced
 - commit_granule_bytes: 65536.
 - commit_granule_words: 8192.
 - virtual_space_node_default_size: 1048576.
 - enlarge_chunks_in_place: 1.
 - new_chunks_are_fully_committed: 0.
 - uncommit_free_chunks: 1.
 - use_allocation_guard: 0.
 - handle_deallocations: 1.


Internal statistics:

num_allocs_failed_limit: 3.
num_arena_births: 166.
num_arena_deaths: 14.
num_vsnodes_births: 4.
num_vsnodes_deaths: 0.
num_space_committed: 386.
num_space_uncommitted: 0.
num_chunks_returned_to_freelist: 17.
num_chunks_taken_from_freelist: 749.
num_chunk_merges: 7.
num_chunk_splits: 526.
num_chunks_enlarged: 397.
num_purges: 2.
num_inconsistent_stats: 0.

CodeHeap 'non-profiled nmethods': size=120000Kb used=820Kb max_used=820Kb free=119179Kb
 bounds [0x0000021b1f600000, 0x0000021b1f870000, 0x0000021b26b30000]
CodeHeap 'profiled nmethods': size=120000Kb used=4375Kb max_used=4375Kb free=115624Kb
 bounds [0x0000021b180d0000, 0x0000021b18520000, 0x0000021b1f600000]
CodeHeap 'non-nmethods': size=5760Kb used=1233Kb max_used=1236Kb free=4527Kb
 bounds [0x0000021b17b30000, 0x0000021b17da0000, 0x0000021b180d0000]
 total_blobs=2697 nmethods=2169 adapters=442
 compilation: enabled
              stopped_count=0, restarted_count=0
 full_count=0

Compilation events (20 events):
Event: 39.000 Thread 0x0000021b28cf4d40 2173       4       org.objectweb.asm.ClassReader::readMethod (1066 bytes)
Event: 39.000 Thread 0x0000021b2a6f9020 nmethod 2170 0x0000021b18510410 code [0x0000021b185105e0, 0x0000021b18510b28]
Event: 39.000 Thread 0x0000021b2a6f9020 2172       3       org.objectweb.asm.MethodWriter::visitLineNumber (50 bytes)
Event: 39.000 Thread 0x0000021b2a6f9020 nmethod 2172 0x0000021b18510d10 code [0x0000021b18510ee0, 0x0000021b185112d8]
Event: 39.000 Thread 0x0000021b2a6f9020 2171       3       org.objectweb.asm.MethodVisitor::visitLineNumber (17 bytes)
Event: 39.000 Thread 0x0000021b2a6f9020 nmethod 2171 0x0000021b18511490 code [0x0000021b18511640, 0x0000021b18511848]
Event: 39.000 Thread 0x0000021b2a6f9020 2169       3       org.objectweb.asm.ClassReader::createLabel (21 bytes)
Event: 39.000 Thread 0x0000021b2a6f9020 nmethod 2169 0x0000021b18511910 code [0x0000021b18511ae0, 0x0000021b18511f18]
Event: 39.001 Thread 0x0000021b2a6f9020 2175       3       org.objectweb.asm.SymbolTable::put (150 bytes)
Event: 39.002 Thread 0x0000021b2a6f9020 nmethod 2175 0x0000021b18512110 code [0x0000021b185122e0, 0x0000021b185129f8]
Event: 39.003 Thread 0x0000021b2a6f9020 2176 %     3       org.objectweb.asm.ClassReader::<init> @ 110 (371 bytes)
Event: 39.004 Thread 0x0000021b2a6f9020 nmethod 2176% 0x0000021b18512d10 code [0x0000021b18513000, 0x0000021b18514358]
Event: 39.004 Thread 0x0000021b2a6f9020 2177       3       org.objectweb.asm.ClassReader::readLong (29 bytes)
Event: 39.004 Thread 0x0000021b2a6f9020 nmethod 2177 0x0000021b18514910 code [0x0000021b18514ac0, 0x0000021b18514c78]
Event: 39.004 Thread 0x0000021b2a6f9020 2178       3       org.objectweb.asm.SymbolTable::hash (14 bytes)
Event: 39.004 Thread 0x0000021b2a6f9020 nmethod 2178 0x0000021b18514d90 code [0x0000021b18514f20, 0x0000021b18515018]
Event: 39.005 Thread 0x0000021b2a6f9020 2179       3       java.util.regex.Matcher::match (154 bytes)
Event: 39.005 Thread 0x0000021b2a6f9020 nmethod 2179 0x0000021b18515090 code [0x0000021b18515280, 0x0000021b18515848]
Event: 39.005 Thread 0x0000021b2a6f9020 2180       3       org.objectweb.asm.MethodVisitor::visitLabel (16 bytes)
Event: 39.005 Thread 0x0000021b2a6f9020 nmethod 2180 0x0000021b18515a90 code [0x0000021b18515c40, 0x0000021b18515e48]

GC Heap History (10 events):
Event: 19.288 GC heap before
{Heap before GC invocations=1 (full 0):
 PSYoungGen      total 29696K, used 25600K [0x00000000eab00000, 0x00000000ecc00000, 0x0000000100000000)
  eden space 25600K, 100% used [0x00000000eab00000,0x00000000ec400000,0x00000000ec400000)
  from space 4096K, 0% used [0x00000000ec800000,0x00000000ec800000,0x00000000ecc00000)
  to   space 4096K, 0% used [0x00000000ec400000,0x00000000ec400000,0x00000000ec800000)
 ParOldGen       total 68608K, used 0K [0x00000000c0000000, 0x00000000c4300000, 0x00000000eab00000)
  object space 68608K, 0% used [0x00000000c0000000,0x00000000c0000000,0x00000000c4300000)
 Metaspace       used 10849K, committed 11008K, reserved 1064960K
  class space    used 1089K, committed 1152K, reserved 1048576K
}
Event: 19.294 GC heap after
{Heap after GC invocations=1 (full 0):
 PSYoungGen      total 29696K, used 3288K [0x00000000eab00000, 0x00000000ecc00000, 0x0000000100000000)
  eden space 25600K, 0% used [0x00000000eab00000,0x00000000eab00000,0x00000000ec400000)
  from space 4096K, 80% used [0x00000000ec400000,0x00000000ec736218,0x00000000ec800000)
  to   space 4096K, 0% used [0x00000000ec800000,0x00000000ec800000,0x00000000ecc00000)
 ParOldGen       total 68608K, used 16K [0x00000000c0000000, 0x00000000c4300000, 0x00000000eab00000)
  object space 68608K, 0% used [0x00000000c0000000,0x00000000c0004000,0x00000000c4300000)
 Metaspace       used 10849K, committed 11008K, reserved 1064960K
  class space    used 1089K, committed 1152K, reserved 1048576K
}
Event: 34.936 GC heap before
{Heap before GC invocations=2 (full 0):
 PSYoungGen      total 29696K, used 28888K [0x00000000eab00000, 0x00000000ecc00000, 0x0000000100000000)
  eden space 25600K, 100% used [0x00000000eab00000,0x00000000ec400000,0x00000000ec400000)
  from space 4096K, 80% used [0x00000000ec400000,0x00000000ec736218,0x00000000ec800000)
  to   space 4096K, 0% used [0x00000000ec800000,0x00000000ec800000,0x00000000ecc00000)
 ParOldGen       total 68608K, used 16K [0x00000000c0000000, 0x00000000c4300000, 0x00000000eab00000)
  object space 68608K, 0% used [0x00000000c0000000,0x00000000c0004000,0x00000000c4300000)
 Metaspace       used 15179K, committed 15424K, reserved 1064960K
  class space    used 1552K, committed 1664K, reserved 1048576K
}
Event: 34.940 GC heap after
{Heap after GC invocations=2 (full 0):
 PSYoungGen      total 29696K, used 4093K [0x00000000eab00000, 0x00000000ecc00000, 0x0000000100000000)
  eden space 25600K, 0% used [0x00000000eab00000,0x00000000eab00000,0x00000000ec400000)
  from space 4096K, 99% used [0x00000000ec800000,0x00000000ecbff718,0x00000000ecc00000)
  to   space 4096K, 0% used [0x00000000ec400000,0x00000000ec400000,0x00000000ec800000)
 ParOldGen       total 68608K, used 718K [0x00000000c0000000, 0x00000000c4300000, 0x00000000eab00000)
  object space 68608K, 1% used [0x00000000c0000000,0x00000000c00b3b60,0x00000000c4300000)
 Metaspace       used 15179K, committed 15424K, reserved 1064960K
  class space    used 1552K, committed 1664K, reserved 1048576K
}
Event: 37.139 GC heap before
{Heap before GC invocations=3 (full 0):
 PSYoungGen      total 29696K, used 29693K [0x00000000eab00000, 0x00000000ecc00000, 0x0000000100000000)
  eden space 25600K, 100% used [0x00000000eab00000,0x00000000ec400000,0x00000000ec400000)
  from space 4096K, 99% used [0x00000000ec800000,0x00000000ecbff718,0x00000000ecc00000)
  to   space 4096K, 0% used [0x00000000ec400000,0x00000000ec400000,0x00000000ec800000)
 ParOldGen       total 68608K, used 718K [0x00000000c0000000, 0x00000000c4300000, 0x00000000eab00000)
  object space 68608K, 1% used [0x00000000c0000000,0x00000000c00b3b60,0x00000000c4300000)
 Metaspace       used 20253K, committed 20672K, reserved 1073152K
  class space    used 2052K, committed 2304K, reserved 1048576K
}
Event: 37.145 GC heap after
{Heap after GC invocations=3 (full 0):
 PSYoungGen      total 29696K, used 4087K [0x00000000eab00000, 0x00000000ecc00000, 0x0000000100000000)
  eden space 25600K, 0% used [0x00000000eab00000,0x00000000eab00000,0x00000000ec400000)
  from space 4096K, 99% used [0x00000000ec400000,0x00000000ec7fdd80,0x00000000ec800000)
  to   space 4096K, 0% used [0x00000000ec800000,0x00000000ec800000,0x00000000ecc00000)
 ParOldGen       total 68608K, used 3011K [0x00000000c0000000, 0x00000000c4300000, 0x00000000eab00000)
  object space 68608K, 4% used [0x00000000c0000000,0x00000000c02f0fd0,0x00000000c4300000)
 Metaspace       used 20253K, committed 20672K, reserved 1073152K
  class space    used 2052K, committed 2304K, reserved 1048576K
}
Event: 37.467 GC heap before
{Heap before GC invocations=4 (full 0):
 PSYoungGen      total 29696K, used 10586K [0x00000000eab00000, 0x00000000ecc00000, 0x0000000100000000)
  eden space 25600K, 25% used [0x00000000eab00000,0x00000000eb158c98,0x00000000ec400000)
  from space 4096K, 99% used [0x00000000ec400000,0x00000000ec7fdd80,0x00000000ec800000)
  to   space 4096K, 0% used [0x00000000ec800000,0x00000000ec800000,0x00000000ecc00000)
 ParOldGen       total 68608K, used 3011K [0x00000000c0000000, 0x00000000c4300000, 0x00000000eab00000)
  object space 68608K, 4% used [0x00000000c0000000,0x00000000c02f0fd0,0x00000000c4300000)
 Metaspace       used 21074K, committed 21504K, reserved 1073152K
  class space    used 2127K, committed 2368K, reserved 1048576K
}
Event: 37.470 GC heap after
{Heap after GC invocations=4 (full 0):
 PSYoungGen      total 29696K, used 4089K [0x00000000eab00000, 0x00000000ecc00000, 0x0000000100000000)
  eden space 25600K, 0% used [0x00000000eab00000,0x00000000eab00000,0x00000000ec400000)
  from space 4096K, 99% used [0x00000000ec800000,0x00000000ecbfe570,0x00000000ecc00000)
  to   space 4096K, 0% used [0x00000000ec400000,0x00000000ec400000,0x00000000ec800000)
 ParOldGen       total 68608K, used 3895K [0x00000000c0000000, 0x00000000c4300000, 0x00000000eab00000)
  object space 68608K, 5% used [0x00000000c0000000,0x00000000c03cdfd8,0x00000000c4300000)
 Metaspace       used 21074K, committed 21504K, reserved 1073152K
  class space    used 2127K, committed 2368K, reserved 1048576K
}
Event: 37.470 GC heap before
{Heap before GC invocations=5 (full 1):
 PSYoungGen      total 29696K, used 4089K [0x00000000eab00000, 0x00000000ecc00000, 0x0000000100000000)
  eden space 25600K, 0% used [0x00000000eab00000,0x00000000eab00000,0x00000000ec400000)
  from space 4096K, 99% used [0x00000000ec800000,0x00000000ecbfe570,0x00000000ecc00000)
  to   space 4096K, 0% used [0x00000000ec400000,0x00000000ec400000,0x00000000ec800000)
 ParOldGen       total 68608K, used 3895K [0x00000000c0000000, 0x00000000c4300000, 0x00000000eab00000)
  object space 68608K, 5% used [0x00000000c0000000,0x00000000c03cdfd8,0x00000000c4300000)
 Metaspace       used 21074K, committed 21504K, reserved 1073152K
  class space    used 2127K, committed 2368K, reserved 1048576K
}
Event: 37.491 GC heap after
{Heap after GC invocations=5 (full 1):
 PSYoungGen      total 29696K, used 0K [0x00000000eab00000, 0x00000000ecc00000, 0x0000000100000000)
  eden space 25600K, 0% used [0x00000000eab00000,0x00000000eab00000,0x00000000ec400000)
  from space 4096K, 0% used [0x00000000ec800000,0x00000000ec800000,0x00000000ecc00000)
  to   space 4096K, 0% used [0x00000000ec400000,0x00000000ec400000,0x00000000ec800000)
 ParOldGen       total 68608K, used 7845K [0x00000000c0000000, 0x00000000c4300000, 0x00000000eab00000)
  object space 68608K, 11% used [0x00000000c0000000,0x00000000c07a9598,0x00000000c4300000)
 Metaspace       used 21061K, committed 21504K, reserved 1073152K
  class space    used 2124K, committed 2368K, reserved 1048576K
}

Deoptimization events (20 events):
Event: 36.067 Thread 0x0000021b2a76c6b0 Uncommon trap: trap_request=0xffffff45 fr.pc=0x0000021b1f617994 relative=0x0000000000000374
Event: 36.067 Thread 0x0000021b2a76c6b0 Uncommon trap: reason=unstable_if action=reinterpret pc=0x0000021b1f617994 method=java.lang.AbstractStringBuilder.isLatin1()Z @ 10 c2
Event: 36.067 Thread 0x0000021b2a76c6b0 DEOPT PACKING pc=0x0000021b1f617994 sp=0x00000027c6ff8d70
Event: 36.067 Thread 0x0000021b2a76c6b0 DEOPT UNPACKING pc=0x0000021b17b85923 sp=0x00000027c6ff8cf0 mode 2
Event: 36.067 Thread 0x0000021b2a76c6b0 Uncommon trap: trap_request=0xffffff45 fr.pc=0x0000021b1f62b9dc relative=0x000000000000005c
Event: 36.067 Thread 0x0000021b2a76c6b0 Uncommon trap: reason=unstable_if action=reinterpret pc=0x0000021b1f62b9dc method=java.lang.AbstractStringBuilder.isLatin1()Z @ 10 c2
Event: 36.067 Thread 0x0000021b2a76c6b0 DEOPT PACKING pc=0x0000021b1f62b9dc sp=0x00000027c6ff8d50
Event: 36.067 Thread 0x0000021b2a76c6b0 DEOPT UNPACKING pc=0x0000021b17b85923 sp=0x00000027c6ff8ce0 mode 2
Event: 36.075 Thread 0x0000021b2a76c6b0 Uncommon trap: trap_request=0xffffff45 fr.pc=0x0000021b1f629248 relative=0x0000000000000048
Event: 36.075 Thread 0x0000021b2a76c6b0 Uncommon trap: reason=unstable_if action=reinterpret pc=0x0000021b1f629248 method=java.lang.CharacterData.of(I)Ljava/lang/CharacterData; @ 4 c2
Event: 36.075 Thread 0x0000021b2a76c6b0 DEOPT PACKING pc=0x0000021b1f629248 sp=0x00000027c6ff8520
Event: 36.075 Thread 0x0000021b2a76c6b0 DEOPT UNPACKING pc=0x0000021b17b85923 sp=0x00000027c6ff84b8 mode 2
Event: 36.187 Thread 0x0000021b2a76c6b0 Uncommon trap: trap_request=0xffffff45 fr.pc=0x0000021b1f67aba0 relative=0x0000000000000900
Event: 36.187 Thread 0x0000021b2a76c6b0 Uncommon trap: reason=unstable_if action=reinterpret pc=0x0000021b1f67aba0 method=java.util.HashMap.putVal(ILjava/lang/Object;Ljava/lang/Object;ZZ)Ljava/lang/Object; @ 81 c2
Event: 36.188 Thread 0x0000021b2a76c6b0 DEOPT PACKING pc=0x0000021b1f67aba0 sp=0x00000027c6ff7d60
Event: 36.188 Thread 0x0000021b2a76c6b0 DEOPT UNPACKING pc=0x0000021b17b85923 sp=0x00000027c6ff7c88 mode 2
Event: 36.235 Thread 0x0000021b2a76c6b0 Uncommon trap: trap_request=0xffffff45 fr.pc=0x0000021b1f630060 relative=0x0000000000000c20
Event: 36.235 Thread 0x0000021b2a76c6b0 Uncommon trap: reason=unstable_if action=reinterpret pc=0x0000021b1f630060 method=lombok.patcher.PatchScript.classMatches(Ljava/lang/String;Ljava/util/Collection;)Z @ 25 c2
Event: 36.235 Thread 0x0000021b2a76c6b0 DEOPT PACKING pc=0x0000021b1f630060 sp=0x00000027c6ff7060
Event: 36.235 Thread 0x0000021b2a76c6b0 DEOPT UNPACKING pc=0x0000021b17b85923 sp=0x00000027c6ff7020 mode 2

Classes unloaded (7 events):
Event: 37.474 Thread 0x0000021b14f6eab0 Unloading class 0x0000000100210800 'java/lang/invoke/LambdaForm$MH+0x0000000100210800'
Event: 37.474 Thread 0x0000021b14f6eab0 Unloading class 0x0000000100210400 'java/lang/invoke/LambdaForm$MH+0x0000000100210400'
Event: 37.474 Thread 0x0000021b14f6eab0 Unloading class 0x0000000100210000 'java/lang/invoke/LambdaForm$MH+0x0000000100210000'
Event: 37.474 Thread 0x0000021b14f6eab0 Unloading class 0x000000010020f800 'java/lang/invoke/LambdaForm$MH+0x000000010020f800'
Event: 37.474 Thread 0x0000021b14f6eab0 Unloading class 0x000000010020f400 'java/lang/invoke/LambdaForm$BMH+0x000000010020f400'
Event: 37.474 Thread 0x0000021b14f6eab0 Unloading class 0x000000010020f000 'java/lang/invoke/LambdaForm$DMH+0x000000010020f000'
Event: 37.474 Thread 0x0000021b14f6eab0 Unloading class 0x000000010020c400 'java/lang/invoke/LambdaForm$DMH+0x000000010020c400'

Classes redefined (0 events):
No events

Internal exceptions (20 events):
Event: 17.558 Thread 0x0000021b14e9aff0 Exception <a 'java/lang/NoSuchMethodError'{0x00000000ec263838}: 'int java.lang.invoke.DirectMethodHandle$Holder.invokeStaticInit(java.lang.Object, java.lang.Object)'> (0x00000000ec263838) 
thrown [s\src\hotspot\share\interpreter\linkResolver.cpp, line 759]
Event: 18.737 Thread 0x0000021b14e9aff0 Exception <a 'java/lang/NoSuchMethodError'{0x00000000ec389480}: 'void java.lang.invoke.DirectMethodHandle$Holder.invokeSpecial(java.lang.Object, java.lang.Object, java.lang.Object)'> (0x00000000ec389480) 
thrown [s\src\hotspot\share\interpreter\linkResolver.cpp, line 759]
Event: 21.904 Thread 0x0000021b14e9aff0 Exception <a 'java/lang/NoSuchMethodError'{0x00000000eb638c48}: 'java.lang.Object java.lang.invoke.DirectMethodHandle$Holder.newInvokeSpecial(java.lang.Object, int, java.lang.Object)'> (0x00000000eb638c48) 
thrown [s\src\hotspot\share\interpreter\linkResolver.cpp, line 759]
Event: 33.957 Thread 0x0000021b14e9aff0 Exception <a 'java/lang/UnsatisfiedLinkError'{0x00000000ebb67e20}: 'void org.eclipse.equinox.launcher.JNIBridge._update_splash()'> (0x00000000ebb67e20) 
thrown [s\src\hotspot\share\prims\nativeLookup.cpp, line 543]
Event: 34.390 Thread 0x0000021b2a76c6b0 Exception <a 'java/lang/NoSuchMethodError'{0x00000000ebe4ce20}: 'java.lang.Object java.lang.invoke.DirectMethodHandle$Holder.invokeStaticInit(java.lang.Object)'> (0x00000000ebe4ce20) 
thrown [s\src\hotspot\share\interpreter\linkResolver.cpp, line 759]
Event: 35.288 Thread 0x0000021b2a76c6b0 Exception <a 'java/io/FileNotFoundException'{0x00000000eb110950}> (0x00000000eb110950) 
thrown [s\src\hotspot\share\prims\jni.cpp, line 516]
Event: 35.296 Thread 0x0000021b2a76c6b0 Exception <a 'java/lang/NullPointerException'{0x00000000eb161f28}> (0x00000000eb161f28) 
thrown [s\src\hotspot\share\interpreter\linkResolver.cpp, line 1350]
Event: 35.296 Thread 0x0000021b2a76c6b0 Exception <a 'java/lang/NullPointerException'{0x00000000eb162750}> (0x00000000eb162750) 
thrown [s\src\hotspot\share\interpreter\linkResolver.cpp, line 1350]
Event: 36.156 Thread 0x0000021b2a76c6b0 Exception <a 'java/lang/NoSuchMethodError'{0x00000000eb8df6b8}: 'void java.lang.invoke.DirectMethodHandle$Holder.invokeInterface(java.lang.Object, java.lang.Object, java.lang.Object)'> (0x00000000eb8df6b8) 
thrown [s\src\hotspot\share\interpreter\linkResolver.cpp, line 759]
Event: 36.231 Thread 0x0000021b2a76c6b0 Exception <a 'java/lang/NoSuchMethodError'{0x00000000ebc02588}: 'java.lang.Object java.lang.invoke.Invokers$Holder.invokeExact_MT(java.lang.Object, java.lang.Object, java.lang.Object, java.lang.Object, java.lang.Object, java.lang.Object)'> (0x00000000ebc02588) 
thrown [s\src\hotspot\share\interpreter\linkResolver.cpp, line 759]
Event: 36.292 Thread 0x0000021b2a76c6b0 Exception <a 'java/lang/NoSuchMethodError'{0x00000000ebcec5d0}: 'java.lang.Object java.lang.invoke.DirectMethodHandle$Holder.invokeStatic(java.lang.Object, java.lang.Object, int)'> (0x00000000ebcec5d0) 
thrown [s\src\hotspot\share\interpreter\linkResolver.cpp, line 759]
Event: 36.293 Thread 0x0000021b2a76c6b0 Exception <a 'java/lang/NoSuchMethodError'{0x00000000ebcf1180}: 'void java.lang.invoke.DirectMethodHandle$Holder.invokeStatic(java.lang.Object, java.lang.Object, int, java.lang.Object)'> (0x00000000ebcf1180) 
thrown [s\src\hotspot\share\interpreter\linkResolver.cpp, line 759]
Event: 36.295 Thread 0x0000021b2a76c6b0 Exception <a 'java/lang/NoSuchMethodError'{0x00000000ebcf88b0}: 'void java.lang.invoke.DelegatingMethodHandle$Holder.delegate(java.lang.Object, java.lang.Object, int, java.lang.Object)'> (0x00000000ebcf88b0) 
thrown [s\src\hotspot\share\interpreter\linkResolver.cpp, line 759]
Event: 36.296 Thread 0x0000021b2a76c6b0 Exception <a 'java/lang/NoSuchMethodError'{0x00000000ebcfcc98}: 'int java.lang.invoke.DirectMethodHandle$Holder.invokeSpecial(java.lang.Object, java.lang.Object, java.lang.Object)'> (0x00000000ebcfcc98) 
thrown [s\src\hotspot\share\interpreter\linkResolver.cpp, line 759]
Event: 36.297 Thread 0x0000021b2a76c6b0 Exception <a 'java/lang/NoSuchMethodError'{0x00000000ebd0e500}: 'int java.lang.invoke.DirectMethodHandle$Holder.invokeStatic(java.lang.Object, java.lang.Object, int)'> (0x00000000ebd0e500) 
thrown [s\src\hotspot\share\interpreter\linkResolver.cpp, line 759]
Event: 36.298 Thread 0x0000021b2a76c6b0 Exception <a 'java/lang/NoSuchMethodError'{0x00000000ebd12528}: 'int java.lang.invoke.DirectMethodHandle$Holder.invokeSpecial(java.lang.Object, java.lang.Object, java.lang.Object, int)'> (0x00000000ebd12528) 
thrown [s\src\hotspot\share\interpreter\linkResolver.cpp, line 759]
Event: 36.301 Thread 0x0000021b2a76c6b0 Exception <a 'java/lang/NoSuchMethodError'{0x00000000ebd2dfc8}: 'java.lang.Object java.lang.invoke.DirectMethodHandle$Holder.invokeStatic(java.lang.Object, java.lang.Object, java.lang.Object, java.lang.Object, int)'> (0x00000000ebd2dfc8) 
thrown [s\src\hotspot\share\interpreter\linkResolver.cpp, line 759]
Event: 36.304 Thread 0x0000021b2a76c6b0 Exception <a 'java/lang/NoSuchMethodError'{0x00000000ebd3a368}: 'java.lang.Object java.lang.invoke.DelegatingMethodHandle$Holder.reinvoke_L(java.lang.Object, java.lang.Object, java.lang.Object, java.lang.Object, int, int)'> (0x00000000ebd3a368) 
thrown [s\src\hotspot\share\interpreter\linkResolver.cpp, line 759]
Event: 36.307 Thread 0x0000021b2a76c6b0 Exception <a 'java/lang/NoSuchMethodError'{0x00000000ebd52368}: 'java.lang.Object java.lang.invoke.Invokers$Holder.invokeExact_MT(java.lang.Object, java.lang.Object, java.lang.Object, java.lang.Object)'> (0x00000000ebd52368) 
thrown [s\src\hotspot\share\interpreter\linkResolver.cpp, line 759]
Event: 38.654 Thread 0x0000021b2a76c6b0 Exception <a 'java/lang/NoSuchMethodError'{0x00000000ebba6c58}: 'int java.lang.invoke.DirectMethodHandle$Holder.invokeStaticInit(java.lang.Object, java.lang.Object, java.lang.Object)'> (0x00000000ebba6c58) 
thrown [s\src\hotspot\share\interpreter\linkResolver.cpp, line 759]

VM Operations (20 events):
Event: 34.434 Executing VM operation: HandshakeAllThreads
Event: 34.434 Executing VM operation: HandshakeAllThreads done
Event: 34.936 Executing VM operation: ParallelGCFailedAllocation
Event: 34.940 Executing VM operation: ParallelGCFailedAllocation done
Event: 35.928 Executing VM operation: HandshakeAllThreads
Event: 35.928 Executing VM operation: HandshakeAllThreads done
Event: 36.086 Executing VM operation: HandshakeAllThreads
Event: 36.086 Executing VM operation: HandshakeAllThreads done
Event: 36.086 Executing VM operation: Cleanup
Event: 36.086 Executing VM operation: Cleanup done
Event: 36.093 Executing VM operation: HandshakeAllThreads
Event: 36.094 Executing VM operation: HandshakeAllThreads done
Event: 36.292 Executing VM operation: HandshakeAllThreads
Event: 36.292 Executing VM operation: HandshakeAllThreads done
Event: 36.625 Executing VM operation: HandshakeAllThreads
Event: 36.625 Executing VM operation: HandshakeAllThreads done
Event: 37.139 Executing VM operation: ParallelGCFailedAllocation
Event: 37.145 Executing VM operation: ParallelGCFailedAllocation done
Event: 37.466 Executing VM operation: CollectForMetadataAllocation
Event: 37.492 Executing VM operation: CollectForMetadataAllocation done

Events (20 events):
Event: 37.272 loading class java/net/SocketTimeoutException
Event: 37.272 loading class java/io/InterruptedIOException
Event: 37.272 loading class java/io/InterruptedIOException done
Event: 37.272 loading class java/net/SocketTimeoutException done
Event: 37.272 loading class java/net/SocketException
Event: 37.274 loading class java/net/SocketException done
Event: 37.274 loading class java/net/UnknownHostException
Event: 37.274 loading class java/net/UnknownHostException done
Event: 37.274 loading class java/net/ProtocolException
Event: 37.275 loading class java/net/ProtocolException done
Event: 37.318 loading class java/util/function/LongUnaryOperator
Event: 37.318 loading class java/util/function/LongUnaryOperator done
Event: 37.319 Thread 0x0000021b2aed7fb0 Thread added: 0x0000021b2aed7fb0
Event: 37.320 loading class java/util/concurrent/locks/ReentrantReadWriteLock$Sync$HoldCounter
Event: 37.320 loading class java/util/concurrent/locks/ReentrantReadWriteLock$Sync$HoldCounter done
Event: 37.322 Thread 0x0000021b2aedab00 Thread added: 0x0000021b2aedab00
Event: 37.362 loading class java/io/FileWriter
Event: 37.362 loading class java/io/FileWriter done
Event: 37.560 loading class java/lang/NegativeArraySizeException
Event: 37.560 loading class java/lang/NegativeArraySizeException done


Dynamic libraries:
0x00007ff7057e0000 - 0x00007ff7057ee000 	c:\Users\se\.vscode\extensions\redhat.java-1.12.0-win32-x64\jre\17.0.4.1-win32-x86_64\bin\java.exe
0x00007ffd00300000 - 0x00007ffd00509000 	C:\WINDOWS\SYSTEM32\ntdll.dll
0x00007ffcff9c0000 - 0x00007ffcffa7d000 	C:\WINDOWS\System32\KERNEL32.DLL
0x00007ffcfd9b0000 - 0x00007ffcfdd2b000 	C:\WINDOWS\System32\KERNELBASE.dll
0x00007ffcfe030000 - 0x00007ffcfe141000 	C:\WINDOWS\System32\ucrtbase.dll
0x00007ffca4380000 - 0x00007ffca4398000 	c:\Users\se\.vscode\extensions\redhat.java-1.12.0-win32-x64\jre\17.0.4.1-win32-x86_64\bin\jli.dll
0x00007ffca4360000 - 0x00007ffca4379000 	c:\Users\se\.vscode\extensions\redhat.java-1.12.0-win32-x64\jre\17.0.4.1-win32-x86_64\bin\VCRUNTIME140.dll
0x00007ffcfee90000 - 0x00007ffcff03d000 	C:\WINDOWS\System32\USER32.dll
0x00007ffcfe150000 - 0x00007ffcfe176000 	C:\WINDOWS\System32\win32u.dll
0x00007ffcfe690000 - 0x00007ffcfe6b9000 	C:\WINDOWS\System32\GDI32.dll
0x00007ffcfd7d0000 - 0x00007ffcfd8e8000 	C:\WINDOWS\System32\gdi32full.dll
0x00007ffcfde20000 - 0x00007ffcfdebd000 	C:\WINDOWS\System32\msvcp_win.dll
0x00007ffcdd980000 - 0x00007ffcddc25000 	C:\WINDOWS\WinSxS\amd64_microsoft.windows.common-controls_6595b64144ccf1df_6.0.22000.120_none_9d947278b86cc467\COMCTL32.dll
0x00007ffcfe560000 - 0x00007ffcfe603000 	C:\WINDOWS\System32\msvcrt.dll
0x00007ffcfe520000 - 0x00007ffcfe551000 	C:\WINDOWS\System32\IMM32.DLL
0x00007ffca55e0000 - 0x00007ffca55ec000 	c:\Users\se\.vscode\extensions\redhat.java-1.12.0-win32-x64\jre\17.0.4.1-win32-x86_64\bin\vcruntime140_1.dll
0x00007ffcbaa70000 - 0x00007ffcbab01000 	c:\Users\se\.vscode\extensions\redhat.java-1.12.0-win32-x64\jre\17.0.4.1-win32-x86_64\bin\msvcp140.dll
0x00007ffcb9d70000 - 0x00007ffcba9b6000 	c:\Users\se\.vscode\extensions\redhat.java-1.12.0-win32-x64\jre\17.0.4.1-win32-x86_64\bin\server\jvm.dll
0x00007ffd00150000 - 0x00007ffd001fe000 	C:\WINDOWS\System32\ADVAPI32.dll
0x00007ffd00030000 - 0x00007ffd000ce000 	C:\WINDOWS\System32\sechost.dll
0x00007ffcff790000 - 0x00007ffcff8b0000 	C:\WINDOWS\System32\RPCRT4.dll
0x00007ffcfee80000 - 0x00007ffcfee88000 	C:\WINDOWS\System32\PSAPI.DLL
0x00007ffce2d30000 - 0x00007ffce2d39000 	C:\WINDOWS\SYSTEM32\WSOCK32.dll
0x00007ffcfe190000 - 0x00007ffcfe1ff000 	C:\WINDOWS\System32\WS2_32.dll
0x00007ffcec730000 - 0x00007ffcec73a000 	C:\WINDOWS\SYSTEM32\VERSION.dll
0x00007ffcecd10000 - 0x00007ffcecd43000 	C:\WINDOWS\SYSTEM32\WINMM.dll
0x00007ffcfc850000 - 0x00007ffcfc868000 	C:\WINDOWS\SYSTEM32\kernel.appcore.dll
0x00007ffce0790000 - 0x00007ffce079a000 	c:\Users\se\.vscode\extensions\redhat.java-1.12.0-win32-x64\jre\17.0.4.1-win32-x86_64\bin\jimage.dll
0x00007ffcf6000000 - 0x00007ffcf6221000 	C:\WINDOWS\SYSTEM32\DBGHELP.DLL
0x00007ffcdc740000 - 0x00007ffcdc771000 	C:\WINDOWS\SYSTEM32\dbgcore.DLL
0x00007ffcfdd30000 - 0x00007ffcfddaf000 	C:\WINDOWS\System32\bcryptPrimitives.dll
0x00007ffce0780000 - 0x00007ffce078e000 	c:\Users\se\.vscode\extensions\redhat.java-1.12.0-win32-x64\jre\17.0.4.1-win32-x86_64\bin\instrument.dll
0x00007ffcb9d40000 - 0x00007ffcb9d65000 	c:\Users\se\.vscode\extensions\redhat.java-1.12.0-win32-x64\jre\17.0.4.1-win32-x86_64\bin\java.dll
0x00007ffcbad50000 - 0x00007ffcbad68000 	c:\Users\se\.vscode\extensions\redhat.java-1.12.0-win32-x64\jre\17.0.4.1-win32-x86_64\bin\zip.dll
0x00007ffcfe6c0000 - 0x00007ffcfee78000 	C:\WINDOWS\System32\SHELL32.dll
0x00007ffcfb8c0000 - 0x00007ffcfc125000 	C:\WINDOWS\SYSTEM32\windows.storage.dll
0x00007ffcff210000 - 0x00007ffcff587000 	C:\WINDOWS\System32\combase.dll
0x00007ffcfb750000 - 0x00007ffcfb8b6000 	C:\WINDOWS\SYSTEM32\wintypes.dll
0x00007ffcfe3c0000 - 0x00007ffcfe4aa000 	C:\WINDOWS\System32\SHCORE.dll
0x00007ffd000f0000 - 0x00007ffd0014d000 	C:\WINDOWS\System32\shlwapi.dll
0x00007ffcfd700000 - 0x00007ffcfd721000 	C:\WINDOWS\SYSTEM32\profapi.dll
0x00007ffcbc410000 - 0x00007ffcbc429000 	C:\Users\se\.vscode\extensions\redhat.java-1.12.0-win32-x64\jre\17.0.4.1-win32-x86_64\bin\net.dll
0x00007ffcec8e0000 - 0x00007ffcec9ec000 	C:\WINDOWS\SYSTEM32\WINHTTP.dll
0x00007ffcfccf0000 - 0x00007ffcfcd57000 	C:\WINDOWS\system32\mswsock.dll
0x00007ffcbcf40000 - 0x00007ffcbcf55000 	C:\Users\se\.vscode\extensions\redhat.java-1.12.0-win32-x64\jre\17.0.4.1-win32-x86_64\bin\nio.dll
0x00007ffcd7070000 - 0x00007ffcd7080000 	c:\Users\se\.vscode\extensions\redhat.java-1.12.0-win32-x64\jre\17.0.4.1-win32-x86_64\bin\verify.dll
0x00007ffcbb670000 - 0x00007ffcbb6ae000 	C:\Users\se\AppData\Roaming\Code\User\globalStorage\redhat.java\1.12.0\config_ss_win\org.eclipse.equinox.launcher\org.eclipse.equinox.launcher.win32.win32.x86_64_1.2.600.v20220720-1916\eclipse_11700.dll
0x00007ffcff5f0000 - 0x00007ffcff78a000 	C:\WINDOWS\System32\ole32.dll

dbghelp: loaded successfully - version: 4.0.5 - missing functions: none
symbol engine: initialized successfully - sym options: 0x614 - pdb path: .;c:\Users\se\.vscode\extensions\redhat.java-1.12.0-win32-x64\jre\17.0.4.1-win32-x86_64\bin;C:\WINDOWS\SYSTEM32;C:\WINDOWS\WinSxS\amd64_microsoft.windows.common-controls_6595b64144ccf1df_6.0.22000.120_none_9d947278b86cc467;c:\Users\se\.vscode\extensions\redhat.java-1.12.0-win32-x64\jre\17.0.4.1-win32-x86_64\bin\server;C:\Users\se\AppData\Roaming\Code\User\globalStorage\redhat.java\1.12.0\config_ss_win\org.eclipse.equinox.launcher\org.eclipse.equinox.launcher.win32.win32.x86_64_1.2.600.v20220720-1916

VM Arguments:
jvm_args: --add-modules=ALL-SYSTEM --add-opens=java.base/java.util=ALL-UNNAMED --add-opens=java.base/java.lang=ALL-UNNAMED --add-opens=java.base/sun.nio.fs=ALL-UNNAMED -Declipse.application=org.eclipse.jdt.ls.core.id1 -Dosgi.bundles.defaultStartLevel=4 -Declipse.product=org.eclipse.jdt.ls.core.product -Djava.import.generatesMetadataFilesAtProjectRoot=false -Dfile.encoding=utf8 -XX:+UseParallelGC -XX:GCTimeRatio=4 -XX:AdaptiveSizePolicyWeight=90 -Dsun.zip.disableMemoryMapping=true -Xmx1G -Xms100m -Xlog:disable -javaagent:c:\Users\se\.vscode\extensions\redhat.java-1.12.0-win32-x64\lombok\lombok-1.18.24.jar 
java_command: c:\Users\se\.vscode\extensions\redhat.java-1.12.0-win32-x64\server\plugins\org.eclipse.equinox.launcher_1.6.400.v20210924-0641.jar -configuration c:\Users\se\AppData\Roaming\Code\User\globalStorage\redhat.java\1.12.0\config_ss_win -data c:\Users\se\AppData\Roaming\Code\User\workspaceStorage\042ae597b835ad676826bf5aba2120d6\redhat.java\ss_ws
java_class_path (initial): c:\Users\se\.vscode\extensions\redhat.java-1.12.0-win32-x64\server\plugins\org.eclipse.equinox.launcher_1.6.400.v20210924-0641.jar
Launcher Type: SUN_STANDARD

[Global flags]
    uintx AdaptiveSizePolicyWeight                 = 90                                        {product} {command line}
     intx CICompilerCount                          = 3                                         {product} {ergonomic}
    uintx GCTimeRatio                              = 4                                         {product} {command line}
   size_t InitialHeapSize                          = 104857600                                 {product} {command line}
   size_t MaxHeapSize                              = 1073741824                                {product} {command line}
   size_t MaxNewSize                               = 357564416                                 {product} {ergonomic}
   size_t MinHeapDeltaBytes                        = 524288                                    {product} {ergonomic}
   size_t MinHeapSize                              = 104857600                                 {product} {command line}
   size_t NewSize                                  = 34603008                                  {product} {ergonomic}
    uintx NonNMethodCodeHeapSize                   = 5832780                                {pd product} {ergonomic}
    uintx NonProfiledCodeHeapSize                  = 122912730                              {pd product} {ergonomic}
   size_t OldSize                                  = 70254592                                  {product} {ergonomic}
    uintx ProfiledCodeHeapSize                     = 122912730                              {pd product} {ergonomic}
    uintx ReservedCodeCacheSize                    = 251658240                              {pd product} {ergonomic}
     bool SegmentedCodeCache                       = true                                      {product} {ergonomic}
   size_t SoftMaxHeapSize                          = 1073741824                             {manageable} {ergonomic}
     bool UseCompressedClassPointers               = true                           {product lp64_product} {ergonomic}
     bool UseCompressedOops                        = true                           {product lp64_product} {ergonomic}
     bool UseLargePagesIndividualAllocation        = false                                  {pd product} {ergonomic}
     bool UseParallelGC                            = true                                      {product} {command line}

Logging:
Log output configuration:
 #0: stdout all=off uptime,level,tags
 #1: stderr all=off uptime,level,tags

Environment Variables:
PATH=C:\Program Files\Common Files\Oracle\Java\javapath;C:\Program Files (x86)\Common Files\Intel\Shared Libraries\redist\intel64\compiler;C:\WINDOWS\system32;C:\WINDOWS;C:\WINDOWS\System32\Wbem;C:\WINDOWS\System32\WindowsPowerShell\v1.0\;C:\WINDOWS\System32\OpenSSH\;C:\MinGW\bin;C:\Program Files (x86)\MGLTools-1.5.7;C:\MinGW\bin;C:\Program Files\Java\jdk-18.0.2.1\bin;C:\Program Files\dotnet\;C:\Users\se\AppData\Local\Microsoft\WindowsApps;E:\New folder\MinGW\bin;C:\Users\se\AppData\Local\Programs\Microsoft VS Code\bin
USERNAME=se
OS=Windows_NT
PROCESSOR_IDENTIFIER=Intel64 Family 6 Model 126 Stepping 5, GenuineIntel
TMP=C:\Users\se\AppData\Local\Temp
TEMP=C:\Users\se\AppData\Local\Temp



---------------  S Y S T E M  ---------------

OS:
 Windows 11 , 64 bit Build 22000 (10.0.22000.708)
OS uptime: 0 days 0:06 hours

CPU: total 4 (initial active 4) (2 cores per cpu, 2 threads per core) family 6 model 126 stepping 5 microcode 0xa6, cx8, cmov, fxsr, ht, mmx, 3dnowpref, sse, sse2, sse3, ssse3, sse4.1, sse4.2, popcnt, lzcnt, tsc, tscinvbit, avx, avx2, aes, erms, clmul, bmi1, bmi2, adx, avx512f, avx512dq, avx512cd, avx512bw, avx512vl, sha, fma, vzeroupper, avx512_vpopcntdq, avx512_vpclmulqdq, avx512_vaes, avx512_vnni, clflush, clflushopt, avx512_vbmi2, avx512_vbmi

Memory: 4k page, system-wide physical 3858M (508M free)
TotalPageFile size 3858M (AvailPageFile size 213M)
current process WorkingSet (physical memory assigned to process): 112M, peak: 112M
current process commit charge ("private bytes"): 206M, peak: 206M

vm_info: OpenJDK 64-Bit Server VM (17.0.4.1+1) for windows-amd64 JRE (17.0.4.1+1), built on Aug 17 2022 07:42:43 by "temurin" with MS VC++ 16.7 (VS2019)

END.
