#
# There is insufficient memory for the Java Runtime Environment to continue.
# Native memory allocation (malloc) failed to allocate 142896 bytes for Chunk::new
# Possible reasons:
#   The system is out of physical RAM or swap space
#   The process is running with CompressedOops enabled, and the Java Heap may be blocking the growth of the native heap
# Possible solutions:
#   Reduce memory load on the system
#   Increase physical memory or swap space
#   Check if swap backing store is full
#   Decrease Java heap size (-Xmx/-Xms)
#   Decrease number of Java threads
#   Decrease Java thread stack sizes (-Xss)
#   Set larger code cache with -XX:ReservedCodeCacheSize=
#   JVM is running with Unscaled Compressed Oops mode in which the Java heap is
#     placed in the first 4GB address space. The Java Heap base address is the
#     maximum limit for the native heap growth. Please use -XX:HeapBaseMinAddress
#     to set the Java Heap base and to place the Java Heap above 4GB virtual address.
# This output file may be truncated or incomplete.
#
#  Out of Memory Error (arena.cpp:189), pid=11832, tid=11952
#
# JRE version: OpenJDK Runtime Environment Temurin-17.0.4.1+1 (17.0.4.1+1) (build 17.0.4.1+1)
# Java VM: OpenJDK 64-Bit Server VM Temurin-17.0.4.1+1 (17.0.4.1+1, mixed mode, tiered, compressed oops, compressed class ptrs, parallel gc, windows-amd64)
# No core dump will be written. Minidumps are not enabled by default on client versions of Windows
#

---------------  S U M M A R Y ------------

Command Line: --add-modules=ALL-SYSTEM --add-opens=java.base/java.util=ALL-UNNAMED --add-opens=java.base/java.lang=ALL-UNNAMED --add-opens=java.base/sun.nio.fs=ALL-UNNAMED -Declipse.application=org.eclipse.jdt.ls.core.id1 -Dosgi.bundles.defaultStartLevel=4 -Declipse.product=org.eclipse.jdt.ls.core.product -Djava.import.generatesMetadataFilesAtProjectRoot=false -Dfile.encoding=utf8 -XX:+UseParallelGC -XX:GCTimeRatio=4 -XX:AdaptiveSizePolicyWeight=90 -Dsun.zip.disableMemoryMapping=true -Xmx1G -Xms100m -Xlog:disable -javaagent:c:\Users\se\.vscode\extensions\redhat.java-1.12.0-win32-x64\lombok\lombok-1.18.24.jar -XX:+HeapDumpOnOutOfMemoryError -XX:HeapDumpPath=c:\Users\se\AppData\Roaming\Code\User\workspaceStorage\85ccc1e8541c9c61dbb81f5c14fcce68\redhat.java c:\Users\se\.vscode\extensions\redhat.java-1.12.0-win32-x64\server\plugins\org.eclipse.equinox.launcher_1.6.400.v20210924-0641.jar -configuration c:\Users\se\AppData\Roaming\Code\User\globalStorage\redhat.java\1.12.0\config_win -data c:\Users\se\AppData\Roaming\Code\User\workspaceStorage\85ccc1e8541c9c61dbb81f5c14fcce68\redhat.java\jdt_ws

Host: Intel(R) Core(TM) i3-1005G1 CPU @ 1.20GHz, 4 cores, 3G,  Windows 11 , 64 bit Build 22000 (10.0.22000.708)
Time: Sun Dec 25 14:38:56 2022 India Standard Time elapsed time: 5.864008 seconds (0d 0h 0m 5s)

---------------  T H R E A D  ---------------

Current thread (0x000001d74edda560):  JavaThread "C2 CompilerThread0" daemon [_thread_in_native, id=11952, stack(0x00000057f9f00000,0x00000057fa000000)]


Current CompileTask:
C2:   5864  973       4       java.lang.StringLatin1::toUpperCase (186 bytes)

Stack: [0x00000057f9f00000,0x00000057fa000000]
Native frames: (J=compiled Java code, j=interpreted, Vv=VM code, C=native code)
V  [jvm.dll+0x67731a]
V  [jvm.dll+0x832284]
V  [jvm.dll+0x833a2e]
V  [jvm.dll+0x834093]
V  [jvm.dll+0x245775]
V  [jvm.dll+0xabd7b]
V  [jvm.dll+0xac30c]
V  [jvm.dll+0x363a42]
V  [jvm.dll+0x32e011]
V  [jvm.dll+0x32d4ba]
V  [jvm.dll+0x218681]
V  [jvm.dll+0x217aa1]
V  [jvm.dll+0x1a3f8d]
V  [jvm.dll+0x227498]
V  [jvm.dll+0x2255e5]
V  [jvm.dll+0x7e7e9b]
V  [jvm.dll+0x7e240a]
V  [jvm.dll+0x6761a5]
C  [ucrtbase.dll+0x26c0c]
C  [KERNEL32.DLL+0x154e0]
C  [ntdll.dll+0x485b]


---------------  P R O C E S S  ---------------

Threads class SMR info:
_java_thread_list=0x000001d750ac5b60, length=12, elements={
0x000001d73af75c20, 0x000001d74ed90cd0, 0x000001d74ed91f30, 0x000001d74eda48c0,
0x000001d74eda91a0, 0x000001d74eda9a60, 0x000001d74edd9080, 0x000001d74edda560,
0x000001d74eddc6c0, 0x000001d74eddd760, 0x000001d7508cd240, 0x000001d7509fda80
}

Java Threads: ( => current thread )
  0x000001d73af75c20 JavaThread "main" [_thread_in_vm, id=11856, stack(0x00000057f9600000,0x00000057f9700000)]
  0x000001d74ed90cd0 JavaThread "Reference Handler" daemon [_thread_blocked, id=11900, stack(0x00000057f9900000,0x00000057f9a00000)]
  0x000001d74ed91f30 JavaThread "Finalizer" daemon [_thread_blocked, id=11908, stack(0x00000057f9a00000,0x00000057f9b00000)]
  0x000001d74eda48c0 JavaThread "Signal Dispatcher" daemon [_thread_blocked, id=11920, stack(0x00000057f9b00000,0x00000057f9c00000)]
  0x000001d74eda91a0 JavaThread "Attach Listener" daemon [_thread_blocked, id=11924, stack(0x00000057f9c00000,0x00000057f9d00000)]
  0x000001d74eda9a60 JavaThread "Service Thread" daemon [_thread_blocked, id=11936, stack(0x00000057f9d00000,0x00000057f9e00000)]
  0x000001d74edd9080 JavaThread "Monitor Deflation Thread" daemon [_thread_blocked, id=11944, stack(0x00000057f9e00000,0x00000057f9f00000)]
=>0x000001d74edda560 JavaThread "C2 CompilerThread0" daemon [_thread_in_native, id=11952, stack(0x00000057f9f00000,0x00000057fa000000)]
  0x000001d74eddc6c0 JavaThread "C1 CompilerThread0" daemon [_thread_blocked, id=11960, stack(0x00000057fa000000,0x00000057fa100000)]
  0x000001d74eddd760 JavaThread "Sweeper thread" daemon [_thread_blocked, id=11968, stack(0x00000057fa100000,0x00000057fa200000)]
  0x000001d7508cd240 JavaThread "Common-Cleaner" daemon [_thread_blocked, id=11976, stack(0x00000057fa200000,0x00000057fa300000)]
  0x000001d7509fda80 JavaThread "Notification Thread" daemon [_thread_blocked, id=12024, stack(0x00000057fa300000,0x00000057fa400000)]

Other Threads:
  0x000001d74ed79eb0 VMThread "VM Thread" [stack: 0x00000057f9800000,0x00000057f9900000] [id=11892]
  0x000001d7509fdf50 WatcherThread [stack: 0x00000057fa400000,0x00000057fa500000] [id=12028]
  0x000001d73af8a120 GCTaskThread "GC Thread#0" [stack: 0x00000057f9700000,0x00000057f9800000] [id=11880]
  0x000001d750f9d6e0 GCTaskThread "GC Thread#1" [stack: 0x00000057fa500000,0x00000057fa600000] [id=12064]
  0x000001d750f9d990 GCTaskThread "GC Thread#2" [stack: 0x00000057fa600000,0x00000057fa700000] [id=12068]
  0x000001d750f9dc40 GCTaskThread "GC Thread#3" [stack: 0x00000057fa700000,0x00000057fa800000] [id=12072]

Threads with active compile tasks:
C2 CompilerThread0     6179  973       4       java.lang.StringLatin1::toUpperCase (186 bytes)

VM state: not at safepoint (normal execution)

VM Mutex/Monitor currently owned by a thread:  ([mutex/lock_event])
[0x000001d73af6f2e0] Metaspace_lock - owner thread: 0x000001d73af75c20

OutOfMemory and StackOverflow Exception counts:
OutOfMemoryError java_heap_errors=1
LinkageErrors=8

Heap address: 0x00000000c0000000, size: 1024 MB, Compressed Oops mode: 32-bit

CDS archive(s) not mapped
Compressed class space mapped at: 0x0000000100000000-0x0000000140000000, reserved size: 1073741824
Narrow klass base: 0x0000000000000000, Narrow klass shift: 3, Narrow klass range: 0x140000000

GC Precious Log:
 CPUs: 4 total, 4 available
 Memory: 3858M
 Large Page Support: Disabled
 NUMA Support: Disabled
 Compressed Oops: Enabled (32-bit)
 Alignments: Space 512K, Generation 512K, Heap 2M
 Heap Min Capacity: 100M
 Heap Initial Capacity: 100M
 Heap Max Capacity: 1G
 Pre-touch: Disabled
 Parallel Workers: 4

Heap:
 PSYoungGen      total 29696K, used 8483K [0x00000000eab00000, 0x00000000ecc00000, 0x0000000100000000)
  eden space 25600K, 20% used [0x00000000eab00000,0x00000000eb016a38,0x00000000ec400000)
  from space 4096K, 79% used [0x00000000ec400000,0x00000000ec732228,0x00000000ec800000)
  to   space 4096K, 0% used [0x00000000ec800000,0x00000000ec800000,0x00000000ecc00000)
 ParOldGen       total 68608K, used 16K [0x00000000c0000000, 0x00000000c4300000, 0x00000000eab00000)
  object space 68608K, 0% used [0x00000000c0000000,0x00000000c0004000,0x00000000c4300000)
 Metaspace       used 11669K, committed 11776K, reserved 1064960K
  class space    used 1149K, committed 1216K, reserved 1048576K

Card table byte_map: [0x000001d73a940000,0x000001d73ab50000] _byte_map_base: 0x000001d73a340000

Marking Bits: (ParMarkBitMap*) 0x00007ffafc462cc0
 Begin Bits: [0x000001d74cc10000, 0x000001d74dc10000)
 End Bits:   [0x000001d74dc10000, 0x000001d74ec10000)

Polling page: 0x000001d738dc0000

Metaspace:

Usage:
  Non-class:     10.27 MB used.
      Class:      1.12 MB used.
       Both:     11.40 MB used.

Virtual space:
  Non-class space:       16.00 MB reserved,      10.31 MB ( 64%) committed,  2 nodes.
      Class space:        1.00 GB reserved,       1.19 MB ( <1%) committed,  1 nodes.
             Both:        1.02 GB reserved,      11.50 MB (  1%) committed. 

Chunk freelists:
   Non-Class:  1.42 MB
       Class:  2.62 MB
        Both:  4.05 MB

MaxMetaspaceSize: unlimited
CompressedClassSpaceSize: 1.00 GB
Initial GC threshold: 21.00 MB
Current GC threshold: 21.00 MB
CDS: off
MetaspaceReclaimPolicy: balanced
 - commit_granule_bytes: 65536.
 - commit_granule_words: 8192.
 - virtual_space_node_default_size: 1048576.
 - enlarge_chunks_in_place: 1.
 - new_chunks_are_fully_committed: 0.
 - uncommit_free_chunks: 1.
 - use_allocation_guard: 0.
 - handle_deallocations: 1.


Internal statistics:

num_allocs_failed_limit: 0.
num_arena_births: 32.
num_arena_deaths: 0.
num_vsnodes_births: 3.
num_vsnodes_deaths: 0.
num_space_committed: 184.
num_space_uncommitted: 0.
num_chunks_returned_to_freelist: 0.
num_chunks_taken_from_freelist: 132.
num_chunk_merges: 0.
num_chunk_splits: 94.
num_chunks_enlarged: 82.
num_purges: 0.
num_inconsistent_stats: 0.

CodeHeap 'non-profiled nmethods': size=120000Kb used=372Kb max_used=372Kb free=119627Kb
 bounds [0x000001d7456e0000, 0x000001d745950000, 0x000001d74cc10000]
CodeHeap 'profiled nmethods': size=120000Kb used=1931Kb max_used=1931Kb free=118068Kb
 bounds [0x000001d73e1b0000, 0x000001d73e420000, 0x000001d7456e0000]
CodeHeap 'non-nmethods': size=5760Kb used=1154Kb max_used=1170Kb free=4605Kb
 bounds [0x000001d73dc10000, 0x000001d73de80000, 0x000001d73e1b0000]
 total_blobs=1511 nmethods=1077 adapters=349
 compilation: enabled
              stopped_count=0, restarted_count=0
 full_count=0

Compilation events (20 events):
Event: 4.349 Thread 0x000001d74eddc6c0  969       3       jdk.internal.loader.BuiltinClassLoader::findLoadedModule (33 bytes)
Event: 4.349 Thread 0x000001d74eddc6c0 nmethod 969 0x000001d73e34b590 code [0x000001d73e34b7a0, 0x000001d73e34bdd8]
Event: 4.506 Thread 0x000001d74eddc6c0  970       3       java.lang.reflect.AccessibleObject::verifyAccess (55 bytes)
Event: 4.506 Thread 0x000001d74eddc6c0 nmethod 970 0x000001d73e34c010 code [0x000001d73e34c260, 0x000001d73e34ce08]
Event: 4.506 Thread 0x000001d74eddc6c0  971       3       java.lang.reflect.AccessibleObject::isAccessChecked (25 bytes)
Event: 4.506 Thread 0x000001d74eddc6c0 nmethod 971 0x000001d73e34d110 code [0x000001d73e34d2e0, 0x000001d73e34d7a8]
Event: 4.624 Thread 0x000001d74eddc6c0  972       3       java.io.FilterInputStream::<init> (10 bytes)
Event: 4.624 Thread 0x000001d74eddc6c0 nmethod 972 0x000001d73e34d910 code [0x000001d73e34dac0, 0x000001d73e34dcb8]
Event: 4.625 Thread 0x000001d74edda560  973       4       java.lang.StringLatin1::toUpperCase (186 bytes)
Event: 4.625 Thread 0x000001d74eddc6c0  974       3       java.net.URL::getDefaultPort (8 bytes)
Event: 4.625 Thread 0x000001d74eddc6c0 nmethod 974 0x000001d73e34dd90 code [0x000001d73e34df20, 0x000001d73e34e118]
Event: 4.625 Thread 0x000001d74eddc6c0  975   !   3       jdk.internal.loader.URLClassPath$JarLoader::getResource (65 bytes)
Event: 4.626 Thread 0x000001d74eddc6c0 nmethod 975 0x000001d73e34e210 code [0x000001d73e34e460, 0x000001d73e34ee48]
Event: 4.630 Thread 0x000001d74eddc6c0  976       3       java.io.BufferedInputStream::getBufIfOpen (21 bytes)
Event: 4.630 Thread 0x000001d74eddc6c0 nmethod 976 0x000001d73e34f190 code [0x000001d73e34f340, 0x000001d73e34f548]
Event: 4.630 Thread 0x000001d74eddc6c0  977       3       java.util.WeakHashMap::put (160 bytes)
Event: 4.631 Thread 0x000001d74eddc6c0 nmethod 977 0x000001d73e34f610 code [0x000001d73e34f880, 0x000001d73e350668]
Event: 4.631 Thread 0x000001d74eddc6c0  979  s    3       java.io.BufferedInputStream::read (49 bytes)
Event: 4.631 Thread 0x000001d74eddc6c0 nmethod 979 0x000001d73e350b90 code [0x000001d73e350d60, 0x000001d73e3511d8]
Event: 4.631 Thread 0x000001d74eddc6c0  981       3       java.io.DataInputStream::readUTF (501 bytes)

GC Heap History (0 events):
No events

Deoptimization events (20 events):
Event: 4.112 Thread 0x000001d73af75c20 Uncommon trap: trap_request=0xffffffde fr.pc=0x000001d745704a0c relative=0x00000000000001ec
Event: 4.112 Thread 0x000001d73af75c20 Uncommon trap: reason=class_check action=maybe_recompile pc=0x000001d745704a0c method=java.util.Collections$UnmodifiableCollection$1.next()Ljava/lang/Object; @ 4 c2
Event: 4.112 Thread 0x000001d73af75c20 DEOPT PACKING pc=0x000001d745704a0c sp=0x00000057f96fe660
Event: 4.112 Thread 0x000001d73af75c20 DEOPT UNPACKING pc=0x000001d73dc65923 sp=0x00000057f96fe610 mode 2
Event: 4.191 Thread 0x000001d73af75c20 Uncommon trap: trap_request=0xffffffde fr.pc=0x000001d745704a0c relative=0x00000000000001ec
Event: 4.191 Thread 0x000001d73af75c20 Uncommon trap: reason=class_check action=maybe_recompile pc=0x000001d745704a0c method=java.util.Collections$UnmodifiableCollection$1.next()Ljava/lang/Object; @ 4 c2
Event: 4.191 Thread 0x000001d73af75c20 DEOPT PACKING pc=0x000001d745704a0c sp=0x00000057f96fe4d0
Event: 4.191 Thread 0x000001d73af75c20 DEOPT UNPACKING pc=0x000001d73dc65923 sp=0x00000057f96fe480 mode 2
Event: 4.191 Thread 0x000001d73af75c20 Uncommon trap: trap_request=0xffffffde fr.pc=0x000001d745704a0c relative=0x00000000000001ec
Event: 4.191 Thread 0x000001d73af75c20 Uncommon trap: reason=class_check action=maybe_recompile pc=0x000001d745704a0c method=java.util.Collections$UnmodifiableCollection$1.next()Ljava/lang/Object; @ 4 c2
Event: 4.191 Thread 0x000001d73af75c20 DEOPT PACKING pc=0x000001d745704a0c sp=0x00000057f96fe4d0
Event: 4.191 Thread 0x000001d73af75c20 DEOPT UNPACKING pc=0x000001d73dc65923 sp=0x00000057f96fe480 mode 2
Event: 4.193 Thread 0x000001d73af75c20 Uncommon trap: trap_request=0xffffff45 fr.pc=0x000001d74571a290 relative=0x0000000000000990
Event: 4.193 Thread 0x000001d73af75c20 Uncommon trap: reason=unstable_if action=reinterpret pc=0x000001d74571a290 method=java.util.HashMap.hash(Ljava/lang/Object;)I @ 1 c2
Event: 4.194 Thread 0x000001d73af75c20 DEOPT PACKING pc=0x000001d74571a290 sp=0x00000057f96fe4c0
Event: 4.194 Thread 0x000001d73af75c20 DEOPT UNPACKING pc=0x000001d73dc65923 sp=0x00000057f96fe430 mode 2
Event: 4.194 Thread 0x000001d73af75c20 Uncommon trap: trap_request=0xffffff45 fr.pc=0x000001d745721e6c relative=0x000000000000024c
Event: 4.194 Thread 0x000001d73af75c20 Uncommon trap: reason=unstable_if action=reinterpret pc=0x000001d745721e6c method=java.util.HashMap.hash(Ljava/lang/Object;)I @ 1 c2
Event: 4.194 Thread 0x000001d73af75c20 DEOPT PACKING pc=0x000001d745721e6c sp=0x00000057f96fe3b0
Event: 4.194 Thread 0x000001d73af75c20 DEOPT UNPACKING pc=0x000001d73dc65923 sp=0x00000057f96fe2a8 mode 2

Classes unloaded (0 events):
No events

Classes redefined (0 events):
No events

Internal exceptions (20 events):
Event: 3.472 Thread 0x000001d73af75c20 Exception <a 'java/lang/ClassNotFoundException'{0x00000000eb713e30}: sun/net/www/protocol/c/Handler> (0x00000000eb713e30) 
thrown [s\src\hotspot\share\classfile\systemDictionary.cpp, line 256]
Event: 3.494 Thread 0x000001d73af75c20 Exception <a 'java/io/FileNotFoundException'{0x00000000eb7301d8}> (0x00000000eb7301d8) 
thrown [s\src\hotspot\share\prims\jni.cpp, line 516]
Event: 3.494 Thread 0x000001d73af75c20 Exception <a 'java/io/FileNotFoundException'{0x00000000eb730ea8}> (0x00000000eb730ea8) 
thrown [s\src\hotspot\share\prims\jni.cpp, line 516]
Event: 3.496 Thread 0x000001d73af75c20 Exception <a 'java/io/FileNotFoundException'{0x00000000eb731b58}> (0x00000000eb731b58) 
thrown [s\src\hotspot\share\prims\jni.cpp, line 516]
Event: 3.497 Thread 0x000001d73af75c20 Exception <a 'java/io/FileNotFoundException'{0x00000000eb732800}> (0x00000000eb732800) 
thrown [s\src\hotspot\share\prims\jni.cpp, line 516]
Event: 3.505 Thread 0x000001d73af75c20 Implicit null exception at 0x000001d745701972 to 0x000001d745701ee8
Event: 3.508 Thread 0x000001d73af75c20 Exception <a 'java/io/FileNotFoundException'{0x00000000eb770f58}> (0x00000000eb770f58) 
thrown [s\src\hotspot\share\prims\jni.cpp, line 516]
Event: 3.737 Thread 0x000001d73af75c20 Implicit null exception at 0x000001d7457152de to 0x000001d7457153a0
Event: 4.097 Thread 0x000001d73af75c20 Exception <a 'java/lang/ClassNotFoundException'{0x00000000ebf6ab68}: sun/net/www/protocol/c/Handler> (0x00000000ebf6ab68) 
thrown [s\src\hotspot\share\classfile\systemDictionary.cpp, line 256]
Event: 4.097 Thread 0x000001d73af75c20 Exception <a 'java/lang/ClassNotFoundException'{0x00000000ebf6be58}: sun/net/www/protocol/e/Handler> (0x00000000ebf6be58) 
thrown [s\src\hotspot\share\classfile\systemDictionary.cpp, line 256]
Event: 4.097 Thread 0x000001d73af75c20 Exception <a 'java/lang/ClassNotFoundException'{0x00000000ebf6cf68}: sun/net/www/protocol/c/Handler> (0x00000000ebf6cf68) 
thrown [s\src\hotspot\share\classfile\systemDictionary.cpp, line 256]
Event: 4.112 Thread 0x000001d73af75c20 Exception <a 'java/io/FileNotFoundException'{0x00000000ebf934e8}> (0x00000000ebf934e8) 
thrown [s\src\hotspot\share\prims\jni.cpp, line 516]
Event: 4.193 Thread 0x000001d73af75c20 Implicit null exception at 0x000001d74571993b to 0x000001d74571a278
Event: 4.194 Thread 0x000001d73af75c20 Implicit null exception at 0x000001d745721c71 to 0x000001d745721e54
Event: 4.303 Thread 0x000001d73af75c20 Exception <a 'java/lang/NoSuchMethodError'{0x00000000ec260120}: 'int java.lang.invoke.DirectMethodHandle$Holder.invokeStaticInit(java.lang.Object, java.lang.Object, java.lang.Object, java.lang.Object)'> (0x00000000ec260120) 
thrown [s\src\hotspot\share\interpreter\linkResolver.cpp, line 759]
Event: 4.305 Thread 0x000001d73af75c20 Exception <a 'java/lang/NoSuchMethodError'{0x00000000ec26a790}: 'java.lang.Object java.lang.invoke.DirectMethodHandle$Holder.invokeInterface(java.lang.Object, java.lang.Object)'> (0x00000000ec26a790) 
thrown [s\src\hotspot\share\interpreter\linkResolver.cpp, line 759]
Event: 4.305 Thread 0x000001d73af75c20 Exception <a 'java/lang/IncompatibleClassChangeError'{0x00000000ec26df88}: Found class java.lang.Object, but interface was expected> (0x00000000ec26df88) 
thrown [s\src\hotspot\share\interpreter\linkResolver.cpp, line 826]
Event: 4.324 Thread 0x000001d73af75c20 Exception <a 'java/lang/NoSuchMethodError'{0x00000000ec272480}: 'void java.lang.invoke.DirectMethodHandle$Holder.invokeStatic(java.lang.Object, java.lang.Object)'> (0x00000000ec272480) 
thrown [s\src\hotspot\share\interpreter\linkResolver.cpp, line 759]
Event: 4.324 Thread 0x000001d73af75c20 Exception <a 'java/lang/NoSuchMethodError'{0x00000000ec275c80}: 'void java.lang.invoke.DirectMethodHandle$Holder.invokeStaticInit(java.lang.Object, java.lang.Object)'> (0x00000000ec275c80) 
thrown [s\src\hotspot\share\interpreter\linkResolver.cpp, line 759]
Event: 4.325 Thread 0x000001d73af75c20 Exception <a 'java/lang/NoSuchMethodError'{0x00000000ec27d078}: 'int java.lang.invoke.DirectMethodHandle$Holder.invokeStaticInit(java.lang.Object, java.lang.Object)'> (0x00000000ec27d078) 
thrown [s\src\hotspot\share\interpreter\linkResolver.cpp, line 759]

VM Operations (12 events):
Event: 2.010 Executing VM operation: HandshakeAllThreads
Event: 2.011 Executing VM operation: HandshakeAllThreads done
Event: 2.561 Executing VM operation: HandshakeAllThreads
Event: 2.561 Executing VM operation: HandshakeAllThreads done
Event: 3.440 Executing VM operation: HandshakeAllThreads
Event: 3.440 Executing VM operation: HandshakeAllThreads done
Event: 3.440 Executing VM operation: Cleanup
Event: 3.442 Executing VM operation: Cleanup done
Event: 3.459 Executing VM operation: HandshakeAllThreads
Event: 3.459 Executing VM operation: HandshakeAllThreads done
Event: 4.456 Executing VM operation: Cleanup
Event: 4.457 Executing VM operation: Cleanup done

Events (20 events):
Event: 4.361 loading class sun/nio/ch/FileLockTable
Event: 4.361 loading class sun/nio/ch/FileLockTable done
Event: 4.361 loading class sun/nio/ch/FileKey
Event: 4.361 loading class sun/nio/ch/FileKey done
Event: 4.361 loading class sun/nio/ch/FileLockTable$FileLockReference
Event: 4.361 loading class sun/nio/ch/FileLockTable$FileLockReference done
Event: 4.364 loading class java/util/function/IntUnaryOperator
Event: 4.365 loading class java/util/function/IntUnaryOperator done
Event: 4.365 loading class java/io/DeleteOnExitHook
Event: 4.366 loading class java/io/DeleteOnExitHook done
Event: 4.366 loading class java/io/DeleteOnExitHook$1
Event: 4.366 loading class java/io/DeleteOnExitHook$1 done
Event: 4.366 loading class java/lang/Shutdown
Event: 4.366 loading class java/lang/Shutdown done
Event: 4.366 loading class java/lang/Shutdown$Lock
Event: 4.366 loading class java/lang/Shutdown$Lock done
Event: 4.367 loading class java/util/ComparableTimSort
Event: 4.367 loading class java/util/ComparableTimSort done
Event: 4.623 loading class java/io/DataInputStream
Event: 4.623 loading class java/io/DataInputStream done


Dynamic libraries:
0x00007ff652aa0000 - 0x00007ff652aae000 	c:\Users\se\.vscode\extensions\redhat.java-1.12.0-win32-x64\jre\17.0.4.1-win32-x86_64\bin\java.exe
0x00007ffb58e80000 - 0x00007ffb59089000 	C:\WINDOWS\SYSTEM32\ntdll.dll
0x00007ffb57910000 - 0x00007ffb579cd000 	C:\WINDOWS\System32\KERNEL32.DLL
0x00007ffb568e0000 - 0x00007ffb56c5b000 	C:\WINDOWS\System32\KERNELBASE.dll
0x00007ffb563f0000 - 0x00007ffb56501000 	C:\WINDOWS\System32\ucrtbase.dll
0x00007ffafc600000 - 0x00007ffafc618000 	c:\Users\se\.vscode\extensions\redhat.java-1.12.0-win32-x64\jre\17.0.4.1-win32-x86_64\bin\jli.dll
0x00007ffafc5e0000 - 0x00007ffafc5f9000 	c:\Users\se\.vscode\extensions\redhat.java-1.12.0-win32-x64\jre\17.0.4.1-win32-x86_64\bin\VCRUNTIME140.dll
0x00007ffb58b00000 - 0x00007ffb58cad000 	C:\WINDOWS\System32\USER32.dll
0x00007ffb35530000 - 0x00007ffb357d5000 	C:\WINDOWS\WinSxS\amd64_microsoft.windows.common-controls_6595b64144ccf1df_6.0.22000.120_none_9d947278b86cc467\COMCTL32.dll
0x00007ffb563c0000 - 0x00007ffb563e6000 	C:\WINDOWS\System32\win32u.dll
0x00007ffb58a50000 - 0x00007ffb58af3000 	C:\WINDOWS\System32\msvcrt.dll
0x00007ffb57b60000 - 0x00007ffb57b89000 	C:\WINDOWS\System32\GDI32.dll
0x00007ffb56510000 - 0x00007ffb56628000 	C:\WINDOWS\System32\gdi32full.dll
0x00007ffb56c60000 - 0x00007ffb56cfd000 	C:\WINDOWS\System32\msvcp_win.dll
0x00007ffb57b20000 - 0x00007ffb57b51000 	C:\WINDOWS\System32\IMM32.DLL
0x00007ffafc5d0000 - 0x00007ffafc5dc000 	c:\Users\se\.vscode\extensions\redhat.java-1.12.0-win32-x64\jre\17.0.4.1-win32-x86_64\bin\vcruntime140_1.dll
0x00007ffafc530000 - 0x00007ffafc5c1000 	c:\Users\se\.vscode\extensions\redhat.java-1.12.0-win32-x64\jre\17.0.4.1-win32-x86_64\bin\msvcp140.dll
0x00007ffafb8e0000 - 0x00007ffafc526000 	c:\Users\se\.vscode\extensions\redhat.java-1.12.0-win32-x64\jre\17.0.4.1-win32-x86_64\bin\server\jvm.dll
0x00007ffb56d00000 - 0x00007ffb56dae000 	C:\WINDOWS\System32\ADVAPI32.dll
0x00007ffb57a50000 - 0x00007ffb57aee000 	C:\WINDOWS\System32\sechost.dll
0x00007ffb58cb0000 - 0x00007ffb58dd0000 	C:\WINDOWS\System32\RPCRT4.dll
0x00007ffb57af0000 - 0x00007ffb57af8000 	C:\WINDOWS\System32\PSAPI.DLL
0x00007ffafb8d0000 - 0x00007ffafb8d9000 	C:\WINDOWS\SYSTEM32\WSOCK32.dll
0x00007ffb52b50000 - 0x00007ffb52b83000 	C:\WINDOWS\SYSTEM32\WINMM.dll
0x00007ffb52650000 - 0x00007ffb5265a000 	C:\WINDOWS\SYSTEM32\VERSION.dll
0x00007ffb579e0000 - 0x00007ffb57a4f000 	C:\WINDOWS\System32\WS2_32.dll
0x00007ffb553d0000 - 0x00007ffb553e8000 	C:\WINDOWS\SYSTEM32\kernel.appcore.dll
0x00007ffafb8c0000 - 0x00007ffafb8ca000 	c:\Users\se\.vscode\extensions\redhat.java-1.12.0-win32-x64\jre\17.0.4.1-win32-x86_64\bin\jimage.dll
0x00007ffb4e5d0000 - 0x00007ffb4e7f1000 	C:\WINDOWS\SYSTEM32\DBGHELP.DLL
0x00007ffb38680000 - 0x00007ffb386b1000 	C:\WINDOWS\SYSTEM32\dbgcore.DLL
0x00007ffb56630000 - 0x00007ffb566af000 	C:\WINDOWS\System32\bcryptPrimitives.dll
0x00007ffafb8b0000 - 0x00007ffafb8be000 	c:\Users\se\.vscode\extensions\redhat.java-1.12.0-win32-x64\jre\17.0.4.1-win32-x86_64\bin\instrument.dll
0x00007ffafb880000 - 0x00007ffafb8a5000 	c:\Users\se\.vscode\extensions\redhat.java-1.12.0-win32-x64\jre\17.0.4.1-win32-x86_64\bin\java.dll
0x00007ffb14dc0000 - 0x00007ffb14dd8000 	c:\Users\se\.vscode\extensions\redhat.java-1.12.0-win32-x64\jre\17.0.4.1-win32-x86_64\bin\zip.dll
0x00007ffb56dd0000 - 0x00007ffb57588000 	C:\WINDOWS\System32\SHELL32.dll
0x00007ffb54440000 - 0x00007ffb54ca5000 	C:\WINDOWS\SYSTEM32\windows.storage.dll
0x00007ffb57590000 - 0x00007ffb57907000 	C:\WINDOWS\System32\combase.dll
0x00007ffb542d0000 - 0x00007ffb54436000 	C:\WINDOWS\SYSTEM32\wintypes.dll
0x00007ffb57d00000 - 0x00007ffb57dea000 	C:\WINDOWS\System32\SHCORE.dll
0x00007ffb58340000 - 0x00007ffb5839d000 	C:\WINDOWS\System32\shlwapi.dll
0x00007ffb56280000 - 0x00007ffb562a1000 	C:\WINDOWS\SYSTEM32\profapi.dll
0x00007ffb14da0000 - 0x00007ffb14db9000 	C:\Users\se\.vscode\extensions\redhat.java-1.12.0-win32-x64\jre\17.0.4.1-win32-x86_64\bin\net.dll
0x00007ffb52540000 - 0x00007ffb5264c000 	C:\WINDOWS\SYSTEM32\WINHTTP.dll
0x00007ffb55870000 - 0x00007ffb558d7000 	C:\WINDOWS\system32\mswsock.dll
0x00007ffb14d80000 - 0x00007ffb14d95000 	C:\Users\se\.vscode\extensions\redhat.java-1.12.0-win32-x64\jre\17.0.4.1-win32-x86_64\bin\nio.dll
0x00007ffb14d70000 - 0x00007ffb14d80000 	c:\Users\se\.vscode\extensions\redhat.java-1.12.0-win32-x64\jre\17.0.4.1-win32-x86_64\bin\verify.dll

dbghelp: loaded successfully - version: 4.0.5 - missing functions: none
symbol engine: initialized successfully - sym options: 0x614 - pdb path: .;c:\Users\se\.vscode\extensions\redhat.java-1.12.0-win32-x64\jre\17.0.4.1-win32-x86_64\bin;C:\WINDOWS\SYSTEM32;C:\WINDOWS\WinSxS\amd64_microsoft.windows.common-controls_6595b64144ccf1df_6.0.22000.120_none_9d947278b86cc467;c:\Users\se\.vscode\extensions\redhat.java-1.12.0-win32-x64\jre\17.0.4.1-win32-x86_64\bin\server

VM Arguments:
jvm_args: --add-modules=ALL-SYSTEM --add-opens=java.base/java.util=ALL-UNNAMED --add-opens=java.base/java.lang=ALL-UNNAMED --add-opens=java.base/sun.nio.fs=ALL-UNNAMED -Declipse.application=org.eclipse.jdt.ls.core.id1 -Dosgi.bundles.defaultStartLevel=4 -Declipse.product=org.eclipse.jdt.ls.core.product -Djava.import.generatesMetadataFilesAtProjectRoot=false -Dfile.encoding=utf8 -XX:+UseParallelGC -XX:GCTimeRatio=4 -XX:AdaptiveSizePolicyWeight=90 -Dsun.zip.disableMemoryMapping=true -Xmx1G -Xms100m -Xlog:disable -javaagent:c:\Users\se\.vscode\extensions\redhat.java-1.12.0-win32-x64\lombok\lombok-1.18.24.jar -XX:+HeapDumpOnOutOfMemoryError -XX:HeapDumpPath=c:\Users\se\AppData\Roaming\Code\User\workspaceStorage\85ccc1e8541c9c61dbb81f5c14fcce68\redhat.java 
java_command: c:\Users\se\.vscode\extensions\redhat.java-1.12.0-win32-x64\server\plugins\org.eclipse.equinox.launcher_1.6.400.v20210924-0641.jar -configuration c:\Users\se\AppData\Roaming\Code\User\globalStorage\redhat.java\1.12.0\config_win -data c:\Users\se\AppData\Roaming\Code\User\workspaceStorage\85ccc1e8541c9c61dbb81f5c14fcce68\redhat.java\jdt_ws
java_class_path (initial): c:\Users\se\.vscode\extensions\redhat.java-1.12.0-win32-x64\server\plugins\org.eclipse.equinox.launcher_1.6.400.v20210924-0641.jar
Launcher Type: SUN_STANDARD

[Global flags]
    uintx AdaptiveSizePolicyWeight                 = 90                                        {product} {command line}
     intx CICompilerCount                          = 3                                         {product} {ergonomic}
    uintx GCTimeRatio                              = 4                                         {product} {command line}
     bool HeapDumpOnOutOfMemoryError               = true                                   {manageable} {command line}
    ccstr HeapDumpPath                             = c:\Users\se\AppData\Roaming\Code\User\workspaceStorage\85ccc1e8541c9c61dbb81f5c14fcce68\redhat.java         {manageable} {command line}
   size_t InitialHeapSize                          = 104857600                                 {product} {command line}
   size_t MaxHeapSize                              = 1073741824                                {product} {command line}
   size_t MaxNewSize                               = 357564416                                 {product} {ergonomic}
   size_t MinHeapDeltaBytes                        = 524288                                    {product} {ergonomic}
   size_t MinHeapSize                              = 104857600                                 {product} {command line}
   size_t NewSize                                  = 34603008                                  {product} {ergonomic}
    uintx NonNMethodCodeHeapSize                   = 5832780                                {pd product} {ergonomic}
    uintx NonProfiledCodeHeapSize                  = 122912730                              {pd product} {ergonomic}
   size_t OldSize                                  = 70254592                                  {product} {ergonomic}
    uintx ProfiledCodeHeapSize                     = 122912730                              {pd product} {ergonomic}
    uintx ReservedCodeCacheSize                    = 251658240                              {pd product} {ergonomic}
     bool SegmentedCodeCache                       = true                                      {product} {ergonomic}
   size_t SoftMaxHeapSize                          = 1073741824                             {manageable} {ergonomic}
     bool UseCompressedClassPointers               = true                           {product lp64_product} {ergonomic}
     bool UseCompressedOops                        = true                           {product lp64_product} {ergonomic}
     bool UseLargePagesIndividualAllocation        = false                                  {pd product} {ergonomic}
     bool UseParallelGC                            = true                                      {product} {command line}

Logging:
Log output configuration:
 #0: stdout all=off uptime,level,tags
 #1: stderr all=off uptime,level,tags

Environment Variables:
PATH=C:\Program Files\Common Files\Oracle\Java\javapath;C:\Program Files (x86)\Common Files\Intel\Shared Libraries\redist\intel64\compiler;C:\WINDOWS\system32;C:\WINDOWS;C:\WINDOWS\System32\Wbem;C:\WINDOWS\System32\WindowsPowerShell\v1.0\;C:\WINDOWS\System32\OpenSSH\;C:\MinGW\bin;C:\Program Files (x86)\MGLTools-1.5.7;C:\MinGW\bin;C:\Program Files\Java\jdk-18.0.2.1\bin;C:\Program Files\dotnet\;C:\Users\se\AppData\Local\Microsoft\WindowsApps;E:\New folder\MinGW\bin;C:\Users\se\AppData\Local\Programs\Microsoft VS Code\bin
USERNAME=se
OS=Windows_NT
PROCESSOR_IDENTIFIER=Intel64 Family 6 Model 126 Stepping 5, GenuineIntel
TMP=C:\Users\se\AppData\Local\Temp
TEMP=C:\Users\se\AppData\Local\Temp



---------------  S Y S T E M  ---------------

OS:
 Windows 11 , 64 bit Build 22000 (10.0.22000.708)
OS uptime: 0 days 0:06 hours

CPU: total 4 (initial active 4) (2 cores per cpu, 2 threads per core) family 6 model 126 stepping 5 microcode 0xa6, cx8, cmov, fxsr, ht, mmx, 3dnowpref, sse, sse2, sse3, ssse3, sse4.1, sse4.2, popcnt, lzcnt, tsc, tscinvbit, avx, avx2, aes, erms, clmul, bmi1, bmi2, adx, avx512f, avx512dq, avx512cd, avx512bw, avx512vl, sha, fma, vzeroupper, avx512_vpopcntdq, avx512_vpclmulqdq, avx512_vaes, avx512_vnni, clflush, clflushopt, avx512_vbmi2, avx512_vbmi

Memory: 4k page, system-wide physical 3858M (248M free)
TotalPageFile size 3858M (AvailPageFile size 3M)
current process WorkingSet (physical memory assigned to process): 77M, peak: 77M
current process commit charge ("private bytes"): 186M, peak: 186M

vm_info: OpenJDK 64-Bit Server VM (17.0.4.1+1) for windows-amd64 JRE (17.0.4.1+1), built on Aug 17 2022 07:42:43 by "temurin" with MS VC++ 16.7 (VS2019)

END.
