#
# A fatal error has been detected by the Java Runtime Environment:
#
#  EXCEPTION_ACCESS_VIOLATION (0xc0000005) at pc=0x00007ff965351be1, pid=10768, tid=10792
#
# JRE version:  (17.0.4.1+1) (build )
# Java VM: OpenJDK 64-Bit Server VM (17.0.4.1+1, mixed mode, sharing, tiered, unknown gc, windows-amd64)
# Problematic frame:
# C  [jimage.dll+0x1be1]
#
# No core dump will be written. Minidumps are not enabled by default on client versions of Windows
#
#

---------------  S U M M A R Y ------------

Command Line: 

Host: Intel(R) Core(TM) i3-1005G1 CPU @ 1.20GHz, 4 cores, 3G,  Windows 11 , 64 bit Build 22000 (10.0.22000.708)
Time: Wed Nov 30 21:10:35 2022 India Standard Time elapsed time: 0.194651 seconds (0d 0h 0m 0s)

---------------  T H R E A D  ---------------

Current thread is native thread

Stack: [0x0000002f2be00000,0x0000002f2bf00000],  sp=0x0000002f2befd430,  free space=1013k
Native frames: (J=compiled Java code, j=interpreted, Vv=VM code, C=native code)
C  [jimage.dll+0x1be1]
C  [jimage.dll+0x1d6f]
C  [jimage.dll+0x264d]
V  [jvm.dll+0x1f193a]
V  [jvm.dll+0xb053e]
V  [jvm.dll+0x7e2d3c]
V  [jvm.dll+0x3ec25f]
V  [jvm.dll+0x3edde1]
C  [jli.dll+0x5277]
C  [ucrtbase.dll+0x26c0c]
C  [KERNEL32.DLL+0x154e0]
C  [ntdll.dll+0x485b]


siginfo: EXCEPTION_ACCESS_VIOLATION (0xc0000005), reading address 0x000000000001775c


Registers:
RAX=0x0000000000005dd0, RBX=0x0000002f2befd521, RCX=0x00007ff965356000, RDX=0x0000000000005dd0
RSP=0x0000002f2befd430, RBP=0x0000002f2befd520, RSI=0x000000000000718b, RDI=0x0000002f2befd520
R8 =0x00007ff965354288, R9 =0x000000000000001c, R10=0x00007ff950c85a00, R11=0x00007ff965356000
R12=0x0000000000000000, R13=0x0000017f666ebe00, R14=0x0000002f2befe590, R15=0x00007ff950c85a48
RIP=0x00007ff965351be1, EFLAGS=0x0000000000010246

Top of Stack: (sp=0x0000002f2befd430)
0x0000002f2befd430:   000000000000027e 000000009900059c
0x0000002f2befd440:   0000000166500c00 0000017f667cd3e0
0x0000002f2befd450:   0000017f66707ad0 00007ff965351d6f
0x0000002f2befd460:   000000000000000b 0000017f66707ad0
0x0000002f2befd470:   00000000000006f5 000000009900059c
0x0000002f2befd480:   0000017f666e34b0 00007ff9a82419c9
0x0000002f2befd490:   0000017f666e34b0 0000017f9900059c
0x0000002f2befd4a0:   0000017f666e0000 00007ff9000003ff
0x0000002f2befd4b0:   00000000000006f5 0000017f687d0080
0x0000002f2befd4c0:   0000212dc50c5d2c 0000017f666e0150
0x0000002f2befd4d0:   00007ff950c64510 0000000000000017
0x0000002f2befd4e0:   0000017f66707ad0 0000002f2befe590
0x0000002f2befd4f0:   000000000000000b 00007ff96535264d
0x0000002f2befd500:   0000017f666e0000 00007ff9000003ff
0x0000002f2befd510:   0000000000000721 0000017f687dbdc0
0x0000002f2befd520:   61622e6176616a2f 692f6b646a2f6573 

Instructions: (pc=0x00007ff965351be1)
0x00007ff965351ae1:   48 85 c9 74 1d 80 3d 23 45 00 00 00 74 06 48 8b
0x00007ff965351af1:   53 18 eb 04 48 8b 53 40 e8 ae 0e 00 00 48 83 63
0x00007ff965351b01:   48 00 8b 4b 0c 83 f9 ff 74 09 e8 e4 0c 00 00 83
0x00007ff965351b11:   4b 0c ff 48 8b 4b 70 48 85 c9 74 0f ba 10 00 00
0x00007ff965351b21:   00 e8 fd 0e 00 00 48 83 63 70 00 48 83 c4 20 5b
0x00007ff965351b31:   c3 cc cc 40 53 48 83 ec 20 48 8b d9 48 8d 0d dc
0x00007ff965351b41:   46 00 00 e8 b3 0c 00 00 83 6b 08 01 75 24 48 8b
0x00007ff965351b51:   d3 48 8d 0d bf 44 00 00 e8 22 08 00 00 48 8b cb
0x00007ff965351b61:   e8 de fe ff ff ba 78 00 00 00 48 8b cb e8 b1 0e
0x00007ff965351b71:   00 00 48 8d 0d a6 46 00 00 48 83 c4 20 5b e9 80
0x00007ff965351b81:   0c 00 00 48 89 5c 24 08 48 89 74 24 10 57 48 83
0x00007ff965351b91:   ec 20 41 8b f1 4d 8b c8 48 8b fa 4c 8b d9 4d 85
0x00007ff965351ba1:   c0 74 78 85 f6 74 74 44 8a 12 48 8d 5a 01 48 8b
0x00007ff965351bb1:   d3 b8 93 01 00 01 eb 12 69 c0 93 01 00 01 41 0f
0x00007ff965351bc1:   b6 ca 44 8a 12 33 c1 48 ff c2 45 84 d2 75 e9 4d
0x00007ff965351bd1:   8b 03 0f ba f0 1f 33 d2 49 8b cb f7 f6 48 63 c2
0x00007ff965351be1:   41 8b 14 81 41 ff 50 08 85 c0 7e 24 8a 0f eb 10
0x00007ff965351bf1:   69 c0 93 01 00 01 0f b6 c9 33 c1 8a 0b 48 ff c3
0x00007ff965351c01:   84 c9 75 ec 0f ba f0 1f 33 d2 f7 f6 8b c2 eb 0e
0x00007ff965351c11:   79 09 83 c9 ff 2b c8 8b c1 eb 03 83 c8 ff 48 8b
0x00007ff965351c21:   5c 24 30 48 8b 74 24 38 48 83 c4 20 5f c3 cc 48
0x00007ff965351c31:   89 5c 24 08 48 89 74 24 10 57 48 83 ec 20 48 8b
0x00007ff965351c41:   f1 48 8d 0d d7 45 00 00 e8 ae 0b 00 00 33 ff 39
0x00007ff965351c51:   3d c2 43 00 00 76 24 48 8b 05 c1 43 00 00 48 8b
0x00007ff965351c61:   d6 48 8b 1c f8 48 8b 0b e8 72 1e 00 00 85 c0 74
0x00007ff965351c71:   2b ff c7 3b 3d 9e 43 00 00 72 dc 33 db 48 8d 0d
0x00007ff965351c81:   9b 45 00 00 e8 7a 0b 00 00 48 8b 74 24 38 48 8b
0x00007ff965351c91:   c3 48 8b 5c 24 30 48 83 c4 20 5f c3 ff 43 08 eb
0x00007ff965351ca1:   dc cc cc 48 89 5c 24 08 48 89 74 24 10 57 48 83
0x00007ff965351cb1:   ec 20 48 8b d9 48 8b f2 48 8b 49 10 49 8b f8 8b
0x00007ff965351cc1:   53 30 48 8b 01 ff 50 20 4c 8b 43 50 48 8b d6 48
0x00007ff965351cd1:   8b 4b 10 44 8b c8 e8 a8 fe ff ff 83 f8 ff 74 38 



---------------  P R O C E S S  ---------------

VM state: not at safepoint (not fully initialized)

VM Mutex/Monitor currently owned by a thread: None

GC Precious Log:
<Not initialized>


Dynamic libraries:
0x00007ff726f10000 - 0x00007ff726f1e000 	c:\Users\se\.vscode\extensions\redhat.java-1.12.0-win32-x64\jre\17.0.4.1-win32-x86_64\bin\java.exe
0x00007ff9a8220000 - 0x00007ff9a8429000 	C:\WINDOWS\SYSTEM32\ntdll.dll
0x00007ff9a76d0000 - 0x00007ff9a778d000 	C:\WINDOWS\System32\KERNEL32.DLL
0x00007ff9a5850000 - 0x00007ff9a5bcb000 	C:\WINDOWS\System32\KERNELBASE.dll
0x00007ff9a5cc0000 - 0x00007ff9a5dd1000 	C:\WINDOWS\System32\ucrtbase.dll
0x00007ff979ef0000 - 0x00007ff979f08000 	c:\Users\se\.vscode\extensions\redhat.java-1.12.0-win32-x64\jre\17.0.4.1-win32-x86_64\bin\jli.dll
0x00007ff9a7500000 - 0x00007ff9a76ad000 	C:\WINDOWS\System32\USER32.dll
0x00007ff9a6070000 - 0x00007ff9a6096000 	C:\WINDOWS\System32\win32u.dll
0x00007ff9a6880000 - 0x00007ff9a68a9000 	C:\WINDOWS\System32\GDI32.dll
0x00007ff9a5de0000 - 0x00007ff9a5ef8000 	C:\WINDOWS\System32\gdi32full.dll
0x00007ff9a56f0000 - 0x00007ff9a578d000 	C:\WINDOWS\System32\msvcp_win.dll
0x00007ff9665a0000 - 0x00007ff9665b9000 	c:\Users\se\.vscode\extensions\redhat.java-1.12.0-win32-x64\jre\17.0.4.1-win32-x86_64\bin\VCRUNTIME140.dll
0x00007ff98a080000 - 0x00007ff98a325000 	C:\WINDOWS\WinSxS\amd64_microsoft.windows.common-controls_6595b64144ccf1df_6.0.22000.120_none_9d947278b86cc467\COMCTL32.dll
0x00007ff9a7e30000 - 0x00007ff9a7ed3000 	C:\WINDOWS\System32\msvcrt.dll
0x00007ff9a80c0000 - 0x00007ff9a80f1000 	C:\WINDOWS\System32\IMM32.DLL
0x00007ff973cb0000 - 0x00007ff973cbc000 	c:\Users\se\.vscode\extensions\redhat.java-1.12.0-win32-x64\jre\17.0.4.1-win32-x86_64\bin\vcruntime140_1.dll
0x00007ff953330000 - 0x00007ff9533c1000 	c:\Users\se\.vscode\extensions\redhat.java-1.12.0-win32-x64\jre\17.0.4.1-win32-x86_64\bin\msvcp140.dll
0x00007ff950350000 - 0x00007ff950f96000 	c:\Users\se\.vscode\extensions\redhat.java-1.12.0-win32-x64\jre\17.0.4.1-win32-x86_64\bin\server\jvm.dll
0x00007ff9a7ee0000 - 0x00007ff9a7f8e000 	C:\WINDOWS\System32\ADVAPI32.dll
0x00007ff9a7160000 - 0x00007ff9a71fe000 	C:\WINDOWS\System32\sechost.dll
0x00007ff9a7800000 - 0x00007ff9a7920000 	C:\WINDOWS\System32\RPCRT4.dll
0x00007ff9a7e20000 - 0x00007ff9a7e28000 	C:\WINDOWS\System32\PSAPI.DLL
0x00007ff965370000 - 0x00007ff965379000 	C:\WINDOWS\SYSTEM32\WSOCK32.dll
0x00007ff9a72f0000 - 0x00007ff9a735f000 	C:\WINDOWS\System32\WS2_32.dll
0x00007ff99ea90000 - 0x00007ff99eac3000 	C:\WINDOWS\SYSTEM32\WINMM.dll
0x00007ff99e460000 - 0x00007ff99e46a000 	C:\WINDOWS\SYSTEM32\VERSION.dll
0x00007ff9a4770000 - 0x00007ff9a4788000 	C:\WINDOWS\SYSTEM32\kernel.appcore.dll
0x00007ff965350000 - 0x00007ff96535a000 	c:\Users\se\.vscode\extensions\redhat.java-1.12.0-win32-x64\jre\17.0.4.1-win32-x86_64\bin\jimage.dll
0x00007ff99f560000 - 0x00007ff99f781000 	C:\WINDOWS\SYSTEM32\DBGHELP.DLL
0x00007ff9844d0000 - 0x00007ff984501000 	C:\WINDOWS\SYSTEM32\dbgcore.DLL
0x00007ff9a5c40000 - 0x00007ff9a5cbf000 	C:\WINDOWS\System32\bcryptPrimitives.dll

dbghelp: loaded successfully - version: 4.0.5 - missing functions: none
symbol engine: initialized successfully - sym options: 0x614 - pdb path: .;c:\Users\se\.vscode\extensions\redhat.java-1.12.0-win32-x64\jre\17.0.4.1-win32-x86_64\bin;C:\WINDOWS\SYSTEM32;C:\WINDOWS\WinSxS\amd64_microsoft.windows.common-controls_6595b64144ccf1df_6.0.22000.120_none_9d947278b86cc467;c:\Users\se\.vscode\extensions\redhat.java-1.12.0-win32-x64\jre\17.0.4.1-win32-x86_64\bin\server

VM Arguments:
java_command: <unknown>
java_class_path (initial): <not set>
Launcher Type: SUN_STANDARD

[Global flags]
     bool UseLargePagesIndividualAllocation        = false                                  {pd product} {ergonomic}

Logging:
Log output configuration:
 #0: stdout all=warning uptime,level,tags
 #1: stderr all=off uptime,level,tags

Environment Variables:
PATH=C:\Program Files\Common Files\Oracle\Java\javapath;C:\Program Files (x86)\Common Files\Intel\Shared Libraries\redist\intel64\compiler;C:\WINDOWS\system32;C:\WINDOWS;C:\WINDOWS\System32\Wbem;C:\WINDOWS\System32\WindowsPowerShell\v1.0\;C:\WINDOWS\System32\OpenSSH\;C:\MinGW\bin;C:\Program Files (x86)\MGLTools-1.5.7;C:\MinGW\bin;C:\Program Files\Java\jdk-18.0.2.1\bin;C:\Program Files\dotnet\;C:\Users\se\AppData\Local\Microsoft\WindowsApps;E:\New folder\MinGW\bin;C:\Users\se\AppData\Local\Programs\Microsoft VS Code\bin
USERNAME=se
OS=Windows_NT
PROCESSOR_IDENTIFIER=Intel64 Family 6 Model 126 Stepping 5, GenuineIntel
TMP=C:\Users\se\AppData\Local\Temp
TEMP=C:\Users\se\AppData\Local\Temp



---------------  S Y S T E M  ---------------

OS:
 Windows 11 , 64 bit Build 22000 (10.0.22000.708)
OS uptime: 0 days 0:06 hours

CPU: total 4 (initial active 0) 

Memory: 4k page, system-wide physical 3858M (248M free)
TotalPageFile size 3858M (AvailPageFile size 111M)
current process WorkingSet (physical memory assigned to process): 7M, peak: 7M
current process commit charge ("private bytes"): 3M, peak: 3M

vm_info: OpenJDK 64-Bit Server VM (17.0.4.1+1) for windows-amd64 JRE (17.0.4.1+1), built on Aug 17 2022 07:42:43 by "temurin" with MS VC++ 16.7 (VS2019)

END.
