#
# There is insufficient memory for the Java Runtime Environment to continue.
# Native memory allocation (malloc) failed to allocate 267056 bytes for Chunk::new
# Possible reasons:
#   The system is out of physical RAM or swap space
#   The process is running with CompressedOops enabled, and the Java Heap may be blocking the growth of the native heap
# Possible solutions:
#   Reduce memory load on the system
#   Increase physical memory or swap space
#   Check if swap backing store is full
#   Decrease Java heap size (-Xmx/-Xms)
#   Decrease number of Java threads
#   Decrease Java thread stack sizes (-Xss)
#   Set larger code cache with -XX:ReservedCodeCacheSize=
#   JVM is running with Unscaled Compressed Oops mode in which the Java heap is
#     placed in the first 4GB address space. The Java Heap base address is the
#     maximum limit for the native heap growth. Please use -XX:HeapBaseMinAddress
#     to set the Java Heap base and to place the Java Heap above 4GB virtual address.
# This output file may be truncated or incomplete.
#
#  Out of Memory Error (arena.cpp:189), pid=3272, tid=7668
#
# JRE version: OpenJDK Runtime Environment Temurin-17.0.4.1+1 (17.0.4.1+1) (build 17.0.4.1+1)
# Java VM: OpenJDK 64-Bit Server VM Temurin-17.0.4.1+1 (17.0.4.1+1, mixed mode, tiered, compressed oops, compressed class ptrs, parallel gc, windows-amd64)
# No core dump will be written. Minidumps are not enabled by default on client versions of Windows
#

---------------  S U M M A R Y ------------

Command Line: --add-modules=ALL-SYSTEM --add-opens=java.base/java.util=ALL-UNNAMED --add-opens=java.base/java.lang=ALL-UNNAMED --add-opens=java.base/sun.nio.fs=ALL-UNNAMED -Declipse.application=org.eclipse.jdt.ls.core.id1 -Dosgi.bundles.defaultStartLevel=4 -Declipse.product=org.eclipse.jdt.ls.core.product -Djava.import.generatesMetadataFilesAtProjectRoot=false -Dfile.encoding=utf8 -XX:+UseParallelGC -XX:GCTimeRatio=4 -XX:AdaptiveSizePolicyWeight=90 -Dsun.zip.disableMemoryMapping=true -Xmx1G -Xms100m -Xlog:disable -javaagent:c:\Users\se\.vscode\extensions\redhat.java-1.12.0-win32-x64\lombok\lombok-1.18.24.jar c:\Users\se\.vscode\extensions\redhat.java-1.12.0-win32-x64\server\plugins\org.eclipse.equinox.launcher_1.6.400.v20210924-0641.jar -configuration c:\Users\se\AppData\Roaming\Code\User\globalStorage\redhat.java\1.12.0\config_ss_win -data c:\Users\se\AppData\Roaming\Code\User\workspaceStorage\85ccc1e8541c9c61dbb81f5c14fcce68\redhat.java\ss_ws

Host: Intel(R) Core(TM) i3-1005G1 CPU @ 1.20GHz, 4 cores, 3G,  Windows 11 , 64 bit Build 22000 (10.0.22000.708)
Time: Sun Dec 25 15:14:12 2022 India Standard Time elapsed time: 0.712805 seconds (0d 0h 0m 0s)

---------------  T H R E A D  ---------------

Current thread (0x000001bc7e96d750):  JavaThread "C2 CompilerThread0" daemon [_thread_in_native, id=7668, stack(0x000000246a500000,0x000000246a600000)]


Current CompileTask:
C2:    712  450       4       lombok.patcher.scripts.MethodLevelPatchScript::patch (21 bytes)

Stack: [0x000000246a500000,0x000000246a600000]
Native frames: (J=compiled Java code, j=interpreted, Vv=VM code, C=native code)
V  [jvm.dll+0x67731a]
V  [jvm.dll+0x832284]
V  [jvm.dll+0x833a2e]
V  [jvm.dll+0x834093]
V  [jvm.dll+0x245775]
V  [jvm.dll+0xabd7b]
V  [jvm.dll+0xac30c]
V  [jvm.dll+0x2ac80f]
V  [jvm.dll+0x57dd77]
V  [jvm.dll+0x220892]
V  [jvm.dll+0x220c6f]
V  [jvm.dll+0x21a4d5]
V  [jvm.dll+0x21799b]
V  [jvm.dll+0x1a3f8d]
V  [jvm.dll+0x227498]
V  [jvm.dll+0x2255e5]
V  [jvm.dll+0x7e7e9b]
V  [jvm.dll+0x7e240a]
V  [jvm.dll+0x6761a5]
C  [ucrtbase.dll+0x26c0c]
C  [KERNEL32.DLL+0x154e0]
C  [ntdll.dll+0x485b]


---------------  P R O C E S S  ---------------

Threads class SMR info:
_java_thread_list=0x000001bc025d4bd0, length=12, elements={
0x000001bc6abcb190, 0x000001bc7e925ca0, 0x000001bc7e927d10, 0x000001bc7e93f2d0,
0x000001bc7e93fb90, 0x000001bc7e940450, 0x000001bc7e96c010, 0x000001bc7e96d750,
0x000001bc7e9741a0, 0x000001bc7e97c790, 0x000001bc023b93a0, 0x000001bc025b0970
}

Java Threads: ( => current thread )
  0x000001bc6abcb190 JavaThread "main" [_thread_in_native, id=11864, stack(0x0000002469c00000,0x0000002469d00000)]
  0x000001bc7e925ca0 JavaThread "Reference Handler" daemon [_thread_blocked, id=9712, stack(0x0000002469f00000,0x000000246a000000)]
  0x000001bc7e927d10 JavaThread "Finalizer" daemon [_thread_blocked, id=3224, stack(0x000000246a000000,0x000000246a100000)]
  0x000001bc7e93f2d0 JavaThread "Signal Dispatcher" daemon [_thread_blocked, id=6908, stack(0x000000246a100000,0x000000246a200000)]
  0x000001bc7e93fb90 JavaThread "Attach Listener" daemon [_thread_blocked, id=9180, stack(0x000000246a200000,0x000000246a300000)]
  0x000001bc7e940450 JavaThread "Service Thread" daemon [_thread_blocked, id=11780, stack(0x000000246a300000,0x000000246a400000)]
  0x000001bc7e96c010 JavaThread "Monitor Deflation Thread" daemon [_thread_blocked, id=7280, stack(0x000000246a400000,0x000000246a500000)]
=>0x000001bc7e96d750 JavaThread "C2 CompilerThread0" daemon [_thread_in_native, id=7668, stack(0x000000246a500000,0x000000246a600000)]
  0x000001bc7e9741a0 JavaThread "C1 CompilerThread0" daemon [_thread_in_native, id=8948, stack(0x000000246a600000,0x000000246a700000)]
  0x000001bc7e97c790 JavaThread "Sweeper thread" daemon [_thread_blocked, id=6844, stack(0x000000246a700000,0x000000246a800000)]
  0x000001bc023b93a0 JavaThread "Common-Cleaner" daemon [_thread_blocked, id=7116, stack(0x000000246a800000,0x000000246a900000)]
  0x000001bc025b0970 JavaThread "Notification Thread" daemon [_thread_blocked, id=7408, stack(0x000000246a900000,0x000000246aa00000)]

Other Threads:
  0x000001bc7e910fa0 VMThread "VM Thread" [stack: 0x0000002469e00000,0x0000002469f00000] [id=4712]
  0x000001bc0269d280 WatcherThread [stack: 0x000000246aa00000,0x000000246ab00000] [id=7104]
  0x000001bc6abe12a0 GCTaskThread "GC Thread#0" [stack: 0x0000002469d00000,0x0000002469e00000] [id=1900]

Threads with active compile tasks:
C2 CompilerThread0      783  450       4       lombok.patcher.scripts.MethodLevelPatchScript::patch (21 bytes)
C1 CompilerThread0      783  492       3       java.lang.String::<init> (830 bytes)

VM state: not at safepoint (normal execution)

VM Mutex/Monitor currently owned by a thread: None

Heap address: 0x00000000c0000000, size: 1024 MB, Compressed Oops mode: 32-bit

CDS archive(s) not mapped
Compressed class space mapped at: 0x0000000100000000-0x0000000140000000, reserved size: 1073741824
Narrow klass base: 0x0000000000000000, Narrow klass shift: 3, Narrow klass range: 0x140000000

GC Precious Log:
 CPUs: 4 total, 4 available
 Memory: 3858M
 Large Page Support: Disabled
 NUMA Support: Disabled
 Compressed Oops: Enabled (32-bit)
 Alignments: Space 512K, Generation 512K, Heap 2M
 Heap Min Capacity: 100M
 Heap Initial Capacity: 100M
 Heap Max Capacity: 1G
 Pre-touch: Disabled
 Parallel Workers: 4

Heap:
 PSYoungGen      total 29696K, used 12485K [0x00000000eab00000, 0x00000000ecc00000, 0x0000000100000000)
  eden space 25600K, 48% used [0x00000000eab00000,0x00000000eb731560,0x00000000ec400000)
  from space 4096K, 0% used [0x00000000ec800000,0x00000000ec800000,0x00000000ecc00000)
  to   space 4096K, 0% used [0x00000000ec400000,0x00000000ec400000,0x00000000ec800000)
 ParOldGen       total 68608K, used 0K [0x00000000c0000000, 0x00000000c4300000, 0x00000000eab00000)
  object space 68608K, 0% used [0x00000000c0000000,0x00000000c0000000,0x00000000c4300000)
 Metaspace       used 8575K, committed 8704K, reserved 1064960K
  class space    used 858K, committed 896K, reserved 1048576K

Card table byte_map: [0x000001bc7e210000,0x000001bc7e420000] _byte_map_base: 0x000001bc7dc10000

Marking Bits: (ParMarkBitMap*) 0x00007ffb0f532cc0
 Begin Bits: [0x000001bc00000000, 0x000001bc01000000)
 End Bits:   [0x000001bc01000000, 0x000001bc02000000)

Polling page: 0x000001bc6aa90000

Metaspace:

Usage:
  Non-class:      7.54 MB used.
      Class:    858.99 KB used.
       Both:      8.37 MB used.

Virtual space:
  Non-class space:       16.00 MB reserved,       7.62 MB ( 48%) committed,  2 nodes.
      Class space:        1.00 GB reserved,     896.00 KB ( <1%) committed,  1 nodes.
             Both:        1.02 GB reserved,       8.50 MB ( <1%) committed. 

Chunk freelists:
   Non-Class:  3.92 MB
       Class:  3.09 MB
        Both:  7.01 MB

MaxMetaspaceSize: unlimited
CompressedClassSpaceSize: 1.00 GB
Initial GC threshold: 21.00 MB
Current GC threshold: 21.00 MB
CDS: off
MetaspaceReclaimPolicy: balanced
 - commit_granule_bytes: 65536.
 - commit_granule_words: 8192.
 - virtual_space_node_default_size: 1048576.
 - enlarge_chunks_in_place: 1.
 - new_chunks_are_fully_committed: 0.
 - uncommit_free_chunks: 1.
 - use_allocation_guard: 0.
 - handle_deallocations: 1.


Internal statistics:

num_allocs_failed_limit: 0.
num_arena_births: 10.
num_arena_deaths: 0.
num_vsnodes_births: 3.
num_vsnodes_deaths: 0.
num_space_committed: 136.
num_space_uncommitted: 0.
num_chunks_returned_to_freelist: 0.
num_chunks_taken_from_freelist: 44.
num_chunk_merges: 0.
num_chunk_splits: 24.
num_chunks_enlarged: 19.
num_purges: 0.
num_inconsistent_stats: 0.

CodeHeap 'non-profiled nmethods': size=120000Kb used=147Kb max_used=147Kb free=119852Kb
 bounds [0x000001bc76b00000, 0x000001bc76d70000, 0x000001bc7e030000]
CodeHeap 'profiled nmethods': size=120000Kb used=684Kb max_used=684Kb free=119315Kb
 bounds [0x000001bc6f5d0000, 0x000001bc6f840000, 0x000001bc76b00000]
CodeHeap 'non-nmethods': size=5760Kb used=1140Kb max_used=1148Kb free=4620Kb
 bounds [0x000001bc6f030000, 0x000001bc6f2a0000, 0x000001bc6f5d0000]
 total_blobs=895 nmethods=481 adapters=329
 compilation: enabled
              stopped_count=0, restarted_count=0
 full_count=0

Compilation events (20 events):
Event: 0.349 Thread 0x000001bc7e9741a0  452   !   3       java.lang.String::replace (258 bytes)
Event: 0.352 Thread 0x000001bc7e9741a0 nmethod 452 0x000001bc6f667090 code [0x000001bc6f667560, 0x000001bc6f669888]
Event: 0.352 Thread 0x000001bc7e9741a0  454   !   3       sun.instrument.TransformerManager::transform (100 bytes)
Event: 0.352 Thread 0x000001bc7e9741a0 nmethod 454 0x000001bc6f66a810 code [0x000001bc6f66a9e0, 0x000001bc6f66ae88]
Event: 0.352 Thread 0x000001bc7e9741a0  456       3       java.math.BigInteger::destructiveMulAdd (150 bytes)
Event: 0.352 Thread 0x000001bc7e9741a0 nmethod 456 0x000001bc6f66b110 code [0x000001bc6f66b2c0, 0x000001bc6f66b618]
Event: 0.352 Thread 0x000001bc7e9741a0  453       3       sun.instrument.InstrumentationImpl::transform (73 bytes)
Event: 0.353 Thread 0x000001bc7e9741a0 nmethod 453 0x000001bc6f66b810 code [0x000001bc6f66b9e0, 0x000001bc6f66bd88]
Event: 0.353 Thread 0x000001bc7e9741a0  457       3       java.io.ByteArrayOutputStream::ensureCapacity (32 bytes)
Event: 0.353 Thread 0x000001bc7e9741a0 nmethod 457 0x000001bc6f66bf10 code [0x000001bc6f66c0e0, 0x000001bc6f66c458]
Event: 0.353 Thread 0x000001bc7e9741a0  459       3       java.lang.Integer::numberOfLeadingZeros (79 bytes)
Event: 0.353 Thread 0x000001bc7e9741a0 nmethod 459 0x000001bc6f66c610 code [0x000001bc6f66c7c0, 0x000001bc6f66ca98]
Event: 0.354 Thread 0x000001bc7e9741a0  461       3       java.math.BigInteger::<init> (404 bytes)
Event: 0.356 Thread 0x000001bc7e9741a0 nmethod 461 0x000001bc6f66cb10 code [0x000001bc6f66cfc0, 0x000001bc6f66f0e8]
Event: 0.356 Thread 0x000001bc7e9741a0  462       3       java.math.BigInteger::getInt (63 bytes)
Event: 0.356 Thread 0x000001bc7e9741a0 nmethod 462 0x000001bc6f66ff90 code [0x000001bc6f670160, 0x000001bc6f670568]
Event: 0.356 Thread 0x000001bc7e9741a0  464       3       sun.security.util.CurveDB::bi (11 bytes)
Event: 0.356 Thread 0x000001bc7e9741a0 nmethod 464 0x000001bc6f670690 code [0x000001bc6f670840, 0x000001bc6f6709c8]
Event: 0.356 Thread 0x000001bc7e9741a0  466       1       java.math.BigInteger::signum (5 bytes)
Event: 0.356 Thread 0x000001bc7e9741a0 nmethod 466 0x000001bc76b23e10 code [0x000001bc76b23fa0, 0x000001bc76b24078]

GC Heap History (0 events):
No events

Deoptimization events (20 events):
Event: 0.237 Thread 0x000001bc6abcb190 Uncommon trap: trap_request=0xffffff45 fr.pc=0x000001bc76b0f0f4 relative=0x0000000000000074
Event: 0.237 Thread 0x000001bc6abcb190 Uncommon trap: reason=unstable_if action=reinterpret pc=0x000001bc76b0f0f4 method=java.lang.String.isLatin1()Z @ 10 c2
Event: 0.237 Thread 0x000001bc6abcb190 DEOPT PACKING pc=0x000001bc76b0f0f4 sp=0x0000002469cfed10
Event: 0.237 Thread 0x000001bc6abcb190 DEOPT UNPACKING pc=0x000001bc6f085923 sp=0x0000002469cfec50 mode 2
Event: 0.241 Thread 0x000001bc6abcb190 DEOPT PACKING pc=0x000001bc6f5ea413 sp=0x0000002469cfc950
Event: 0.241 Thread 0x000001bc6abcb190 DEOPT UNPACKING pc=0x000001bc6f086463 sp=0x0000002469cfbe10 mode 0
Event: 0.243 Thread 0x000001bc6abcb190 DEOPT PACKING pc=0x000001bc6f5ea413 sp=0x0000002469cfc7a0
Event: 0.243 Thread 0x000001bc6abcb190 DEOPT UNPACKING pc=0x000001bc6f086463 sp=0x0000002469cfbc60 mode 0
Event: 0.257 Thread 0x000001bc6abcb190 Uncommon trap: trap_request=0xffffff45 fr.pc=0x000001bc76b0e5cc relative=0x000000000000056c
Event: 0.257 Thread 0x000001bc6abcb190 Uncommon trap: reason=unstable_if action=reinterpret pc=0x000001bc76b0e5cc method=java.util.HashMap.putVal(ILjava/lang/Object;Ljava/lang/Object;ZZ)Ljava/lang/Object; @ 181 c2
Event: 0.257 Thread 0x000001bc6abcb190 DEOPT PACKING pc=0x000001bc76b0e5cc sp=0x0000002469cfdb50
Event: 0.257 Thread 0x000001bc6abcb190 DEOPT UNPACKING pc=0x000001bc6f085923 sp=0x0000002469cfdac0 mode 2
Event: 0.284 Thread 0x000001bc6abcb190 Uncommon trap: trap_request=0xffffff45 fr.pc=0x000001bc76b13bc0 relative=0x00000000000000c0
Event: 0.284 Thread 0x000001bc6abcb190 Uncommon trap: reason=unstable_if action=reinterpret pc=0x000001bc76b13bc0 method=java.net.URI.match(CJJ)Z @ 45 c2
Event: 0.284 Thread 0x000001bc6abcb190 DEOPT PACKING pc=0x000001bc76b13bc0 sp=0x0000002469cfc7e0
Event: 0.284 Thread 0x000001bc6abcb190 DEOPT UNPACKING pc=0x000001bc6f085923 sp=0x0000002469cfc768 mode 2
Event: 0.349 Thread 0x000001bc6abcb190 Uncommon trap: trap_request=0xffffff45 fr.pc=0x000001bc76b225fc relative=0x000000000000061c
Event: 0.349 Thread 0x000001bc6abcb190 Uncommon trap: reason=unstable_if action=reinterpret pc=0x000001bc76b225fc method=java.lang.String.replace(Ljava/lang/CharSequence;Ljava/lang/CharSequence;)Ljava/lang/String; @ 48 c2
Event: 0.349 Thread 0x000001bc6abcb190 DEOPT PACKING pc=0x000001bc76b225fc sp=0x0000002469cfc760
Event: 0.349 Thread 0x000001bc6abcb190 DEOPT UNPACKING pc=0x000001bc6f085923 sp=0x0000002469cfc6e0 mode 2

Classes unloaded (0 events):
No events

Classes redefined (0 events):
No events

Internal exceptions (2 events):
Event: 0.092 Thread 0x000001bc6abcb190 Exception <a 'java/lang/NoSuchMethodError'{0x00000000eacb2430}: 'void java.lang.invoke.DirectMethodHandle$Holder.invokeStatic(java.lang.Object, java.lang.Object, java.lang.Object)'> (0x00000000eacb2430) 
thrown [s\src\hotspot\share\interpreter\linkResolver.cpp, line 759]
Event: 0.196 Thread 0x000001bc6abcb190 Exception <a 'java/lang/reflect/InvocationTargetException'{0x00000000eaf781b0}> (0x00000000eaf781b0) 
thrown [s\src\hotspot\share\runtime\reflection.cpp, line 1121]

VM Operations (2 events):
Event: 0.097 Executing VM operation: HandshakeAllThreads
Event: 0.097 Executing VM operation: HandshakeAllThreads done

Events (20 events):
Event: 0.349 loading class sun/security/util/DisabledAlgorithmConstraints$Constraints done
Event: 0.349 loading class sun/security/util/CurveDB
Event: 0.350 loading class sun/security/util/CurveDB done
Event: 0.350 loading class java/security/spec/ECFieldFp
Event: 0.350 loading class java/security/spec/ECField
Event: 0.350 loading class java/security/spec/ECField done
Event: 0.350 loading class java/security/spec/ECFieldFp done
Event: 0.350 loading class java/security/spec/EllipticCurve
Event: 0.350 loading class java/security/spec/EllipticCurve done
Event: 0.350 loading class java/security/spec/ECPoint
Event: 0.351 loading class java/security/spec/ECPoint done
Event: 0.351 loading class sun/security/util/NamedCurve
Event: 0.351 loading class java/security/spec/ECParameterSpec
Event: 0.351 loading class java/security/spec/ECParameterSpec done
Event: 0.351 loading class sun/security/util/NamedCurve done
Event: 0.353 loading class java/security/spec/ECFieldF2m
Event: 0.353 loading class java/security/spec/ECFieldF2m done
Event: 0.356 loading class java/util/LinkedHashMap$LinkedValues
Event: 0.356 loading class java/util/LinkedHashMap$LinkedValues done
Event: 0.356 loading class java/util/StringTokenizer


Dynamic libraries:
0x00007ff798370000 - 0x00007ff79837e000 	c:\Users\se\.vscode\extensions\redhat.java-1.12.0-win32-x64\jre\17.0.4.1-win32-x86_64\bin\java.exe
0x00007ffb58e80000 - 0x00007ffb59089000 	C:\WINDOWS\SYSTEM32\ntdll.dll
0x00007ffb57910000 - 0x00007ffb579cd000 	C:\WINDOWS\System32\KERNEL32.DLL
0x00007ffb568e0000 - 0x00007ffb56c5b000 	C:\WINDOWS\System32\KERNELBASE.dll
0x00007ffb563f0000 - 0x00007ffb56501000 	C:\WINDOWS\System32\ucrtbase.dll
0x00007ffb39af0000 - 0x00007ffb39b08000 	c:\Users\se\.vscode\extensions\redhat.java-1.12.0-win32-x64\jre\17.0.4.1-win32-x86_64\bin\jli.dll
0x00007ffb39ab0000 - 0x00007ffb39ac9000 	c:\Users\se\.vscode\extensions\redhat.java-1.12.0-win32-x64\jre\17.0.4.1-win32-x86_64\bin\VCRUNTIME140.dll
0x00007ffb58b00000 - 0x00007ffb58cad000 	C:\WINDOWS\System32\USER32.dll
0x00007ffb563c0000 - 0x00007ffb563e6000 	C:\WINDOWS\System32\win32u.dll
0x00007ffb35530000 - 0x00007ffb357d5000 	C:\WINDOWS\WinSxS\amd64_microsoft.windows.common-controls_6595b64144ccf1df_6.0.22000.120_none_9d947278b86cc467\COMCTL32.dll
0x00007ffb57b60000 - 0x00007ffb57b89000 	C:\WINDOWS\System32\GDI32.dll
0x00007ffb58a50000 - 0x00007ffb58af3000 	C:\WINDOWS\System32\msvcrt.dll
0x00007ffb56510000 - 0x00007ffb56628000 	C:\WINDOWS\System32\gdi32full.dll
0x00007ffb56c60000 - 0x00007ffb56cfd000 	C:\WINDOWS\System32\msvcp_win.dll
0x00007ffb57b20000 - 0x00007ffb57b51000 	C:\WINDOWS\System32\IMM32.DLL
0x00007ffb51bd0000 - 0x00007ffb51bdc000 	c:\Users\se\.vscode\extensions\redhat.java-1.12.0-win32-x64\jre\17.0.4.1-win32-x86_64\bin\vcruntime140_1.dll
0x00007ffb166f0000 - 0x00007ffb16781000 	c:\Users\se\.vscode\extensions\redhat.java-1.12.0-win32-x64\jre\17.0.4.1-win32-x86_64\bin\msvcp140.dll
0x00007ffb0e9b0000 - 0x00007ffb0f5f6000 	c:\Users\se\.vscode\extensions\redhat.java-1.12.0-win32-x64\jre\17.0.4.1-win32-x86_64\bin\server\jvm.dll
0x00007ffb56d00000 - 0x00007ffb56dae000 	C:\WINDOWS\System32\ADVAPI32.dll
0x00007ffb57a50000 - 0x00007ffb57aee000 	C:\WINDOWS\System32\sechost.dll
0x00007ffb58cb0000 - 0x00007ffb58dd0000 	C:\WINDOWS\System32\RPCRT4.dll
0x00007ffb57af0000 - 0x00007ffb57af8000 	C:\WINDOWS\System32\PSAPI.DLL
0x00007ffb4e0b0000 - 0x00007ffb4e0b9000 	C:\WINDOWS\SYSTEM32\WSOCK32.dll
0x00007ffb52650000 - 0x00007ffb5265a000 	C:\WINDOWS\SYSTEM32\VERSION.dll
0x00007ffb52b50000 - 0x00007ffb52b83000 	C:\WINDOWS\SYSTEM32\WINMM.dll
0x00007ffb579e0000 - 0x00007ffb57a4f000 	C:\WINDOWS\System32\WS2_32.dll
0x00007ffb553d0000 - 0x00007ffb553e8000 	C:\WINDOWS\SYSTEM32\kernel.appcore.dll
0x00007ffb39aa0000 - 0x00007ffb39aaa000 	c:\Users\se\.vscode\extensions\redhat.java-1.12.0-win32-x64\jre\17.0.4.1-win32-x86_64\bin\jimage.dll
0x00007ffb4e5d0000 - 0x00007ffb4e7f1000 	C:\WINDOWS\SYSTEM32\DBGHELP.DLL
0x00007ffb38680000 - 0x00007ffb386b1000 	C:\WINDOWS\SYSTEM32\dbgcore.DLL
0x00007ffb56630000 - 0x00007ffb566af000 	C:\WINDOWS\System32\bcryptPrimitives.dll
0x00007ffb39a90000 - 0x00007ffb39a9e000 	c:\Users\se\.vscode\extensions\redhat.java-1.12.0-win32-x64\jre\17.0.4.1-win32-x86_64\bin\instrument.dll
0x00007ffb37f80000 - 0x00007ffb37fa5000 	c:\Users\se\.vscode\extensions\redhat.java-1.12.0-win32-x64\jre\17.0.4.1-win32-x86_64\bin\java.dll
0x00007ffb37750000 - 0x00007ffb37768000 	c:\Users\se\.vscode\extensions\redhat.java-1.12.0-win32-x64\jre\17.0.4.1-win32-x86_64\bin\zip.dll
0x00007ffb56dd0000 - 0x00007ffb57588000 	C:\WINDOWS\System32\SHELL32.dll
0x00007ffb54440000 - 0x00007ffb54ca5000 	C:\WINDOWS\SYSTEM32\windows.storage.dll
0x00007ffb57590000 - 0x00007ffb57907000 	C:\WINDOWS\System32\combase.dll
0x00007ffb542d0000 - 0x00007ffb54436000 	C:\WINDOWS\SYSTEM32\wintypes.dll
0x00007ffb57d00000 - 0x00007ffb57dea000 	C:\WINDOWS\System32\SHCORE.dll
0x00007ffb58340000 - 0x00007ffb5839d000 	C:\WINDOWS\System32\shlwapi.dll
0x00007ffb56280000 - 0x00007ffb562a1000 	C:\WINDOWS\SYSTEM32\profapi.dll
0x00007ffb34f10000 - 0x00007ffb34f29000 	C:\Users\se\.vscode\extensions\redhat.java-1.12.0-win32-x64\jre\17.0.4.1-win32-x86_64\bin\net.dll
0x00007ffb52540000 - 0x00007ffb5264c000 	C:\WINDOWS\SYSTEM32\WINHTTP.dll
0x00007ffb55870000 - 0x00007ffb558d7000 	C:\WINDOWS\system32\mswsock.dll
0x00007ffb31db0000 - 0x00007ffb31dc5000 	C:\Users\se\.vscode\extensions\redhat.java-1.12.0-win32-x64\jre\17.0.4.1-win32-x86_64\bin\nio.dll
0x00007ffb38030000 - 0x00007ffb38040000 	c:\Users\se\.vscode\extensions\redhat.java-1.12.0-win32-x64\jre\17.0.4.1-win32-x86_64\bin\verify.dll

dbghelp: loaded successfully - version: 4.0.5 - missing functions: none
symbol engine: initialized successfully - sym options: 0x614 - pdb path: .;c:\Users\se\.vscode\extensions\redhat.java-1.12.0-win32-x64\jre\17.0.4.1-win32-x86_64\bin;C:\WINDOWS\SYSTEM32;C:\WINDOWS\WinSxS\amd64_microsoft.windows.common-controls_6595b64144ccf1df_6.0.22000.120_none_9d947278b86cc467;c:\Users\se\.vscode\extensions\redhat.java-1.12.0-win32-x64\jre\17.0.4.1-win32-x86_64\bin\server

VM Arguments:
jvm_args: --add-modules=ALL-SYSTEM --add-opens=java.base/java.util=ALL-UNNAMED --add-opens=java.base/java.lang=ALL-UNNAMED --add-opens=java.base/sun.nio.fs=ALL-UNNAMED -Declipse.application=org.eclipse.jdt.ls.core.id1 -Dosgi.bundles.defaultStartLevel=4 -Declipse.product=org.eclipse.jdt.ls.core.product -Djava.import.generatesMetadataFilesAtProjectRoot=false -Dfile.encoding=utf8 -XX:+UseParallelGC -XX:GCTimeRatio=4 -XX:AdaptiveSizePolicyWeight=90 -Dsun.zip.disableMemoryMapping=true -Xmx1G -Xms100m -Xlog:disable -javaagent:c:\Users\se\.vscode\extensions\redhat.java-1.12.0-win32-x64\lombok\lombok-1.18.24.jar 
java_command: c:\Users\se\.vscode\extensions\redhat.java-1.12.0-win32-x64\server\plugins\org.eclipse.equinox.launcher_1.6.400.v20210924-0641.jar -configuration c:\Users\se\AppData\Roaming\Code\User\globalStorage\redhat.java\1.12.0\config_ss_win -data c:\Users\se\AppData\Roaming\Code\User\workspaceStorage\85ccc1e8541c9c61dbb81f5c14fcce68\redhat.java\ss_ws
java_class_path (initial): c:\Users\se\.vscode\extensions\redhat.java-1.12.0-win32-x64\server\plugins\org.eclipse.equinox.launcher_1.6.400.v20210924-0641.jar
Launcher Type: SUN_STANDARD

[Global flags]
    uintx AdaptiveSizePolicyWeight                 = 90                                        {product} {command line}
     intx CICompilerCount                          = 3                                         {product} {ergonomic}
    uintx GCTimeRatio                              = 4                                         {product} {command line}
   size_t InitialHeapSize                          = 104857600                                 {product} {command line}
   size_t MaxHeapSize                              = 1073741824                                {product} {command line}
   size_t MaxNewSize                               = 357564416                                 {product} {ergonomic}
   size_t MinHeapDeltaBytes                        = 524288                                    {product} {ergonomic}
   size_t MinHeapSize                              = 104857600                                 {product} {command line}
   size_t NewSize                                  = 34603008                                  {product} {ergonomic}
    uintx NonNMethodCodeHeapSize                   = 5832780                                {pd product} {ergonomic}
    uintx NonProfiledCodeHeapSize                  = 122912730                              {pd product} {ergonomic}
   size_t OldSize                                  = 70254592                                  {product} {ergonomic}
    uintx ProfiledCodeHeapSize                     = 122912730                              {pd product} {ergonomic}
    uintx ReservedCodeCacheSize                    = 251658240                              {pd product} {ergonomic}
     bool SegmentedCodeCache                       = true                                      {product} {ergonomic}
   size_t SoftMaxHeapSize                          = 1073741824                             {manageable} {ergonomic}
     bool UseCompressedClassPointers               = true                           {product lp64_product} {ergonomic}
     bool UseCompressedOops                        = true                           {product lp64_product} {ergonomic}
     bool UseLargePagesIndividualAllocation        = false                                  {pd product} {ergonomic}
     bool UseParallelGC                            = true                                      {product} {command line}

Logging:
Log output configuration:
 #0: stdout all=off uptime,level,tags
 #1: stderr all=off uptime,level,tags

Environment Variables:
PATH=C:\Program Files\Common Files\Oracle\Java\javapath;C:\Program Files (x86)\Common Files\Intel\Shared Libraries\redist\intel64\compiler;C:\WINDOWS\system32;C:\WINDOWS;C:\WINDOWS\System32\Wbem;C:\WINDOWS\System32\WindowsPowerShell\v1.0\;C:\WINDOWS\System32\OpenSSH\;C:\MinGW\bin;C:\Program Files (x86)\MGLTools-1.5.7;C:\MinGW\bin;C:\Program Files\Java\jdk-18.0.2.1\bin;C:\Program Files\dotnet\;C:\Users\se\AppData\Local\Microsoft\WindowsApps;E:\New folder\MinGW\bin;C:\Users\se\AppData\Local\Programs\Microsoft VS Code\bin
USERNAME=se
OS=Windows_NT
PROCESSOR_IDENTIFIER=Intel64 Family 6 Model 126 Stepping 5, GenuineIntel
TMP=C:\Users\se\AppData\Local\Temp
TEMP=C:\Users\se\AppData\Local\Temp



---------------  S Y S T E M  ---------------

OS:
 Windows 11 , 64 bit Build 22000 (10.0.22000.708)
OS uptime: 0 days 0:42 hours

CPU: total 4 (initial active 4) (2 cores per cpu, 2 threads per core) family 6 model 126 stepping 5 microcode 0xa6, cx8, cmov, fxsr, ht, mmx, 3dnowpref, sse, sse2, sse3, ssse3, sse4.1, sse4.2, popcnt, lzcnt, tsc, tscinvbit, avx, avx2, aes, erms, clmul, bmi1, bmi2, adx, avx512f, avx512dq, avx512cd, avx512bw, avx512vl, sha, fma, vzeroupper, avx512_vpopcntdq, avx512_vpclmulqdq, avx512_vaes, avx512_vnni, clflush, clflushopt, avx512_vbmi2, avx512_vbmi

Memory: 4k page, system-wide physical 3858M (234M free)
TotalPageFile size 3858M (AvailPageFile size 0M)
current process WorkingSet (physical memory assigned to process): 51M, peak: 51M
current process commit charge ("private bytes"): 179M, peak: 179M

vm_info: OpenJDK 64-Bit Server VM (17.0.4.1+1) for windows-amd64 JRE (17.0.4.1+1), built on Aug 17 2022 07:42:43 by "temurin" with MS VC++ 16.7 (VS2019)

END.
