#
# There is insufficient memory for the Java Runtime Environment to continue.
# Native memory allocation (mmap) failed to map 65536 bytes for Failed to commit metaspace.
# Possible reasons:
#   The system is out of physical RAM or swap space
#   The process is running with CompressedOops enabled, and the Java Heap may be blocking the growth of the native heap
# Possible solutions:
#   Reduce memory load on the system
#   Increase physical memory or swap space
#   Check if swap backing store is full
#   Decrease Java heap size (-Xmx/-Xms)
#   Decrease number of Java threads
#   Decrease Java thread stack sizes (-Xss)
#   Set larger code cache with -XX:ReservedCodeCacheSize=
#   JVM is running with Unscaled Compressed Oops mode in which the Java heap is
#     placed in the first 4GB address space. The Java Heap base address is the
#     maximum limit for the native heap growth. Please use -XX:HeapBaseMinAddress
#     to set the Java Heap base and to place the Java Heap above 4GB virtual address.
# This output file may be truncated or incomplete.
#
#  Out of Memory Error (virtualSpaceNode.cpp:110), pid=7320, tid=5352
#
# JRE version: OpenJDK Runtime Environment Temurin-17.0.4.1+1 (17.0.4.1+1) (build 17.0.4.1+1)
# Java VM: OpenJDK 64-Bit Server VM Temurin-17.0.4.1+1 (17.0.4.1+1, mixed mode, tiered, compressed oops, compressed class ptrs, parallel gc, windows-amd64)
# No core dump will be written. Minidumps are not enabled by default on client versions of Windows
#

---------------  S U M M A R Y ------------

Command Line: --add-modules=ALL-SYSTEM --add-opens=java.base/java.util=ALL-UNNAMED --add-opens=java.base/java.lang=ALL-UNNAMED --add-opens=java.base/sun.nio.fs=ALL-UNNAMED -Declipse.application=org.eclipse.jdt.ls.core.id1 -Dosgi.bundles.defaultStartLevel=4 -Declipse.product=org.eclipse.jdt.ls.core.product -Djava.import.generatesMetadataFilesAtProjectRoot=false -Dfile.encoding=utf8 -XX:+UseParallelGC -XX:GCTimeRatio=4 -XX:AdaptiveSizePolicyWeight=90 -Dsun.zip.disableMemoryMapping=true -Xmx1G -Xms100m -Xlog:disable -javaagent:c:\Users\se\.vscode\extensions\redhat.java-1.12.0-win32-x64\lombok\lombok-1.18.24.jar c:\Users\se\.vscode\extensions\redhat.java-1.12.0-win32-x64\server\plugins\org.eclipse.equinox.launcher_1.6.400.v20210924-0641.jar -configuration c:\Users\se\AppData\Roaming\Code\User\globalStorage\redhat.java\1.12.0\config_ss_win -data c:\Users\se\AppData\Roaming\Code\User\workspaceStorage\042ae597b835ad676826bf5aba2120d6\redhat.java\ss_ws

Host: Intel(R) Core(TM) i3-1005G1 CPU @ 1.20GHz, 4 cores, 3G,  Windows 11 , 64 bit Build 22000 (10.0.22000.708)
Time: Wed Dec 14 19:34:20 2022 India Standard Time elapsed time: 2.747780 seconds (0d 0h 0m 2s)

---------------  T H R E A D  ---------------

Current thread (0x0000022bff429410):  JavaThread "C1 CompilerThread0" daemon [_thread_in_vm, id=5352, stack(0x00000038cf500000,0x00000038cf600000)]


Current CompileTask:
C1:   2747 1223   !   3       java.security.MessageDigest$Delegate::of (84 bytes)

Stack: [0x00000038cf500000,0x00000038cf600000]
Native frames: (J=compiled Java code, j=interpreted, Vv=VM code, C=native code)
V  [jvm.dll+0x67731a]
V  [jvm.dll+0x832284]
V  [jvm.dll+0x833a2e]
V  [jvm.dll+0x834093]
V  [jvm.dll+0x245775]
V  [jvm.dll+0x82e22b]
V  [jvm.dll+0x61bdf6]
V  [jvm.dll+0x61be5a]
V  [jvm.dll+0x61e67a]
V  [jvm.dll+0x61c796]
V  [jvm.dll+0x62d9da]
V  [jvm.dll+0x62680a]
V  [jvm.dll+0x1cc970]
V  [jvm.dll+0x1ccb5f]
V  [jvm.dll+0x13414e]
V  [jvm.dll+0x134476]
V  [jvm.dll+0x13390a]
V  [jvm.dll+0x1355d1]
V  [jvm.dll+0x227498]
V  [jvm.dll+0x2255e5]
V  [jvm.dll+0x7e7e9b]
V  [jvm.dll+0x7e240a]
V  [jvm.dll+0x6761a5]
C  [ucrtbase.dll+0x26c0c]
C  [KERNEL32.DLL+0x154e0]
C  [ntdll.dll+0x485b]


---------------  P R O C E S S  ---------------

Threads class SMR info:
_java_thread_list=0x0000022bffcedcd0, length=13, elements={
0x0000022bf6d090e0, 0x0000022bfda6c250, 0x0000022bfda6e4c0, 0x0000022bfda91080,
0x0000022bfda93d50, 0x0000022bfdac1020, 0x0000022bfdac18e0, 0x0000022bfdac24d0,
0x0000022bff429410, 0x0000022bff42c9e0, 0x0000022bff535bc0, 0x0000022bff6b9b90,
0x0000022bffa48b80
}

Java Threads: ( => current thread )
  0x0000022bf6d090e0 JavaThread "main" [_thread_in_vm, id=5788, stack(0x00000038ceb00000,0x00000038cec00000)]
  0x0000022bfda6c250 JavaThread "Reference Handler" daemon [_thread_blocked, id=6292, stack(0x00000038cee00000,0x00000038cef00000)]
  0x0000022bfda6e4c0 JavaThread "Finalizer" daemon [_thread_blocked, id=7008, stack(0x00000038cef00000,0x00000038cf000000)]
  0x0000022bfda91080 JavaThread "Signal Dispatcher" daemon [_thread_blocked, id=7244, stack(0x00000038cf000000,0x00000038cf100000)]
  0x0000022bfda93d50 JavaThread "Attach Listener" daemon [_thread_blocked, id=7208, stack(0x00000038cf100000,0x00000038cf200000)]
  0x0000022bfdac1020 JavaThread "Service Thread" daemon [_thread_blocked, id=4644, stack(0x00000038cf200000,0x00000038cf300000)]
  0x0000022bfdac18e0 JavaThread "Monitor Deflation Thread" daemon [_thread_blocked, id=7972, stack(0x00000038cf300000,0x00000038cf400000)]
  0x0000022bfdac24d0 JavaThread "C2 CompilerThread0" daemon [_thread_blocked, id=3604, stack(0x00000038cf400000,0x00000038cf500000)]
=>0x0000022bff429410 JavaThread "C1 CompilerThread0" daemon [_thread_in_vm, id=5352, stack(0x00000038cf500000,0x00000038cf600000)]
  0x0000022bff42c9e0 JavaThread "Sweeper thread" daemon [_thread_blocked, id=8176, stack(0x00000038cf600000,0x00000038cf700000)]
  0x0000022bff535bc0 JavaThread "Common-Cleaner" daemon [_thread_blocked, id=6284, stack(0x00000038cf700000,0x00000038cf800000)]
  0x0000022bff6b9b90 JavaThread "Notification Thread" daemon [_thread_blocked, id=4516, stack(0x00000038cf900000,0x00000038cfa00000)]
  0x0000022bffa48b80 JavaThread "C2 CompilerThread1" daemon [_thread_blocked, id=6436, stack(0x00000038cfe00000,0x00000038cff00000)]

Other Threads:
  0x0000022bf6ddeb60 VMThread "VM Thread" [stack: 0x00000038ced00000,0x00000038cee00000] [id=7028] _threads_hazard_ptr=0x0000022bffcedcd0
  0x0000022bff6ba060 WatcherThread [stack: 0x00000038cfa00000,0x00000038cfb00000] [id=5380]
  0x0000022bf6d1e2d0 GCTaskThread "GC Thread#0" [stack: 0x00000038cec00000,0x00000038ced00000] [id=6296]
  0x0000022bffa2e6d0 GCTaskThread "GC Thread#1" [stack: 0x00000038cfb00000,0x00000038cfc00000] [id=8316]
  0x0000022bff9ad990 GCTaskThread "GC Thread#2" [stack: 0x00000038cfc00000,0x00000038cfd00000] [id=1376]
  0x0000022bff9adc40 GCTaskThread "GC Thread#3" [stack: 0x00000038cfd00000,0x00000038cfe00000] [id=2556]

Threads with active compile tasks:
C1 CompilerThread0     2757 1223   !   3       java.security.MessageDigest$Delegate::of (84 bytes)

VM state: synchronizing (normal execution)

VM Mutex/Monitor currently owned by a thread:  ([mutex/lock_event])
[0x0000022bf6ac4010] Metaspace_lock - owner thread: 0x0000022bff429410
[0x0000022bf6d04400] Threads_lock - owner thread: 0x0000022bf6ddeb60
[0x0000022bf6d042e0] MethodData_lock - owner thread: 0x0000022bff429410

Heap address: 0x00000000c0000000, size: 1024 MB, Compressed Oops mode: 32-bit

CDS archive(s) not mapped
Compressed class space mapped at: 0x0000000100000000-0x0000000140000000, reserved size: 1073741824
Narrow klass base: 0x0000000000000000, Narrow klass shift: 3, Narrow klass range: 0x140000000

GC Precious Log:
 CPUs: 4 total, 4 available
 Memory: 3858M
 Large Page Support: Disabled
 NUMA Support: Disabled
 Compressed Oops: Enabled (32-bit)
 Alignments: Space 512K, Generation 512K, Heap 2M
 Heap Min Capacity: 100M
 Heap Initial Capacity: 100M
 Heap Max Capacity: 1G
 Pre-touch: Disabled
 Parallel Workers: 4

Heap:
 PSYoungGen      total 29696K, used 11663K [0x00000000eab00000, 0x00000000ecc00000, 0x0000000100000000)
  eden space 25600K, 32% used [0x00000000eab00000,0x00000000eb337970,0x00000000ec400000)
  from space 4096K, 79% used [0x00000000ec400000,0x00000000ec72c680,0x00000000ec800000)
  to   space 4096K, 0% used [0x00000000ec800000,0x00000000ec800000,0x00000000ecc00000)
 ParOldGen       total 68608K, used 16K [0x00000000c0000000, 0x00000000c4300000, 0x00000000eab00000)
  object space 68608K, 0% used [0x00000000c0000000,0x00000000c0004000,0x00000000c4300000)
 Metaspace       used 11991K, committed 12160K, reserved 1064960K
  class space    used 1182K, committed 1280K, reserved 1048576K

Card table byte_map: [0x0000022bfb360000,0x0000022bfb570000] _byte_map_base: 0x0000022bfad60000

Marking Bits: (ParMarkBitMap*) 0x00007ffc6dca2cc0
 Begin Bits: [0x0000022bfb6d0000, 0x0000022bfc6d0000)
 End Bits:   [0x0000022bfc6d0000, 0x0000022bfd6d0000)

Polling page: 0x0000022bf6de0000

Metaspace:

Usage:
  Non-class:     10.56 MB used.
      Class:      1.15 MB used.
       Both:     11.71 MB used.

Virtual space:
  Non-class space:       16.00 MB reserved,      10.62 MB ( 66%) committed,  2 nodes.
      Class space:        1.00 GB reserved,       1.25 MB ( <1%) committed,  1 nodes.
             Both:        1.02 GB reserved,      11.88 MB (  1%) committed. 

Chunk freelists:
   Non-Class:  1.16 MB
       Class:  2.57 MB
        Both:  3.73 MB

MaxMetaspaceSize: unlimited
CompressedClassSpaceSize: 1.00 GB
Initial GC threshold: 21.00 MB
Current GC threshold: 21.00 MB
CDS: off
MetaspaceReclaimPolicy: balanced
 - commit_granule_bytes: 65536.
 - commit_granule_words: 8192.
 - virtual_space_node_default_size: 1048576.
 - enlarge_chunks_in_place: 1.
 - new_chunks_are_fully_committed: 0.
 - uncommit_free_chunks: 1.
 - use_allocation_guard: 0.
 - handle_deallocations: 1.


Internal statistics:

num_allocs_failed_limit: 0.
num_arena_births: 42.
num_arena_deaths: 0.
num_vsnodes_births: 3.
num_vsnodes_deaths: 0.
num_space_committed: 190.
num_space_uncommitted: 0.
num_chunks_returned_to_freelist: 0.
num_chunks_taken_from_freelist: 157.
num_chunk_merges: 0.
num_chunk_splits: 108.
num_chunks_enlarged: 91.
num_purges: 0.
num_inconsistent_stats: 0.

CodeHeap 'non-profiled nmethods': size=120000Kb used=455Kb max_used=455Kb free=119545Kb
 bounds [0x0000022b87ad0000, 0x0000022b87d40000, 0x0000022b8f000000]
CodeHeap 'profiled nmethods': size=120000Kb used=2199Kb max_used=2199Kb free=117800Kb
 bounds [0x0000022b805a0000, 0x0000022b80810000, 0x0000022b87ad0000]
CodeHeap 'non-nmethods': size=5760Kb used=1151Kb max_used=1178Kb free=4608Kb
 bounds [0x0000022b80000000, 0x0000022b80270000, 0x0000022b805a0000]
 total_blobs=1653 nmethods=1222 adapters=346
 compilation: enabled
              stopped_count=0, restarted_count=0
 full_count=0

Compilation events (20 events):
Event: 1.942 Thread 0x0000022bff429410 nmethod 1213 0x0000022b807c4810 code [0x0000022b807c49c0, 0x0000022b807c4b48]
Event: 1.942 Thread 0x0000022bff429410 1214       1       org.eclipse.osgi.container.ModuleRevisions::getContainer (5 bytes)
Event: 1.942 Thread 0x0000022bff429410 nmethod 1214 0x0000022b87b40d10 code [0x0000022b87b40ea0, 0x0000022b87b40f78]
Event: 1.942 Thread 0x0000022bff429410 1215       1       java.util.concurrent.locks.AbstractOwnableSynchronizer::setExclusiveOwnerThread (6 bytes)
Event: 1.942 Thread 0x0000022bff429410 nmethod 1215 0x0000022b87b41010 code [0x0000022b87b411a0, 0x0000022b87b41278]
Event: 1.943 Thread 0x0000022bff429410 1216       1       org.eclipse.osgi.container.ModuleWiring::getRevision (5 bytes)
Event: 1.943 Thread 0x0000022bff429410 nmethod 1216 0x0000022b87b41310 code [0x0000022b87b414a0, 0x0000022b87b41578]
Event: 1.943 Thread 0x0000022bff429410 1217       1       java.util.concurrent.locks.ReentrantReadWriteLock::readLock (5 bytes)
Event: 1.943 Thread 0x0000022bff429410 nmethod 1217 0x0000022b87b41610 code [0x0000022b87b417a0, 0x0000022b87b41878]
Event: 1.943 Thread 0x0000022bff429410 1218       1       org.eclipse.osgi.container.ModuleRevision::getRevisions (5 bytes)
Event: 1.943 Thread 0x0000022bff429410 nmethod 1218 0x0000022b87b41910 code [0x0000022b87b41aa0, 0x0000022b87b41b78]
Event: 1.943 Thread 0x0000022bff429410 1219       3       java.util.concurrent.locks.AbstractQueuedSynchronizer::compareAndSetState (13 bytes)
Event: 1.944 Thread 0x0000022bff429410 nmethod 1219 0x0000022b807c4c10 code [0x0000022b807c4da0, 0x0000022b807c4ed8]
Event: 1.944 Thread 0x0000022bff429410 1220       3       java.lang.Class::cast (27 bytes)
Event: 1.944 Thread 0x0000022bff429410 nmethod 1220 0x0000022b807c4f90 code [0x0000022b807c5140, 0x0000022b807c53f8]
Event: 1.944 Thread 0x0000022bff429410 1221       3       java.util.concurrent.locks.ReentrantReadWriteLock$Sync::exclusiveCount (5 bytes)
Event: 1.944 Thread 0x0000022bff429410 nmethod 1221 0x0000022b807c5510 code [0x0000022b807c56a0, 0x0000022b807c5798]
Event: 1.944 Thread 0x0000022bff429410 1222       3       sun.security.provider.DigestBase::<init> (27 bytes)
Event: 1.944 Thread 0x0000022bff429410 nmethod 1222 0x0000022b807c5810 code [0x0000022b807c59c0, 0x0000022b807c5c58]
Event: 1.944 Thread 0x0000022bff429410 1223   !   3       java.security.MessageDigest$Delegate::of (84 bytes)

GC Heap History (2 events):
Event: 1.567 GC heap before
{Heap before GC invocations=1 (full 0):
 PSYoungGen      total 29696K, used 25600K [0x00000000eab00000, 0x00000000ecc00000, 0x0000000100000000)
  eden space 25600K, 100% used [0x00000000eab00000,0x00000000ec400000,0x00000000ec400000)
  from space 4096K, 0% used [0x00000000ec800000,0x00000000ec800000,0x00000000ecc00000)
  to   space 4096K, 0% used [0x00000000ec400000,0x00000000ec400000,0x00000000ec800000)
 ParOldGen       total 68608K, used 0K [0x00000000c0000000, 0x00000000c4300000, 0x00000000eab00000)
  object space 68608K, 0% used [0x00000000c0000000,0x00000000c0000000,0x00000000c4300000)
 Metaspace       used 10854K, committed 11008K, reserved 1064960K
  class space    used 1089K, committed 1152K, reserved 1048576K
}
Event: 1.574 GC heap after
{Heap after GC invocations=1 (full 0):
 PSYoungGen      total 29696K, used 3249K [0x00000000eab00000, 0x00000000ecc00000, 0x0000000100000000)
  eden space 25600K, 0% used [0x00000000eab00000,0x00000000eab00000,0x00000000ec400000)
  from space 4096K, 79% used [0x00000000ec400000,0x00000000ec72c680,0x00000000ec800000)
  to   space 4096K, 0% used [0x00000000ec800000,0x00000000ec800000,0x00000000ecc00000)
 ParOldGen       total 68608K, used 16K [0x00000000c0000000, 0x00000000c4300000, 0x00000000eab00000)
  object space 68608K, 0% used [0x00000000c0000000,0x00000000c0004000,0x00000000c4300000)
 Metaspace       used 10854K, committed 11008K, reserved 1064960K
  class space    used 1089K, committed 1152K, reserved 1048576K
}

Deoptimization events (20 events):
Event: 1.368 Thread 0x0000022bf6d090e0 DEOPT PACKING pc=0x0000022b87b19af8 sp=0x00000038cebfe120
Event: 1.368 Thread 0x0000022bf6d090e0 DEOPT UNPACKING pc=0x0000022b80055923 sp=0x00000038cebfe028 mode 2
Event: 1.368 Thread 0x0000022bf6d090e0 Uncommon trap: trap_request=0xffffffde fr.pc=0x0000022b87aff728 relative=0x0000000000000548
Event: 1.368 Thread 0x0000022bf6d090e0 Uncommon trap: reason=class_check action=maybe_recompile pc=0x0000022b87aff728 method=java.util.Collections$UnmodifiableCollection$1.<init>(Ljava/util/Collections$UnmodifiableCollection;)V @ 17 c2
Event: 1.368 Thread 0x0000022bf6d090e0 DEOPT PACKING pc=0x0000022b87aff728 sp=0x00000038cebfe0d0
Event: 1.368 Thread 0x0000022bf6d090e0 DEOPT UNPACKING pc=0x0000022b80055923 sp=0x00000038cebfe018 mode 2
Event: 1.368 Thread 0x0000022bf6d090e0 Uncommon trap: trap_request=0xffffff45 fr.pc=0x0000022b87b0a514 relative=0x0000000000000094
Event: 1.368 Thread 0x0000022bf6d090e0 Uncommon trap: reason=unstable_if action=reinterpret pc=0x0000022b87b0a514 method=java.util.HashMap.hash(Ljava/lang/Object;)I @ 1 c2
Event: 1.368 Thread 0x0000022bf6d090e0 DEOPT PACKING pc=0x0000022b87b0a514 sp=0x00000038cebfdf80
Event: 1.368 Thread 0x0000022bf6d090e0 DEOPT UNPACKING pc=0x0000022b80055923 sp=0x00000038cebfdf18 mode 2
Event: 1.531 Thread 0x0000022bf6d090e0 DEOPT PACKING pc=0x0000022b805e95d2 sp=0x00000038cebf9a50
Event: 1.531 Thread 0x0000022bf6d090e0 DEOPT UNPACKING pc=0x0000022b80056463 sp=0x00000038cebf8eb0 mode 0
Event: 1.652 Thread 0x0000022bf6d090e0 Uncommon trap: trap_request=0xffffff45 fr.pc=0x0000022b87afd468 relative=0x0000000000000bc8
Event: 1.652 Thread 0x0000022bf6d090e0 Uncommon trap: reason=unstable_if action=reinterpret pc=0x0000022b87afd468 method=lombok.patcher.PatchScript.classMatches(Ljava/lang/String;Ljava/util/Collection;)Z @ 25 c2
Event: 1.652 Thread 0x0000022bf6d090e0 DEOPT PACKING pc=0x0000022b87afd468 sp=0x00000038cebf8240
Event: 1.652 Thread 0x0000022bf6d090e0 DEOPT UNPACKING pc=0x0000022b80055923 sp=0x00000038cebf8200 mode 2
Event: 1.652 Thread 0x0000022bf6d090e0 Uncommon trap: trap_request=0xffffff45 fr.pc=0x0000022b87afbc94 relative=0x0000000000000074
Event: 1.652 Thread 0x0000022bf6d090e0 Uncommon trap: reason=unstable_if action=reinterpret pc=0x0000022b87afbc94 method=lombok.patcher.scripts.MethodLevelPatchScript.patch(Ljava/lang/String;[BLlombok/patcher/TransplantMapper;)[B @ 8 c2
Event: 1.652 Thread 0x0000022bf6d090e0 DEOPT PACKING pc=0x0000022b87afbc94 sp=0x00000038cebf82b0
Event: 1.652 Thread 0x0000022bf6d090e0 DEOPT UNPACKING pc=0x0000022b80055923 sp=0x00000038cebf8240 mode 2

Classes unloaded (0 events):
No events

Classes redefined (0 events):
No events

Internal exceptions (20 events):
Event: 0.847 Thread 0x0000022bf6d090e0 Exception <a 'java/io/FileNotFoundException'{0x00000000eb72fc58}> (0x00000000eb72fc58) 
thrown [s\src\hotspot\share\prims\jni.cpp, line 516]
Event: 0.848 Thread 0x0000022bf6d090e0 Exception <a 'java/io/FileNotFoundException'{0x00000000eb730908}> (0x00000000eb730908) 
thrown [s\src\hotspot\share\prims\jni.cpp, line 516]
Event: 0.848 Thread 0x0000022bf6d090e0 Exception <a 'java/io/FileNotFoundException'{0x00000000eb7315b0}> (0x00000000eb7315b0) 
thrown [s\src\hotspot\share\prims\jni.cpp, line 516]
Event: 0.872 Thread 0x0000022bf6d090e0 Exception <a 'java/io/FileNotFoundException'{0x00000000eb76fd40}> (0x00000000eb76fd40) 
thrown [s\src\hotspot\share\prims\jni.cpp, line 516]
Event: 1.016 Thread 0x0000022bf6d090e0 Implicit null exception at 0x0000022b87b00dde to 0x0000022b87b00ea0
Event: 1.248 Thread 0x0000022bf6d090e0 Exception <a 'java/lang/ClassNotFoundException'{0x00000000ebf66180}: sun/net/www/protocol/c/Handler> (0x00000000ebf66180) 
thrown [s\src\hotspot\share\classfile\systemDictionary.cpp, line 256]
Event: 1.248 Thread 0x0000022bf6d090e0 Exception <a 'java/lang/ClassNotFoundException'{0x00000000ebf67470}: sun/net/www/protocol/e/Handler> (0x00000000ebf67470) 
thrown [s\src\hotspot\share\classfile\systemDictionary.cpp, line 256]
Event: 1.249 Thread 0x0000022bf6d090e0 Exception <a 'java/lang/ClassNotFoundException'{0x00000000ebf68580}: sun/net/www/protocol/c/Handler> (0x00000000ebf68580) 
thrown [s\src\hotspot\share\classfile\systemDictionary.cpp, line 256]
Event: 1.259 Thread 0x0000022bf6d090e0 Exception <a 'java/io/FileNotFoundException'{0x00000000ebf87060}> (0x00000000ebf87060) 
thrown [s\src\hotspot\share\prims\jni.cpp, line 516]
Event: 1.368 Thread 0x0000022bf6d090e0 Implicit null exception at 0x0000022b87b202fb to 0x0000022b87b20dd8
Event: 1.368 Thread 0x0000022bf6d090e0 Implicit null exception at 0x0000022b87b1bdf1 to 0x0000022b87b1bfe4
Event: 1.368 Thread 0x0000022bf6d090e0 Implicit null exception at 0x0000022b87b198f1 to 0x0000022b87b19ae0
Event: 1.368 Thread 0x0000022bf6d090e0 Implicit null exception at 0x0000022b87b0a48f to 0x0000022b87b0a505
Event: 1.480 Thread 0x0000022bf6d090e0 Exception <a 'java/lang/NoSuchMethodError'{0x00000000ec251220}: 'int java.lang.invoke.DirectMethodHandle$Holder.invokeStaticInit(java.lang.Object, java.lang.Object, java.lang.Object, java.lang.Object)'> (0x00000000ec251220) 
thrown [s\src\hotspot\share\interpreter\linkResolver.cpp, line 759]
Event: 1.489 Thread 0x0000022bf6d090e0 Exception <a 'java/lang/NoSuchMethodError'{0x00000000ec25b890}: 'java.lang.Object java.lang.invoke.DirectMethodHandle$Holder.invokeInterface(java.lang.Object, java.lang.Object)'> (0x00000000ec25b890) 
thrown [s\src\hotspot\share\interpreter\linkResolver.cpp, line 759]
Event: 1.490 Thread 0x0000022bf6d090e0 Exception <a 'java/lang/IncompatibleClassChangeError'{0x00000000ec25f088}: Found class java.lang.Object, but interface was expected> (0x00000000ec25f088) 
thrown [s\src\hotspot\share\interpreter\linkResolver.cpp, line 826]
Event: 1.492 Thread 0x0000022bf6d090e0 Exception <a 'java/lang/NoSuchMethodError'{0x00000000ec263580}: 'void java.lang.invoke.DirectMethodHandle$Holder.invokeStatic(java.lang.Object, java.lang.Object)'> (0x00000000ec263580) 
thrown [s\src\hotspot\share\interpreter\linkResolver.cpp, line 759]
Event: 1.495 Thread 0x0000022bf6d090e0 Exception <a 'java/lang/NoSuchMethodError'{0x00000000ec266d80}: 'void java.lang.invoke.DirectMethodHandle$Holder.invokeStaticInit(java.lang.Object, java.lang.Object)'> (0x00000000ec266d80) 
thrown [s\src\hotspot\share\interpreter\linkResolver.cpp, line 759]
Event: 1.496 Thread 0x0000022bf6d090e0 Exception <a 'java/lang/NoSuchMethodError'{0x00000000ec26e318}: 'int java.lang.invoke.DirectMethodHandle$Holder.invokeStaticInit(java.lang.Object, java.lang.Object)'> (0x00000000ec26e318) 
thrown [s\src\hotspot\share\interpreter\linkResolver.cpp, line 759]
Event: 1.539 Thread 0x0000022bf6d090e0 Exception <a 'java/lang/NoSuchMethodError'{0x00000000ec393dc0}: 'void java.lang.invoke.DirectMethodHandle$Holder.invokeSpecial(java.lang.Object, java.lang.Object, java.lang.Object)'> (0x00000000ec393dc0) 
thrown [s\src\hotspot\share\interpreter\linkResolver.cpp, line 759]

VM Operations (14 events):
Event: 0.205 Executing VM operation: HandshakeAllThreads
Event: 0.205 Executing VM operation: HandshakeAllThreads done
Event: 0.303 Executing VM operation: HandshakeAllThreads
Event: 0.303 Executing VM operation: HandshakeAllThreads done
Event: 0.733 Executing VM operation: HandshakeAllThreads
Event: 0.733 Executing VM operation: HandshakeAllThreads done
Event: 0.817 Executing VM operation: HandshakeAllThreads
Event: 0.817 Executing VM operation: HandshakeAllThreads done
Event: 1.200 Executing VM operation: HandshakeAllThreads
Event: 1.200 Executing VM operation: HandshakeAllThreads done
Event: 1.200 Executing VM operation: Cleanup
Event: 1.200 Executing VM operation: Cleanup done
Event: 1.567 Executing VM operation: ParallelGCFailedAllocation
Event: 1.574 Executing VM operation: ParallelGCFailedAllocation done

Events (20 events):
Event: 1.796 loading class java/security/SignatureException
Event: 1.796 loading class java/security/SignatureException done
Event: 1.796 loading class java/security/cert/CertificateException
Event: 1.796 loading class java/security/cert/CertificateException done
Event: 1.796 loading class java/security/NoSuchAlgorithmException
Event: 1.796 loading class java/security/NoSuchAlgorithmException done
Event: 1.796 loading class java/security/NoSuchProviderException
Event: 1.796 loading class java/security/NoSuchProviderException done
Event: 1.873 loading class java/util/Collections$UnmodifiableMap$UnmodifiableEntrySet
Event: 1.873 loading class java/util/Collections$UnmodifiableMap$UnmodifiableEntrySet done
Event: 1.873 loading class java/util/Collections$UnmodifiableMap$UnmodifiableEntrySet$1
Event: 1.873 loading class java/util/Collections$UnmodifiableMap$UnmodifiableEntrySet$1 done
Event: 1.873 loading class java/util/Collections$UnmodifiableMap$UnmodifiableEntrySet$UnmodifiableEntry
Event: 1.873 loading class java/util/Collections$UnmodifiableMap$UnmodifiableEntrySet$UnmodifiableEntry done
Event: 1.912 loading class java/lang/reflect/TypeVariable
Event: 1.912 loading class java/lang/reflect/TypeVariable done
Event: 1.913 loading class java/lang/reflect/AnnotatedType
Event: 1.913 loading class java/lang/reflect/AnnotatedType done
Event: 1.919 loading class java/util/ArrayList$SubList$1
Event: 1.919 loading class java/util/ArrayList$SubList$1 done


Dynamic libraries:
0x00007ff758120000 - 0x00007ff75812e000 	c:\Users\se\.vscode\extensions\redhat.java-1.12.0-win32-x64\jre\17.0.4.1-win32-x86_64\bin\java.exe
0x00007ffcb4760000 - 0x00007ffcb4969000 	C:\WINDOWS\SYSTEM32\ntdll.dll
0x00007ffcb4650000 - 0x00007ffcb470d000 	C:\WINDOWS\System32\KERNEL32.DLL
0x00007ffcb1d50000 - 0x00007ffcb20cb000 	C:\WINDOWS\System32\KERNELBASE.dll
0x00007ffcb2200000 - 0x00007ffcb2311000 	C:\WINDOWS\System32\ucrtbase.dll
0x00007ffc91880000 - 0x00007ffc91898000 	c:\Users\se\.vscode\extensions\redhat.java-1.12.0-win32-x64\jre\17.0.4.1-win32-x86_64\bin\jli.dll
0x00007ffcb2e50000 - 0x00007ffcb2ffd000 	C:\WINDOWS\System32\USER32.dll
0x00007ffcb25b0000 - 0x00007ffcb25d6000 	C:\WINDOWS\System32\win32u.dll
0x00007ffcb25f0000 - 0x00007ffcb2619000 	C:\WINDOWS\System32\GDI32.dll
0x00007ffcb2320000 - 0x00007ffcb2438000 	C:\WINDOWS\System32\gdi32full.dll
0x00007ffcb1c30000 - 0x00007ffcb1ccd000 	C:\WINDOWS\System32\msvcp_win.dll
0x00007ffc918e0000 - 0x00007ffc918f9000 	c:\Users\se\.vscode\extensions\redhat.java-1.12.0-win32-x64\jre\17.0.4.1-win32-x86_64\bin\VCRUNTIME140.dll
0x00007ffc961d0000 - 0x00007ffc96475000 	C:\WINDOWS\WinSxS\amd64_microsoft.windows.common-controls_6595b64144ccf1df_6.0.22000.120_none_9d947278b86cc467\COMCTL32.dll
0x00007ffcb3ed0000 - 0x00007ffcb3f73000 	C:\WINDOWS\System32\msvcrt.dll
0x00007ffcb4610000 - 0x00007ffcb4641000 	C:\WINDOWS\System32\IMM32.DLL
0x00007ffca6f40000 - 0x00007ffca6f4c000 	c:\Users\se\.vscode\extensions\redhat.java-1.12.0-win32-x64\jre\17.0.4.1-win32-x86_64\bin\vcruntime140_1.dll
0x00007ffc6dd70000 - 0x00007ffc6de01000 	c:\Users\se\.vscode\extensions\redhat.java-1.12.0-win32-x64\jre\17.0.4.1-win32-x86_64\bin\msvcp140.dll
0x00007ffc6d120000 - 0x00007ffc6dd66000 	c:\Users\se\.vscode\extensions\redhat.java-1.12.0-win32-x64\jre\17.0.4.1-win32-x86_64\bin\server\jvm.dll
0x00007ffcb4550000 - 0x00007ffcb45fe000 	C:\WINDOWS\System32\ADVAPI32.dll
0x00007ffcb4300000 - 0x00007ffcb439e000 	C:\WINDOWS\System32\sechost.dll
0x00007ffcb2d30000 - 0x00007ffcb2e50000 	C:\WINDOWS\System32\RPCRT4.dll
0x00007ffcb4710000 - 0x00007ffcb4718000 	C:\WINDOWS\System32\PSAPI.DLL
0x00007ffc96880000 - 0x00007ffc96889000 	C:\WINDOWS\SYSTEM32\WSOCK32.dll
0x00007ffcb3690000 - 0x00007ffcb36ff000 	C:\WINDOWS\System32\WS2_32.dll
0x00007ffca7880000 - 0x00007ffca78b3000 	C:\WINDOWS\SYSTEM32\WINMM.dll
0x00007ffca7280000 - 0x00007ffca728a000 	C:\WINDOWS\SYSTEM32\VERSION.dll
0x00007ffcb0cb0000 - 0x00007ffcb0cc8000 	C:\WINDOWS\SYSTEM32\kernel.appcore.dll
0x00007ffc93130000 - 0x00007ffc9313a000 	c:\Users\se\.vscode\extensions\redhat.java-1.12.0-win32-x64\jre\17.0.4.1-win32-x86_64\bin\jimage.dll
0x00007ffcac2c0000 - 0x00007ffcac4e1000 	C:\WINDOWS\SYSTEM32\DBGHELP.DLL
0x00007ffc8f3b0000 - 0x00007ffc8f3e1000 	C:\WINDOWS\SYSTEM32\dbgcore.DLL
0x00007ffcb1cd0000 - 0x00007ffcb1d4f000 	C:\WINDOWS\System32\bcryptPrimitives.dll
0x00007ffc92bf0000 - 0x00007ffc92bfe000 	c:\Users\se\.vscode\extensions\redhat.java-1.12.0-win32-x64\jre\17.0.4.1-win32-x86_64\bin\instrument.dll
0x00007ffc8c020000 - 0x00007ffc8c045000 	c:\Users\se\.vscode\extensions\redhat.java-1.12.0-win32-x64\jre\17.0.4.1-win32-x86_64\bin\java.dll
0x00007ffc91860000 - 0x00007ffc91878000 	c:\Users\se\.vscode\extensions\redhat.java-1.12.0-win32-x64\jre\17.0.4.1-win32-x86_64\bin\zip.dll
0x00007ffcb3710000 - 0x00007ffcb3ec8000 	C:\WINDOWS\System32\SHELL32.dll
0x00007ffcafd20000 - 0x00007ffcb0585000 	C:\WINDOWS\SYSTEM32\windows.storage.dll
0x00007ffcb3f80000 - 0x00007ffcb42f7000 	C:\WINDOWS\System32\combase.dll
0x00007ffcafbb0000 - 0x00007ffcafd16000 	C:\WINDOWS\SYSTEM32\wintypes.dll
0x00007ffcb2710000 - 0x00007ffcb27fa000 	C:\WINDOWS\System32\SHCORE.dll
0x00007ffcb2a90000 - 0x00007ffcb2aed000 	C:\WINDOWS\System32\shlwapi.dll
0x00007ffcb1b60000 - 0x00007ffcb1b81000 	C:\WINDOWS\SYSTEM32\profapi.dll
0x00007ffc89500000 - 0x00007ffc89519000 	C:\Users\se\.vscode\extensions\redhat.java-1.12.0-win32-x64\jre\17.0.4.1-win32-x86_64\bin\net.dll
0x00007ffca7320000 - 0x00007ffca742c000 	C:\WINDOWS\SYSTEM32\WINHTTP.dll
0x00007ffcb1150000 - 0x00007ffcb11b7000 	C:\WINDOWS\system32\mswsock.dll
0x00007ffc845e0000 - 0x00007ffc845f5000 	C:\Users\se\.vscode\extensions\redhat.java-1.12.0-win32-x64\jre\17.0.4.1-win32-x86_64\bin\nio.dll
0x00007ffc918d0000 - 0x00007ffc918e0000 	c:\Users\se\.vscode\extensions\redhat.java-1.12.0-win32-x64\jre\17.0.4.1-win32-x86_64\bin\verify.dll

dbghelp: loaded successfully - version: 4.0.5 - missing functions: none
symbol engine: initialized successfully - sym options: 0x614 - pdb path: .;c:\Users\se\.vscode\extensions\redhat.java-1.12.0-win32-x64\jre\17.0.4.1-win32-x86_64\bin;C:\WINDOWS\SYSTEM32;C:\WINDOWS\WinSxS\amd64_microsoft.windows.common-controls_6595b64144ccf1df_6.0.22000.120_none_9d947278b86cc467;c:\Users\se\.vscode\extensions\redhat.java-1.12.0-win32-x64\jre\17.0.4.1-win32-x86_64\bin\server

VM Arguments:
jvm_args: --add-modules=ALL-SYSTEM --add-opens=java.base/java.util=ALL-UNNAMED --add-opens=java.base/java.lang=ALL-UNNAMED --add-opens=java.base/sun.nio.fs=ALL-UNNAMED -Declipse.application=org.eclipse.jdt.ls.core.id1 -Dosgi.bundles.defaultStartLevel=4 -Declipse.product=org.eclipse.jdt.ls.core.product -Djava.import.generatesMetadataFilesAtProjectRoot=false -Dfile.encoding=utf8 -XX:+UseParallelGC -XX:GCTimeRatio=4 -XX:AdaptiveSizePolicyWeight=90 -Dsun.zip.disableMemoryMapping=true -Xmx1G -Xms100m -Xlog:disable -javaagent:c:\Users\se\.vscode\extensions\redhat.java-1.12.0-win32-x64\lombok\lombok-1.18.24.jar 
java_command: c:\Users\se\.vscode\extensions\redhat.java-1.12.0-win32-x64\server\plugins\org.eclipse.equinox.launcher_1.6.400.v20210924-0641.jar -configuration c:\Users\se\AppData\Roaming\Code\User\globalStorage\redhat.java\1.12.0\config_ss_win -data c:\Users\se\AppData\Roaming\Code\User\workspaceStorage\042ae597b835ad676826bf5aba2120d6\redhat.java\ss_ws
java_class_path (initial): c:\Users\se\.vscode\extensions\redhat.java-1.12.0-win32-x64\server\plugins\org.eclipse.equinox.launcher_1.6.400.v20210924-0641.jar
Launcher Type: SUN_STANDARD

[Global flags]
    uintx AdaptiveSizePolicyWeight                 = 90                                        {product} {command line}
     intx CICompilerCount                          = 3                                         {product} {ergonomic}
    uintx GCTimeRatio                              = 4                                         {product} {command line}
   size_t InitialHeapSize                          = 104857600                                 {product} {command line}
   size_t MaxHeapSize                              = 1073741824                                {product} {command line}
   size_t MaxNewSize                               = 357564416                                 {product} {ergonomic}
   size_t MinHeapDeltaBytes                        = 524288                                    {product} {ergonomic}
   size_t MinHeapSize                              = 104857600                                 {product} {command line}
   size_t NewSize                                  = 34603008                                  {product} {ergonomic}
    uintx NonNMethodCodeHeapSize                   = 5832780                                {pd product} {ergonomic}
    uintx NonProfiledCodeHeapSize                  = 122912730                              {pd product} {ergonomic}
   size_t OldSize                                  = 70254592                                  {product} {ergonomic}
    uintx ProfiledCodeHeapSize                     = 122912730                              {pd product} {ergonomic}
    uintx ReservedCodeCacheSize                    = 251658240                              {pd product} {ergonomic}
     bool SegmentedCodeCache                       = true                                      {product} {ergonomic}
   size_t SoftMaxHeapSize                          = 1073741824                             {manageable} {ergonomic}
     bool UseCompressedClassPointers               = true                           {product lp64_product} {ergonomic}
     bool UseCompressedOops                        = true                           {product lp64_product} {ergonomic}
     bool UseLargePagesIndividualAllocation        = false                                  {pd product} {ergonomic}
     bool UseParallelGC                            = true                                      {product} {command line}

Logging:
Log output configuration:
 #0: stdout all=off uptime,level,tags
 #1: stderr all=off uptime,level,tags

Environment Variables:
PATH=C:\Program Files\Common Files\Oracle\Java\javapath;C:\Program Files (x86)\Common Files\Intel\Shared Libraries\redist\intel64\compiler;C:\WINDOWS\system32;C:\WINDOWS;C:\WINDOWS\System32\Wbem;C:\WINDOWS\System32\WindowsPowerShell\v1.0\;C:\WINDOWS\System32\OpenSSH\;C:\MinGW\bin;C:\Program Files (x86)\MGLTools-1.5.7;C:\MinGW\bin;C:\Program Files\Java\jdk-18.0.2.1\bin;C:\Program Files\dotnet\;C:\Users\se\AppData\Local\Microsoft\WindowsApps;E:\New folder\MinGW\bin;C:\Users\se\AppData\Local\Programs\Microsoft VS Code\bin
USERNAME=se
OS=Windows_NT
PROCESSOR_IDENTIFIER=Intel64 Family 6 Model 126 Stepping 5, GenuineIntel
TMP=C:\Users\se\AppData\Local\Temp
TEMP=C:\Users\se\AppData\Local\Temp



---------------  S Y S T E M  ---------------

OS:
 Windows 11 , 64 bit Build 22000 (10.0.22000.708)
OS uptime: 0 days 0:11 hours

CPU: total 4 (initial active 4) (2 cores per cpu, 2 threads per core) family 6 model 126 stepping 5 microcode 0xa6, cx8, cmov, fxsr, ht, mmx, 3dnowpref, sse, sse2, sse3, ssse3, sse4.1, sse4.2, popcnt, lzcnt, tsc, tscinvbit, avx, avx2, aes, erms, clmul, bmi1, bmi2, adx, avx512f, avx512dq, avx512cd, avx512bw, avx512vl, sha, fma, vzeroupper, avx512_vpopcntdq, avx512_vpclmulqdq, avx512_vaes, avx512_vnni, clflush, clflushopt, avx512_vbmi2, avx512_vbmi

Memory: 4k page, system-wide physical 3858M (387M free)
TotalPageFile size 3858M (AvailPageFile size 2M)
current process WorkingSet (physical memory assigned to process): 79M, peak: 79M
current process commit charge ("private bytes"): 189M, peak: 189M

vm_info: OpenJDK 64-Bit Server VM (17.0.4.1+1) for windows-amd64 JRE (17.0.4.1+1), built on Aug 17 2022 07:42:43 by "temurin" with MS VC++ 16.7 (VS2019)

END.
