#
# There is insufficient memory for the Java Runtime Environment to continue.
# Native memory allocation (mmap) failed to map 65536 bytes for Failed to commit metaspace.
# Possible reasons:
#   The system is out of physical RAM or swap space
#   The process is running with CompressedOops enabled, and the Java Heap may be blocking the growth of the native heap
# Possible solutions:
#   Reduce memory load on the system
#   Increase physical memory or swap space
#   Check if swap backing store is full
#   Decrease Java heap size (-Xmx/-Xms)
#   Decrease number of Java threads
#   Decrease Java thread stack sizes (-Xss)
#   Set larger code cache with -XX:ReservedCodeCacheSize=
#   JVM is running with Unscaled Compressed Oops mode in which the Java heap is
#     placed in the first 4GB address space. The Java Heap base address is the
#     maximum limit for the native heap growth. Please use -XX:HeapBaseMinAddress
#     to set the Java Heap base and to place the Java Heap above 4GB virtual address.
# This output file may be truncated or incomplete.
#
#  Out of Memory Error (virtualSpaceNode.cpp:110), pid=8808, tid=8056
#
# JRE version: OpenJDK Runtime Environment Temurin-17.0.4.1+1 (17.0.4.1+1) (build 17.0.4.1+1)
# Java VM: OpenJDK 64-Bit Server VM Temurin-17.0.4.1+1 (17.0.4.1+1, mixed mode, tiered, compressed oops, compressed class ptrs, parallel gc, windows-amd64)
# No core dump will be written. Minidumps are not enabled by default on client versions of Windows
#

---------------  S U M M A R Y ------------

Command Line: --add-modules=ALL-SYSTEM --add-opens=java.base/java.util=ALL-UNNAMED --add-opens=java.base/java.lang=ALL-UNNAMED --add-opens=java.base/sun.nio.fs=ALL-UNNAMED -Declipse.application=org.eclipse.jdt.ls.core.id1 -Dosgi.bundles.defaultStartLevel=4 -Declipse.product=org.eclipse.jdt.ls.core.product -Djava.import.generatesMetadataFilesAtProjectRoot=false -Dfile.encoding=utf8 -XX:+UseParallelGC -XX:GCTimeRatio=4 -XX:AdaptiveSizePolicyWeight=90 -Dsun.zip.disableMemoryMapping=true -Xmx1G -Xms100m -Xlog:disable -javaagent:c:\Users\se\.vscode\extensions\redhat.java-1.12.0-win32-x64\lombok\lombok-1.18.24.jar -XX:+HeapDumpOnOutOfMemoryError -XX:HeapDumpPath=c:\Users\se\AppData\Roaming\Code\User\workspaceStorage\042ae597b835ad676826bf5aba2120d6\redhat.java c:\Users\se\.vscode\extensions\redhat.java-1.12.0-win32-x64\server\plugins\org.eclipse.equinox.launcher_1.6.400.v20210924-0641.jar -configuration c:\Users\se\AppData\Roaming\Code\User\globalStorage\redhat.java\1.12.0\config_win -data c:\Users\se\AppData\Roaming\Code\User\workspaceStorage\042ae597b835ad676826bf5aba2120d6\redhat.java\jdt_ws

Host: Intel(R) Core(TM) i3-1005G1 CPU @ 1.20GHz, 4 cores, 3G,  Windows 11 , 64 bit Build 22000 (10.0.22000.708)
Time: Wed Dec 14 19:34:20 2022 India Standard Time elapsed time: 5.762882 seconds (0d 0h 0m 5s)

---------------  T H R E A D  ---------------

Current thread (0x0000022c2d5a3060):  JavaThread "Start Level: Equinox Container: de149585-c4ea-487f-a017-efa960884c93" daemon [_thread_in_vm, id=8056, stack(0x0000009d1a700000,0x0000009d1a800000)]

Stack: [0x0000009d1a700000,0x0000009d1a800000]
Native frames: (J=compiled Java code, j=interpreted, Vv=VM code, C=native code)
V  [jvm.dll+0x67731a]
V  [jvm.dll+0x832284]
V  [jvm.dll+0x833a2e]
V  [jvm.dll+0x834093]
V  [jvm.dll+0x245775]
V  [jvm.dll+0x82e22b]
V  [jvm.dll+0x61bdf6]
V  [jvm.dll+0x1c07be]
V  [jvm.dll+0x61e741]
V  [jvm.dll+0x61c796]
V  [jvm.dll+0x239e0f]
V  [jvm.dll+0x6265a5]
V  [jvm.dll+0x1ea5db]
V  [jvm.dll+0x1eab15]
V  [jvm.dll+0x1eb54f]
V  [jvm.dll+0x1e09f1]
V  [jvm.dll+0x53c910]
V  [jvm.dll+0x7ad138]
V  [jvm.dll+0x7ad224]
V  [jvm.dll+0x40ccd5]
V  [jvm.dll+0x412ec8]
C  [java.dll+0x17ec]

Java frames: (J=compiled Java code, j=interpreted, Vv=VM code)
J 1060  java.lang.ClassLoader.defineClass1(Ljava/lang/ClassLoader;Ljava/lang/String;[BIILjava/security/ProtectionDomain;Ljava/lang/String;)Ljava/lang/Class; java.base@17.0.4.1 (0 bytes) @ 0x0000022c21b459db [0x0000022c21b45920+0x00000000000000bb]
J 1673 c1 java.lang.ClassLoader.defineClass(Ljava/lang/String;[BIILjava/security/ProtectionDomain;)Ljava/lang/Class; java.base@17.0.4.1 (43 bytes) @ 0x0000022c1a8ccfd4 [0x0000022c1a8ccc80+0x0000000000000354]
J 2232 c1 org.eclipse.osgi.internal.loader.ModuleClassLoader.defineClass(Ljava/lang/String;[BLorg/eclipse/osgi/internal/loader/classpath/ClasspathEntry;)Lorg/eclipse/osgi/internal/loader/ModuleClassLoader$DefineClassResult; (138 bytes) @ 0x0000022c1aa2391c [0x0000022c1aa236c0+0x000000000000025c]
J 2100 c1 org.eclipse.osgi.internal.loader.classpath.ClasspathManager.defineClass(Ljava/lang/String;[BLorg/eclipse/osgi/internal/loader/classpath/ClasspathEntry;Lorg/eclipse/osgi/storage/bundlefile/BundleEntry;Ljava/util/List;)Ljava/lang/Class; (636 bytes) @ 0x0000022c1a9d55b4 [0x0000022c1a9d3be0+0x00000000000019d4]
J 1721 c1 org.eclipse.osgi.internal.loader.classpath.ClasspathManager.findClassImpl(Ljava/lang/String;Lorg/eclipse/osgi/internal/loader/classpath/ClasspathEntry;Ljava/util/List;)Ljava/lang/Class; (308 bytes) @ 0x0000022c1a8ef2f4 [0x0000022c1a8ec540+0x0000000000002db4]
J 1720 c1 org.eclipse.osgi.internal.loader.classpath.ClasspathManager.findLocalClassImpl(Ljava/lang/String;[Lorg/eclipse/osgi/internal/loader/classpath/ClasspathEntry;Ljava/util/List;)Ljava/lang/Class; (55 bytes) @ 0x0000022c1a8eb9cc [0x0000022c1a8eb840+0x000000000000018c]
J 1719 c1 org.eclipse.osgi.internal.loader.classpath.ClasspathManager.findLocalClassImpl(Ljava/lang/String;Ljava/util/List;)Ljava/lang/Class; (132 bytes) @ 0x0000022c1a8eaf54 [0x0000022c1a8eaa40+0x0000000000000514]
J 1948 c1 org.eclipse.osgi.internal.loader.classpath.ClasspathManager.findLocalClass(Ljava/lang/String;)Ljava/lang/Class; (210 bytes) @ 0x0000022c1a97b0bc [0x0000022c1a97a420+0x0000000000000c9c]
J 1714 c1 org.eclipse.osgi.internal.loader.BundleLoader.findLocalClass(Ljava/lang/String;)Ljava/lang/Class; (152 bytes) @ 0x0000022c1a8e5d6c [0x0000022c1a8e5520+0x000000000000084c]
J 2534 c1 org.eclipse.osgi.internal.loader.BundleLoader.findClass0(Ljava/lang/String;ZZ)Ljava/lang/Class; (466 bytes) @ 0x0000022c1aaa8ea4 [0x0000022c1aaa6880+0x0000000000002624]
J 1642 c1 org.eclipse.osgi.internal.loader.BundleLoader.findClass(Ljava/lang/String;)Ljava/lang/Class; (8 bytes) @ 0x0000022c1a8b941c [0x0000022c1a8b93a0+0x000000000000007c]
J 1645 c1 org.eclipse.osgi.internal.loader.ModuleClassLoader.loadClass(Ljava/lang/String;Z)Ljava/lang/Class; (36 bytes) @ 0x0000022c1a8c0a3c [0x0000022c1a8c0820+0x000000000000021c]
J 776 c1 java.lang.ClassLoader.loadClass(Ljava/lang/String;)Ljava/lang/Class; java.base@17.0.4.1 (7 bytes) @ 0x0000022c1a6f59bc [0x0000022c1a6f58c0+0x00000000000000fc]
v  ~StubRoutines::call_stub
j  org.eclipse.jdt.internal.compiler.lookup.Binding.<clinit>()V+1
v  ~StubRoutines::call_stub
j  org.eclipse.jdt.internal.codeassist.CompletionEngine.<clinit>()V+337
v  ~StubRoutines::call_stub
j  org.eclipse.jdt.internal.core.JavaModelManager$8.optionsChanged(Lorg/eclipse/osgi/service/debug/DebugOptions;)V+127
j  org.eclipse.osgi.internal.debug.FrameworkDebugOptions.addingService(Lorg/osgi/framework/ServiceReference;)Lorg/eclipse/osgi/service/debug/DebugOptionsListener;+16
j  org.eclipse.osgi.internal.debug.FrameworkDebugOptions.addingService(Lorg/osgi/framework/ServiceReference;)Ljava/lang/Object;+5
j  org.osgi.util.tracker.ServiceTracker$Tracked.customizerAdding(Lorg/osgi/framework/ServiceReference;Lorg/osgi/framework/ServiceEvent;)Ljava/lang/Object;+8
j  org.osgi.util.tracker.ServiceTracker$Tracked.customizerAdding(Ljava/lang/Object;Ljava/lang/Object;)Ljava/lang/Object;+9
j  org.osgi.util.tracker.AbstractTracked.trackAdding(Ljava/lang/Object;Ljava/lang/Object;)V+8
j  org.osgi.util.tracker.AbstractTracked.track(Ljava/lang/Object;Ljava/lang/Object;)V+83
j  org.osgi.util.tracker.ServiceTracker$Tracked.serviceChanged(Lorg/osgi/framework/ServiceEvent;)V+67
J 1524 c1 org.eclipse.osgi.internal.serviceregistry.FilteredServiceListener.serviceChanged(Lorg/osgi/framework/ServiceEvent;)V (284 bytes) @ 0x0000022c1a88ecb4 [0x0000022c1a88c9e0+0x00000000000022d4]
J 1504 c1 org.eclipse.osgi.internal.framework.BundleContextImpl.dispatchEvent(Ljava/lang/Object;Ljava/lang/Object;ILjava/lang/Object;)V (558 bytes) @ 0x0000022c1a87bff4 [0x0000022c1a878f20+0x00000000000030d4]
J 1901 c1 org.eclipse.osgi.framework.eventmgr.EventManager.dispatchEvent(Ljava/util/Set;Lorg/eclipse/osgi/framework/eventmgr/EventDispatcher;ILjava/lang/Object;)V (69 bytes) @ 0x0000022c1a960d74 [0x0000022c1a9608a0+0x00000000000004d4]
j  org.eclipse.osgi.framework.eventmgr.ListenerQueue.dispatchEventSynchronous(ILjava/lang/Object;)V+67
j  org.eclipse.osgi.internal.serviceregistry.ServiceRegistry.publishServiceEventPrivileged(Lorg/osgi/framework/ServiceEvent;)V+320
j  org.eclipse.osgi.internal.serviceregistry.ServiceRegistry.publishServiceEvent(Lorg/osgi/framework/ServiceEvent;)V+8
j  org.eclipse.osgi.internal.serviceregistry.ServiceRegistrationImpl.register(Ljava/util/Dictionary;)V+128
j  org.eclipse.osgi.internal.serviceregistry.ServiceRegistry.registerService(Lorg/eclipse/osgi/internal/framework/BundleContextImpl;[Ljava/lang/String;Ljava/lang/Object;Ljava/util/Dictionary;)Lorg/eclipse/osgi/internal/serviceregistry/ServiceRegistrationImpl;+298
j  org.eclipse.osgi.internal.framework.BundleContextImpl.registerService([Ljava/lang/String;Ljava/lang/Object;Ljava/util/Dictionary;)Lorg/osgi/framework/ServiceRegistration;+15
j  org.eclipse.osgi.internal.framework.BundleContextImpl.registerService(Ljava/lang/String;Ljava/lang/Object;Ljava/util/Dictionary;)Lorg/osgi/framework/ServiceRegistration;+15
j  org.eclipse.osgi.internal.framework.BundleContextImpl.registerService(Ljava/lang/Class;Ljava/lang/Object;Ljava/util/Dictionary;)Lorg/osgi/framework/ServiceRegistration;+7
j  org.eclipse.jdt.internal.core.JavaModelManager.registerDebugOptionsListener(Lorg/osgi/framework/BundleContext;)V+32
j  org.eclipse.jdt.core.JavaCore.start(Lorg/osgi/framework/BundleContext;)V+6
j  org.eclipse.osgi.internal.framework.BundleContextImpl$2.run()Ljava/lang/Void;+23
j  org.eclipse.osgi.internal.framework.BundleContextImpl$2.run()Ljava/lang/Object;+1
J 1220 c1 java.security.AccessController.executePrivileged(Ljava/security/PrivilegedExceptionAction;Ljava/security/AccessControlContext;Ljava/lang/Class;)Ljava/lang/Object; java.base@17.0.4.1 (65 bytes) @ 0x0000022c1a7d71b4 [0x0000022c1a7d7060+0x0000000000000154]
j  java.security.AccessController.doPrivileged(Ljava/security/PrivilegedExceptionAction;)Ljava/lang/Object;+9 java.base@17.0.4.1
j  org.eclipse.osgi.internal.framework.BundleContextImpl.startActivator(Lorg/osgi/framework/BundleActivator;)V+9
j  org.eclipse.osgi.internal.framework.BundleContextImpl.start()V+134
j  org.eclipse.osgi.internal.framework.EquinoxBundle.startWorker0()V+35
j  org.eclipse.osgi.internal.framework.EquinoxBundle$EquinoxModule.startWorker()V+4
j  org.eclipse.osgi.container.Module.doStart([Lorg/eclipse/osgi/container/Module$StartOptions;)Lorg/eclipse/osgi/container/ModuleContainerAdaptor$ModuleEvent;+190
J 2205 c1 org.eclipse.osgi.container.Module.start([Lorg/eclipse/osgi/container/Module$StartOptions;)V (655 bytes) @ 0x0000022c1aa145d4 [0x0000022c1aa12260+0x0000000000002374]
J 2230 c1 org.eclipse.osgi.framework.util.SecureAction.start(Lorg/eclipse/osgi/container/Module;[Lorg/eclipse/osgi/container/Module$StartOptions;)V (61 bytes) @ 0x0000022c1aa2184c [0x0000022c1aa213c0+0x000000000000048c]
J 1947 c1 org.eclipse.osgi.internal.hooks.EclipseLazyStarter.postFindLocalClass(Ljava/lang/String;Ljava/lang/Class;Lorg/eclipse/osgi/internal/loader/classpath/ClasspathManager;)V (394 bytes) @ 0x0000022c1a9771dc [0x0000022c1a976260+0x0000000000000f7c]
J 1948 c1 org.eclipse.osgi.internal.loader.classpath.ClasspathManager.findLocalClass(Ljava/lang/String;)Ljava/lang/Class; (210 bytes) @ 0x0000022c1a97b3d4 [0x0000022c1a97a420+0x0000000000000fb4]
J 1714 c1 org.eclipse.osgi.internal.loader.BundleLoader.findLocalClass(Ljava/lang/String;)Ljava/lang/Class; (152 bytes) @ 0x0000022c1a8e5d6c [0x0000022c1a8e5520+0x000000000000084c]
J 1960 c1 org.eclipse.osgi.internal.loader.sources.SingleSourcePackage.loadClass(Ljava/lang/String;)Ljava/lang/Class; (9 bytes) @ 0x0000022c1a9834bc [0x0000022c1a9833c0+0x00000000000000fc]
J 2534 c1 org.eclipse.osgi.internal.loader.BundleLoader.findClass0(Ljava/lang/String;ZZ)Ljava/lang/Class; (466 bytes) @ 0x0000022c1aaa8dac [0x0000022c1aaa6880+0x000000000000252c]
J 1642 c1 org.eclipse.osgi.internal.loader.BundleLoader.findClass(Ljava/lang/String;)Ljava/lang/Class; (8 bytes) @ 0x0000022c1a8b941c [0x0000022c1a8b93a0+0x000000000000007c]
J 1645 c1 org.eclipse.osgi.internal.loader.ModuleClassLoader.loadClass(Ljava/lang/String;Z)Ljava/lang/Class; (36 bytes) @ 0x0000022c1a8c0a3c [0x0000022c1a8c0820+0x000000000000021c]
J 776 c1 java.lang.ClassLoader.loadClass(Ljava/lang/String;)Ljava/lang/Class; java.base@17.0.4.1 (7 bytes) @ 0x0000022c1a6f59bc [0x0000022c1a6f58c0+0x00000000000000fc]
v  ~StubRoutines::call_stub
j  java.lang.Class.getDeclaredConstructors0(Z)[Ljava/lang/reflect/Constructor;+0 java.base@17.0.4.1
j  java.lang.Class.privateGetDeclaredConstructors(Z)[Ljava/lang/reflect/Constructor;+52 java.base@17.0.4.1
j  java.lang.Class.getConstructor0([Ljava/lang/Class;I)Ljava/lang/reflect/Constructor;+14 java.base@17.0.4.1
j  java.lang.Class.getConstructor([Ljava/lang/Class;)Ljava/lang/reflect/Constructor;+24 java.base@17.0.4.1
j  org.eclipse.osgi.internal.framework.BundleContextImpl.loadBundleActivator()Lorg/osgi/framework/BundleActivator;+105
j  org.eclipse.osgi.internal.framework.BundleContextImpl.start()V+18
j  org.eclipse.osgi.internal.framework.EquinoxBundle.startWorker0()V+35
j  org.eclipse.osgi.internal.framework.EquinoxBundle$EquinoxModule.startWorker()V+4
j  org.eclipse.osgi.container.Module.doStart([Lorg/eclipse/osgi/container/Module$StartOptions;)Lorg/eclipse/osgi/container/ModuleContainerAdaptor$ModuleEvent;+190
j  org.eclipse.osgi.container.Module.start([Lorg/eclipse/osgi/container/Module$StartOptions;)V+460
j  org.eclipse.osgi.container.ModuleContainer$ContainerStartLevel$2.run()V+71
j  org.eclipse.osgi.internal.framework.EquinoxContainerAdaptor$1$1.execute(Ljava/lang/Runnable;)V+1
j  org.eclipse.osgi.container.ModuleContainer$ContainerStartLevel.incStartLevel(ILjava/util/List;Z)V+192
j  org.eclipse.osgi.container.ModuleContainer$ContainerStartLevel.incStartLevel(ILjava/util/List;Ljava/util/List;Ljava/util/List;Ljava/util/List;)V+19
j  org.eclipse.osgi.container.ModuleContainer$ContainerStartLevel.doContainerStartLevel(Lorg/eclipse/osgi/container/Module;I[Lorg/osgi/framework/FrameworkListener;)V+349
j  org.eclipse.osgi.container.ModuleContainer$ContainerStartLevel.dispatchEvent(Lorg/eclipse/osgi/container/Module;[Lorg/osgi/framework/FrameworkListener;ILjava/lang/Integer;)V+32
j  org.eclipse.osgi.container.ModuleContainer$ContainerStartLevel.dispatchEvent(Ljava/lang/Object;Ljava/lang/Object;ILjava/lang/Object;)V+15
j  org.eclipse.osgi.framework.eventmgr.EventManager.dispatchEvent(Ljava/util/Set;Lorg/eclipse/osgi/framework/eventmgr/EventDispatcher;ILjava/lang/Object;)V+48
j  org.eclipse.osgi.framework.eventmgr.EventManager$EventThread.run()V+26
v  ~StubRoutines::call_stub

---------------  P R O C E S S  ---------------

Threads class SMR info:
_java_thread_list=0x0000022c2ecb4ed0, length=21, elements={
0x0000022c17375cf0, 0x0000022c2b18f310, 0x0000022c2b190ce0, 0x0000022c2b1b09b0,
0x0000022c2b1b3680, 0x0000022c2b1b3f40, 0x0000022c2b1e1410, 0x0000022c2b1e2000,
0x0000022c2b1fb5b0, 0x0000022c2cc483e0, 0x0000022c2ccd26a0, 0x0000022c2ce96e70,
0x0000022c2d63c0e0, 0x0000022c2d63a3f0, 0x0000022c2d5a3060, 0x0000022c2d5d7ce0,
0x0000022c2e381c40, 0x0000022c2d089380, 0x0000022c2e45c640, 0x0000022c2e45d4b0,
0x0000022c2e45d980
}

Java Threads: ( => current thread )
  0x0000022c17375cf0 JavaThread "main" [_thread_blocked, id=7624, stack(0x0000009d19100000,0x0000009d19200000)]
  0x0000022c2b18f310 JavaThread "Reference Handler" daemon [_thread_blocked, id=3720, stack(0x0000009d19500000,0x0000009d19600000)]
  0x0000022c2b190ce0 JavaThread "Finalizer" daemon [_thread_blocked, id=3844, stack(0x0000009d19600000,0x0000009d19700000)]
  0x0000022c2b1b09b0 JavaThread "Signal Dispatcher" daemon [_thread_blocked, id=1044, stack(0x0000009d19700000,0x0000009d19800000)]
  0x0000022c2b1b3680 JavaThread "Attach Listener" daemon [_thread_blocked, id=3648, stack(0x0000009d19800000,0x0000009d19900000)]
  0x0000022c2b1b3f40 JavaThread "Service Thread" daemon [_thread_blocked, id=2616, stack(0x0000009d19900000,0x0000009d19a00000)]
  0x0000022c2b1e1410 JavaThread "Monitor Deflation Thread" daemon [_thread_blocked, id=8948, stack(0x0000009d19a00000,0x0000009d19b00000)]
  0x0000022c2b1e2000 JavaThread "C2 CompilerThread0" daemon [_thread_blocked, id=7876, stack(0x0000009d19b00000,0x0000009d19c00000)]
  0x0000022c2b1fb5b0 JavaThread "C1 CompilerThread0" daemon [_thread_blocked, id=732, stack(0x0000009d19c00000,0x0000009d19d00000)]
  0x0000022c2cc483e0 JavaThread "Sweeper thread" daemon [_thread_blocked, id=4792, stack(0x0000009d19d00000,0x0000009d19e00000)]
  0x0000022c2ccd26a0 JavaThread "Common-Cleaner" daemon [_thread_blocked, id=4352, stack(0x0000009d19e00000,0x0000009d19f00000)]
  0x0000022c2ce96e70 JavaThread "Notification Thread" daemon [_thread_blocked, id=8816, stack(0x0000009d19f00000,0x0000009d1a000000)]
  0x0000022c2d63c0e0 JavaThread "Active Thread: Equinox Container: de149585-c4ea-487f-a017-efa960884c93" [_thread_blocked, id=5544, stack(0x0000009d1a500000,0x0000009d1a600000)]
  0x0000022c2d63a3f0 JavaThread "Framework Event Dispatcher: Equinox Container: de149585-c4ea-487f-a017-efa960884c93" daemon [_thread_blocked, id=8768, stack(0x0000009d1a600000,0x0000009d1a700000)]
=>0x0000022c2d5a3060 JavaThread "Start Level: Equinox Container: de149585-c4ea-487f-a017-efa960884c93" daemon [_thread_in_vm, id=8056, stack(0x0000009d1a700000,0x0000009d1a800000)]
  0x0000022c2d5d7ce0 JavaThread "SCR Component Actor" daemon [_thread_blocked, id=6544, stack(0x0000009d1a800000,0x0000009d1a900000)]
  0x0000022c2e381c40 JavaThread "SCR Component Registry" daemon [_thread_blocked, id=8996, stack(0x0000009d1a900000,0x0000009d1aa00000)]
  0x0000022c2d089380 JavaThread "Worker-JM" [_thread_blocked, id=5900, stack(0x0000009d1aa00000,0x0000009d1ab00000)]
  0x0000022c2e45c640 JavaThread "Worker-0: Repository registry initialization" [_thread_in_vm, id=5896, stack(0x0000009d1ab00000,0x0000009d1ac00000)]
  0x0000022c2e45d4b0 JavaThread "Worker-1: Updating Maven Dependencies" [_thread_in_vm, id=7964, stack(0x0000009d1ac00000,0x0000009d1ad00000)]
  0x0000022c2e45d980 JavaThread "Worker-2" [_thread_blocked, id=4484, stack(0x0000009d1a400000,0x0000009d1a500000)]

Other Threads:
  0x0000022c1744ebf0 VMThread "VM Thread" [stack: 0x0000009d19400000,0x0000009d19500000] [id=8332] _threads_hazard_ptr=0x0000022c2ecb4ed0
  0x0000022c2cea9b90 WatcherThread [stack: 0x0000009d1a000000,0x0000009d1a100000] [id=7044]
  0x0000022c1738a570 GCTaskThread "GC Thread#0" [stack: 0x0000009d19300000,0x0000009d19400000] [id=9064]
  0x0000022c2d7dee10 GCTaskThread "GC Thread#1" [stack: 0x0000009d1a100000,0x0000009d1a200000] [id=5156]
  0x0000022c2d7df0c0 GCTaskThread "GC Thread#2" [stack: 0x0000009d1a200000,0x0000009d1a300000] [id=4816]
  0x0000022c2d7eba30 GCTaskThread "GC Thread#3" [stack: 0x0000009d1a300000,0x0000009d1a400000] [id=1732]

Threads with active compile tasks:

VM state: synchronizing (normal execution)

VM Mutex/Monitor currently owned by a thread:  ([mutex/lock_event])
[0x0000022c1736f5f0] Metaspace_lock - owner thread: 0x0000022c2d5a3060
[0x0000022c17370b10] Threads_lock - owner thread: 0x0000022c1744ebf0

Heap address: 0x00000000c0000000, size: 1024 MB, Compressed Oops mode: 32-bit

CDS archive(s) not mapped
Compressed class space mapped at: 0x0000000100000000-0x0000000140000000, reserved size: 1073741824
Narrow klass base: 0x0000000000000000, Narrow klass shift: 3, Narrow klass range: 0x140000000

GC Precious Log:
 CPUs: 4 total, 4 available
 Memory: 3858M
 Large Page Support: Disabled
 NUMA Support: Disabled
 Compressed Oops: Enabled (32-bit)
 Alignments: Space 512K, Generation 512K, Heap 2M
 Heap Min Capacity: 100M
 Heap Initial Capacity: 100M
 Heap Max Capacity: 1G
 Pre-touch: Disabled
 Parallel Workers: 4

Heap:
 PSYoungGen      total 27136K, used 20652K [0x00000000eab00000, 0x00000000ec900000, 0x0000000100000000)
  eden space 24576K, 73% used [0x00000000eab00000,0x00000000ebcb17b0,0x00000000ec300000)
  from space 2560K, 99% used [0x00000000ec600000,0x00000000ec879b20,0x00000000ec880000)
  to   space 3072K, 0% used [0x00000000ec300000,0x00000000ec300000,0x00000000ec600000)
 ParOldGen       total 68608K, used 7897K [0x00000000c0000000, 0x00000000c4300000, 0x00000000eab00000)
  object space 68608K, 11% used [0x00000000c0000000,0x00000000c07b6498,0x00000000c4300000)
 Metaspace       used 26691K, committed 27136K, reserved 1073152K
  class space    used 2622K, committed 2816K, reserved 1048576K

Card table byte_map: [0x0000022c16d30000,0x0000022c16f40000] _byte_map_base: 0x0000022c16730000

Marking Bits: (ParMarkBitMap*) 0x00007ffc6dca2cc0
 Begin Bits: [0x0000022c29010000, 0x0000022c2a010000)
 End Bits:   [0x0000022c2a010000, 0x0000022c2b010000)

Polling page: 0x0000022c15140000

Metaspace:

Usage:
  Non-class:     23.50 MB used.
      Class:      2.56 MB used.
       Both:     26.07 MB used.

Virtual space:
  Non-class space:       24.00 MB reserved,      23.75 MB ( 99%) committed,  3 nodes.
      Class space:        1.00 GB reserved,       2.75 MB ( <1%) committed,  1 nodes.
             Both:        1.02 GB reserved,      26.50 MB (  3%) committed. 

Chunk freelists:
   Non-Class:  176.00 KB
       Class:  1.27 MB
        Both:  1.44 MB

MaxMetaspaceSize: unlimited
CompressedClassSpaceSize: 1.00 GB
Initial GC threshold: 21.00 MB
Current GC threshold: 35.00 MB
CDS: off
MetaspaceReclaimPolicy: balanced
 - commit_granule_bytes: 65536.
 - commit_granule_words: 8192.
 - virtual_space_node_default_size: 1048576.
 - enlarge_chunks_in_place: 1.
 - new_chunks_are_fully_committed: 0.
 - uncommit_free_chunks: 1.
 - use_allocation_guard: 0.
 - handle_deallocations: 1.


Internal statistics:

num_allocs_failed_limit: 3.
num_arena_births: 194.
num_arena_deaths: 14.
num_vsnodes_births: 4.
num_vsnodes_deaths: 0.
num_space_committed: 424.
num_space_uncommitted: 0.
num_chunks_returned_to_freelist: 17.
num_chunks_taken_from_freelist: 873.
num_chunk_merges: 4.
num_chunk_splits: 601.
num_chunks_enlarged: 442.
num_purges: 2.
num_inconsistent_stats: 0.

CodeHeap 'non-profiled nmethods': size=120000Kb used=1214Kb max_used=1214Kb free=118785Kb
 bounds [0x0000022c21ae0000, 0x0000022c21d50000, 0x0000022c29010000]
CodeHeap 'profiled nmethods': size=120000Kb used=5552Kb max_used=5552Kb free=114447Kb
 bounds [0x0000022c1a5b0000, 0x0000022c1ab20000, 0x0000022c21ae0000]
CodeHeap 'non-nmethods': size=5760Kb used=1230Kb max_used=1234Kb free=4529Kb
 bounds [0x0000022c1a010000, 0x0000022c1a280000, 0x0000022c1a5b0000]
 total_blobs=3275 nmethods=2749 adapters=440
 compilation: enabled
              stopped_count=0, restarted_count=0
 full_count=0

Compilation events (20 events):
Event: 4.911 Thread 0x0000022c2b1fb5b0 nmethod 2739 0x0000022c1ab16e90 code [0x0000022c1ab17060, 0x0000022c1ab17498]
Event: 4.911 Thread 0x0000022c2b1fb5b0 2740       3       org.objectweb.asm.MethodVisitor::visitLineNumber (17 bytes)
Event: 4.911 Thread 0x0000022c2b1fb5b0 nmethod 2740 0x0000022c1ab17690 code [0x0000022c1ab17840, 0x0000022c1ab17a48]
Event: 4.911 Thread 0x0000022c2b1fb5b0 2741       3       lombok.patcher.Hook::convertType (64 bytes)
Event: 4.911 Thread 0x0000022c2b1e2000 nmethod 2736 0x0000022c21c0eb10 code [0x0000022c21c0eca0, 0x0000022c21c0edf8]
Event: 4.911 Thread 0x0000022c2b1e2000 2737       4       java.lang.Character::codePointAt (51 bytes)
Event: 4.912 Thread 0x0000022c2b1fb5b0 nmethod 2741 0x0000022c1ab17b10 code [0x0000022c1ab17d60, 0x0000022c1ab18518]
Event: 4.912 Thread 0x0000022c2b1fb5b0 2742       3       java.util.ArrayList$SubList::toArray (79 bytes)
Event: 4.913 Thread 0x0000022c2b1fb5b0 nmethod 2742 0x0000022c1ab18890 code [0x0000022c1ab18a80, 0x0000022c1ab19108]
Event: 4.913 Thread 0x0000022c2b1fb5b0 2743       3       org.objectweb.asm.MethodVisitor::visitInsn (16 bytes)
Event: 4.913 Thread 0x0000022c2b1e2000 nmethod 2737 0x0000022c21c0ef90 code [0x0000022c21c0f140, 0x0000022c21c0f298]
Event: 4.913 Thread 0x0000022c2b1fb5b0 nmethod 2743 0x0000022c1ab19310 code [0x0000022c1ab194c0, 0x0000022c1ab196c8]
Event: 4.913 Thread 0x0000022c2b1fb5b0 2744       3       org.objectweb.asm.ByteVector::putUTF8 (144 bytes)
Event: 4.914 Thread 0x0000022c2b1fb5b0 nmethod 2744 0x0000022c1ab19790 code [0x0000022c1ab19a00, 0x0000022c1ab1a508]
Event: 4.916 Thread 0x0000022c2b1fb5b0 2745       3       java.lang.Math::multiplyExact (74 bytes)
Event: 4.916 Thread 0x0000022c2b1fb5b0 nmethod 2745 0x0000022c1ab1aa10 code [0x0000022c1ab1abe0, 0x0000022c1ab1b108]
Event: 4.916 Thread 0x0000022c2b1fb5b0 2746       3       java.nio.file.attribute.FileTime::from (18 bytes)
Event: 4.917 Thread 0x0000022c2b1fb5b0 nmethod 2746 0x0000022c1ab1b290 code [0x0000022c1ab1b460, 0x0000022c1ab1b7e8]
Event: 4.918 Thread 0x0000022c2b1fb5b0 2747       3       org.objectweb.asm.SymbolTable::addConstantIntegerOrFloat (21 bytes)
Event: 4.918 Thread 0x0000022c2b1fb5b0 nmethod 2747 0x0000022c1ab1b990 code [0x0000022c1ab1bb40, 0x0000022c1ab1bd98]

GC Heap History (14 events):
Event: 1.654 GC heap before
{Heap before GC invocations=1 (full 0):
 PSYoungGen      total 29696K, used 25600K [0x00000000eab00000, 0x00000000ecc00000, 0x0000000100000000)
  eden space 25600K, 100% used [0x00000000eab00000,0x00000000ec400000,0x00000000ec400000)
  from space 4096K, 0% used [0x00000000ec800000,0x00000000ec800000,0x00000000ecc00000)
  to   space 4096K, 0% used [0x00000000ec400000,0x00000000ec400000,0x00000000ec800000)
 ParOldGen       total 68608K, used 0K [0x00000000c0000000, 0x00000000c4300000, 0x00000000eab00000)
  object space 68608K, 0% used [0x00000000c0000000,0x00000000c0000000,0x00000000c4300000)
 Metaspace       used 10836K, committed 11008K, reserved 1064960K
  class space    used 1087K, committed 1152K, reserved 1048576K
}
Event: 1.668 GC heap after
{Heap after GC invocations=1 (full 0):
 PSYoungGen      total 29696K, used 3336K [0x00000000eab00000, 0x00000000ecc00000, 0x0000000100000000)
  eden space 25600K, 0% used [0x00000000eab00000,0x00000000eab00000,0x00000000ec400000)
  from space 4096K, 81% used [0x00000000ec400000,0x00000000ec742208,0x00000000ec800000)
  to   space 4096K, 0% used [0x00000000ec800000,0x00000000ec800000,0x00000000ecc00000)
 ParOldGen       total 68608K, used 0K [0x00000000c0000000, 0x00000000c4300000, 0x00000000eab00000)
  object space 68608K, 0% used [0x00000000c0000000,0x00000000c0000000,0x00000000c4300000)
 Metaspace       used 10836K, committed 11008K, reserved 1064960K
  class space    used 1087K, committed 1152K, reserved 1048576K
}
Event: 2.361 GC heap before
{Heap before GC invocations=2 (full 0):
 PSYoungGen      total 29696K, used 28936K [0x00000000eab00000, 0x00000000ecc00000, 0x0000000100000000)
  eden space 25600K, 100% used [0x00000000eab00000,0x00000000ec400000,0x00000000ec400000)
  from space 4096K, 81% used [0x00000000ec400000,0x00000000ec742208,0x00000000ec800000)
  to   space 4096K, 0% used [0x00000000ec800000,0x00000000ec800000,0x00000000ecc00000)
 ParOldGen       total 68608K, used 0K [0x00000000c0000000, 0x00000000c4300000, 0x00000000eab00000)
  object space 68608K, 0% used [0x00000000c0000000,0x00000000c0000000,0x00000000c4300000)
 Metaspace       used 14873K, committed 15168K, reserved 1064960K
  class space    used 1511K, committed 1664K, reserved 1048576K
}
Event: 2.367 GC heap after
{Heap after GC invocations=2 (full 0):
 PSYoungGen      total 29696K, used 4093K [0x00000000eab00000, 0x00000000ecc00000, 0x0000000100000000)
  eden space 25600K, 0% used [0x00000000eab00000,0x00000000eab00000,0x00000000ec400000)
  from space 4096K, 99% used [0x00000000ec800000,0x00000000ecbff718,0x00000000ecc00000)
  to   space 4096K, 0% used [0x00000000ec400000,0x00000000ec400000,0x00000000ec800000)
 ParOldGen       total 68608K, used 1351K [0x00000000c0000000, 0x00000000c4300000, 0x00000000eab00000)
  object space 68608K, 1% used [0x00000000c0000000,0x00000000c0151e58,0x00000000c4300000)
 Metaspace       used 14873K, committed 15168K, reserved 1064960K
  class space    used 1511K, committed 1664K, reserved 1048576K
}
Event: 3.100 GC heap before
{Heap before GC invocations=3 (full 0):
 PSYoungGen      total 29696K, used 29693K [0x00000000eab00000, 0x00000000ecc00000, 0x0000000100000000)
  eden space 25600K, 100% used [0x00000000eab00000,0x00000000ec400000,0x00000000ec400000)
  from space 4096K, 99% used [0x00000000ec800000,0x00000000ecbff718,0x00000000ecc00000)
  to   space 4096K, 0% used [0x00000000ec400000,0x00000000ec400000,0x00000000ec800000)
 ParOldGen       total 68608K, used 1351K [0x00000000c0000000, 0x00000000c4300000, 0x00000000eab00000)
  object space 68608K, 1% used [0x00000000c0000000,0x00000000c0151e58,0x00000000c4300000)
 Metaspace       used 19806K, committed 20160K, reserved 1073152K
  class space    used 2005K, committed 2176K, reserved 1048576K
}
Event: 3.107 GC heap after
{Heap after GC invocations=3 (full 0):
 PSYoungGen      total 29696K, used 4064K [0x00000000eab00000, 0x00000000ecc00000, 0x0000000100000000)
  eden space 25600K, 0% used [0x00000000eab00000,0x00000000eab00000,0x00000000ec400000)
  from space 4096K, 99% used [0x00000000ec400000,0x00000000ec7f8330,0x00000000ec800000)
  to   space 4096K, 0% used [0x00000000ec800000,0x00000000ec800000,0x00000000ecc00000)
 ParOldGen       total 68608K, used 3676K [0x00000000c0000000, 0x00000000c4300000, 0x00000000eab00000)
  object space 68608K, 5% used [0x00000000c0000000,0x00000000c0397148,0x00000000c4300000)
 Metaspace       used 19806K, committed 20160K, reserved 1073152K
  class space    used 2005K, committed 2176K, reserved 1048576K
}
Event: 3.288 GC heap before
{Heap before GC invocations=4 (full 0):
 PSYoungGen      total 29696K, used 12060K [0x00000000eab00000, 0x00000000ecc00000, 0x0000000100000000)
  eden space 25600K, 31% used [0x00000000eab00000,0x00000000eb2ced98,0x00000000ec400000)
  from space 4096K, 99% used [0x00000000ec400000,0x00000000ec7f8330,0x00000000ec800000)
  to   space 4096K, 0% used [0x00000000ec800000,0x00000000ec800000,0x00000000ecc00000)
 ParOldGen       total 68608K, used 3676K [0x00000000c0000000, 0x00000000c4300000, 0x00000000eab00000)
  object space 68608K, 5% used [0x00000000c0000000,0x00000000c0397148,0x00000000c4300000)
 Metaspace       used 21099K, committed 21504K, reserved 1073152K
  class space    used 2145K, committed 2304K, reserved 1048576K
}
Event: 3.292 GC heap after
{Heap after GC invocations=4 (full 0):
 PSYoungGen      total 29696K, used 4087K [0x00000000eab00000, 0x00000000ecc00000, 0x0000000100000000)
  eden space 25600K, 0% used [0x00000000eab00000,0x00000000eab00000,0x00000000ec400000)
  from space 4096K, 99% used [0x00000000ec800000,0x00000000ecbfded8,0x00000000ecc00000)
  to   space 4096K, 0% used [0x00000000ec400000,0x00000000ec400000,0x00000000ec800000)
 ParOldGen       total 68608K, used 3917K [0x00000000c0000000, 0x00000000c4300000, 0x00000000eab00000)
  object space 68608K, 5% used [0x00000000c0000000,0x00000000c03d3750,0x00000000c4300000)
 Metaspace       used 21099K, committed 21504K, reserved 1073152K
  class space    used 2145K, committed 2304K, reserved 1048576K
}
Event: 3.292 GC heap before
{Heap before GC invocations=5 (full 1):
 PSYoungGen      total 29696K, used 4087K [0x00000000eab00000, 0x00000000ecc00000, 0x0000000100000000)
  eden space 25600K, 0% used [0x00000000eab00000,0x00000000eab00000,0x00000000ec400000)
  from space 4096K, 99% used [0x00000000ec800000,0x00000000ecbfded8,0x00000000ecc00000)
  to   space 4096K, 0% used [0x00000000ec400000,0x00000000ec400000,0x00000000ec800000)
 ParOldGen       total 68608K, used 3917K [0x00000000c0000000, 0x00000000c4300000, 0x00000000eab00000)
  object space 68608K, 5% used [0x00000000c0000000,0x00000000c03d3750,0x00000000c4300000)
 Metaspace       used 21099K, committed 21504K, reserved 1073152K
  class space    used 2145K, committed 2304K, reserved 1048576K
}
Event: 3.320 GC heap after
{Heap after GC invocations=5 (full 1):
 PSYoungGen      total 29696K, used 0K [0x00000000eab00000, 0x00000000ecc00000, 0x0000000100000000)
  eden space 25600K, 0% used [0x00000000eab00000,0x00000000eab00000,0x00000000ec400000)
  from space 4096K, 0% used [0x00000000ec800000,0x00000000ec800000,0x00000000ecc00000)
  to   space 4096K, 0% used [0x00000000ec400000,0x00000000ec400000,0x00000000ec800000)
 ParOldGen       total 68608K, used 7873K [0x00000000c0000000, 0x00000000c4300000, 0x00000000eab00000)
  object space 68608K, 11% used [0x00000000c0000000,0x00000000c07b0498,0x00000000c4300000)
 Metaspace       used 21085K, committed 21504K, reserved 1073152K
  class space    used 2142K, committed 2304K, reserved 1048576K
}
Event: 3.987 GC heap before
{Heap before GC invocations=6 (full 1):
 PSYoungGen      total 29696K, used 25588K [0x00000000eab00000, 0x00000000ecc00000, 0x0000000100000000)
  eden space 25600K, 99% used [0x00000000eab00000,0x00000000ec3fd1f0,0x00000000ec400000)
  from space 4096K, 0% used [0x00000000ec800000,0x00000000ec800000,0x00000000ecc00000)
  to   space 4096K, 0% used [0x00000000ec400000,0x00000000ec400000,0x00000000ec800000)
 ParOldGen       total 68608K, used 7873K [0x00000000c0000000, 0x00000000c4300000, 0x00000000eab00000)
  object space 68608K, 11% used [0x00000000c0000000,0x00000000c07b0498,0x00000000c4300000)
 Metaspace       used 22352K, committed 22784K, reserved 1073152K
  class space    used 2269K, committed 2432K, reserved 1048576K
}
Event: 3.990 GC heap after
{Heap after GC invocations=6 (full 1):
 PSYoungGen      total 26624K, used 1098K [0x00000000eab00000, 0x00000000ec880000, 0x0000000100000000)
  eden space 25088K, 0% used [0x00000000eab00000,0x00000000eab00000,0x00000000ec380000)
  from space 1536K, 71% used [0x00000000ec400000,0x00000000ec512a98,0x00000000ec580000)
  to   space 2560K, 0% used [0x00000000ec600000,0x00000000ec600000,0x00000000ec880000)
 ParOldGen       total 68608K, used 7881K [0x00000000c0000000, 0x00000000c4300000, 0x00000000eab00000)
  object space 68608K, 11% used [0x00000000c0000000,0x00000000c07b2498,0x00000000c4300000)
 Metaspace       used 22352K, committed 22784K, reserved 1073152K
  class space    used 2269K, committed 2432K, reserved 1048576K
}
Event: 4.634 GC heap before
{Heap before GC invocations=7 (full 1):
 PSYoungGen      total 26624K, used 26186K [0x00000000eab00000, 0x00000000ec880000, 0x0000000100000000)
  eden space 25088K, 100% used [0x00000000eab00000,0x00000000ec380000,0x00000000ec380000)
  from space 1536K, 71% used [0x00000000ec400000,0x00000000ec512a98,0x00000000ec580000)
  to   space 2560K, 0% used [0x00000000ec600000,0x00000000ec600000,0x00000000ec880000)
 ParOldGen       total 68608K, used 7881K [0x00000000c0000000, 0x00000000c4300000, 0x00000000eab00000)
  object space 68608K, 11% used [0x00000000c0000000,0x00000000c07b2498,0x00000000c4300000)
 Metaspace       used 24440K, committed 24896K, reserved 1073152K
  class space    used 2489K, committed 2688K, reserved 1048576K
}
Event: 4.636 GC heap after
{Heap after GC invocations=7 (full 1):
 PSYoungGen      total 27136K, used 2534K [0x00000000eab00000, 0x00000000ec900000, 0x0000000100000000)
  eden space 24576K, 0% used [0x00000000eab00000,0x00000000eab00000,0x00000000ec300000)
  from space 2560K, 99% used [0x00000000ec600000,0x00000000ec879b20,0x00000000ec880000)
  to   space 3072K, 0% used [0x00000000ec300000,0x00000000ec300000,0x00000000ec600000)
 ParOldGen       total 68608K, used 7897K [0x00000000c0000000, 0x00000000c4300000, 0x00000000eab00000)
  object space 68608K, 11% used [0x00000000c0000000,0x00000000c07b6498,0x00000000c4300000)
 Metaspace       used 24440K, committed 24896K, reserved 1073152K
  class space    used 2489K, committed 2688K, reserved 1048576K
}

Deoptimization events (20 events):
Event: 3.463 Thread 0x0000022c2d5a3060 DEOPT PACKING pc=0x0000022c1aa674bc sp=0x0000009d1a7ef7b0
Event: 3.463 Thread 0x0000022c2d5a3060 DEOPT UNPACKING pc=0x0000022c1a066463 sp=0x0000009d1a7eecb0 mode 0
Event: 3.471 Thread 0x0000022c2d5a3060 DEOPT PACKING pc=0x0000022c1aa674bc sp=0x0000009d1a7ef760
Event: 3.471 Thread 0x0000022c2d5a3060 DEOPT UNPACKING pc=0x0000022c1a066463 sp=0x0000009d1a7eec60 mode 0
Event: 3.495 Thread 0x0000022c2d63a3f0 DEOPT PACKING pc=0x0000022c1aa79a83 sp=0x0000009d1a6fe1e0
Event: 3.495 Thread 0x0000022c2d63a3f0 DEOPT UNPACKING pc=0x0000022c1a066463 sp=0x0000009d1a6fd678 mode 0
Event: 3.496 Thread 0x0000022c2d63a3f0 DEOPT PACKING pc=0x0000022c1aa79a83 sp=0x0000009d1a6fe1e0
Event: 3.496 Thread 0x0000022c2d63a3f0 DEOPT UNPACKING pc=0x0000022c1a066463 sp=0x0000009d1a6fd678 mode 0
Event: 3.729 Thread 0x0000022c2d5a3060 DEOPT PACKING pc=0x0000022c1aa55356 sp=0x0000009d1a7f2000
Event: 3.729 Thread 0x0000022c2d5a3060 DEOPT UNPACKING pc=0x0000022c1a066463 sp=0x0000009d1a7f1488 mode 0
Event: 3.733 Thread 0x0000022c2d5a3060 DEOPT PACKING pc=0x0000022c1a6ff79e sp=0x0000009d1a7f23b0
Event: 3.733 Thread 0x0000022c2d5a3060 DEOPT UNPACKING pc=0x0000022c1a066463 sp=0x0000009d1a7f18a8 mode 0
Event: 4.519 Thread 0x0000022c2e45c640 DEOPT PACKING pc=0x0000022c1a8bc414 sp=0x0000009d1abfe380
Event: 4.519 Thread 0x0000022c2e45c640 DEOPT UNPACKING pc=0x0000022c1a066463 sp=0x0000009d1abfd8d8 mode 0
Event: 4.519 Thread 0x0000022c2d5a3060 DEOPT PACKING pc=0x0000022c1a8bc414 sp=0x0000009d1a7fabc0
Event: 4.519 Thread 0x0000022c2d5a3060 DEOPT UNPACKING pc=0x0000022c1a066463 sp=0x0000009d1a7fa118 mode 0
Event: 4.532 Thread 0x0000022c2e45c640 Uncommon trap: trap_request=0xffffff45 fr.pc=0x0000022c21bd27bc relative=0x000000000000047c
Event: 4.532 Thread 0x0000022c2e45c640 Uncommon trap: reason=unstable_if action=reinterpret pc=0x0000022c21bd27bc method=java.lang.String.valueOf(Ljava/lang/Object;)Ljava/lang/String; @ 1 c2
Event: 4.532 Thread 0x0000022c2e45c640 DEOPT PACKING pc=0x0000022c21bd27bc sp=0x0000009d1abfec80
Event: 4.532 Thread 0x0000022c2e45c640 DEOPT UNPACKING pc=0x0000022c1a065923 sp=0x0000009d1abfec18 mode 2

Classes unloaded (7 events):
Event: 3.297 Thread 0x0000022c1744ebf0 Unloading class 0x0000000100216800 'java/lang/invoke/LambdaForm$MH+0x0000000100216800'
Event: 3.297 Thread 0x0000022c1744ebf0 Unloading class 0x0000000100216400 'java/lang/invoke/LambdaForm$MH+0x0000000100216400'
Event: 3.297 Thread 0x0000022c1744ebf0 Unloading class 0x0000000100216000 'java/lang/invoke/LambdaForm$MH+0x0000000100216000'
Event: 3.297 Thread 0x0000022c1744ebf0 Unloading class 0x0000000100215800 'java/lang/invoke/LambdaForm$MH+0x0000000100215800'
Event: 3.297 Thread 0x0000022c1744ebf0 Unloading class 0x0000000100215400 'java/lang/invoke/LambdaForm$BMH+0x0000000100215400'
Event: 3.297 Thread 0x0000022c1744ebf0 Unloading class 0x0000000100215000 'java/lang/invoke/LambdaForm$DMH+0x0000000100215000'
Event: 3.297 Thread 0x0000022c1744ebf0 Unloading class 0x0000000100212400 'java/lang/invoke/LambdaForm$DMH+0x0000000100212400'

Classes redefined (0 events):
No events

Internal exceptions (20 events):
Event: 2.248 Thread 0x0000022c2d5a3060 Exception <a 'java/lang/NoSuchMethodError'{0x00000000ec03d488}: 'java.lang.Object java.lang.invoke.DirectMethodHandle$Holder.invokeStaticInit(java.lang.Object)'> (0x00000000ec03d488) 
thrown [s\src\hotspot\share\interpreter\linkResolver.cpp, line 759]
Event: 2.499 Thread 0x0000022c2d5a3060 Exception <a 'java/io/FileNotFoundException'{0x00000000eb313d10}> (0x00000000eb313d10) 
thrown [s\src\hotspot\share\prims\jni.cpp, line 516]
Event: 2.514 Thread 0x0000022c2d5a3060 Exception <a 'java/lang/NullPointerException'{0x00000000eb3699e8}> (0x00000000eb3699e8) 
thrown [s\src\hotspot\share\interpreter\linkResolver.cpp, line 1350]
Event: 2.514 Thread 0x0000022c2d5a3060 Exception <a 'java/lang/NullPointerException'{0x00000000eb36a210}> (0x00000000eb36a210) 
thrown [s\src\hotspot\share\interpreter\linkResolver.cpp, line 1350]
Event: 2.848 Thread 0x0000022c2d5a3060 Exception <a 'java/lang/NoSuchMethodError'{0x00000000ebccfe78}: 'void java.lang.invoke.DirectMethodHandle$Holder.invokeInterface(java.lang.Object, java.lang.Object, java.lang.Object)'> (0x00000000ebccfe78) 
thrown [s\src\hotspot\share\interpreter\linkResolver.cpp, line 759]
Event: 2.922 Thread 0x0000022c2d5a3060 Exception <a 'java/lang/NoSuchMethodError'{0x00000000ebff5020}: 'java.lang.Object java.lang.invoke.Invokers$Holder.invokeExact_MT(java.lang.Object, java.lang.Object, java.lang.Object, java.lang.Object, java.lang.Object, java.lang.Object)'> (0x00000000ebff5020) 
thrown [s\src\hotspot\share\interpreter\linkResolver.cpp, line 759]
Event: 2.973 Thread 0x0000022c2d5a3060 Exception <a 'java/lang/NoSuchMethodError'{0x00000000ec0df350}: 'java.lang.Object java.lang.invoke.DirectMethodHandle$Holder.invokeStatic(java.lang.Object, java.lang.Object, int)'> (0x00000000ec0df350) 
thrown [s\src\hotspot\share\interpreter\linkResolver.cpp, line 759]
Event: 2.974 Thread 0x0000022c2d5a3060 Exception <a 'java/lang/NoSuchMethodError'{0x00000000ec0e3f00}: 'void java.lang.invoke.DirectMethodHandle$Holder.invokeStatic(java.lang.Object, java.lang.Object, int, java.lang.Object)'> (0x00000000ec0e3f00) 
thrown [s\src\hotspot\share\interpreter\linkResolver.cpp, line 759]
Event: 2.978 Thread 0x0000022c2d5a3060 Exception <a 'java/lang/NoSuchMethodError'{0x00000000ec0eb630}: 'void java.lang.invoke.DelegatingMethodHandle$Holder.delegate(java.lang.Object, java.lang.Object, int, java.lang.Object)'> (0x00000000ec0eb630) 
thrown [s\src\hotspot\share\interpreter\linkResolver.cpp, line 759]
Event: 2.979 Thread 0x0000022c2d5a3060 Exception <a 'java/lang/NoSuchMethodError'{0x00000000ec0efa18}: 'int java.lang.invoke.DirectMethodHandle$Holder.invokeSpecial(java.lang.Object, java.lang.Object, java.lang.Object)'> (0x00000000ec0efa18) 
thrown [s\src\hotspot\share\interpreter\linkResolver.cpp, line 759]
Event: 2.988 Thread 0x0000022c2d5a3060 Exception <a 'java/lang/NoSuchMethodError'{0x00000000ec101278}: 'int java.lang.invoke.DirectMethodHandle$Holder.invokeStatic(java.lang.Object, java.lang.Object, int)'> (0x00000000ec101278) 
thrown [s\src\hotspot\share\interpreter\linkResolver.cpp, line 759]
Event: 2.989 Thread 0x0000022c2d5a3060 Exception <a 'java/lang/NoSuchMethodError'{0x00000000ec1052a0}: 'int java.lang.invoke.DirectMethodHandle$Holder.invokeSpecial(java.lang.Object, java.lang.Object, java.lang.Object, int)'> (0x00000000ec1052a0) 
thrown [s\src\hotspot\share\interpreter\linkResolver.cpp, line 759]
Event: 2.999 Thread 0x0000022c2d5a3060 Exception <a 'java/lang/NoSuchMethodError'{0x00000000ec120d40}: 'java.lang.Object java.lang.invoke.DirectMethodHandle$Holder.invokeStatic(java.lang.Object, java.lang.Object, java.lang.Object, java.lang.Object, int)'> (0x00000000ec120d40) 
thrown [s\src\hotspot\share\interpreter\linkResolver.cpp, line 759]
Event: 3.002 Thread 0x0000022c2d5a3060 Exception <a 'java/lang/NoSuchMethodError'{0x00000000ec12d2f0}: 'java.lang.Object java.lang.invoke.DelegatingMethodHandle$Holder.reinvoke_L(java.lang.Object, java.lang.Object, java.lang.Object, java.lang.Object, int, int)'> (0x00000000ec12d2f0) 
thrown [s\src\hotspot\share\interpreter\linkResolver.cpp, line 759]
Event: 3.009 Thread 0x0000022c2d5a3060 Exception <a 'java/lang/NoSuchMethodError'{0x00000000ec1450b0}: 'java.lang.Object java.lang.invoke.Invokers$Holder.invokeExact_MT(java.lang.Object, java.lang.Object, java.lang.Object, java.lang.Object)'> (0x00000000ec1450b0) 
thrown [s\src\hotspot\share\interpreter\linkResolver.cpp, line 759]
Event: 3.258 Thread 0x0000022c2d5a3060 Exception <a 'java/lang/NoSuchMethodError'{0x00000000eb145408}: 'int java.lang.invoke.DirectMethodHandle$Holder.invokeStaticInit(java.lang.Object, java.lang.Object, java.lang.Object)'> (0x00000000eb145408) 
thrown [s\src\hotspot\share\interpreter\linkResolver.cpp, line 759]
Event: 3.266 Thread 0x0000022c2d5a3060 Exception <a 'java/lang/IncompatibleClassChangeError'{0x00000000eb1abe80}: Found class java.lang.Object, but interface was expected> (0x00000000eb1abe80) 
thrown [s\src\hotspot\share\interpreter\linkResolver.cpp, line 826]
Event: 3.751 Thread 0x0000022c2d5a3060 Exception <a 'java/io/FileNotFoundException'{0x00000000ebb25788}> (0x00000000ebb25788) 
thrown [s\src\hotspot\share\prims\jni.cpp, line 516]
Event: 4.417 Thread 0x0000022c2d5a3060 Exception <a 'java/lang/NoSuchMethodError'{0x00000000eb95c238}: 'void java.lang.invoke.DirectMethodHandle$Holder.invokeSpecial(java.lang.Object, java.lang.Object, java.lang.Object, int)'> (0x00000000eb95c238) 
thrown [s\src\hotspot\share\interpreter\linkResolver.cpp, line 759]
Event: 4.523 Thread 0x0000022c2e45c640 Exception <a 'java/io/FileNotFoundException'{0x00000000ebcc5ed0}> (0x00000000ebcc5ed0) 
thrown [s\src\hotspot\share\prims\jni.cpp, line 516]

VM Operations (20 events):
Event: 2.819 Executing VM operation: HandshakeAllThreads
Event: 2.819 Executing VM operation: HandshakeAllThreads done
Event: 2.972 Executing VM operation: HandshakeAllThreads
Event: 2.972 Executing VM operation: HandshakeAllThreads done
Event: 3.100 Executing VM operation: ParallelGCFailedAllocation
Event: 3.107 Executing VM operation: ParallelGCFailedAllocation done
Event: 3.288 Executing VM operation: CollectForMetadataAllocation
Event: 3.320 Executing VM operation: CollectForMetadataAllocation done
Event: 3.321 Executing VM operation: HandshakeAllThreads
Event: 3.321 Executing VM operation: HandshakeAllThreads done
Event: 3.763 Executing VM operation: HandshakeAllThreads
Event: 3.764 Executing VM operation: HandshakeAllThreads done
Event: 3.987 Executing VM operation: ParallelGCFailedAllocation
Event: 3.991 Executing VM operation: ParallelGCFailedAllocation done
Event: 4.409 Executing VM operation: HandshakeAllThreads
Event: 4.410 Executing VM operation: HandshakeAllThreads done
Event: 4.410 Executing VM operation: HandshakeAllThreads
Event: 4.410 Executing VM operation: HandshakeAllThreads done
Event: 4.634 Executing VM operation: ParallelGCFailedAllocation
Event: 4.636 Executing VM operation: ParallelGCFailedAllocation done

Events (20 events):
Event: 4.533 loading class java/nio/channels/AsynchronousByteChannel done
Event: 4.552 loading class java/util/zip/GZIPOutputStream
Event: 4.552 loading class java/util/zip/DeflaterOutputStream
Event: 4.552 loading class java/util/zip/DeflaterOutputStream done
Event: 4.552 loading class java/util/zip/GZIPOutputStream done
Event: 4.553 loading class java/util/zip/GZIPInputStream
Event: 4.553 loading class java/util/zip/GZIPInputStream done
Event: 4.583 loading class java/net/SocketTimeoutException
Event: 4.583 loading class java/io/InterruptedIOException
Event: 4.583 loading class java/io/InterruptedIOException done
Event: 4.583 loading class java/net/SocketTimeoutException done
Event: 4.583 loading class java/net/SocketException
Event: 4.583 loading class java/net/SocketException done
Event: 4.583 loading class java/net/UnknownHostException
Event: 4.584 loading class java/net/UnknownHostException done
Event: 4.584 loading class java/net/ProtocolException
Event: 4.584 loading class java/net/ProtocolException done
Event: 4.715 loading class java/lang/NegativeArraySizeException
Event: 4.716 loading class java/lang/NegativeArraySizeException done
Event: 4.860 Thread 0x0000022c2e953b30 Thread exited: 0x0000022c2e953b30


Dynamic libraries:
0x00007ff758120000 - 0x00007ff75812e000 	c:\Users\se\.vscode\extensions\redhat.java-1.12.0-win32-x64\jre\17.0.4.1-win32-x86_64\bin\java.exe
0x00007ffcb4760000 - 0x00007ffcb4969000 	C:\WINDOWS\SYSTEM32\ntdll.dll
0x00007ffcb4650000 - 0x00007ffcb470d000 	C:\WINDOWS\System32\KERNEL32.DLL
0x00007ffcb1d50000 - 0x00007ffcb20cb000 	C:\WINDOWS\System32\KERNELBASE.dll
0x00007ffcb2200000 - 0x00007ffcb2311000 	C:\WINDOWS\System32\ucrtbase.dll
0x00007ffc91880000 - 0x00007ffc91898000 	c:\Users\se\.vscode\extensions\redhat.java-1.12.0-win32-x64\jre\17.0.4.1-win32-x86_64\bin\jli.dll
0x00007ffcb2e50000 - 0x00007ffcb2ffd000 	C:\WINDOWS\System32\USER32.dll
0x00007ffcb25b0000 - 0x00007ffcb25d6000 	C:\WINDOWS\System32\win32u.dll
0x00007ffcb25f0000 - 0x00007ffcb2619000 	C:\WINDOWS\System32\GDI32.dll
0x00007ffcb2320000 - 0x00007ffcb2438000 	C:\WINDOWS\System32\gdi32full.dll
0x00007ffcb1c30000 - 0x00007ffcb1ccd000 	C:\WINDOWS\System32\msvcp_win.dll
0x00007ffc918e0000 - 0x00007ffc918f9000 	c:\Users\se\.vscode\extensions\redhat.java-1.12.0-win32-x64\jre\17.0.4.1-win32-x86_64\bin\VCRUNTIME140.dll
0x00007ffc961d0000 - 0x00007ffc96475000 	C:\WINDOWS\WinSxS\amd64_microsoft.windows.common-controls_6595b64144ccf1df_6.0.22000.120_none_9d947278b86cc467\COMCTL32.dll
0x00007ffcb3ed0000 - 0x00007ffcb3f73000 	C:\WINDOWS\System32\msvcrt.dll
0x00007ffcb4610000 - 0x00007ffcb4641000 	C:\WINDOWS\System32\IMM32.DLL
0x00007ffca6f40000 - 0x00007ffca6f4c000 	c:\Users\se\.vscode\extensions\redhat.java-1.12.0-win32-x64\jre\17.0.4.1-win32-x86_64\bin\vcruntime140_1.dll
0x00007ffc6dd70000 - 0x00007ffc6de01000 	c:\Users\se\.vscode\extensions\redhat.java-1.12.0-win32-x64\jre\17.0.4.1-win32-x86_64\bin\msvcp140.dll
0x00007ffc6d120000 - 0x00007ffc6dd66000 	c:\Users\se\.vscode\extensions\redhat.java-1.12.0-win32-x64\jre\17.0.4.1-win32-x86_64\bin\server\jvm.dll
0x00007ffcb4550000 - 0x00007ffcb45fe000 	C:\WINDOWS\System32\ADVAPI32.dll
0x00007ffcb4300000 - 0x00007ffcb439e000 	C:\WINDOWS\System32\sechost.dll
0x00007ffcb2d30000 - 0x00007ffcb2e50000 	C:\WINDOWS\System32\RPCRT4.dll
0x00007ffcb4710000 - 0x00007ffcb4718000 	C:\WINDOWS\System32\PSAPI.DLL
0x00007ffc96880000 - 0x00007ffc96889000 	C:\WINDOWS\SYSTEM32\WSOCK32.dll
0x00007ffcb3690000 - 0x00007ffcb36ff000 	C:\WINDOWS\System32\WS2_32.dll
0x00007ffca7880000 - 0x00007ffca78b3000 	C:\WINDOWS\SYSTEM32\WINMM.dll
0x00007ffca7280000 - 0x00007ffca728a000 	C:\WINDOWS\SYSTEM32\VERSION.dll
0x00007ffcb0cb0000 - 0x00007ffcb0cc8000 	C:\WINDOWS\SYSTEM32\kernel.appcore.dll
0x00007ffc93130000 - 0x00007ffc9313a000 	c:\Users\se\.vscode\extensions\redhat.java-1.12.0-win32-x64\jre\17.0.4.1-win32-x86_64\bin\jimage.dll
0x00007ffcac2c0000 - 0x00007ffcac4e1000 	C:\WINDOWS\SYSTEM32\DBGHELP.DLL
0x00007ffc8f3b0000 - 0x00007ffc8f3e1000 	C:\WINDOWS\SYSTEM32\dbgcore.DLL
0x00007ffcb1cd0000 - 0x00007ffcb1d4f000 	C:\WINDOWS\System32\bcryptPrimitives.dll
0x00007ffc92bf0000 - 0x00007ffc92bfe000 	c:\Users\se\.vscode\extensions\redhat.java-1.12.0-win32-x64\jre\17.0.4.1-win32-x86_64\bin\instrument.dll
0x00007ffc8c020000 - 0x00007ffc8c045000 	c:\Users\se\.vscode\extensions\redhat.java-1.12.0-win32-x64\jre\17.0.4.1-win32-x86_64\bin\java.dll
0x00007ffc91860000 - 0x00007ffc91878000 	c:\Users\se\.vscode\extensions\redhat.java-1.12.0-win32-x64\jre\17.0.4.1-win32-x86_64\bin\zip.dll
0x00007ffcb3710000 - 0x00007ffcb3ec8000 	C:\WINDOWS\System32\SHELL32.dll
0x00007ffcafd20000 - 0x00007ffcb0585000 	C:\WINDOWS\SYSTEM32\windows.storage.dll
0x00007ffcb3f80000 - 0x00007ffcb42f7000 	C:\WINDOWS\System32\combase.dll
0x00007ffcafbb0000 - 0x00007ffcafd16000 	C:\WINDOWS\SYSTEM32\wintypes.dll
0x00007ffcb2710000 - 0x00007ffcb27fa000 	C:\WINDOWS\System32\SHCORE.dll
0x00007ffcb2a90000 - 0x00007ffcb2aed000 	C:\WINDOWS\System32\shlwapi.dll
0x00007ffcb1b60000 - 0x00007ffcb1b81000 	C:\WINDOWS\SYSTEM32\profapi.dll
0x00007ffc89500000 - 0x00007ffc89519000 	C:\Users\se\.vscode\extensions\redhat.java-1.12.0-win32-x64\jre\17.0.4.1-win32-x86_64\bin\net.dll
0x00007ffca7320000 - 0x00007ffca742c000 	C:\WINDOWS\SYSTEM32\WINHTTP.dll
0x00007ffcb1150000 - 0x00007ffcb11b7000 	C:\WINDOWS\system32\mswsock.dll
0x00007ffc845e0000 - 0x00007ffc845f5000 	C:\Users\se\.vscode\extensions\redhat.java-1.12.0-win32-x64\jre\17.0.4.1-win32-x86_64\bin\nio.dll
0x00007ffc918d0000 - 0x00007ffc918e0000 	c:\Users\se\.vscode\extensions\redhat.java-1.12.0-win32-x64\jre\17.0.4.1-win32-x86_64\bin\verify.dll
0x00007ffcaa240000 - 0x00007ffcaa27e000 	C:\Users\se\AppData\Roaming\Code\User\globalStorage\redhat.java\1.12.0\config_win\org.eclipse.equinox.launcher\org.eclipse.equinox.launcher.win32.win32.x86_64_1.2.600.v20220720-1916\eclipse_11700.dll
0x00007ffcb28f0000 - 0x00007ffcb2a8a000 	C:\WINDOWS\System32\ole32.dll

dbghelp: loaded successfully - version: 4.0.5 - missing functions: none
symbol engine: initialized successfully - sym options: 0x614 - pdb path: .;c:\Users\se\.vscode\extensions\redhat.java-1.12.0-win32-x64\jre\17.0.4.1-win32-x86_64\bin;C:\WINDOWS\SYSTEM32;C:\WINDOWS\WinSxS\amd64_microsoft.windows.common-controls_6595b64144ccf1df_6.0.22000.120_none_9d947278b86cc467;c:\Users\se\.vscode\extensions\redhat.java-1.12.0-win32-x64\jre\17.0.4.1-win32-x86_64\bin\server;C:\Users\se\AppData\Roaming\Code\User\globalStorage\redhat.java\1.12.0\config_win\org.eclipse.equinox.launcher\org.eclipse.equinox.launcher.win32.win32.x86_64_1.2.600.v20220720-1916

VM Arguments:
jvm_args: --add-modules=ALL-SYSTEM --add-opens=java.base/java.util=ALL-UNNAMED --add-opens=java.base/java.lang=ALL-UNNAMED --add-opens=java.base/sun.nio.fs=ALL-UNNAMED -Declipse.application=org.eclipse.jdt.ls.core.id1 -Dosgi.bundles.defaultStartLevel=4 -Declipse.product=org.eclipse.jdt.ls.core.product -Djava.import.generatesMetadataFilesAtProjectRoot=false -Dfile.encoding=utf8 -XX:+UseParallelGC -XX:GCTimeRatio=4 -XX:AdaptiveSizePolicyWeight=90 -Dsun.zip.disableMemoryMapping=true -Xmx1G -Xms100m -Xlog:disable -javaagent:c:\Users\se\.vscode\extensions\redhat.java-1.12.0-win32-x64\lombok\lombok-1.18.24.jar -XX:+HeapDumpOnOutOfMemoryError -XX:HeapDumpPath=c:\Users\se\AppData\Roaming\Code\User\workspaceStorage\042ae597b835ad676826bf5aba2120d6\redhat.java 
java_command: c:\Users\se\.vscode\extensions\redhat.java-1.12.0-win32-x64\server\plugins\org.eclipse.equinox.launcher_1.6.400.v20210924-0641.jar -configuration c:\Users\se\AppData\Roaming\Code\User\globalStorage\redhat.java\1.12.0\config_win -data c:\Users\se\AppData\Roaming\Code\User\workspaceStorage\042ae597b835ad676826bf5aba2120d6\redhat.java\jdt_ws
java_class_path (initial): c:\Users\se\.vscode\extensions\redhat.java-1.12.0-win32-x64\server\plugins\org.eclipse.equinox.launcher_1.6.400.v20210924-0641.jar
Launcher Type: SUN_STANDARD

[Global flags]
    uintx AdaptiveSizePolicyWeight                 = 90                                        {product} {command line}
     intx CICompilerCount                          = 3                                         {product} {ergonomic}
    uintx GCTimeRatio                              = 4                                         {product} {command line}
     bool HeapDumpOnOutOfMemoryError               = true                                   {manageable} {command line}
    ccstr HeapDumpPath                             = c:\Users\se\AppData\Roaming\Code\User\workspaceStorage\042ae597b835ad676826bf5aba2120d6\redhat.java         {manageable} {command line}
   size_t InitialHeapSize                          = 104857600                                 {product} {command line}
   size_t MaxHeapSize                              = 1073741824                                {product} {command line}
   size_t MaxNewSize                               = 357564416                                 {product} {ergonomic}
   size_t MinHeapDeltaBytes                        = 524288                                    {product} {ergonomic}
   size_t MinHeapSize                              = 104857600                                 {product} {command line}
   size_t NewSize                                  = 34603008                                  {product} {ergonomic}
    uintx NonNMethodCodeHeapSize                   = 5832780                                {pd product} {ergonomic}
    uintx NonProfiledCodeHeapSize                  = 122912730                              {pd product} {ergonomic}
   size_t OldSize                                  = 70254592                                  {product} {ergonomic}
    uintx ProfiledCodeHeapSize                     = 122912730                              {pd product} {ergonomic}
    uintx ReservedCodeCacheSize                    = 251658240                              {pd product} {ergonomic}
     bool SegmentedCodeCache                       = true                                      {product} {ergonomic}
   size_t SoftMaxHeapSize                          = 1073741824                             {manageable} {ergonomic}
     bool UseCompressedClassPointers               = true                           {product lp64_product} {ergonomic}
     bool UseCompressedOops                        = true                           {product lp64_product} {ergonomic}
     bool UseLargePagesIndividualAllocation        = false                                  {pd product} {ergonomic}
     bool UseParallelGC                            = true                                      {product} {command line}

Logging:
Log output configuration:
 #0: stdout all=off uptime,level,tags
 #1: stderr all=off uptime,level,tags

Environment Variables:
PATH=C:\Program Files\Common Files\Oracle\Java\javapath;C:\Program Files (x86)\Common Files\Intel\Shared Libraries\redist\intel64\compiler;C:\WINDOWS\system32;C:\WINDOWS;C:\WINDOWS\System32\Wbem;C:\WINDOWS\System32\WindowsPowerShell\v1.0\;C:\WINDOWS\System32\OpenSSH\;C:\MinGW\bin;C:\Program Files (x86)\MGLTools-1.5.7;C:\MinGW\bin;C:\Program Files\Java\jdk-18.0.2.1\bin;C:\Program Files\dotnet\;C:\Users\se\AppData\Local\Microsoft\WindowsApps;E:\New folder\MinGW\bin;C:\Users\se\AppData\Local\Programs\Microsoft VS Code\bin
USERNAME=se
OS=Windows_NT
PROCESSOR_IDENTIFIER=Intel64 Family 6 Model 126 Stepping 5, GenuineIntel
TMP=C:\Users\se\AppData\Local\Temp
TEMP=C:\Users\se\AppData\Local\Temp



---------------  S Y S T E M  ---------------

OS:
 Windows 11 , 64 bit Build 22000 (10.0.22000.708)
OS uptime: 0 days 0:11 hours

CPU: total 4 (initial active 4) (2 cores per cpu, 2 threads per core) family 6 model 126 stepping 5 microcode 0xa6, cx8, cmov, fxsr, ht, mmx, 3dnowpref, sse, sse2, sse3, ssse3, sse4.1, sse4.2, popcnt, lzcnt, tsc, tscinvbit, avx, avx2, aes, erms, clmul, bmi1, bmi2, adx, avx512f, avx512dq, avx512cd, avx512bw, avx512vl, sha, fma, vzeroupper, avx512_vpopcntdq, avx512_vpclmulqdq, avx512_vaes, avx512_vnni, clflush, clflushopt, avx512_vbmi2, avx512_vbmi

Memory: 4k page, system-wide physical 3858M (387M free)
TotalPageFile size 3858M (AvailPageFile size 2M)
current process WorkingSet (physical memory assigned to process): 121M, peak: 121M
current process commit charge ("private bytes"): 215M, peak: 215M

vm_info: OpenJDK 64-Bit Server VM (17.0.4.1+1) for windows-amd64 JRE (17.0.4.1+1), built on Aug 17 2022 07:42:43 by "temurin" with MS VC++ 16.7 (VS2019)

END.
