#
# There is insufficient memory for the Java Runtime Environment to continue.
# Native memory allocation (mmap) failed to map 65536 bytes for Failed to commit metaspace.
# Possible reasons:
#   The system is out of physical RAM or swap space
#   The process is running with CompressedOops enabled, and the Java Heap may be blocking the growth of the native heap
# Possible solutions:
#   Reduce memory load on the system
#   Increase physical memory or swap space
#   Check if swap backing store is full
#   Decrease Java heap size (-Xmx/-Xms)
#   Decrease number of Java threads
#   Decrease Java thread stack sizes (-Xss)
#   Set larger code cache with -XX:ReservedCodeCacheSize=
#   JVM is running with Unscaled Compressed Oops mode in which the Java heap is
#     placed in the first 4GB address space. The Java Heap base address is the
#     maximum limit for the native heap growth. Please use -XX:HeapBaseMinAddress
#     to set the Java Heap base and to place the Java Heap above 4GB virtual address.
# This output file may be truncated or incomplete.
#
#  Out of Memory Error (virtualSpaceNode.cpp:110), pid=2612, tid=1916
#
# JRE version: OpenJDK Runtime Environment Temurin-17.0.4.1+1 (17.0.4.1+1) (build 17.0.4.1+1)
# Java VM: OpenJDK 64-Bit Server VM Temurin-17.0.4.1+1 (17.0.4.1+1, mixed mode, tiered, compressed oops, compressed class ptrs, parallel gc, windows-amd64)
# No core dump will be written. Minidumps are not enabled by default on client versions of Windows
#

---------------  S U M M A R Y ------------

Command Line: --add-modules=ALL-SYSTEM --add-opens=java.base/java.util=ALL-UNNAMED --add-opens=java.base/java.lang=ALL-UNNAMED --add-opens=java.base/sun.nio.fs=ALL-UNNAMED -Declipse.application=org.eclipse.jdt.ls.core.id1 -Dosgi.bundles.defaultStartLevel=4 -Declipse.product=org.eclipse.jdt.ls.core.product -Djava.import.generatesMetadataFilesAtProjectRoot=false -Dfile.encoding=utf8 -XX:+UseParallelGC -XX:GCTimeRatio=4 -XX:AdaptiveSizePolicyWeight=90 -Dsun.zip.disableMemoryMapping=true -Xmx1G -Xms100m -Xlog:disable -javaagent:c:\Users\se\.vscode\extensions\redhat.java-1.12.0-win32-x64\lombok\lombok-1.18.24.jar c:\Users\se\.vscode\extensions\redhat.java-1.12.0-win32-x64\server\plugins\org.eclipse.equinox.launcher_1.6.400.v20210924-0641.jar -configuration c:\Users\se\AppData\Roaming\Code\User\globalStorage\redhat.java\1.12.0\config_ss_win -data c:\Users\se\AppData\Roaming\Code\User\workspaceStorage\042ae597b835ad676826bf5aba2120d6\redhat.java\ss_ws

Host: Intel(R) Core(TM) i3-1005G1 CPU @ 1.20GHz, 4 cores, 3G,  Windows 11 , 64 bit Build 22000 (10.0.22000.708)
Time: Wed Dec 14 19:34:11 2022 India Standard Time elapsed time: 2.879741 seconds (0d 0h 0m 2s)

---------------  T H R E A D  ---------------

Current thread (0x000001603aaae910):  JavaThread "Start Level: Equinox Container: 9b313fd5-e253-4604-908b-43b7ac06d3b6" daemon [_thread_in_vm, id=1916, stack(0x000000128b600000,0x000000128b700000)]

Stack: [0x000000128b600000,0x000000128b700000]
Native frames: (J=compiled Java code, j=interpreted, Vv=VM code, C=native code)
V  [jvm.dll+0x67731a]
V  [jvm.dll+0x832284]
V  [jvm.dll+0x833a2e]
V  [jvm.dll+0x834093]
V  [jvm.dll+0x245775]
V  [jvm.dll+0x82e22b]
V  [jvm.dll+0x61bdf6]
V  [jvm.dll+0x1c07be]
V  [jvm.dll+0x61e741]
V  [jvm.dll+0x61c796]
V  [jvm.dll+0x36ba22]
V  [jvm.dll+0x1e227b]
V  [jvm.dll+0x53c939]
V  [jvm.dll+0x1f11e7]
V  [jvm.dll+0x7ac56b]
V  [jvm.dll+0x7ad912]
V  [jvm.dll+0x7adc48]
V  [jvm.dll+0x23db7e]
V  [jvm.dll+0x37f29e]
C  0x000001602673af44

Java frames: (J=compiled Java code, j=interpreted, Vv=VM code)
j  java.util.stream.StreamSupport.intStream(Ljava/util/Spliterator$OfInt;Z)Ljava/util/stream/IntStream;+0 java.base@17.0.4.1
j  java.lang.String.chars()Ljava/util/stream/IntStream;+39 java.base@17.0.4.1
j  java.text.DecimalFormatSymbols.findNonFormatChar(Ljava/lang/String;C)C+1 java.base@17.0.4.1
j  java.text.DecimalFormatSymbols.initialize(Ljava/util/Locale;)V+113 java.base@17.0.4.1
j  java.text.DecimalFormatSymbols.<init>(Ljava/util/Locale;)V+11 java.base@17.0.4.1
j  sun.util.locale.provider.DecimalFormatSymbolsProviderImpl.getInstance(Ljava/util/Locale;)Ljava/text/DecimalFormatSymbols;+17 java.base@17.0.4.1
j  java.text.DecimalFormatSymbols.getInstance(Ljava/util/Locale;)Ljava/text/DecimalFormatSymbols;+14 java.base@17.0.4.1
j  sun.util.locale.provider.NumberFormatProviderImpl.getInstance(Ljava/util/Locale;I)Ljava/text/NumberFormat;+51 java.base@17.0.4.1
j  sun.util.locale.provider.NumberFormatProviderImpl.getIntegerInstance(Ljava/util/Locale;)Ljava/text/NumberFormat;+3 java.base@17.0.4.1
j  java.text.NumberFormat.getInstance(Lsun/util/locale/provider/LocaleProviderAdapter;Ljava/util/Locale;Ljava/text/NumberFormat$Style;I)Ljava/text/NumberFormat;+74 java.base@17.0.4.1
j  java.text.NumberFormat.getInstance(Ljava/util/Locale;Ljava/text/NumberFormat$Style;I)Ljava/text/NumberFormat;+11 java.base@17.0.4.1
j  java.text.NumberFormat.getIntegerInstance(Ljava/util/Locale;)Ljava/text/NumberFormat;+3 java.base@17.0.4.1
j  java.text.SimpleDateFormat.initialize(Ljava/util/Locale;)V+37 java.base@17.0.4.1
j  java.text.SimpleDateFormat.<init>(Ljava/lang/String;Ljava/util/Locale;)V+66 java.base@17.0.4.1
j  java.text.SimpleDateFormat.<init>(Ljava/lang/String;)V+8 java.base@17.0.4.1
j  org.eclipse.osgi.internal.debug.EclipseDebugTrace.<clinit>()V+6
v  ~StubRoutines::call_stub
j  org.eclipse.osgi.internal.debug.FrameworkDebugOptions.newDebugTrace(Ljava/lang/String;Ljava/lang/Class;)Lorg/eclipse/osgi/service/debug/DebugTrace;+28
j  org.eclipse.osgi.internal.debug.FrameworkDebugOptions.newDebugTrace(Ljava/lang/String;)Lorg/eclipse/osgi/service/debug/DebugTrace;+3
j  org.eclipse.core.internal.utils.Policy$1.optionsChanged(Lorg/eclipse/osgi/service/debug/DebugOptions;)V+3
j  org.eclipse.osgi.internal.debug.FrameworkDebugOptions.addingService(Lorg/osgi/framework/ServiceReference;)Lorg/eclipse/osgi/service/debug/DebugOptionsListener;+16
j  org.eclipse.osgi.internal.debug.FrameworkDebugOptions.addingService(Lorg/osgi/framework/ServiceReference;)Ljava/lang/Object;+5
j  org.osgi.util.tracker.ServiceTracker$Tracked.customizerAdding(Lorg/osgi/framework/ServiceReference;Lorg/osgi/framework/ServiceEvent;)Ljava/lang/Object;+8
j  org.osgi.util.tracker.ServiceTracker$Tracked.customizerAdding(Ljava/lang/Object;Ljava/lang/Object;)Ljava/lang/Object;+9
j  org.osgi.util.tracker.AbstractTracked.trackAdding(Ljava/lang/Object;Ljava/lang/Object;)V+8
j  org.osgi.util.tracker.AbstractTracked.track(Ljava/lang/Object;Ljava/lang/Object;)V+83
j  org.osgi.util.tracker.ServiceTracker$Tracked.serviceChanged(Lorg/osgi/framework/ServiceEvent;)V+67
J 1498 c1 org.eclipse.osgi.internal.serviceregistry.FilteredServiceListener.serviceChanged(Lorg/osgi/framework/ServiceEvent;)V (284 bytes) @ 0x0000016026f711b4 [0x0000016026f6eee0+0x00000000000022d4]
J 1661 c1 org.eclipse.osgi.internal.framework.BundleContextImpl.dispatchEvent(Ljava/lang/Object;Ljava/lang/Object;ILjava/lang/Object;)V (558 bytes) @ 0x0000016026fb0974 [0x0000016026fad8a0+0x00000000000030d4]
J 1794 c1 org.eclipse.osgi.framework.eventmgr.EventManager.dispatchEvent(Ljava/util/Set;Lorg/eclipse/osgi/framework/eventmgr/EventDispatcher;ILjava/lang/Object;)V (69 bytes) @ 0x000001602700d974 [0x000001602700d4a0+0x00000000000004d4]
j  org.eclipse.osgi.framework.eventmgr.ListenerQueue.dispatchEventSynchronous(ILjava/lang/Object;)V+67
j  org.eclipse.osgi.internal.serviceregistry.ServiceRegistry.publishServiceEventPrivileged(Lorg/osgi/framework/ServiceEvent;)V+320
j  org.eclipse.osgi.internal.serviceregistry.ServiceRegistry.publishServiceEvent(Lorg/osgi/framework/ServiceEvent;)V+8
j  org.eclipse.osgi.internal.serviceregistry.ServiceRegistrationImpl.register(Ljava/util/Dictionary;)V+128
j  org.eclipse.osgi.internal.serviceregistry.ServiceRegistry.registerService(Lorg/eclipse/osgi/internal/framework/BundleContextImpl;[Ljava/lang/String;Ljava/lang/Object;Ljava/util/Dictionary;)Lorg/eclipse/osgi/internal/serviceregistry/ServiceRegistrationImpl;+298
j  org.eclipse.osgi.internal.framework.BundleContextImpl.registerService([Ljava/lang/String;Ljava/lang/Object;Ljava/util/Dictionary;)Lorg/osgi/framework/ServiceRegistration;+15
j  org.eclipse.osgi.internal.framework.BundleContextImpl.registerService(Ljava/lang/String;Ljava/lang/Object;Ljava/util/Dictionary;)Lorg/osgi/framework/ServiceRegistration;+15
j  org.eclipse.osgi.internal.framework.BundleContextImpl.registerService(Ljava/lang/Class;Ljava/lang/Object;Ljava/util/Dictionary;)Lorg/osgi/framework/ServiceRegistration;+7
j  org.eclipse.core.resources.ResourcesPlugin.start(Lorg/osgi/framework/BundleContext;)V+46
j  org.eclipse.osgi.internal.framework.BundleContextImpl$2.run()Ljava/lang/Void;+23
j  org.eclipse.osgi.internal.framework.BundleContextImpl$2.run()Ljava/lang/Object;+1
J 1217 c1 java.security.AccessController.executePrivileged(Ljava/security/PrivilegedExceptionAction;Ljava/security/AccessControlContext;Ljava/lang/Class;)Ljava/lang/Object; java.base@17.0.4.1 (65 bytes) @ 0x0000016026eddab4 [0x0000016026edd960+0x0000000000000154]
j  java.security.AccessController.doPrivileged(Ljava/security/PrivilegedExceptionAction;)Ljava/lang/Object;+9 java.base@17.0.4.1
j  org.eclipse.osgi.internal.framework.BundleContextImpl.startActivator(Lorg/osgi/framework/BundleActivator;)V+9
j  org.eclipse.osgi.internal.framework.BundleContextImpl.start()V+134
j  org.eclipse.osgi.internal.framework.EquinoxBundle.startWorker0()V+35
j  org.eclipse.osgi.internal.framework.EquinoxBundle$EquinoxModule.startWorker()V+4
j  org.eclipse.osgi.container.Module.doStart([Lorg/eclipse/osgi/container/Module$StartOptions;)Lorg/eclipse/osgi/container/ModuleContainerAdaptor$ModuleEvent;+190
j  org.eclipse.osgi.container.Module.start([Lorg/eclipse/osgi/container/Module$StartOptions;)V+460
j  org.eclipse.osgi.framework.util.SecureAction.start(Lorg/eclipse/osgi/container/Module;[Lorg/eclipse/osgi/container/Module$StartOptions;)V+8
J 1788 c1 org.eclipse.osgi.internal.hooks.EclipseLazyStarter.postFindLocalClass(Ljava/lang/String;Ljava/lang/Class;Lorg/eclipse/osgi/internal/loader/classpath/ClasspathManager;)V (394 bytes) @ 0x0000016027002f5c [0x0000016027001fe0+0x0000000000000f7c]
J 1694 c1 org.eclipse.osgi.internal.loader.classpath.ClasspathManager.findLocalClass(Ljava/lang/String;)Ljava/lang/Class; (210 bytes) @ 0x0000016026fd2854 [0x0000016026fd18a0+0x0000000000000fb4]
J 1692 c1 org.eclipse.osgi.internal.loader.BundleLoader.findLocalClass(Ljava/lang/String;)Ljava/lang/Class; (152 bytes) @ 0x0000016026fcf9ec [0x0000016026fcf1a0+0x000000000000084c]
J 1615 c1 org.eclipse.osgi.internal.loader.BundleLoader.findClass0(Ljava/lang/String;ZZ)Ljava/lang/Class; (466 bytes) @ 0x0000016026f98714 [0x0000016026f96020+0x00000000000026f4]
J 1614 c1 org.eclipse.osgi.internal.loader.BundleLoader.findClass(Ljava/lang/String;)Ljava/lang/Class; (8 bytes) @ 0x0000016026f9571c [0x0000016026f956a0+0x000000000000007c]
J 1617 c1 org.eclipse.osgi.internal.loader.ModuleClassLoader.loadClass(Ljava/lang/String;Z)Ljava/lang/Class; (36 bytes) @ 0x0000016026f9c4bc [0x0000016026f9c2a0+0x000000000000021c]
J 802 c1 java.lang.ClassLoader.loadClass(Ljava/lang/String;)Ljava/lang/Class; java.base@17.0.4.1 (7 bytes) @ 0x0000016026e030bc [0x0000016026e02fc0+0x00000000000000fc]
v  ~StubRoutines::call_stub
j  java.lang.Class.getDeclaredConstructors0(Z)[Ljava/lang/reflect/Constructor;+0 java.base@17.0.4.1
j  java.lang.Class.privateGetDeclaredConstructors(Z)[Ljava/lang/reflect/Constructor;+52 java.base@17.0.4.1
j  java.lang.Class.getConstructor0([Ljava/lang/Class;I)Ljava/lang/reflect/Constructor;+14 java.base@17.0.4.1
j  java.lang.Class.getConstructor([Ljava/lang/Class;)Ljava/lang/reflect/Constructor;+24 java.base@17.0.4.1
j  org.eclipse.osgi.internal.framework.BundleContextImpl.loadBundleActivator()Lorg/osgi/framework/BundleActivator;+105
j  org.eclipse.osgi.internal.framework.BundleContextImpl.start()V+18
j  org.eclipse.osgi.internal.framework.EquinoxBundle.startWorker0()V+35
j  org.eclipse.osgi.internal.framework.EquinoxBundle$EquinoxModule.startWorker()V+4
j  org.eclipse.osgi.container.Module.doStart([Lorg/eclipse/osgi/container/Module$StartOptions;)Lorg/eclipse/osgi/container/ModuleContainerAdaptor$ModuleEvent;+190
j  org.eclipse.osgi.container.Module.start([Lorg/eclipse/osgi/container/Module$StartOptions;)V+460
j  org.eclipse.osgi.container.ModuleContainer$ContainerStartLevel$2.run()V+71
j  org.eclipse.osgi.internal.framework.EquinoxContainerAdaptor$1$1.execute(Ljava/lang/Runnable;)V+1
j  org.eclipse.osgi.container.ModuleContainer$ContainerStartLevel.incStartLevel(ILjava/util/List;Z)V+192
j  org.eclipse.osgi.container.ModuleContainer$ContainerStartLevel.incStartLevel(ILjava/util/List;Ljava/util/List;Ljava/util/List;Ljava/util/List;)V+19
j  org.eclipse.osgi.container.ModuleContainer$ContainerStartLevel.doContainerStartLevel(Lorg/eclipse/osgi/container/Module;I[Lorg/osgi/framework/FrameworkListener;)V+349
j  org.eclipse.osgi.container.ModuleContainer$ContainerStartLevel.dispatchEvent(Lorg/eclipse/osgi/container/Module;[Lorg/osgi/framework/FrameworkListener;ILjava/lang/Integer;)V+32
j  org.eclipse.osgi.container.ModuleContainer$ContainerStartLevel.dispatchEvent(Ljava/lang/Object;Ljava/lang/Object;ILjava/lang/Object;)V+15
j  org.eclipse.osgi.framework.eventmgr.EventManager.dispatchEvent(Ljava/util/Set;Lorg/eclipse/osgi/framework/eventmgr/EventDispatcher;ILjava/lang/Object;)V+48
j  org.eclipse.osgi.framework.eventmgr.EventManager$EventThread.run()V+26
v  ~StubRoutines::call_stub

---------------  P R O C E S S  ---------------

Threads class SMR info:
_java_thread_list=0x000001603a9ef9c0, length=17, elements={
0x0000016023a887d0, 0x00000160378a1640, 0x00000160378a3930, 0x00000160378b9040,
0x00000160378b9900, 0x00000160378ba1c0, 0x00000160378baa80, 0x00000160378bb670,
0x00000160392f3770, 0x000001603930bc90, 0x0000016023b44360, 0x0000016039557060,
0x000001603aad2430, 0x0000016039d0eb50, 0x000001603aaae910, 0x000001603a9d5fb0,
0x000001603a9c0a70
}

Java Threads: ( => current thread )
  0x0000016023a887d0 JavaThread "main" [_thread_blocked, id=8672, stack(0x000000128a100000,0x000000128a200000)]
  0x00000160378a1640 JavaThread "Reference Handler" daemon [_thread_blocked, id=9108, stack(0x000000128a400000,0x000000128a500000)]
  0x00000160378a3930 JavaThread "Finalizer" daemon [_thread_blocked, id=1316, stack(0x000000128a500000,0x000000128a600000)]
  0x00000160378b9040 JavaThread "Signal Dispatcher" daemon [_thread_blocked, id=6860, stack(0x000000128a600000,0x000000128a700000)]
  0x00000160378b9900 JavaThread "Attach Listener" daemon [_thread_blocked, id=3292, stack(0x000000128a700000,0x000000128a800000)]
  0x00000160378ba1c0 JavaThread "Service Thread" daemon [_thread_blocked, id=2824, stack(0x000000128a800000,0x000000128a900000)]
  0x00000160378baa80 JavaThread "Monitor Deflation Thread" daemon [_thread_blocked, id=3248, stack(0x000000128a900000,0x000000128aa00000)]
  0x00000160378bb670 JavaThread "C2 CompilerThread0" daemon [_thread_blocked, id=3196, stack(0x000000128aa00000,0x000000128ab00000)]
  0x00000160392f3770 JavaThread "C1 CompilerThread0" daemon [_thread_blocked, id=2896, stack(0x000000128ab00000,0x000000128ac00000)]
  0x000001603930bc90 JavaThread "Sweeper thread" daemon [_thread_blocked, id=8132, stack(0x000000128ac00000,0x000000128ad00000)]
  0x0000016023b44360 JavaThread "Common-Cleaner" daemon [_thread_blocked, id=2716, stack(0x000000128ad00000,0x000000128ae00000)]
  0x0000016039557060 JavaThread "Notification Thread" daemon [_thread_blocked, id=1868, stack(0x000000128ae00000,0x000000128af00000)]
  0x000001603aad2430 JavaThread "Active Thread: Equinox Container: 9b313fd5-e253-4604-908b-43b7ac06d3b6" [_thread_blocked, id=5672, stack(0x000000128b400000,0x000000128b500000)]
  0x0000016039d0eb50 JavaThread "Framework Event Dispatcher: Equinox Container: 9b313fd5-e253-4604-908b-43b7ac06d3b6" daemon [_thread_blocked, id=8376, stack(0x000000128b500000,0x000000128b600000)]
=>0x000001603aaae910 JavaThread "Start Level: Equinox Container: 9b313fd5-e253-4604-908b-43b7ac06d3b6" daemon [_thread_in_vm, id=1916, stack(0x000000128b600000,0x000000128b700000)]
  0x000001603a9d5fb0 JavaThread "SCR Component Actor" daemon [_thread_blocked, id=2156, stack(0x000000128b700000,0x000000128b800000)]
  0x000001603a9c0a70 JavaThread "SCR Component Registry" daemon [_thread_blocked, id=1904, stack(0x000000128b000000,0x000000128b100000)]

Other Threads:
  0x000001603788c940 VMThread "VM Thread" [stack: 0x000000128a300000,0x000000128a400000] [id=3696]
  0x0000016039557530 WatcherThread [stack: 0x000000128af00000,0x000000128b000000] [id=6472]
  0x0000016023a9cd30 GCTaskThread "GC Thread#0" [stack: 0x000000128a200000,0x000000128a300000] [id=7640]
  0x0000016039d90050 GCTaskThread "GC Thread#1" [stack: 0x000000128b100000,0x000000128b200000] [id=1912]
  0x00000160399c3860 GCTaskThread "GC Thread#2" [stack: 0x000000128b200000,0x000000128b300000] [id=5292]
  0x0000016039d83210 GCTaskThread "GC Thread#3" [stack: 0x000000128b300000,0x000000128b400000] [id=8216]

Threads with active compile tasks:

VM state: not at safepoint (normal execution)

VM Mutex/Monitor currently owned by a thread:  ([mutex/lock_event])
[0x0000016021858190] Metaspace_lock - owner thread: 0x000001603aaae910

Heap address: 0x00000000c0000000, size: 1024 MB, Compressed Oops mode: 32-bit

CDS archive(s) not mapped
Compressed class space mapped at: 0x0000000100000000-0x0000000140000000, reserved size: 1073741824
Narrow klass base: 0x0000000000000000, Narrow klass shift: 3, Narrow klass range: 0x140000000

GC Precious Log:
 CPUs: 4 total, 4 available
 Memory: 3858M
 Large Page Support: Disabled
 NUMA Support: Disabled
 Compressed Oops: Enabled (32-bit)
 Alignments: Space 512K, Generation 512K, Heap 2M
 Heap Min Capacity: 100M
 Heap Initial Capacity: 100M
 Heap Max Capacity: 1G
 Pre-touch: Disabled
 Parallel Workers: 4

Heap:
 PSYoungGen      total 29696K, used 16477K [0x00000000eab00000, 0x00000000ecc00000, 0x0000000100000000)
  eden space 25600K, 48% used [0x00000000eab00000,0x00000000eb719230,0x00000000ec400000)
  from space 4096K, 99% used [0x00000000ec800000,0x00000000ecbfe218,0x00000000ecc00000)
  to   space 4096K, 0% used [0x00000000ec400000,0x00000000ec400000,0x00000000ec800000)
 ParOldGen       total 68608K, used 706K [0x00000000c0000000, 0x00000000c4300000, 0x00000000eab00000)
  object space 68608K, 1% used [0x00000000c0000000,0x00000000c00b0b28,0x00000000c4300000)
 Metaspace       used 17572K, committed 17920K, reserved 1064960K
  class space    used 1793K, committed 1920K, reserved 1048576K

Card table byte_map: [0x0000016023470000,0x0000016023680000] _byte_map_base: 0x0000016022e70000

Marking Bits: (ParMarkBitMap*) 0x00007ffc6dca2cc0
 Begin Bits: [0x0000016035720000, 0x0000016036720000)
 End Bits:   [0x0000016036720000, 0x0000016037720000)

Polling page: 0x0000016023260000

Metaspace:

Usage:
  Non-class:     15.41 MB used.
      Class:      1.75 MB used.
       Both:     17.16 MB used.

Virtual space:
  Non-class space:       16.00 MB reserved,      15.62 MB ( 98%) committed,  2 nodes.
      Class space:        1.00 GB reserved,       1.88 MB ( <1%) committed,  1 nodes.
             Both:        1.02 GB reserved,      17.50 MB (  2%) committed. 

Chunk freelists:
   Non-Class:  148.00 KB
       Class:  2.04 MB
        Both:  2.18 MB

MaxMetaspaceSize: unlimited
CompressedClassSpaceSize: 1.00 GB
Initial GC threshold: 21.00 MB
Current GC threshold: 21.00 MB
CDS: off
MetaspaceReclaimPolicy: balanced
 - commit_granule_bytes: 65536.
 - commit_granule_words: 8192.
 - virtual_space_node_default_size: 1048576.
 - enlarge_chunks_in_place: 1.
 - new_chunks_are_fully_committed: 0.
 - uncommit_free_chunks: 1.
 - use_allocation_guard: 0.
 - handle_deallocations: 1.


Internal statistics:

num_allocs_failed_limit: 0.
num_arena_births: 112.
num_arena_deaths: 0.
num_vsnodes_births: 3.
num_vsnodes_deaths: 0.
num_space_committed: 280.
num_space_uncommitted: 0.
num_chunks_returned_to_freelist: 0.
num_chunks_taken_from_freelist: 435.
num_chunk_merges: 0.
num_chunk_splits: 291.
num_chunks_enlarged: 217.
num_purges: 0.
num_inconsistent_stats: 0.

CodeHeap 'non-profiled nmethods': size=120000Kb used=762Kb max_used=762Kb free=119237Kb
 bounds [0x000001602e1f0000, 0x000001602e460000, 0x0000016035720000]
CodeHeap 'profiled nmethods': size=120000Kb used=3628Kb max_used=3628Kb free=116371Kb
 bounds [0x0000016026cc0000, 0x0000016027050000, 0x000001602e1f0000]
CodeHeap 'non-nmethods': size=5760Kb used=1179Kb max_used=1200Kb free=4580Kb
 bounds [0x0000016026720000, 0x0000016026990000, 0x0000016026cc0000]
 total_blobs=2356 nmethods=1890 adapters=380
 compilation: enabled
              stopped_count=0, restarted_count=0
 full_count=0

Compilation events (20 events):
Event: 2.821 Thread 0x00000160392f3770 nmethod 1862 0x0000016027040c10 code [0x0000016027040de0, 0x0000016027041198]
Event: 2.821 Thread 0x00000160392f3770 1875       3       java.util.Locale$Cache::createObject (6 bytes)
Event: 2.821 Thread 0x00000160392f3770 nmethod 1875 0x0000016027041310 code [0x00000160270414c0, 0x0000016027041608]
Event: 2.821 Thread 0x00000160392f3770 1865       3       sun.util.locale.LanguageTag::isExtlang (21 bytes)
Event: 2.822 Thread 0x00000160392f3770 nmethod 1865 0x0000016027041690 code [0x00000160270418c0, 0x0000016027042238]
Event: 2.822 Thread 0x00000160392f3770 1887       3       sun.util.locale.LanguageTag::parseVariants (98 bytes)
Event: 2.823 Thread 0x00000160392f3770 nmethod 1887 0x0000016027042590 code [0x00000160270427c0, 0x0000016027042f08]
Event: 2.823 Thread 0x00000160392f3770 1888       3       sun.util.locale.LanguageTag::parseExtensions (208 bytes)
Event: 2.824 Thread 0x00000160392f3770 nmethod 1888 0x0000016027043190 code [0x0000016027043560, 0x0000016027044d28]
Event: 2.824 Thread 0x00000160392f3770 1889       3       sun.util.locale.LanguageTag::parsePrivateuse (144 bytes)
Event: 2.826 Thread 0x00000160392f3770 nmethod 1889 0x0000016027045610 code [0x0000016027045900, 0x0000016027046828]
Event: 2.826 Thread 0x00000160392f3770 1877       3       sun.util.locale.LanguageTag::isScript (21 bytes)
Event: 2.826 Thread 0x00000160392f3770 nmethod 1877 0x0000016027046d90 code [0x0000016027046fc0, 0x0000016027047938]
Event: 2.826 Thread 0x00000160392f3770 1890       3       java.lang.StringBuilder::append (8 bytes)
Event: 2.826 Thread 0x00000160392f3770 nmethod 1890 0x0000016027047c90 code [0x0000016027047e20, 0x0000016027047f68]
Event: 2.826 Thread 0x00000160392f3770 1886       3       sun.util.locale.LanguageTag::isRegion (36 bytes)
Event: 2.827 Thread 0x00000160378bb670 nmethod 1876% 0x000001602e2ad390 code [0x000001602e2ad540, 0x000001602e2ae1c8]
Event: 2.827 Thread 0x00000160392f3770 nmethod 1886 0x0000016027048010 code [0x00000160270482e0, 0x0000016027049458]
Event: 2.828 Thread 0x00000160392f3770 1891       3       java.lang.invoke.DirectMethodHandle::<init> (148 bytes)
Event: 2.829 Thread 0x00000160392f3770 nmethod 1891 0x0000016027049a10 code [0x0000016027049cc0, 0x000001602704aba8]

GC Heap History (4 events):
Event: 1.295 GC heap before
{Heap before GC invocations=1 (full 0):
 PSYoungGen      total 29696K, used 25600K [0x00000000eab00000, 0x00000000ecc00000, 0x0000000100000000)
  eden space 25600K, 100% used [0x00000000eab00000,0x00000000ec400000,0x00000000ec400000)
  from space 4096K, 0% used [0x00000000ec800000,0x00000000ec800000,0x00000000ecc00000)
  to   space 4096K, 0% used [0x00000000ec400000,0x00000000ec400000,0x00000000ec800000)
 ParOldGen       total 68608K, used 0K [0x00000000c0000000, 0x00000000c4300000, 0x00000000eab00000)
  object space 68608K, 0% used [0x00000000c0000000,0x00000000c0000000,0x00000000c4300000)
 Metaspace       used 10848K, committed 11008K, reserved 1064960K
  class space    used 1089K, committed 1152K, reserved 1048576K
}
Event: 1.305 GC heap after
{Heap after GC invocations=1 (full 0):
 PSYoungGen      total 29696K, used 3240K [0x00000000eab00000, 0x00000000ecc00000, 0x0000000100000000)
  eden space 25600K, 0% used [0x00000000eab00000,0x00000000eab00000,0x00000000ec400000)
  from space 4096K, 79% used [0x00000000ec400000,0x00000000ec72a228,0x00000000ec800000)
  to   space 4096K, 0% used [0x00000000ec800000,0x00000000ec800000,0x00000000ecc00000)
 ParOldGen       total 68608K, used 16K [0x00000000c0000000, 0x00000000c4300000, 0x00000000eab00000)
  object space 68608K, 0% used [0x00000000c0000000,0x00000000c0004000,0x00000000c4300000)
 Metaspace       used 10848K, committed 11008K, reserved 1064960K
  class space    used 1089K, committed 1152K, reserved 1048576K
}
Event: 2.310 GC heap before
{Heap before GC invocations=2 (full 0):
 PSYoungGen      total 29696K, used 28840K [0x00000000eab00000, 0x00000000ecc00000, 0x0000000100000000)
  eden space 25600K, 100% used [0x00000000eab00000,0x00000000ec400000,0x00000000ec400000)
  from space 4096K, 79% used [0x00000000ec400000,0x00000000ec72a228,0x00000000ec800000)
  to   space 4096K, 0% used [0x00000000ec800000,0x00000000ec800000,0x00000000ecc00000)
 ParOldGen       total 68608K, used 16K [0x00000000c0000000, 0x00000000c4300000, 0x00000000eab00000)
  object space 68608K, 0% used [0x00000000c0000000,0x00000000c0004000,0x00000000c4300000)
 Metaspace       used 15241K, committed 15424K, reserved 1064960K
  class space    used 1558K, committed 1664K, reserved 1048576K
}
Event: 2.316 GC heap after
{Heap after GC invocations=2 (full 0):
 PSYoungGen      total 29696K, used 4088K [0x00000000eab00000, 0x00000000ecc00000, 0x0000000100000000)
  eden space 25600K, 0% used [0x00000000eab00000,0x00000000eab00000,0x00000000ec400000)
  from space 4096K, 99% used [0x00000000ec800000,0x00000000ecbfe218,0x00000000ecc00000)
  to   space 4096K, 0% used [0x00000000ec400000,0x00000000ec400000,0x00000000ec800000)
 ParOldGen       total 68608K, used 706K [0x00000000c0000000, 0x00000000c4300000, 0x00000000eab00000)
  object space 68608K, 1% used [0x00000000c0000000,0x00000000c00b0b28,0x00000000c4300000)
 Metaspace       used 15241K, committed 15424K, reserved 1064960K
  class space    used 1558K, committed 1664K, reserved 1048576K
}

Deoptimization events (20 events):
Event: 2.765 Thread 0x000001603aaae910 Uncommon trap: trap_request=0xffffffc6 fr.pc=0x000001602e2a15cc relative=0x0000000000000d0c
Event: 2.765 Thread 0x000001603aaae910 Uncommon trap: reason=bimorphic_or_optimized_type_check action=maybe_recompile pc=0x000001602e2a15cc method=java.io.DataInputStream.readInt()I @ 4 c2
Event: 2.765 Thread 0x000001603aaae910 DEOPT PACKING pc=0x000001602e2a15cc sp=0x000000128b6f8700
Event: 2.765 Thread 0x000001603aaae910 DEOPT UNPACKING pc=0x0000016026775923 sp=0x000000128b6f86b0 mode 2
Event: 2.779 Thread 0x000001603aaae910 Uncommon trap: trap_request=0xffffff45 fr.pc=0x000001602e236ef4 relative=0x0000000000000074
Event: 2.779 Thread 0x000001603aaae910 Uncommon trap: reason=unstable_if action=reinterpret pc=0x000001602e236ef4 method=jdk.internal.misc.Unsafe.convEndian(ZJ)J @ 4 c2
Event: 2.779 Thread 0x000001603aaae910 DEOPT PACKING pc=0x000001602e236ef4 sp=0x000000128b6f74e0
Event: 2.779 Thread 0x000001603aaae910 DEOPT UNPACKING pc=0x0000016026775923 sp=0x000000128b6f7408 mode 2
Event: 2.826 Thread 0x000001603aaae910 Uncommon trap: trap_request=0xffffff45 fr.pc=0x000001602e206830 relative=0x0000000000000390
Event: 2.826 Thread 0x000001603aaae910 Uncommon trap: reason=unstable_if action=reinterpret pc=0x000001602e206830 method=java.lang.StringLatin1.canEncode(I)Z @ 4 c2
Event: 2.826 Thread 0x000001603aaae910 DEOPT PACKING pc=0x000001602e206830 sp=0x000000128b6f8aa0
Event: 2.826 Thread 0x000001603aaae910 DEOPT UNPACKING pc=0x0000016026775923 sp=0x000000128b6f89c8 mode 2
Event: 2.826 Thread 0x000001603aaae910 Uncommon trap: trap_request=0xffffff45 fr.pc=0x000001602e207494 relative=0x0000000000000374
Event: 2.826 Thread 0x000001603aaae910 Uncommon trap: reason=unstable_if action=reinterpret pc=0x000001602e207494 method=java.lang.AbstractStringBuilder.isLatin1()Z @ 10 c2
Event: 2.826 Thread 0x000001603aaae910 DEOPT PACKING pc=0x000001602e207494 sp=0x000000128b6f8ac0
Event: 2.826 Thread 0x000001603aaae910 DEOPT UNPACKING pc=0x0000016026775923 sp=0x000000128b6f8a40 mode 2
Event: 2.826 Thread 0x000001603aaae910 Uncommon trap: trap_request=0xffffff45 fr.pc=0x000001602e253e5c relative=0x000000000000005c
Event: 2.826 Thread 0x000001603aaae910 Uncommon trap: reason=unstable_if action=reinterpret pc=0x000001602e253e5c method=java.lang.AbstractStringBuilder.isLatin1()Z @ 10 c2
Event: 2.826 Thread 0x000001603aaae910 DEOPT PACKING pc=0x000001602e253e5c sp=0x000000128b6f8aa0
Event: 2.826 Thread 0x000001603aaae910 DEOPT UNPACKING pc=0x0000016026775923 sp=0x000000128b6f8a30 mode 2

Classes unloaded (0 events):
No events

Classes redefined (0 events):
No events

Internal exceptions (20 events):
Event: 1.025 Thread 0x0000016023a887d0 Exception <a 'java/lang/ClassNotFoundException'{0x00000000ebf6db50}: sun/net/www/protocol/e/Handler> (0x00000000ebf6db50) 
thrown [s\src\hotspot\share\classfile\systemDictionary.cpp, line 256]
Event: 1.025 Thread 0x0000016023a887d0 Exception <a 'java/lang/ClassNotFoundException'{0x00000000ebf6ec60}: sun/net/www/protocol/c/Handler> (0x00000000ebf6ec60) 
thrown [s\src\hotspot\share\classfile\systemDictionary.cpp, line 256]
Event: 1.033 Thread 0x0000016023a887d0 Exception <a 'java/io/FileNotFoundException'{0x00000000ebf8d850}> (0x00000000ebf8d850) 
thrown [s\src\hotspot\share\prims\jni.cpp, line 516]
Event: 1.082 Thread 0x0000016023a887d0 Implicit null exception at 0x000001602e22f85b to 0x000001602e230264
Event: 1.082 Thread 0x0000016023a887d0 Implicit null exception at 0x000001602e2454ec to 0x000001602e2456c8
Event: 1.082 Thread 0x0000016023a887d0 Implicit null exception at 0x000001602e2396ec to 0x000001602e2398c8
Event: 1.082 Thread 0x0000016023a887d0 Implicit null exception at 0x000001602e230b8f to 0x000001602e230c05
Event: 1.203 Thread 0x0000016023a887d0 Exception <a 'java/lang/NoSuchMethodError'{0x00000000ec257650}: 'int java.lang.invoke.DirectMethodHandle$Holder.invokeStaticInit(java.lang.Object, java.lang.Object, java.lang.Object, java.lang.Object)'> (0x00000000ec257650) 
thrown [s\src\hotspot\share\interpreter\linkResolver.cpp, line 759]
Event: 1.205 Thread 0x0000016023a887d0 Exception <a 'java/lang/NoSuchMethodError'{0x00000000ec261cc0}: 'java.lang.Object java.lang.invoke.DirectMethodHandle$Holder.invokeInterface(java.lang.Object, java.lang.Object)'> (0x00000000ec261cc0) 
thrown [s\src\hotspot\share\interpreter\linkResolver.cpp, line 759]
Event: 1.206 Thread 0x0000016023a887d0 Exception <a 'java/lang/IncompatibleClassChangeError'{0x00000000ec2654b8}: Found class java.lang.Object, but interface was expected> (0x00000000ec2654b8) 
thrown [s\src\hotspot\share\interpreter\linkResolver.cpp, line 826]
Event: 1.207 Thread 0x0000016023a887d0 Exception <a 'java/lang/NoSuchMethodError'{0x00000000ec2699b0}: 'void java.lang.invoke.DirectMethodHandle$Holder.invokeStatic(java.lang.Object, java.lang.Object)'> (0x00000000ec2699b0) 
thrown [s\src\hotspot\share\interpreter\linkResolver.cpp, line 759]
Event: 1.208 Thread 0x0000016023a887d0 Exception <a 'java/lang/NoSuchMethodError'{0x00000000ec26d1b0}: 'void java.lang.invoke.DirectMethodHandle$Holder.invokeStaticInit(java.lang.Object, java.lang.Object)'> (0x00000000ec26d1b0) 
thrown [s\src\hotspot\share\interpreter\linkResolver.cpp, line 759]
Event: 1.209 Thread 0x0000016023a887d0 Exception <a 'java/lang/NoSuchMethodError'{0x00000000ec274608}: 'int java.lang.invoke.DirectMethodHandle$Holder.invokeStaticInit(java.lang.Object, java.lang.Object)'> (0x00000000ec274608) 
thrown [s\src\hotspot\share\interpreter\linkResolver.cpp, line 759]
Event: 1.276 Thread 0x0000016023a887d0 Exception <a 'java/lang/NoSuchMethodError'{0x00000000ec39a238}: 'void java.lang.invoke.DirectMethodHandle$Holder.invokeSpecial(java.lang.Object, java.lang.Object, java.lang.Object)'> (0x00000000ec39a238) 
thrown [s\src\hotspot\share\interpreter\linkResolver.cpp, line 759]
Event: 1.598 Thread 0x0000016023a887d0 Exception <a 'java/lang/NoSuchMethodError'{0x00000000eb64dbe0}: 'java.lang.Object java.lang.invoke.DirectMethodHandle$Holder.newInvokeSpecial(java.lang.Object, int, java.lang.Object)'> (0x00000000eb64dbe0) 
thrown [s\src\hotspot\share\interpreter\linkResolver.cpp, line 759]
Event: 1.844 Thread 0x0000016023a887d0 Exception <a 'java/lang/UnsatisfiedLinkError'{0x00000000ebb79dc0}: 'void org.eclipse.equinox.launcher.JNIBridge._update_splash()'> (0x00000000ebb79dc0) 
thrown [s\src\hotspot\share\prims\nativeLookup.cpp, line 543]
Event: 1.991 Thread 0x000001603aaae910 Exception <a 'java/lang/NoSuchMethodError'{0x00000000ebe14ce8}: 'java.lang.Object java.lang.invoke.DirectMethodHandle$Holder.invokeStaticInit(java.lang.Object)'> (0x00000000ebe14ce8) 
thrown [s\src\hotspot\share\interpreter\linkResolver.cpp, line 759]
Event: 2.612 Thread 0x000001603aaae910 Exception <a 'java/io/FileNotFoundException'{0x00000000eb0f0bb8}> (0x00000000eb0f0bb8) 
thrown [s\src\hotspot\share\prims\jni.cpp, line 516]
Event: 2.637 Thread 0x000001603aaae910 Exception <a 'java/lang/NullPointerException'{0x00000000eb1421a0}> (0x00000000eb1421a0) 
thrown [s\src\hotspot\share\interpreter\linkResolver.cpp, line 1350]
Event: 2.637 Thread 0x000001603aaae910 Exception <a 'java/lang/NullPointerException'{0x00000000eb1429c8}> (0x00000000eb1429c8) 
thrown [s\src\hotspot\share\interpreter\linkResolver.cpp, line 1350]

VM Operations (20 events):
Event: 1.004 Executing VM operation: HandshakeAllThreads
Event: 1.004 Executing VM operation: HandshakeAllThreads done
Event: 1.191 Executing VM operation: ICBufferFull
Event: 1.192 Executing VM operation: ICBufferFull done
Event: 1.295 Executing VM operation: ParallelGCFailedAllocation
Event: 1.305 Executing VM operation: ParallelGCFailedAllocation done
Event: 1.563 Executing VM operation: HandshakeAllThreads
Event: 1.563 Executing VM operation: HandshakeAllThreads done
Event: 1.563 Executing VM operation: HandshakeAllThreads
Event: 1.563 Executing VM operation: HandshakeAllThreads done
Event: 1.571 Executing VM operation: HandshakeAllThreads
Event: 1.571 Executing VM operation: HandshakeAllThreads done
Event: 1.591 Executing VM operation: HandshakeAllThreads
Event: 1.591 Executing VM operation: HandshakeAllThreads done
Event: 2.056 Executing VM operation: HandshakeAllThreads
Event: 2.056 Executing VM operation: HandshakeAllThreads done
Event: 2.310 Executing VM operation: ParallelGCFailedAllocation
Event: 2.316 Executing VM operation: ParallelGCFailedAllocation done
Event: 2.770 Executing VM operation: HandshakeAllThreads
Event: 2.770 Executing VM operation: HandshakeAllThreads done

Events (20 events):
Event: 2.823 loading class sun/text/resources/cldr/FormatData done
Event: 2.823 loading class sun/text/resources/cldr/FormatData_en
Event: 2.823 loading class sun/text/resources/cldr/FormatData_en done
Event: 2.823 loading class sun/util/resources/Bundles$2
Event: 2.824 loading class sun/util/resources/Bundles$2 done
Event: 2.826 loading class java/text/NumberFormat
Event: 2.827 loading class java/text/NumberFormat done
Event: 2.827 loading class sun/util/locale/provider/NumberFormatProviderImpl
Event: 2.828 loading class sun/util/locale/provider/NumberFormatProviderImpl done
Event: 2.828 loading class java/text/DecimalFormatSymbols
Event: 2.828 loading class java/text/DecimalFormatSymbols done
Event: 2.829 loading class sun/util/locale/provider/DecimalFormatSymbolsProviderImpl
Event: 2.829 loading class sun/util/locale/provider/DecimalFormatSymbolsProviderImpl done
Event: 2.829 loading class java/lang/StringLatin1$CharsSpliterator
Event: 2.829 loading class java/lang/StringLatin1$CharsSpliterator done
Event: 2.829 loading class java/util/stream/IntPipeline$Head
Event: 2.830 loading class java/util/stream/IntPipeline
Event: 2.830 loading class java/util/stream/IntStream
Event: 2.830 loading class java/util/stream/IntStream done
Event: 2.830 loading class java/util/stream/IntPipeline done


Dynamic libraries:
0x00007ff758120000 - 0x00007ff75812e000 	c:\Users\se\.vscode\extensions\redhat.java-1.12.0-win32-x64\jre\17.0.4.1-win32-x86_64\bin\java.exe
0x00007ffcb4760000 - 0x00007ffcb4969000 	C:\WINDOWS\SYSTEM32\ntdll.dll
0x00007ffcb4650000 - 0x00007ffcb470d000 	C:\WINDOWS\System32\KERNEL32.DLL
0x00007ffcb1d50000 - 0x00007ffcb20cb000 	C:\WINDOWS\System32\KERNELBASE.dll
0x00007ffcb2200000 - 0x00007ffcb2311000 	C:\WINDOWS\System32\ucrtbase.dll
0x00007ffc918e0000 - 0x00007ffc918f9000 	c:\Users\se\.vscode\extensions\redhat.java-1.12.0-win32-x64\jre\17.0.4.1-win32-x86_64\bin\VCRUNTIME140.dll
0x00007ffc91880000 - 0x00007ffc91898000 	c:\Users\se\.vscode\extensions\redhat.java-1.12.0-win32-x64\jre\17.0.4.1-win32-x86_64\bin\jli.dll
0x00007ffcb2e50000 - 0x00007ffcb2ffd000 	C:\WINDOWS\System32\USER32.dll
0x00007ffcb25b0000 - 0x00007ffcb25d6000 	C:\WINDOWS\System32\win32u.dll
0x00007ffc961d0000 - 0x00007ffc96475000 	C:\WINDOWS\WinSxS\amd64_microsoft.windows.common-controls_6595b64144ccf1df_6.0.22000.120_none_9d947278b86cc467\COMCTL32.dll
0x00007ffcb25f0000 - 0x00007ffcb2619000 	C:\WINDOWS\System32\GDI32.dll
0x00007ffcb2320000 - 0x00007ffcb2438000 	C:\WINDOWS\System32\gdi32full.dll
0x00007ffcb3ed0000 - 0x00007ffcb3f73000 	C:\WINDOWS\System32\msvcrt.dll
0x00007ffcb1c30000 - 0x00007ffcb1ccd000 	C:\WINDOWS\System32\msvcp_win.dll
0x00007ffcb4610000 - 0x00007ffcb4641000 	C:\WINDOWS\System32\IMM32.DLL
0x00007ffca6f40000 - 0x00007ffca6f4c000 	c:\Users\se\.vscode\extensions\redhat.java-1.12.0-win32-x64\jre\17.0.4.1-win32-x86_64\bin\vcruntime140_1.dll
0x00007ffc6dd70000 - 0x00007ffc6de01000 	c:\Users\se\.vscode\extensions\redhat.java-1.12.0-win32-x64\jre\17.0.4.1-win32-x86_64\bin\msvcp140.dll
0x00007ffc6d120000 - 0x00007ffc6dd66000 	c:\Users\se\.vscode\extensions\redhat.java-1.12.0-win32-x64\jre\17.0.4.1-win32-x86_64\bin\server\jvm.dll
0x00007ffcb4550000 - 0x00007ffcb45fe000 	C:\WINDOWS\System32\ADVAPI32.dll
0x00007ffcb4300000 - 0x00007ffcb439e000 	C:\WINDOWS\System32\sechost.dll
0x00007ffcb2d30000 - 0x00007ffcb2e50000 	C:\WINDOWS\System32\RPCRT4.dll
0x00007ffcb4710000 - 0x00007ffcb4718000 	C:\WINDOWS\System32\PSAPI.DLL
0x00007ffc96880000 - 0x00007ffc96889000 	C:\WINDOWS\SYSTEM32\WSOCK32.dll
0x00007ffcb3690000 - 0x00007ffcb36ff000 	C:\WINDOWS\System32\WS2_32.dll
0x00007ffca7880000 - 0x00007ffca78b3000 	C:\WINDOWS\SYSTEM32\WINMM.dll
0x00007ffca7280000 - 0x00007ffca728a000 	C:\WINDOWS\SYSTEM32\VERSION.dll
0x00007ffcb0cb0000 - 0x00007ffcb0cc8000 	C:\WINDOWS\SYSTEM32\kernel.appcore.dll
0x00007ffc93130000 - 0x00007ffc9313a000 	c:\Users\se\.vscode\extensions\redhat.java-1.12.0-win32-x64\jre\17.0.4.1-win32-x86_64\bin\jimage.dll
0x00007ffcac2c0000 - 0x00007ffcac4e1000 	C:\WINDOWS\SYSTEM32\DBGHELP.DLL
0x00007ffc8f3b0000 - 0x00007ffc8f3e1000 	C:\WINDOWS\SYSTEM32\dbgcore.DLL
0x00007ffcb1cd0000 - 0x00007ffcb1d4f000 	C:\WINDOWS\System32\bcryptPrimitives.dll
0x00007ffc92bf0000 - 0x00007ffc92bfe000 	c:\Users\se\.vscode\extensions\redhat.java-1.12.0-win32-x64\jre\17.0.4.1-win32-x86_64\bin\instrument.dll
0x00007ffc8c020000 - 0x00007ffc8c045000 	c:\Users\se\.vscode\extensions\redhat.java-1.12.0-win32-x64\jre\17.0.4.1-win32-x86_64\bin\java.dll
0x00007ffc91860000 - 0x00007ffc91878000 	c:\Users\se\.vscode\extensions\redhat.java-1.12.0-win32-x64\jre\17.0.4.1-win32-x86_64\bin\zip.dll
0x00007ffcb3710000 - 0x00007ffcb3ec8000 	C:\WINDOWS\System32\SHELL32.dll
0x00007ffcafd20000 - 0x00007ffcb0585000 	C:\WINDOWS\SYSTEM32\windows.storage.dll
0x00007ffcb3f80000 - 0x00007ffcb42f7000 	C:\WINDOWS\System32\combase.dll
0x00007ffcafbb0000 - 0x00007ffcafd16000 	C:\WINDOWS\SYSTEM32\wintypes.dll
0x00007ffcb2710000 - 0x00007ffcb27fa000 	C:\WINDOWS\System32\SHCORE.dll
0x00007ffcb2a90000 - 0x00007ffcb2aed000 	C:\WINDOWS\System32\shlwapi.dll
0x00007ffcb1b60000 - 0x00007ffcb1b81000 	C:\WINDOWS\SYSTEM32\profapi.dll
0x00007ffc89500000 - 0x00007ffc89519000 	C:\Users\se\.vscode\extensions\redhat.java-1.12.0-win32-x64\jre\17.0.4.1-win32-x86_64\bin\net.dll
0x00007ffca7320000 - 0x00007ffca742c000 	C:\WINDOWS\SYSTEM32\WINHTTP.dll
0x00007ffcb1150000 - 0x00007ffcb11b7000 	C:\WINDOWS\system32\mswsock.dll
0x00007ffc845e0000 - 0x00007ffc845f5000 	C:\Users\se\.vscode\extensions\redhat.java-1.12.0-win32-x64\jre\17.0.4.1-win32-x86_64\bin\nio.dll
0x00007ffc918d0000 - 0x00007ffc918e0000 	c:\Users\se\.vscode\extensions\redhat.java-1.12.0-win32-x64\jre\17.0.4.1-win32-x86_64\bin\verify.dll
0x00007ffc71bf0000 - 0x00007ffc71c2e000 	C:\Users\se\AppData\Roaming\Code\User\globalStorage\redhat.java\1.12.0\config_ss_win\org.eclipse.equinox.launcher\org.eclipse.equinox.launcher.win32.win32.x86_64_1.2.600.v20220720-1916\eclipse_11700.dll
0x00007ffcb28f0000 - 0x00007ffcb2a8a000 	C:\WINDOWS\System32\ole32.dll

dbghelp: loaded successfully - version: 4.0.5 - missing functions: none
symbol engine: initialized successfully - sym options: 0x614 - pdb path: .;c:\Users\se\.vscode\extensions\redhat.java-1.12.0-win32-x64\jre\17.0.4.1-win32-x86_64\bin;C:\WINDOWS\SYSTEM32;C:\WINDOWS\WinSxS\amd64_microsoft.windows.common-controls_6595b64144ccf1df_6.0.22000.120_none_9d947278b86cc467;c:\Users\se\.vscode\extensions\redhat.java-1.12.0-win32-x64\jre\17.0.4.1-win32-x86_64\bin\server;C:\Users\se\AppData\Roaming\Code\User\globalStorage\redhat.java\1.12.0\config_ss_win\org.eclipse.equinox.launcher\org.eclipse.equinox.launcher.win32.win32.x86_64_1.2.600.v20220720-1916

VM Arguments:
jvm_args: --add-modules=ALL-SYSTEM --add-opens=java.base/java.util=ALL-UNNAMED --add-opens=java.base/java.lang=ALL-UNNAMED --add-opens=java.base/sun.nio.fs=ALL-UNNAMED -Declipse.application=org.eclipse.jdt.ls.core.id1 -Dosgi.bundles.defaultStartLevel=4 -Declipse.product=org.eclipse.jdt.ls.core.product -Djava.import.generatesMetadataFilesAtProjectRoot=false -Dfile.encoding=utf8 -XX:+UseParallelGC -XX:GCTimeRatio=4 -XX:AdaptiveSizePolicyWeight=90 -Dsun.zip.disableMemoryMapping=true -Xmx1G -Xms100m -Xlog:disable -javaagent:c:\Users\se\.vscode\extensions\redhat.java-1.12.0-win32-x64\lombok\lombok-1.18.24.jar 
java_command: c:\Users\se\.vscode\extensions\redhat.java-1.12.0-win32-x64\server\plugins\org.eclipse.equinox.launcher_1.6.400.v20210924-0641.jar -configuration c:\Users\se\AppData\Roaming\Code\User\globalStorage\redhat.java\1.12.0\config_ss_win -data c:\Users\se\AppData\Roaming\Code\User\workspaceStorage\042ae597b835ad676826bf5aba2120d6\redhat.java\ss_ws
java_class_path (initial): c:\Users\se\.vscode\extensions\redhat.java-1.12.0-win32-x64\server\plugins\org.eclipse.equinox.launcher_1.6.400.v20210924-0641.jar
Launcher Type: SUN_STANDARD

[Global flags]
    uintx AdaptiveSizePolicyWeight                 = 90                                        {product} {command line}
     intx CICompilerCount                          = 3                                         {product} {ergonomic}
    uintx GCTimeRatio                              = 4                                         {product} {command line}
   size_t InitialHeapSize                          = 104857600                                 {product} {command line}
   size_t MaxHeapSize                              = 1073741824                                {product} {command line}
   size_t MaxNewSize                               = 357564416                                 {product} {ergonomic}
   size_t MinHeapDeltaBytes                        = 524288                                    {product} {ergonomic}
   size_t MinHeapSize                              = 104857600                                 {product} {command line}
   size_t NewSize                                  = 34603008                                  {product} {ergonomic}
    uintx NonNMethodCodeHeapSize                   = 5832780                                {pd product} {ergonomic}
    uintx NonProfiledCodeHeapSize                  = 122912730                              {pd product} {ergonomic}
   size_t OldSize                                  = 70254592                                  {product} {ergonomic}
    uintx ProfiledCodeHeapSize                     = 122912730                              {pd product} {ergonomic}
    uintx ReservedCodeCacheSize                    = 251658240                              {pd product} {ergonomic}
     bool SegmentedCodeCache                       = true                                      {product} {ergonomic}
   size_t SoftMaxHeapSize                          = 1073741824                             {manageable} {ergonomic}
     bool UseCompressedClassPointers               = true                           {product lp64_product} {ergonomic}
     bool UseCompressedOops                        = true                           {product lp64_product} {ergonomic}
     bool UseLargePagesIndividualAllocation        = false                                  {pd product} {ergonomic}
     bool UseParallelGC                            = true                                      {product} {command line}

Logging:
Log output configuration:
 #0: stdout all=off uptime,level,tags
 #1: stderr all=off uptime,level,tags

Environment Variables:
PATH=C:\Program Files\Common Files\Oracle\Java\javapath;C:\Program Files (x86)\Common Files\Intel\Shared Libraries\redist\intel64\compiler;C:\WINDOWS\system32;C:\WINDOWS;C:\WINDOWS\System32\Wbem;C:\WINDOWS\System32\WindowsPowerShell\v1.0\;C:\WINDOWS\System32\OpenSSH\;C:\MinGW\bin;C:\Program Files (x86)\MGLTools-1.5.7;C:\MinGW\bin;C:\Program Files\Java\jdk-18.0.2.1\bin;C:\Program Files\dotnet\;C:\Users\se\AppData\Local\Microsoft\WindowsApps;E:\New folder\MinGW\bin;C:\Users\se\AppData\Local\Programs\Microsoft VS Code\bin
USERNAME=se
OS=Windows_NT
PROCESSOR_IDENTIFIER=Intel64 Family 6 Model 126 Stepping 5, GenuineIntel
TMP=C:\Users\se\AppData\Local\Temp
TEMP=C:\Users\se\AppData\Local\Temp



---------------  S Y S T E M  ---------------

OS:
 Windows 11 , 64 bit Build 22000 (10.0.22000.708)
OS uptime: 0 days 0:10 hours

CPU: total 4 (initial active 4) (2 cores per cpu, 2 threads per core) family 6 model 126 stepping 5 microcode 0xa6, cx8, cmov, fxsr, ht, mmx, 3dnowpref, sse, sse2, sse3, ssse3, sse4.1, sse4.2, popcnt, lzcnt, tsc, tscinvbit, avx, avx2, aes, erms, clmul, bmi1, bmi2, adx, avx512f, avx512dq, avx512cd, avx512bw, avx512vl, sha, fma, vzeroupper, avx512_vpopcntdq, avx512_vpclmulqdq, avx512_vaes, avx512_vnni, clflush, clflushopt, avx512_vbmi2, avx512_vbmi

Memory: 4k page, system-wide physical 3858M (382M free)
TotalPageFile size 3858M (AvailPageFile size 2M)
current process WorkingSet (physical memory assigned to process): 95M, peak: 95M
current process commit charge ("private bytes"): 199M, peak: 199M

vm_info: OpenJDK 64-Bit Server VM (17.0.4.1+1) for windows-amd64 JRE (17.0.4.1+1), built on Aug 17 2022 07:42:43 by "temurin" with MS VC++ 16.7 (VS2019)

END.
