#
# There is insufficient memory for the Java Runtime Environment to continue.
# Native memory allocation (malloc) failed to allocate 426112 bytes for Chunk::new
# Possible reasons:
#   The system is out of physical RAM or swap space
#   The process is running with CompressedOops enabled, and the Java Heap may be blocking the growth of the native heap
# Possible solutions:
#   Reduce memory load on the system
#   Increase physical memory or swap space
#   Check if swap backing store is full
#   Decrease Java heap size (-Xmx/-Xms)
#   Decrease number of Java threads
#   Decrease Java thread stack sizes (-Xss)
#   Set larger code cache with -XX:ReservedCodeCacheSize=
#   JVM is running with Unscaled Compressed Oops mode in which the Java heap is
#     placed in the first 4GB address space. The Java Heap base address is the
#     maximum limit for the native heap growth. Please use -XX:HeapBaseMinAddress
#     to set the Java Heap base and to place the Java Heap above 4GB virtual address.
# This output file may be truncated or incomplete.
#
#  Out of Memory Error (arena.cpp:189), pid=11712, tid=11948
#
# JRE version: OpenJDK Runtime Environment Temurin-17.0.4.1+1 (17.0.4.1+1) (build 17.0.4.1+1)
# Java VM: OpenJDK 64-Bit Server VM Temurin-17.0.4.1+1 (17.0.4.1+1, mixed mode, tiered, compressed oops, compressed class ptrs, parallel gc, windows-amd64)
# No core dump will be written. Minidumps are not enabled by default on client versions of Windows
#

---------------  S U M M A R Y ------------

Command Line: --add-modules=ALL-SYSTEM --add-opens=java.base/java.util=ALL-UNNAMED --add-opens=java.base/java.lang=ALL-UNNAMED --add-opens=java.base/sun.nio.fs=ALL-UNNAMED -Declipse.application=org.eclipse.jdt.ls.core.id1 -Dosgi.bundles.defaultStartLevel=4 -Declipse.product=org.eclipse.jdt.ls.core.product -Djava.import.generatesMetadataFilesAtProjectRoot=false -Dfile.encoding=utf8 -XX:+UseParallelGC -XX:GCTimeRatio=4 -XX:AdaptiveSizePolicyWeight=90 -Dsun.zip.disableMemoryMapping=true -Xmx1G -Xms100m -Xlog:disable -javaagent:c:\Users\se\.vscode\extensions\redhat.java-1.12.0-win32-x64\lombok\lombok-1.18.24.jar c:\Users\se\.vscode\extensions\redhat.java-1.12.0-win32-x64\server\plugins\org.eclipse.equinox.launcher_1.6.400.v20210924-0641.jar -configuration c:\Users\se\AppData\Roaming\Code\User\globalStorage\redhat.java\1.12.0\config_ss_win -data c:\Users\se\AppData\Roaming\Code\User\workspaceStorage\85ccc1e8541c9c61dbb81f5c14fcce68\redhat.java\ss_ws

Host: Intel(R) Core(TM) i3-1005G1 CPU @ 1.20GHz, 4 cores, 3G,  Windows 11 , 64 bit Build 22000 (10.0.22000.708)
Time: Sun Dec 25 14:38:56 2022 India Standard Time elapsed time: 5.870850 seconds (0d 0h 0m 5s)

---------------  T H R E A D  ---------------

Current thread (0x000001be40c2e420):  JavaThread "C2 CompilerThread0" daemon [_thread_in_native, id=11948, stack(0x000000bbfea00000,0x000000bbfeb00000)]


Current CompileTask:
C2:   5870 1019       4       java.io.DataInputStream::readUTF (501 bytes)

Stack: [0x000000bbfea00000,0x000000bbfeb00000]
Native frames: (J=compiled Java code, j=interpreted, Vv=VM code, C=native code)
V  [jvm.dll+0x67731a]
V  [jvm.dll+0x832284]
V  [jvm.dll+0x833a2e]
V  [jvm.dll+0x834093]
V  [jvm.dll+0x245775]
V  [jvm.dll+0xabd7b]
V  [jvm.dll+0xac30c]
V  [jvm.dll+0x363a97]
V  [jvm.dll+0x32e011]
V  [jvm.dll+0x32d4ba]
V  [jvm.dll+0x218681]
V  [jvm.dll+0x217aa1]
V  [jvm.dll+0x1a3f8d]
V  [jvm.dll+0x227498]
V  [jvm.dll+0x2255e5]
V  [jvm.dll+0x7e7e9b]
V  [jvm.dll+0x7e240a]
V  [jvm.dll+0x6761a5]
C  [ucrtbase.dll+0x26c0c]
C  [KERNEL32.DLL+0x154e0]
C  [ntdll.dll+0x485b]


---------------  P R O C E S S  ---------------

Threads class SMR info:
_java_thread_list=0x000001be42952880, length=12, elements={
0x000001be2cdc1a70, 0x000001be40be1740, 0x000001be40be3300, 0x000001be40c24130,
0x000001be40c26cf0, 0x000001be40bf7e90, 0x000001be40c2d090, 0x000001be40c2e420,
0x000001be40c2f570, 0x000001be40c34380, 0x000001be426c4010, 0x000001be42881590
}

Java Threads: ( => current thread )
  0x000001be2cdc1a70 JavaThread "main" [_thread_in_vm, id=11840, stack(0x000000bbfe100000,0x000000bbfe200000)]
  0x000001be40be1740 JavaThread "Reference Handler" daemon [_thread_blocked, id=11904, stack(0x000000bbfe400000,0x000000bbfe500000)]
  0x000001be40be3300 JavaThread "Finalizer" daemon [_thread_blocked, id=11912, stack(0x000000bbfe500000,0x000000bbfe600000)]
  0x000001be40c24130 JavaThread "Signal Dispatcher" daemon [_thread_blocked, id=11916, stack(0x000000bbfe600000,0x000000bbfe700000)]
  0x000001be40c26cf0 JavaThread "Attach Listener" daemon [_thread_blocked, id=11928, stack(0x000000bbfe700000,0x000000bbfe800000)]
  0x000001be40bf7e90 JavaThread "Service Thread" daemon [_thread_blocked, id=11932, stack(0x000000bbfe800000,0x000000bbfe900000)]
  0x000001be40c2d090 JavaThread "Monitor Deflation Thread" daemon [_thread_blocked, id=11940, stack(0x000000bbfe900000,0x000000bbfea00000)]
=>0x000001be40c2e420 JavaThread "C2 CompilerThread0" daemon [_thread_in_native, id=11948, stack(0x000000bbfea00000,0x000000bbfeb00000)]
  0x000001be40c2f570 JavaThread "C1 CompilerThread0" daemon [_thread_blocked, id=11956, stack(0x000000bbfeb00000,0x000000bbfec00000)]
  0x000001be40c34380 JavaThread "Sweeper thread" daemon [_thread_blocked, id=11964, stack(0x000000bbfec00000,0x000000bbfed00000)]
  0x000001be426c4010 JavaThread "Common-Cleaner" daemon [_thread_blocked, id=11972, stack(0x000000bbfed00000,0x000000bbfee00000)]
  0x000001be42881590 JavaThread "Notification Thread" daemon [_thread_blocked, id=12016, stack(0x000000bbfee00000,0x000000bbfef00000)]

Other Threads:
  0x000001be2ce9ec00 VMThread "VM Thread" [stack: 0x000000bbfe300000,0x000000bbfe400000] [id=11896]
  0x000001be42943730 WatcherThread [stack: 0x000000bbfef00000,0x000000bbff000000] [id=12020]
  0x000001be2cdd8d00 GCTaskThread "GC Thread#0" [stack: 0x000000bbfe200000,0x000000bbfe300000] [id=11884]
  0x000001be42d94f10 GCTaskThread "GC Thread#1" [stack: 0x000000bbff000000,0x000000bbff100000] [id=12048]
  0x000001be42d959e0 GCTaskThread "GC Thread#2" [stack: 0x000000bbff100000,0x000000bbff200000] [id=12052]
  0x000001be4312dc40 GCTaskThread "GC Thread#3" [stack: 0x000000bbff200000,0x000000bbff300000] [id=12056]

Threads with active compile tasks:
C2 CompilerThread0     6186 1019       4       java.io.DataInputStream::readUTF (501 bytes)

VM state: not at safepoint (normal execution)

VM Mutex/Monitor currently owned by a thread:  ([mutex/lock_event])
[0x000001be2cdbbd10] Metaspace_lock - owner thread: 0x000001be2cdc1a70

Heap address: 0x00000000c0000000, size: 1024 MB, Compressed Oops mode: 32-bit

CDS archive(s) not mapped
Compressed class space mapped at: 0x0000000100000000-0x0000000140000000, reserved size: 1073741824
Narrow klass base: 0x0000000000000000, Narrow klass shift: 3, Narrow klass range: 0x140000000

GC Precious Log:
 CPUs: 4 total, 4 available
 Memory: 3858M
 Large Page Support: Disabled
 NUMA Support: Disabled
 Compressed Oops: Enabled (32-bit)
 Alignments: Space 512K, Generation 512K, Heap 2M
 Heap Min Capacity: 100M
 Heap Initial Capacity: 100M
 Heap Max Capacity: 1G
 Pre-touch: Disabled
 Parallel Workers: 4

Heap:
 PSYoungGen      total 29696K, used 11457K [0x00000000eab00000, 0x00000000ecc00000, 0x0000000100000000)
  eden space 25600K, 32% used [0x00000000eab00000,0x00000000eb307d88,0x00000000ec400000)
  from space 4096K, 78% used [0x00000000ec400000,0x00000000ec728690,0x00000000ec800000)
  to   space 4096K, 0% used [0x00000000ec800000,0x00000000ec800000,0x00000000ecc00000)
 ParOldGen       total 68608K, used 16K [0x00000000c0000000, 0x00000000c4300000, 0x00000000eab00000)
  object space 68608K, 0% used [0x00000000c0000000,0x00000000c0004000,0x00000000c4300000)
 Metaspace       used 11918K, committed 12096K, reserved 1064960K
  class space    used 1173K, committed 1280K, reserved 1048576K

Card table byte_map: [0x000001be2c780000,0x000001be2c990000] _byte_map_base: 0x000001be2c180000

Marking Bits: (ParMarkBitMap*) 0x00007ffafc462cc0
 Begin Bits: [0x000001be3ea60000, 0x000001be3fa60000)
 End Bits:   [0x000001be3fa60000, 0x000001be40a60000)

Polling page: 0x000001be2ad90000

Metaspace:

Usage:
  Non-class:     10.49 MB used.
      Class:      1.15 MB used.
       Both:     11.64 MB used.

Virtual space:
  Non-class space:       16.00 MB reserved,      10.56 MB ( 66%) committed,  2 nodes.
      Class space:        1.00 GB reserved,       1.25 MB ( <1%) committed,  1 nodes.
             Both:        1.02 GB reserved,      11.81 MB (  1%) committed. 

Chunk freelists:
   Non-Class:  1.19 MB
       Class:  2.59 MB
        Both:  3.78 MB

MaxMetaspaceSize: unlimited
CompressedClassSpaceSize: 1.00 GB
Initial GC threshold: 21.00 MB
Current GC threshold: 21.00 MB
CDS: off
MetaspaceReclaimPolicy: balanced
 - commit_granule_bytes: 65536.
 - commit_granule_words: 8192.
 - virtual_space_node_default_size: 1048576.
 - enlarge_chunks_in_place: 1.
 - new_chunks_are_fully_committed: 0.
 - uncommit_free_chunks: 1.
 - use_allocation_guard: 0.
 - handle_deallocations: 1.


Internal statistics:

num_allocs_failed_limit: 0.
num_arena_births: 34.
num_arena_deaths: 0.
num_vsnodes_births: 3.
num_vsnodes_deaths: 0.
num_space_committed: 189.
num_space_uncommitted: 0.
num_chunks_returned_to_freelist: 0.
num_chunks_taken_from_freelist: 142.
num_chunk_merges: 0.
num_chunk_splits: 103.
num_chunks_enlarged: 90.
num_purges: 0.
num_inconsistent_stats: 0.

CodeHeap 'non-profiled nmethods': size=120000Kb used=366Kb max_used=366Kb free=119633Kb
 bounds [0x000001be37530000, 0x000001be377a0000, 0x000001be3ea60000]
CodeHeap 'profiled nmethods': size=120000Kb used=2079Kb max_used=2079Kb free=117920Kb
 bounds [0x000001be30000000, 0x000001be30270000, 0x000001be37530000]
CodeHeap 'non-nmethods': size=5760Kb used=1152Kb max_used=1170Kb free=4607Kb
 bounds [0x000001be2fa60000, 0x000001be2fcd0000, 0x000001be30000000]
 total_blobs=1572 nmethods=1142 adapters=345
 compilation: enabled
              stopped_count=0, restarted_count=0
 full_count=0

Compilation events (20 events):
Event: 4.563 Thread 0x000001be40c2f570 1043       3       java.io.WinNTFileSystem::normalizePrefix (132 bytes)
Event: 4.565 Thread 0x000001be40c2f570 nmethod 1043 0x000001be301c7410 code [0x000001be301c7840, 0x000001be301c98c8]
Event: 4.565 Thread 0x000001be40c2f570 1044   !   3       java.lang.ClassLoader::addClass (27 bytes)
Event: 4.566 Thread 0x000001be40c2f570 nmethod 1044 0x000001be301ca510 code [0x000001be301ca6e0, 0x000001be301cac48]
Event: 4.566 Thread 0x000001be40c2f570 1045       3       java.lang.ClassLoader::defineClass (43 bytes)
Event: 4.566 Thread 0x000001be40c2f570 nmethod 1045 0x000001be301caf90 code [0x000001be301cb180, 0x000001be301cb678]
Event: 4.567 Thread 0x000001be40c2f570 1046       3       java.lang.ClassLoader::preDefineClass (118 bytes)
Event: 4.568 Thread 0x000001be40c2f570 nmethod 1046 0x000001be301cb910 code [0x000001be301cbc80, 0x000001be301ccf38]
Event: 4.568 Thread 0x000001be40c2f570 1047       3       java.lang.ClassLoader::defineClassSourceLocation (28 bytes)
Event: 4.568 Thread 0x000001be40c2f570 nmethod 1047 0x000001be301cd610 code [0x000001be301cd7e0, 0x000001be301cdb68]
Event: 4.568 Thread 0x000001be40c2f570 1048       3       java.lang.ClassLoader::getNamedPackage (73 bytes)
Event: 4.568 Thread 0x000001be40c2f570 nmethod 1048 0x000001be301cdd10 code [0x000001be301cdf00, 0x000001be301ce448]
Event: 4.574 Thread 0x000001be40c2f570 1049       1       java.net.JarURLConnection::getJarFileURL (5 bytes)
Event: 4.574 Thread 0x000001be40c2f570 nmethod 1049 0x000001be37589a10 code [0x000001be37589ba0, 0x000001be37589c78]
Event: 4.575 Thread 0x000001be40c2f570 1050       3       java.net.URI$Parser::scan (53 bytes)
Event: 4.575 Thread 0x000001be40c2f570 nmethod 1050 0x000001be301ce610 code [0x000001be301ce8a0, 0x000001be301cf4b8]
Event: 4.576 Thread 0x000001be40c2f570 1051       3       sun.net.util.URLUtil::urlNoFragString (114 bytes)
Event: 4.577 Thread 0x000001be40c2f570 nmethod 1051 0x000001be301cfa10 code [0x000001be301cfd40, 0x000001be301d0d88]
Event: 4.578 Thread 0x000001be40c2f570 1052       3       java.io.File::isDirectory (34 bytes)
Event: 4.578 Thread 0x000001be40c2f570 nmethod 1052 0x000001be301d1390 code [0x000001be301d1580, 0x000001be301d1aa8]

GC Heap History (2 events):
Event: 4.479 GC heap before
{Heap before GC invocations=1 (full 0):
 PSYoungGen      total 29696K, used 25600K [0x00000000eab00000, 0x00000000ecc00000, 0x0000000100000000)
  eden space 25600K, 100% used [0x00000000eab00000,0x00000000ec400000,0x00000000ec400000)
  from space 4096K, 0% used [0x00000000ec800000,0x00000000ec800000,0x00000000ecc00000)
  to   space 4096K, 0% used [0x00000000ec400000,0x00000000ec400000,0x00000000ec800000)
 ParOldGen       total 68608K, used 0K [0x00000000c0000000, 0x00000000c4300000, 0x00000000eab00000)
  object space 68608K, 0% used [0x00000000c0000000,0x00000000c0000000,0x00000000c4300000)
 Metaspace       used 10858K, committed 11008K, reserved 1064960K
  class space    used 1089K, committed 1152K, reserved 1048576K
}
Event: 4.498 GC heap after
{Heap after GC invocations=1 (full 0):
 PSYoungGen      total 29696K, used 3233K [0x00000000eab00000, 0x00000000ecc00000, 0x0000000100000000)
  eden space 25600K, 0% used [0x00000000eab00000,0x00000000eab00000,0x00000000ec400000)
  from space 4096K, 78% used [0x00000000ec400000,0x00000000ec728690,0x00000000ec800000)
  to   space 4096K, 0% used [0x00000000ec800000,0x00000000ec800000,0x00000000ecc00000)
 ParOldGen       total 68608K, used 16K [0x00000000c0000000, 0x00000000c4300000, 0x00000000eab00000)
  object space 68608K, 0% used [0x00000000c0000000,0x00000000c0004000,0x00000000c4300000)
 Metaspace       used 10858K, committed 11008K, reserved 1064960K
  class space    used 1089K, committed 1152K, reserved 1048576K
}

Deoptimization events (20 events):
Event: 4.198 Thread 0x000001be2cdc1a70 Uncommon trap: trap_request=0xffffffde fr.pc=0x000001be3755278c relative=0x00000000000001ec
Event: 4.198 Thread 0x000001be2cdc1a70 Uncommon trap: reason=class_check action=maybe_recompile pc=0x000001be3755278c method=java.util.Collections$UnmodifiableCollection$1.next()Ljava/lang/Object; @ 4 c2
Event: 4.198 Thread 0x000001be2cdc1a70 DEOPT PACKING pc=0x000001be3755278c sp=0x000000bbfe1fe310
Event: 4.198 Thread 0x000001be2cdc1a70 DEOPT UNPACKING pc=0x000001be2fab5923 sp=0x000000bbfe1fe2c0 mode 2
Event: 4.198 Thread 0x000001be2cdc1a70 Uncommon trap: trap_request=0xffffffde fr.pc=0x000001be3755278c relative=0x00000000000001ec
Event: 4.198 Thread 0x000001be2cdc1a70 Uncommon trap: reason=class_check action=maybe_recompile pc=0x000001be3755278c method=java.util.Collections$UnmodifiableCollection$1.next()Ljava/lang/Object; @ 4 c2
Event: 4.198 Thread 0x000001be2cdc1a70 DEOPT PACKING pc=0x000001be3755278c sp=0x000000bbfe1fe310
Event: 4.198 Thread 0x000001be2cdc1a70 DEOPT UNPACKING pc=0x000001be2fab5923 sp=0x000000bbfe1fe2c0 mode 2
Event: 4.200 Thread 0x000001be2cdc1a70 Uncommon trap: trap_request=0xffffff45 fr.pc=0x000001be3756eeec relative=0x000000000000024c
Event: 4.200 Thread 0x000001be2cdc1a70 Uncommon trap: reason=unstable_if action=reinterpret pc=0x000001be3756eeec method=java.util.HashMap.hash(Ljava/lang/Object;)I @ 1 c2
Event: 4.200 Thread 0x000001be2cdc1a70 DEOPT PACKING pc=0x000001be3756eeec sp=0x000000bbfe1fe1f0
Event: 4.200 Thread 0x000001be2cdc1a70 DEOPT UNPACKING pc=0x000001be2fab5923 sp=0x000000bbfe1fe0e8 mode 2
Event: 4.200 Thread 0x000001be2cdc1a70 Uncommon trap: trap_request=0xffffff45 fr.pc=0x000001be3756db14 relative=0x0000000000000094
Event: 4.200 Thread 0x000001be2cdc1a70 Uncommon trap: reason=unstable_if action=reinterpret pc=0x000001be3756db14 method=java.util.HashMap.hash(Ljava/lang/Object;)I @ 1 c2
Event: 4.200 Thread 0x000001be2cdc1a70 DEOPT PACKING pc=0x000001be3756db14 sp=0x000000bbfe1fe250
Event: 4.200 Thread 0x000001be2cdc1a70 DEOPT UNPACKING pc=0x000001be2fab5923 sp=0x000000bbfe1fe1e8 mode 2
Event: 4.555 Thread 0x000001be2cdc1a70 Uncommon trap: trap_request=0xffffff45 fr.pc=0x000001be3755dbdc relative=0x0000000000000bbc
Event: 4.555 Thread 0x000001be2cdc1a70 Uncommon trap: reason=unstable_if action=reinterpret pc=0x000001be3755dbdc method=lombok.patcher.PatchScript.classMatches(Ljava/lang/String;Ljava/util/Collection;)Z @ 25 c2
Event: 4.555 Thread 0x000001be2cdc1a70 DEOPT PACKING pc=0x000001be3755dbdc sp=0x000000bbfe1f8420
Event: 4.555 Thread 0x000001be2cdc1a70 DEOPT UNPACKING pc=0x000001be2fab5923 sp=0x000000bbfe1f8378 mode 2

Classes unloaded (0 events):
No events

Classes redefined (0 events):
No events

Internal exceptions (20 events):
Event: 2.703 Thread 0x000001be2cdc1a70 Exception <a 'java/lang/reflect/InvocationTargetException'{0x00000000eaf78168}> (0x00000000eaf78168) 
thrown [s\src\hotspot\share\runtime\reflection.cpp, line 1121]
Event: 3.488 Thread 0x000001be2cdc1a70 Exception <a 'java/lang/ClassNotFoundException'{0x00000000eb713788}: sun/net/www/protocol/c/Handler> (0x00000000eb713788) 
thrown [s\src\hotspot\share\classfile\systemDictionary.cpp, line 256]
Event: 3.512 Thread 0x000001be2cdc1a70 Exception <a 'java/io/FileNotFoundException'{0x00000000eb726da8}> (0x00000000eb726da8) 
thrown [s\src\hotspot\share\prims\jni.cpp, line 516]
Event: 3.512 Thread 0x000001be2cdc1a70 Exception <a 'java/io/FileNotFoundException'{0x00000000eb727a78}> (0x00000000eb727a78) 
thrown [s\src\hotspot\share\prims\jni.cpp, line 516]
Event: 3.512 Thread 0x000001be2cdc1a70 Exception <a 'java/io/FileNotFoundException'{0x00000000eb728728}> (0x00000000eb728728) 
thrown [s\src\hotspot\share\prims\jni.cpp, line 516]
Event: 3.513 Thread 0x000001be2cdc1a70 Exception <a 'java/io/FileNotFoundException'{0x00000000eb7293d0}> (0x00000000eb7293d0) 
thrown [s\src\hotspot\share\prims\jni.cpp, line 516]
Event: 3.524 Thread 0x000001be2cdc1a70 Exception <a 'java/io/FileNotFoundException'{0x00000000eb767b60}> (0x00000000eb767b60) 
thrown [s\src\hotspot\share\prims\jni.cpp, line 516]
Event: 4.104 Thread 0x000001be2cdc1a70 Exception <a 'java/lang/ClassNotFoundException'{0x00000000ebf5ee90}: sun/net/www/protocol/c/Handler> (0x00000000ebf5ee90) 
thrown [s\src\hotspot\share\classfile\systemDictionary.cpp, line 256]
Event: 4.104 Thread 0x000001be2cdc1a70 Exception <a 'java/lang/ClassNotFoundException'{0x00000000ebf60180}: sun/net/www/protocol/e/Handler> (0x00000000ebf60180) 
thrown [s\src\hotspot\share\classfile\systemDictionary.cpp, line 256]
Event: 4.105 Thread 0x000001be2cdc1a70 Exception <a 'java/lang/ClassNotFoundException'{0x00000000ebf61290}: sun/net/www/protocol/c/Handler> (0x00000000ebf61290) 
thrown [s\src\hotspot\share\classfile\systemDictionary.cpp, line 256]
Event: 4.114 Thread 0x000001be2cdc1a70 Exception <a 'java/io/FileNotFoundException'{0x00000000ebf7fe80}> (0x00000000ebf7fe80) 
thrown [s\src\hotspot\share\prims\jni.cpp, line 516]
Event: 4.200 Thread 0x000001be2cdc1a70 Implicit null exception at 0x000001be3756ecf1 to 0x000001be3756eed4
Event: 4.200 Thread 0x000001be2cdc1a70 Implicit null exception at 0x000001be3756da8f to 0x000001be3756db05
Event: 4.310 Thread 0x000001be2cdc1a70 Exception <a 'java/lang/NoSuchMethodError'{0x00000000ec24c368}: 'int java.lang.invoke.DirectMethodHandle$Holder.invokeStaticInit(java.lang.Object, java.lang.Object, java.lang.Object, java.lang.Object)'> (0x00000000ec24c368) 
thrown [s\src\hotspot\share\interpreter\linkResolver.cpp, line 759]
Event: 4.312 Thread 0x000001be2cdc1a70 Exception <a 'java/lang/NoSuchMethodError'{0x00000000ec2569d8}: 'java.lang.Object java.lang.invoke.DirectMethodHandle$Holder.invokeInterface(java.lang.Object, java.lang.Object)'> (0x00000000ec2569d8) 
thrown [s\src\hotspot\share\interpreter\linkResolver.cpp, line 759]
Event: 4.312 Thread 0x000001be2cdc1a70 Exception <a 'java/lang/IncompatibleClassChangeError'{0x00000000ec25a1d0}: Found class java.lang.Object, but interface was expected> (0x00000000ec25a1d0) 
thrown [s\src\hotspot\share\interpreter\linkResolver.cpp, line 826]
Event: 4.331 Thread 0x000001be2cdc1a70 Exception <a 'java/lang/NoSuchMethodError'{0x00000000ec25e6c8}: 'void java.lang.invoke.DirectMethodHandle$Holder.invokeStatic(java.lang.Object, java.lang.Object)'> (0x00000000ec25e6c8) 
thrown [s\src\hotspot\share\interpreter\linkResolver.cpp, line 759]
Event: 4.336 Thread 0x000001be2cdc1a70 Exception <a 'java/lang/NoSuchMethodError'{0x00000000ec261ec8}: 'void java.lang.invoke.DirectMethodHandle$Holder.invokeStaticInit(java.lang.Object, java.lang.Object)'> (0x00000000ec261ec8) 
thrown [s\src\hotspot\share\interpreter\linkResolver.cpp, line 759]
Event: 4.339 Thread 0x000001be2cdc1a70 Exception <a 'java/lang/NoSuchMethodError'{0x00000000ec269250}: 'int java.lang.invoke.DirectMethodHandle$Holder.invokeStaticInit(java.lang.Object, java.lang.Object)'> (0x00000000ec269250) 
thrown [s\src\hotspot\share\interpreter\linkResolver.cpp, line 759]
Event: 4.462 Thread 0x000001be2cdc1a70 Exception <a 'java/lang/NoSuchMethodError'{0x00000000ec38ef60}: 'void java.lang.invoke.DirectMethodHandle$Holder.invokeSpecial(java.lang.Object, java.lang.Object, java.lang.Object)'> (0x00000000ec38ef60) 
thrown [s\src\hotspot\share\interpreter\linkResolver.cpp, line 759]

VM Operations (12 events):
Event: 2.017 Executing VM operation: HandshakeAllThreads
Event: 2.018 Executing VM operation: HandshakeAllThreads done
Event: 2.568 Executing VM operation: HandshakeAllThreads
Event: 2.568 Executing VM operation: HandshakeAllThreads done
Event: 3.447 Executing VM operation: HandshakeAllThreads
Event: 3.447 Executing VM operation: HandshakeAllThreads done
Event: 3.447 Executing VM operation: Cleanup
Event: 3.449 Executing VM operation: Cleanup done
Event: 3.483 Executing VM operation: HandshakeAllThreads
Event: 3.483 Executing VM operation: HandshakeAllThreads done
Event: 4.478 Executing VM operation: ParallelGCFailedAllocation
Event: 4.498 Executing VM operation: ParallelGCFailedAllocation done

Events (20 events):
Event: 4.514 loading class java/util/concurrent/SynchronousQueue$Transferer done
Event: 4.514 loading class java/util/concurrent/SynchronousQueue$TransferStack done
Event: 4.514 loading class java/util/concurrent/SynchronousQueue$TransferStack$SNode
Event: 4.514 loading class java/util/concurrent/ForkJoinPool$ManagedBlocker
Event: 4.515 loading class java/util/concurrent/ForkJoinPool$ManagedBlocker done
Event: 4.515 loading class java/util/concurrent/SynchronousQueue$TransferStack$SNode done
Event: 4.515 loading class java/util/concurrent/RejectedExecutionHandler
Event: 4.516 loading class java/util/concurrent/RejectedExecutionHandler done
Event: 4.516 loading class java/util/concurrent/LinkedBlockingQueue
Event: 4.517 loading class java/util/concurrent/LinkedBlockingQueue done
Event: 4.517 loading class java/util/concurrent/LinkedBlockingQueue$Node
Event: 4.517 loading class java/util/concurrent/LinkedBlockingQueue$Node done
Event: 4.523 loading class java/util/regex/CharPredicates
Event: 4.523 loading class java/util/regex/CharPredicates done
Event: 4.531 loading class java/util/concurrent/Semaphore$NonfairSync
Event: 4.531 loading class java/util/concurrent/Semaphore$Sync
Event: 4.531 loading class java/util/concurrent/Semaphore$Sync done
Event: 4.531 loading class java/util/concurrent/Semaphore$NonfairSync done
Event: 4.570 loading class java/lang/TypeNotPresentException
Event: 4.571 loading class java/lang/TypeNotPresentException done


Dynamic libraries:
0x00007ff652aa0000 - 0x00007ff652aae000 	c:\Users\se\.vscode\extensions\redhat.java-1.12.0-win32-x64\jre\17.0.4.1-win32-x86_64\bin\java.exe
0x00007ffb58e80000 - 0x00007ffb59089000 	C:\WINDOWS\SYSTEM32\ntdll.dll
0x00007ffb57910000 - 0x00007ffb579cd000 	C:\WINDOWS\System32\KERNEL32.DLL
0x00007ffb568e0000 - 0x00007ffb56c5b000 	C:\WINDOWS\System32\KERNELBASE.dll
0x00007ffb563f0000 - 0x00007ffb56501000 	C:\WINDOWS\System32\ucrtbase.dll
0x00007ffafc5e0000 - 0x00007ffafc5f9000 	c:\Users\se\.vscode\extensions\redhat.java-1.12.0-win32-x64\jre\17.0.4.1-win32-x86_64\bin\VCRUNTIME140.dll
0x00007ffafc600000 - 0x00007ffafc618000 	c:\Users\se\.vscode\extensions\redhat.java-1.12.0-win32-x64\jre\17.0.4.1-win32-x86_64\bin\jli.dll
0x00007ffb35530000 - 0x00007ffb357d5000 	C:\WINDOWS\WinSxS\amd64_microsoft.windows.common-controls_6595b64144ccf1df_6.0.22000.120_none_9d947278b86cc467\COMCTL32.dll
0x00007ffb58a50000 - 0x00007ffb58af3000 	C:\WINDOWS\System32\msvcrt.dll
0x00007ffb58b00000 - 0x00007ffb58cad000 	C:\WINDOWS\System32\USER32.dll
0x00007ffb563c0000 - 0x00007ffb563e6000 	C:\WINDOWS\System32\win32u.dll
0x00007ffb57b60000 - 0x00007ffb57b89000 	C:\WINDOWS\System32\GDI32.dll
0x00007ffb56510000 - 0x00007ffb56628000 	C:\WINDOWS\System32\gdi32full.dll
0x00007ffb56c60000 - 0x00007ffb56cfd000 	C:\WINDOWS\System32\msvcp_win.dll
0x00007ffb57b20000 - 0x00007ffb57b51000 	C:\WINDOWS\System32\IMM32.DLL
0x00007ffafc5d0000 - 0x00007ffafc5dc000 	c:\Users\se\.vscode\extensions\redhat.java-1.12.0-win32-x64\jre\17.0.4.1-win32-x86_64\bin\vcruntime140_1.dll
0x00007ffafc530000 - 0x00007ffafc5c1000 	c:\Users\se\.vscode\extensions\redhat.java-1.12.0-win32-x64\jre\17.0.4.1-win32-x86_64\bin\msvcp140.dll
0x00007ffafb8e0000 - 0x00007ffafc526000 	c:\Users\se\.vscode\extensions\redhat.java-1.12.0-win32-x64\jre\17.0.4.1-win32-x86_64\bin\server\jvm.dll
0x00007ffb56d00000 - 0x00007ffb56dae000 	C:\WINDOWS\System32\ADVAPI32.dll
0x00007ffb57a50000 - 0x00007ffb57aee000 	C:\WINDOWS\System32\sechost.dll
0x00007ffb58cb0000 - 0x00007ffb58dd0000 	C:\WINDOWS\System32\RPCRT4.dll
0x00007ffb57af0000 - 0x00007ffb57af8000 	C:\WINDOWS\System32\PSAPI.DLL
0x00007ffb52b50000 - 0x00007ffb52b83000 	C:\WINDOWS\SYSTEM32\WINMM.dll
0x00007ffb52650000 - 0x00007ffb5265a000 	C:\WINDOWS\SYSTEM32\VERSION.dll
0x00007ffafb8d0000 - 0x00007ffafb8d9000 	C:\WINDOWS\SYSTEM32\WSOCK32.dll
0x00007ffb579e0000 - 0x00007ffb57a4f000 	C:\WINDOWS\System32\WS2_32.dll
0x00007ffb553d0000 - 0x00007ffb553e8000 	C:\WINDOWS\SYSTEM32\kernel.appcore.dll
0x00007ffafb8c0000 - 0x00007ffafb8ca000 	c:\Users\se\.vscode\extensions\redhat.java-1.12.0-win32-x64\jre\17.0.4.1-win32-x86_64\bin\jimage.dll
0x00007ffb4e5d0000 - 0x00007ffb4e7f1000 	C:\WINDOWS\SYSTEM32\DBGHELP.DLL
0x00007ffb38680000 - 0x00007ffb386b1000 	C:\WINDOWS\SYSTEM32\dbgcore.DLL
0x00007ffb56630000 - 0x00007ffb566af000 	C:\WINDOWS\System32\bcryptPrimitives.dll
0x00007ffafb8b0000 - 0x00007ffafb8be000 	c:\Users\se\.vscode\extensions\redhat.java-1.12.0-win32-x64\jre\17.0.4.1-win32-x86_64\bin\instrument.dll
0x00007ffafb880000 - 0x00007ffafb8a5000 	c:\Users\se\.vscode\extensions\redhat.java-1.12.0-win32-x64\jre\17.0.4.1-win32-x86_64\bin\java.dll
0x00007ffb14dc0000 - 0x00007ffb14dd8000 	c:\Users\se\.vscode\extensions\redhat.java-1.12.0-win32-x64\jre\17.0.4.1-win32-x86_64\bin\zip.dll
0x00007ffb56dd0000 - 0x00007ffb57588000 	C:\WINDOWS\System32\SHELL32.dll
0x00007ffb54440000 - 0x00007ffb54ca5000 	C:\WINDOWS\SYSTEM32\windows.storage.dll
0x00007ffb57590000 - 0x00007ffb57907000 	C:\WINDOWS\System32\combase.dll
0x00007ffb542d0000 - 0x00007ffb54436000 	C:\WINDOWS\SYSTEM32\wintypes.dll
0x00007ffb57d00000 - 0x00007ffb57dea000 	C:\WINDOWS\System32\SHCORE.dll
0x00007ffb58340000 - 0x00007ffb5839d000 	C:\WINDOWS\System32\shlwapi.dll
0x00007ffb56280000 - 0x00007ffb562a1000 	C:\WINDOWS\SYSTEM32\profapi.dll
0x00007ffb14da0000 - 0x00007ffb14db9000 	C:\Users\se\.vscode\extensions\redhat.java-1.12.0-win32-x64\jre\17.0.4.1-win32-x86_64\bin\net.dll
0x00007ffb52540000 - 0x00007ffb5264c000 	C:\WINDOWS\SYSTEM32\WINHTTP.dll
0x00007ffb55870000 - 0x00007ffb558d7000 	C:\WINDOWS\system32\mswsock.dll
0x00007ffb14d80000 - 0x00007ffb14d95000 	C:\Users\se\.vscode\extensions\redhat.java-1.12.0-win32-x64\jre\17.0.4.1-win32-x86_64\bin\nio.dll
0x00007ffb14d70000 - 0x00007ffb14d80000 	c:\Users\se\.vscode\extensions\redhat.java-1.12.0-win32-x64\jre\17.0.4.1-win32-x86_64\bin\verify.dll

dbghelp: loaded successfully - version: 4.0.5 - missing functions: none
symbol engine: initialized successfully - sym options: 0x614 - pdb path: .;c:\Users\se\.vscode\extensions\redhat.java-1.12.0-win32-x64\jre\17.0.4.1-win32-x86_64\bin;C:\WINDOWS\SYSTEM32;C:\WINDOWS\WinSxS\amd64_microsoft.windows.common-controls_6595b64144ccf1df_6.0.22000.120_none_9d947278b86cc467;c:\Users\se\.vscode\extensions\redhat.java-1.12.0-win32-x64\jre\17.0.4.1-win32-x86_64\bin\server

VM Arguments:
jvm_args: --add-modules=ALL-SYSTEM --add-opens=java.base/java.util=ALL-UNNAMED --add-opens=java.base/java.lang=ALL-UNNAMED --add-opens=java.base/sun.nio.fs=ALL-UNNAMED -Declipse.application=org.eclipse.jdt.ls.core.id1 -Dosgi.bundles.defaultStartLevel=4 -Declipse.product=org.eclipse.jdt.ls.core.product -Djava.import.generatesMetadataFilesAtProjectRoot=false -Dfile.encoding=utf8 -XX:+UseParallelGC -XX:GCTimeRatio=4 -XX:AdaptiveSizePolicyWeight=90 -Dsun.zip.disableMemoryMapping=true -Xmx1G -Xms100m -Xlog:disable -javaagent:c:\Users\se\.vscode\extensions\redhat.java-1.12.0-win32-x64\lombok\lombok-1.18.24.jar 
java_command: c:\Users\se\.vscode\extensions\redhat.java-1.12.0-win32-x64\server\plugins\org.eclipse.equinox.launcher_1.6.400.v20210924-0641.jar -configuration c:\Users\se\AppData\Roaming\Code\User\globalStorage\redhat.java\1.12.0\config_ss_win -data c:\Users\se\AppData\Roaming\Code\User\workspaceStorage\85ccc1e8541c9c61dbb81f5c14fcce68\redhat.java\ss_ws
java_class_path (initial): c:\Users\se\.vscode\extensions\redhat.java-1.12.0-win32-x64\server\plugins\org.eclipse.equinox.launcher_1.6.400.v20210924-0641.jar
Launcher Type: SUN_STANDARD

[Global flags]
    uintx AdaptiveSizePolicyWeight                 = 90                                        {product} {command line}
     intx CICompilerCount                          = 3                                         {product} {ergonomic}
    uintx GCTimeRatio                              = 4                                         {product} {command line}
   size_t InitialHeapSize                          = 104857600                                 {product} {command line}
   size_t MaxHeapSize                              = 1073741824                                {product} {command line}
   size_t MaxNewSize                               = 357564416                                 {product} {ergonomic}
   size_t MinHeapDeltaBytes                        = 524288                                    {product} {ergonomic}
   size_t MinHeapSize                              = 104857600                                 {product} {command line}
   size_t NewSize                                  = 34603008                                  {product} {ergonomic}
    uintx NonNMethodCodeHeapSize                   = 5832780                                {pd product} {ergonomic}
    uintx NonProfiledCodeHeapSize                  = 122912730                              {pd product} {ergonomic}
   size_t OldSize                                  = 70254592                                  {product} {ergonomic}
    uintx ProfiledCodeHeapSize                     = 122912730                              {pd product} {ergonomic}
    uintx ReservedCodeCacheSize                    = 251658240                              {pd product} {ergonomic}
     bool SegmentedCodeCache                       = true                                      {product} {ergonomic}
   size_t SoftMaxHeapSize                          = 1073741824                             {manageable} {ergonomic}
     bool UseCompressedClassPointers               = true                           {product lp64_product} {ergonomic}
     bool UseCompressedOops                        = true                           {product lp64_product} {ergonomic}
     bool UseLargePagesIndividualAllocation        = false                                  {pd product} {ergonomic}
     bool UseParallelGC                            = true                                      {product} {command line}

Logging:
Log output configuration:
 #0: stdout all=off uptime,level,tags
 #1: stderr all=off uptime,level,tags

Environment Variables:
PATH=C:\Program Files\Common Files\Oracle\Java\javapath;C:\Program Files (x86)\Common Files\Intel\Shared Libraries\redist\intel64\compiler;C:\WINDOWS\system32;C:\WINDOWS;C:\WINDOWS\System32\Wbem;C:\WINDOWS\System32\WindowsPowerShell\v1.0\;C:\WINDOWS\System32\OpenSSH\;C:\MinGW\bin;C:\Program Files (x86)\MGLTools-1.5.7;C:\MinGW\bin;C:\Program Files\Java\jdk-18.0.2.1\bin;C:\Program Files\dotnet\;C:\Users\se\AppData\Local\Microsoft\WindowsApps;E:\New folder\MinGW\bin;C:\Users\se\AppData\Local\Programs\Microsoft VS Code\bin
USERNAME=se
OS=Windows_NT
PROCESSOR_IDENTIFIER=Intel64 Family 6 Model 126 Stepping 5, GenuineIntel
TMP=C:\Users\se\AppData\Local\Temp
TEMP=C:\Users\se\AppData\Local\Temp



---------------  S Y S T E M  ---------------

OS:
 Windows 11 , 64 bit Build 22000 (10.0.22000.708)
OS uptime: 0 days 0:06 hours

CPU: total 4 (initial active 4) (2 cores per cpu, 2 threads per core) family 6 model 126 stepping 5 microcode 0xa6, cx8, cmov, fxsr, ht, mmx, 3dnowpref, sse, sse2, sse3, ssse3, sse4.1, sse4.2, popcnt, lzcnt, tsc, tscinvbit, avx, avx2, aes, erms, clmul, bmi1, bmi2, adx, avx512f, avx512dq, avx512cd, avx512bw, avx512vl, sha, fma, vzeroupper, avx512_vpopcntdq, avx512_vpclmulqdq, avx512_vaes, avx512_vnni, clflush, clflushopt, avx512_vbmi2, avx512_vbmi

Memory: 4k page, system-wide physical 3858M (248M free)
TotalPageFile size 3858M (AvailPageFile size 3M)
current process WorkingSet (physical memory assigned to process): 78M, peak: 78M
current process commit charge ("private bytes"): 187M, peak: 187M

vm_info: OpenJDK 64-Bit Server VM (17.0.4.1+1) for windows-amd64 JRE (17.0.4.1+1), built on Aug 17 2022 07:42:43 by "temurin" with MS VC++ 16.7 (VS2019)

END.
