#
# There is insufficient memory for the Java Runtime Environment to continue.
# Native memory allocation (malloc) failed to allocate 275696 bytes for Chunk::new
# Possible reasons:
#   The system is out of physical RAM or swap space
#   The process is running with CompressedOops enabled, and the Java Heap may be blocking the growth of the native heap
# Possible solutions:
#   Reduce memory load on the system
#   Increase physical memory or swap space
#   Check if swap backing store is full
#   Decrease Java heap size (-Xmx/-Xms)
#   Decrease number of Java threads
#   Decrease Java thread stack sizes (-Xss)
#   Set larger code cache with -XX:ReservedCodeCacheSize=
#   JVM is running with Unscaled Compressed Oops mode in which the Java heap is
#     placed in the first 4GB address space. The Java Heap base address is the
#     maximum limit for the native heap growth. Please use -XX:HeapBaseMinAddress
#     to set the Java Heap base and to place the Java Heap above 4GB virtual address.
# This output file may be truncated or incomplete.
#
#  Out of Memory Error (arena.cpp:189), pid=1320, tid=7504
#
# JRE version: OpenJDK Runtime Environment Temurin-17.0.4.1+1 (17.0.4.1+1) (build 17.0.4.1+1)
# Java VM: OpenJDK 64-Bit Server VM Temurin-17.0.4.1+1 (17.0.4.1+1, mixed mode, tiered, compressed oops, compressed class ptrs, parallel gc, windows-amd64)
# No core dump will be written. Minidumps are not enabled by default on client versions of Windows
#

---------------  S U M M A R Y ------------

Command Line: --add-modules=ALL-SYSTEM --add-opens=java.base/java.util=ALL-UNNAMED --add-opens=java.base/java.lang=ALL-UNNAMED --add-opens=java.base/sun.nio.fs=ALL-UNNAMED -Declipse.application=org.eclipse.jdt.ls.core.id1 -Dosgi.bundles.defaultStartLevel=4 -Declipse.product=org.eclipse.jdt.ls.core.product -Djava.import.generatesMetadataFilesAtProjectRoot=false -Dfile.encoding=utf8 -XX:+UseParallelGC -XX:GCTimeRatio=4 -XX:AdaptiveSizePolicyWeight=90 -Dsun.zip.disableMemoryMapping=true -Xmx1G -Xms100m -Xlog:disable -javaagent:c:\Users\se\.vscode\extensions\redhat.java-1.12.0-win32-x64\lombok\lombok-1.18.24.jar -XX:+HeapDumpOnOutOfMemoryError -XX:HeapDumpPath=c:\Users\se\AppData\Roaming\Code\User\workspaceStorage\042ae597b835ad676826bf5aba2120d6\redhat.java c:\Users\se\.vscode\extensions\redhat.java-1.12.0-win32-x64\server\plugins\org.eclipse.equinox.launcher_1.6.400.v20210924-0641.jar -configuration c:\Users\se\AppData\Roaming\Code\User\globalStorage\redhat.java\1.12.0\config_win -data c:\Users\se\AppData\Roaming\Code\User\workspaceStorage\042ae597b835ad676826bf5aba2120d6\redhat.java\jdt_ws

Host: Intel(R) Core(TM) i3-1005G1 CPU @ 1.20GHz, 4 cores, 3G,  Windows 11 , 64 bit Build 22000 (10.0.22000.708)
Time: Mon Nov 28 22:13:46 2022 India Standard Time elapsed time: 0.652927 seconds (0d 0h 0m 0s)

---------------  T H R E A D  ---------------

Current thread (0x0000026b96ff16f0):  JavaThread "C2 CompilerThread1" daemon [_thread_in_native, id=7504, stack(0x00000079bc400000,0x00000079bc500000)]


Current CompileTask:
C2:    652  456       4       lombok.patcher.scripts.MethodLevelPatchScript::patch (21 bytes)

Stack: [0x00000079bc400000,0x00000079bc500000]
Native frames: (J=compiled Java code, j=interpreted, Vv=VM code, C=native code)
V  [jvm.dll+0x67731a]
V  [jvm.dll+0x832284]
V  [jvm.dll+0x833a2e]
V  [jvm.dll+0x834093]
V  [jvm.dll+0x245775]
V  [jvm.dll+0xabd7b]
V  [jvm.dll+0xac30c]
V  [jvm.dll+0x2ac80f]
V  [jvm.dll+0x57dd77]
V  [jvm.dll+0x220892]
V  [jvm.dll+0x220c6f]
V  [jvm.dll+0x21a4d5]
V  [jvm.dll+0x21799b]
V  [jvm.dll+0x1a3f8d]
V  [jvm.dll+0x227498]
V  [jvm.dll+0x2255e5]
V  [jvm.dll+0x7e7e9b]
V  [jvm.dll+0x7e240a]
V  [jvm.dll+0x6761a5]
C  [ucrtbase.dll+0x26c0c]
C  [KERNEL32.DLL+0x154e0]
C  [ntdll.dll+0x485b]


---------------  P R O C E S S  ---------------

Threads class SMR info:
_java_thread_list=0x0000026b970c4210, length=13, elements={
0x0000026bff969820, 0x0000026b9534e2e0, 0x0000026b95350550, 0x0000026b953601b0,
0x0000026b95362a80, 0x0000026b95390f60, 0x0000026b953974d0, 0x0000026b95398aa0,
0x0000026b9539fa00, 0x0000026b953a8c60, 0x0000026b953bb730, 0x0000026b96ff7400,
0x0000026b96ff16f0
}

Java Threads: ( => current thread )
  0x0000026bff969820 JavaThread "main" [_thread_in_vm, id=5564, stack(0x00000079bb400000,0x00000079bb500000)]
  0x0000026b9534e2e0 JavaThread "Reference Handler" daemon [_thread_blocked, id=6956, stack(0x00000079bb700000,0x00000079bb800000)]
  0x0000026b95350550 JavaThread "Finalizer" daemon [_thread_blocked, id=3420, stack(0x00000079bb800000,0x00000079bb900000)]
  0x0000026b953601b0 JavaThread "Signal Dispatcher" daemon [_thread_blocked, id=6896, stack(0x00000079bba00000,0x00000079bbb00000)]
  0x0000026b95362a80 JavaThread "Attach Listener" daemon [_thread_blocked, id=3120, stack(0x00000079bbb00000,0x00000079bbc00000)]
  0x0000026b95390f60 JavaThread "Service Thread" daemon [_thread_blocked, id=3432, stack(0x00000079bbc00000,0x00000079bbd00000)]
  0x0000026b953974d0 JavaThread "Monitor Deflation Thread" daemon [_thread_blocked, id=6388, stack(0x00000079bbd00000,0x00000079bbe00000)]
  0x0000026b95398aa0 JavaThread "C2 CompilerThread0" daemon [_thread_in_native, id=7240, stack(0x00000079bbe00000,0x00000079bbf00000)]
  0x0000026b9539fa00 JavaThread "C1 CompilerThread0" daemon [_thread_in_native, id=7380, stack(0x00000079bbf00000,0x00000079bc000000)]
  0x0000026b953a8c60 JavaThread "Sweeper thread" daemon [_thread_blocked, id=5164, stack(0x00000079bc000000,0x00000079bc100000)]
  0x0000026b953bb730 JavaThread "Common-Cleaner" daemon [_thread_blocked, id=8516, stack(0x00000079bc100000,0x00000079bc200000)]
  0x0000026b96ff7400 JavaThread "Notification Thread" daemon [_thread_blocked, id=6484, stack(0x00000079bc200000,0x00000079bc300000)]
=>0x0000026b96ff16f0 JavaThread "C2 CompilerThread1" daemon [_thread_in_native, id=7504, stack(0x00000079bc400000,0x00000079bc500000)]

Other Threads:
  0x0000026b953395e0 VMThread "VM Thread" [stack: 0x00000079bb600000,0x00000079bb700000] [id=3676]
  0x0000026b96fe7ca0 WatcherThread [stack: 0x00000079bc300000,0x00000079bc400000] [id=8500]
  0x0000026bff97e3f0 GCTaskThread "GC Thread#0" [stack: 0x00000079bb500000,0x00000079bb600000] [id=7136]

Threads with active compile tasks:
C2 CompilerThread0      864  523       4       lombok.patcher.PatchScript::classMatches (41 bytes)
C1 CompilerThread0      864  532       3       sun.security.provider.ByteArrayAccess::b2iBig64 (231 bytes)
C2 CompilerThread1      864  456       4       lombok.patcher.scripts.MethodLevelPatchScript::patch (21 bytes)

VM state: not at safepoint (normal execution)

VM Mutex/Monitor currently owned by a thread:  ([mutex/lock_event])
[0x0000026bff963da0] Metaspace_lock - owner thread: 0x0000026bff969820

Heap address: 0x00000000c0000000, size: 1024 MB, Compressed Oops mode: 32-bit

CDS archive(s) not mapped
Compressed class space mapped at: 0x0000000100000000-0x0000000140000000, reserved size: 1073741824
Narrow klass base: 0x0000000000000000, Narrow klass shift: 3, Narrow klass range: 0x140000000

GC Precious Log:
 CPUs: 4 total, 4 available
 Memory: 3858M
 Large Page Support: Disabled
 NUMA Support: Disabled
 Compressed Oops: Enabled (32-bit)
 Alignments: Space 512K, Generation 512K, Heap 2M
 Heap Min Capacity: 100M
 Heap Initial Capacity: 100M
 Heap Max Capacity: 1G
 Pre-touch: Disabled
 Parallel Workers: 4

Heap:
 PSYoungGen      total 29696K, used 12408K [0x00000000eab00000, 0x00000000ecc00000, 0x0000000100000000)
  eden space 25600K, 48% used [0x00000000eab00000,0x00000000eb71e340,0x00000000ec400000)
  from space 4096K, 0% used [0x00000000ec800000,0x00000000ec800000,0x00000000ecc00000)
  to   space 4096K, 0% used [0x00000000ec400000,0x00000000ec400000,0x00000000ec800000)
 ParOldGen       total 68608K, used 0K [0x00000000c0000000, 0x00000000c4300000, 0x00000000eab00000)
  object space 68608K, 0% used [0x00000000c0000000,0x00000000c0000000,0x00000000c4300000)
 Metaspace       used 8430K, committed 8512K, reserved 1064960K
  class space    used 845K, committed 896K, reserved 1048576K

Card table byte_map: [0x0000026bffc50000,0x0000026bffe60000] _byte_map_base: 0x0000026bff650000

Marking Bits: (ParMarkBitMap*) 0x00007ff9b5672cc0
 Begin Bits: [0x0000026b92fd0000, 0x0000026b93fd0000)
 End Bits:   [0x0000026b93fd0000, 0x0000026b94fd0000)

Polling page: 0x0000026bffa40000

Metaspace:

Usage:
  Non-class:      7.41 MB used.
      Class:    845.84 KB used.
       Both:      8.23 MB used.

Virtual space:
  Non-class space:       16.00 MB reserved,       7.44 MB ( 46%) committed,  2 nodes.
      Class space:        1.00 GB reserved,     896.00 KB ( <1%) committed,  1 nodes.
             Both:        1.02 GB reserved,       8.31 MB ( <1%) committed. 

Chunk freelists:
   Non-Class:  3.99 MB
       Class:  3.09 MB
        Both:  7.09 MB

MaxMetaspaceSize: unlimited
CompressedClassSpaceSize: 1.00 GB
Initial GC threshold: 21.00 MB
Current GC threshold: 21.00 MB
CDS: off
MetaspaceReclaimPolicy: balanced
 - commit_granule_bytes: 65536.
 - commit_granule_words: 8192.
 - virtual_space_node_default_size: 1048576.
 - enlarge_chunks_in_place: 1.
 - new_chunks_are_fully_committed: 0.
 - uncommit_free_chunks: 1.
 - use_allocation_guard: 0.
 - handle_deallocations: 1.


Internal statistics:

num_allocs_failed_limit: 0.
num_arena_births: 10.
num_arena_deaths: 0.
num_vsnodes_births: 3.
num_vsnodes_deaths: 0.
num_space_committed: 133.
num_space_uncommitted: 0.
num_chunks_returned_to_freelist: 0.
num_chunks_taken_from_freelist: 38.
num_chunk_merges: 0.
num_chunk_splits: 21.
num_chunks_enlarged: 17.
num_purges: 0.
num_inconsistent_stats: 0.

CodeHeap 'non-profiled nmethods': size=120000Kb used=170Kb max_used=170Kb free=119830Kb
 bounds [0x0000026b8baa0000, 0x0000026b8bd10000, 0x0000026b92fd0000]
CodeHeap 'profiled nmethods': size=120000Kb used=753Kb max_used=753Kb free=119246Kb
 bounds [0x0000026b84570000, 0x0000026b847e0000, 0x0000026b8baa0000]
CodeHeap 'non-nmethods': size=5760Kb used=1138Kb max_used=1150Kb free=4621Kb
 bounds [0x0000026b83fd0000, 0x0000026b84240000, 0x0000026b84570000]
 total_blobs=942 nmethods=528 adapters=329
 compilation: enabled
              stopped_count=0, restarted_count=0
 full_count=0

Compilation events (20 events):
Event: 0.636 Thread 0x0000026b9539fa00  461       3       java.math.BigInteger::destructiveMulAdd (150 bytes)
Event: 0.636 Thread 0x0000026b9539fa00 nmethod 461 0x0000026b8460f710 code [0x0000026b8460f8c0, 0x0000026b8460fc18]
Event: 0.636 Thread 0x0000026b9539fa00  463       3       java.io.ByteArrayOutputStream::ensureCapacity (32 bytes)
Event: 0.636 Thread 0x0000026b9539fa00 nmethod 463 0x0000026b8460fe10 code [0x0000026b8460ffe0, 0x0000026b84610358]
Event: 0.637 Thread 0x0000026b9539fa00  465       3       java.lang.Integer::numberOfLeadingZeros (79 bytes)
Event: 0.637 Thread 0x0000026b9539fa00 nmethod 465 0x0000026b84610510 code [0x0000026b846106c0, 0x0000026b84610998]
Event: 0.638 Thread 0x0000026b9539fa00  468       3       java.math.BigInteger::<init> (404 bytes)
Event: 0.640 Thread 0x0000026b9539fa00 nmethod 468 0x0000026b84610a10 code [0x0000026b84610ec0, 0x0000026b84612fe8]
Event: 0.641 Thread 0x0000026b9539fa00  469       3       java.math.BigInteger::getInt (63 bytes)
Event: 0.641 Thread 0x0000026b9539fa00 nmethod 469 0x0000026b84613e90 code [0x0000026b84614060, 0x0000026b84614468]
Event: 0.642 Thread 0x0000026b9539fa00  471       3       sun.security.util.CurveDB::bi (11 bytes)
Event: 0.642 Thread 0x0000026b9539fa00 nmethod 471 0x0000026b84614590 code [0x0000026b84614740, 0x0000026b846148e8]
Event: 0.642 Thread 0x0000026b9539fa00  472       3       java.util.LinkedHashMap::newNode (23 bytes)
Event: 0.642 Thread 0x0000026b9539fa00 nmethod 472 0x0000026b84614990 code [0x0000026b84614b40, 0x0000026b84614e08]
Event: 0.642 Thread 0x0000026b9539fa00  473       3       java.util.LinkedHashMap::afterNodeInsertion (40 bytes)
Event: 0.643 Thread 0x0000026b9539fa00 nmethod 473 0x0000026b84614f90 code [0x0000026b84615140, 0x0000026b84615338]
Event: 0.643 Thread 0x0000026b9539fa00  474  s    3       java.io.ByteArrayOutputStream::write (32 bytes)
Event: 0.643 Thread 0x0000026b9539fa00 nmethod 474 0x0000026b84615410 code [0x0000026b846155c0, 0x0000026b84615808]
Event: 0.649 Thread 0x0000026b9539fa00  476       1       java.math.BigInteger::signum (5 bytes)
Event: 0.649 Thread 0x0000026b9539fa00 nmethod 476 0x0000026b8bac4890 code [0x0000026b8bac4a20, 0x0000026b8bac4af8]

GC Heap History (0 events):
No events

Deoptimization events (20 events):
Event: 0.604 Thread 0x0000026bff969820 Uncommon trap: trap_request=0xffffffde fr.pc=0x0000026b8bac062c relative=0x000000000000010c
Event: 0.604 Thread 0x0000026bff969820 Uncommon trap: reason=class_check action=maybe_recompile pc=0x0000026b8bac062c method=jdk.internal.misc.Unsafe.allocateUninitializedArray(Ljava/lang/Class;I)Ljava/lang/Object; @ 51 c2
Event: 0.604 Thread 0x0000026bff969820 DEOPT PACKING pc=0x0000026b8bac062c sp=0x00000079bb4fb9c0
Event: 0.604 Thread 0x0000026bff969820 DEOPT UNPACKING pc=0x0000026b84025923 sp=0x00000079bb4fb948 mode 2
Event: 0.604 Thread 0x0000026bff969820 Uncommon trap: trap_request=0xffffffde fr.pc=0x0000026b8bac062c relative=0x000000000000010c
Event: 0.604 Thread 0x0000026bff969820 Uncommon trap: reason=class_check action=maybe_recompile pc=0x0000026b8bac062c method=jdk.internal.misc.Unsafe.allocateUninitializedArray(Ljava/lang/Class;I)Ljava/lang/Object; @ 51 c2
Event: 0.604 Thread 0x0000026bff969820 DEOPT PACKING pc=0x0000026b8bac062c sp=0x00000079bb4fb9c0
Event: 0.604 Thread 0x0000026bff969820 DEOPT UNPACKING pc=0x0000026b84025923 sp=0x00000079bb4fb948 mode 2
Event: 0.604 Thread 0x0000026bff969820 Uncommon trap: trap_request=0xffffffde fr.pc=0x0000026b8bac062c relative=0x000000000000010c
Event: 0.604 Thread 0x0000026bff969820 Uncommon trap: reason=class_check action=maybe_recompile pc=0x0000026b8bac062c method=jdk.internal.misc.Unsafe.allocateUninitializedArray(Ljava/lang/Class;I)Ljava/lang/Object; @ 51 c2
Event: 0.604 Thread 0x0000026bff969820 DEOPT PACKING pc=0x0000026b8bac062c sp=0x00000079bb4fba00
Event: 0.604 Thread 0x0000026bff969820 DEOPT UNPACKING pc=0x0000026b84025923 sp=0x00000079bb4fb988 mode 2
Event: 0.624 Thread 0x0000026bff969820 Uncommon trap: trap_request=0xffffff45 fr.pc=0x0000026b8bab37c0 relative=0x00000000000000c0
Event: 0.624 Thread 0x0000026bff969820 Uncommon trap: reason=unstable_if action=reinterpret pc=0x0000026b8bab37c0 method=java.net.URI.match(CJJ)Z @ 45 c2
Event: 0.624 Thread 0x0000026bff969820 DEOPT PACKING pc=0x0000026b8bab37c0 sp=0x00000079bb4fc6a0
Event: 0.624 Thread 0x0000026bff969820 DEOPT UNPACKING pc=0x0000026b84025923 sp=0x00000079bb4fc628 mode 2
Event: 0.632 Thread 0x0000026bff969820 Uncommon trap: trap_request=0xffffff45 fr.pc=0x0000026b8bac337c relative=0x000000000000061c
Event: 0.632 Thread 0x0000026bff969820 Uncommon trap: reason=unstable_if action=reinterpret pc=0x0000026b8bac337c method=java.lang.String.replace(Ljava/lang/CharSequence;Ljava/lang/CharSequence;)Ljava/lang/String; @ 48 c2
Event: 0.632 Thread 0x0000026bff969820 DEOPT PACKING pc=0x0000026b8bac337c sp=0x00000079bb4fc620
Event: 0.632 Thread 0x0000026bff969820 DEOPT UNPACKING pc=0x0000026b84025923 sp=0x00000079bb4fc5a0 mode 2

Classes unloaded (0 events):
No events

Classes redefined (0 events):
No events

Internal exceptions (2 events):
Event: 0.182 Thread 0x0000026bff969820 Exception <a 'java/lang/NoSuchMethodError'{0x00000000eacb2430}: 'void java.lang.invoke.DirectMethodHandle$Holder.invokeStatic(java.lang.Object, java.lang.Object, java.lang.Object)'> (0x00000000eacb2430) 
thrown [s\src\hotspot\share\interpreter\linkResolver.cpp, line 759]
Event: 0.443 Thread 0x0000026bff969820 Exception <a 'java/lang/reflect/InvocationTargetException'{0x00000000eaf781c8}> (0x00000000eaf781c8) 
thrown [s\src\hotspot\share\runtime\reflection.cpp, line 1121]

VM Operations (4 events):
Event: 0.187 Executing VM operation: HandshakeAllThreads
Event: 0.187 Executing VM operation: HandshakeAllThreads done
Event: 0.364 Executing VM operation: HandshakeAllThreads
Event: 0.364 Executing VM operation: HandshakeAllThreads done

Events (20 events):
Event: 0.631 loading class java/util/TreeMap$PrivateEntryIterator done
Event: 0.631 loading class java/util/TreeMap$KeyIterator done
Event: 0.632 loading class sun/security/util/DisabledAlgorithmConstraints$Constraints
Event: 0.632 loading class sun/security/util/DisabledAlgorithmConstraints$Constraints done
Event: 0.632 loading class sun/security/util/CurveDB
Event: 0.633 loading class sun/security/util/CurveDB done
Event: 0.633 loading class java/security/spec/ECFieldFp
Event: 0.633 loading class java/security/spec/ECField
Event: 0.633 loading class java/security/spec/ECField done
Event: 0.633 loading class java/security/spec/ECFieldFp done
Event: 0.633 loading class java/security/spec/EllipticCurve
Event: 0.634 loading class java/security/spec/EllipticCurve done
Event: 0.634 loading class java/security/spec/ECPoint
Event: 0.634 loading class java/security/spec/ECPoint done
Event: 0.634 loading class sun/security/util/NamedCurve
Event: 0.634 loading class java/security/spec/ECParameterSpec
Event: 0.634 loading class java/security/spec/ECParameterSpec done
Event: 0.634 loading class sun/security/util/NamedCurve done
Event: 0.637 loading class java/security/spec/ECFieldF2m
Event: 0.637 loading class java/security/spec/ECFieldF2m done


Dynamic libraries:
0x00007ff6694a0000 - 0x00007ff6694ae000 	c:\Users\se\.vscode\extensions\redhat.java-1.12.0-win32-x64\jre\17.0.4.1-win32-x86_64\bin\java.exe
0x00007ff9f86c0000 - 0x00007ff9f88c9000 	C:\WINDOWS\SYSTEM32\ntdll.dll
0x00007ff9f8280000 - 0x00007ff9f833d000 	C:\WINDOWS\System32\KERNEL32.DLL
0x00007ff9f6150000 - 0x00007ff9f64cb000 	C:\WINDOWS\System32\KERNELBASE.dll
0x00007ff9f5ce0000 - 0x00007ff9f5df1000 	C:\WINDOWS\System32\ucrtbase.dll
0x00007ff9c85d0000 - 0x00007ff9c85e8000 	c:\Users\se\.vscode\extensions\redhat.java-1.12.0-win32-x64\jre\17.0.4.1-win32-x86_64\bin\jli.dll
0x00007ff9f6640000 - 0x00007ff9f67ed000 	C:\WINDOWS\System32\USER32.dll
0x00007ff9f5c10000 - 0x00007ff9f5c36000 	C:\WINDOWS\System32\win32u.dll
0x00007ff9f7090000 - 0x00007ff9f70b9000 	C:\WINDOWS\System32\GDI32.dll
0x00007ff9f5e00000 - 0x00007ff9f5f18000 	C:\WINDOWS\System32\gdi32full.dll
0x00007ff9f5c40000 - 0x00007ff9f5cdd000 	C:\WINDOWS\System32\msvcp_win.dll
0x00007ff9b57e0000 - 0x00007ff9b57f9000 	c:\Users\se\.vscode\extensions\redhat.java-1.12.0-win32-x64\jre\17.0.4.1-win32-x86_64\bin\VCRUNTIME140.dll
0x00007ff9d0d00000 - 0x00007ff9d0fa5000 	C:\WINDOWS\WinSxS\amd64_microsoft.windows.common-controls_6595b64144ccf1df_6.0.22000.120_none_9d947278b86cc467\COMCTL32.dll
0x00007ff9f7c40000 - 0x00007ff9f7ce3000 	C:\WINDOWS\System32\msvcrt.dll
0x00007ff9f65e0000 - 0x00007ff9f6611000 	C:\WINDOWS\System32\IMM32.DLL
0x00007ff9cfd00000 - 0x00007ff9cfd0c000 	c:\Users\se\.vscode\extensions\redhat.java-1.12.0-win32-x64\jre\17.0.4.1-win32-x86_64\bin\vcruntime140_1.dll
0x00007ff9b5740000 - 0x00007ff9b57d1000 	c:\Users\se\.vscode\extensions\redhat.java-1.12.0-win32-x64\jre\17.0.4.1-win32-x86_64\bin\msvcp140.dll
0x00007ff9b4af0000 - 0x00007ff9b5736000 	c:\Users\se\.vscode\extensions\redhat.java-1.12.0-win32-x64\jre\17.0.4.1-win32-x86_64\bin\server\jvm.dll
0x00007ff9f6f30000 - 0x00007ff9f6fde000 	C:\WINDOWS\System32\ADVAPI32.dll
0x00007ff9f6540000 - 0x00007ff9f65de000 	C:\WINDOWS\System32\sechost.dll
0x00007ff9f78f0000 - 0x00007ff9f7a10000 	C:\WINDOWS\System32\RPCRT4.dll
0x00007ff9f6fe0000 - 0x00007ff9f6fe8000 	C:\WINDOWS\System32\PSAPI.DLL
0x00007ff9cea90000 - 0x00007ff9cea99000 	C:\WINDOWS\SYSTEM32\WSOCK32.dll
0x00007ff9f7bd0000 - 0x00007ff9f7c3f000 	C:\WINDOWS\System32\WS2_32.dll
0x00007ff9ea860000 - 0x00007ff9ea893000 	C:\WINDOWS\SYSTEM32\WINMM.dll
0x00007ff9e9970000 - 0x00007ff9e997a000 	C:\WINDOWS\SYSTEM32\VERSION.dll
0x00007ff9f4c10000 - 0x00007ff9f4c28000 	C:\WINDOWS\SYSTEM32\kernel.appcore.dll
0x00007ff9c7340000 - 0x00007ff9c734a000 	c:\Users\se\.vscode\extensions\redhat.java-1.12.0-win32-x64\jre\17.0.4.1-win32-x86_64\bin\jimage.dll
0x00007ff9ee9e0000 - 0x00007ff9eec01000 	C:\WINDOWS\SYSTEM32\DBGHELP.DLL
0x00007ff9d6670000 - 0x00007ff9d66a1000 	C:\WINDOWS\SYSTEM32\dbgcore.DLL
0x00007ff9f5b90000 - 0x00007ff9f5c0f000 	C:\WINDOWS\System32\bcryptPrimitives.dll
0x00007ff9c7270000 - 0x00007ff9c727e000 	c:\Users\se\.vscode\extensions\redhat.java-1.12.0-win32-x64\jre\17.0.4.1-win32-x86_64\bin\instrument.dll
0x00007ff9b4aa0000 - 0x00007ff9b4ac5000 	c:\Users\se\.vscode\extensions\redhat.java-1.12.0-win32-x64\jre\17.0.4.1-win32-x86_64\bin\java.dll
0x00007ff9b4a80000 - 0x00007ff9b4a98000 	c:\Users\se\.vscode\extensions\redhat.java-1.12.0-win32-x64\jre\17.0.4.1-win32-x86_64\bin\zip.dll
0x00007ff9f7130000 - 0x00007ff9f78e8000 	C:\WINDOWS\System32\SHELL32.dll
0x00007ff9f3c80000 - 0x00007ff9f44e5000 	C:\WINDOWS\SYSTEM32\windows.storage.dll
0x00007ff9f7d60000 - 0x00007ff9f80d7000 	C:\WINDOWS\System32\combase.dll
0x00007ff9f3b10000 - 0x00007ff9f3c76000 	C:\WINDOWS\SYSTEM32\wintypes.dll
0x00007ff9f8360000 - 0x00007ff9f844a000 	C:\WINDOWS\System32\SHCORE.dll
0x00007ff9f6d80000 - 0x00007ff9f6ddd000 	C:\WINDOWS\System32\shlwapi.dll
0x00007ff9f5ac0000 - 0x00007ff9f5ae1000 	C:\WINDOWS\SYSTEM32\profapi.dll
0x00007ff9b4a60000 - 0x00007ff9b4a79000 	C:\Users\se\.vscode\extensions\redhat.java-1.12.0-win32-x64\jre\17.0.4.1-win32-x86_64\bin\net.dll
0x00007ff9ea490000 - 0x00007ff9ea59c000 	C:\WINDOWS\SYSTEM32\WINHTTP.dll
0x00007ff9f50b0000 - 0x00007ff9f5117000 	C:\WINDOWS\system32\mswsock.dll
0x00007ff9b4a40000 - 0x00007ff9b4a55000 	C:\Users\se\.vscode\extensions\redhat.java-1.12.0-win32-x64\jre\17.0.4.1-win32-x86_64\bin\nio.dll
0x00007ff9b4a30000 - 0x00007ff9b4a40000 	c:\Users\se\.vscode\extensions\redhat.java-1.12.0-win32-x64\jre\17.0.4.1-win32-x86_64\bin\verify.dll

dbghelp: loaded successfully - version: 4.0.5 - missing functions: none
symbol engine: initialized successfully - sym options: 0x614 - pdb path: .;c:\Users\se\.vscode\extensions\redhat.java-1.12.0-win32-x64\jre\17.0.4.1-win32-x86_64\bin;C:\WINDOWS\SYSTEM32;C:\WINDOWS\WinSxS\amd64_microsoft.windows.common-controls_6595b64144ccf1df_6.0.22000.120_none_9d947278b86cc467;c:\Users\se\.vscode\extensions\redhat.java-1.12.0-win32-x64\jre\17.0.4.1-win32-x86_64\bin\server

VM Arguments:
jvm_args: --add-modules=ALL-SYSTEM --add-opens=java.base/java.util=ALL-UNNAMED --add-opens=java.base/java.lang=ALL-UNNAMED --add-opens=java.base/sun.nio.fs=ALL-UNNAMED -Declipse.application=org.eclipse.jdt.ls.core.id1 -Dosgi.bundles.defaultStartLevel=4 -Declipse.product=org.eclipse.jdt.ls.core.product -Djava.import.generatesMetadataFilesAtProjectRoot=false -Dfile.encoding=utf8 -XX:+UseParallelGC -XX:GCTimeRatio=4 -XX:AdaptiveSizePolicyWeight=90 -Dsun.zip.disableMemoryMapping=true -Xmx1G -Xms100m -Xlog:disable -javaagent:c:\Users\se\.vscode\extensions\redhat.java-1.12.0-win32-x64\lombok\lombok-1.18.24.jar -XX:+HeapDumpOnOutOfMemoryError -XX:HeapDumpPath=c:\Users\se\AppData\Roaming\Code\User\workspaceStorage\042ae597b835ad676826bf5aba2120d6\redhat.java 
java_command: c:\Users\se\.vscode\extensions\redhat.java-1.12.0-win32-x64\server\plugins\org.eclipse.equinox.launcher_1.6.400.v20210924-0641.jar -configuration c:\Users\se\AppData\Roaming\Code\User\globalStorage\redhat.java\1.12.0\config_win -data c:\Users\se\AppData\Roaming\Code\User\workspaceStorage\042ae597b835ad676826bf5aba2120d6\redhat.java\jdt_ws
java_class_path (initial): c:\Users\se\.vscode\extensions\redhat.java-1.12.0-win32-x64\server\plugins\org.eclipse.equinox.launcher_1.6.400.v20210924-0641.jar
Launcher Type: SUN_STANDARD

[Global flags]
    uintx AdaptiveSizePolicyWeight                 = 90                                        {product} {command line}
     intx CICompilerCount                          = 3                                         {product} {ergonomic}
    uintx GCTimeRatio                              = 4                                         {product} {command line}
     bool HeapDumpOnOutOfMemoryError               = true                                   {manageable} {command line}
    ccstr HeapDumpPath                             = c:\Users\se\AppData\Roaming\Code\User\workspaceStorage\042ae597b835ad676826bf5aba2120d6\redhat.java         {manageable} {command line}
   size_t InitialHeapSize                          = 104857600                                 {product} {command line}
   size_t MaxHeapSize                              = 1073741824                                {product} {command line}
   size_t MaxNewSize                               = 357564416                                 {product} {ergonomic}
   size_t MinHeapDeltaBytes                        = 524288                                    {product} {ergonomic}
   size_t MinHeapSize                              = 104857600                                 {product} {command line}
   size_t NewSize                                  = 34603008                                  {product} {ergonomic}
    uintx NonNMethodCodeHeapSize                   = 5832780                                {pd product} {ergonomic}
    uintx NonProfiledCodeHeapSize                  = 122912730                              {pd product} {ergonomic}
   size_t OldSize                                  = 70254592                                  {product} {ergonomic}
    uintx ProfiledCodeHeapSize                     = 122912730                              {pd product} {ergonomic}
    uintx ReservedCodeCacheSize                    = 251658240                              {pd product} {ergonomic}
     bool SegmentedCodeCache                       = true                                      {product} {ergonomic}
   size_t SoftMaxHeapSize                          = 1073741824                             {manageable} {ergonomic}
     bool UseCompressedClassPointers               = true                           {product lp64_product} {ergonomic}
     bool UseCompressedOops                        = true                           {product lp64_product} {ergonomic}
     bool UseLargePagesIndividualAllocation        = false                                  {pd product} {ergonomic}
     bool UseParallelGC                            = true                                      {product} {command line}

Logging:
Log output configuration:
 #0: stdout all=off uptime,level,tags
 #1: stderr all=off uptime,level,tags

Environment Variables:
PATH=C:\Program Files\Common Files\Oracle\Java\javapath;C:\Program Files (x86)\Common Files\Intel\Shared Libraries\redist\intel64\compiler;C:\WINDOWS\system32;C:\WINDOWS;C:\WINDOWS\System32\Wbem;C:\WINDOWS\System32\WindowsPowerShell\v1.0\;C:\WINDOWS\System32\OpenSSH\;C:\MinGW\bin;C:\Program Files (x86)\MGLTools-1.5.7;C:\MinGW\bin;C:\Program Files\Java\jdk-18.0.2.1\bin;C:\Program Files\dotnet\;C:\Users\se\AppData\Local\Microsoft\WindowsApps;E:\New folder\MinGW\bin;C:\Users\se\AppData\Local\Programs\Microsoft VS Code\bin
USERNAME=se
OS=Windows_NT
PROCESSOR_IDENTIFIER=Intel64 Family 6 Model 126 Stepping 5, GenuineIntel
TMP=C:\Users\se\AppData\Local\Temp
TEMP=C:\Users\se\AppData\Local\Temp



---------------  S Y S T E M  ---------------

OS:
 Windows 11 , 64 bit Build 22000 (10.0.22000.708)
OS uptime: 0 days 0:05 hours

CPU: total 4 (initial active 4) (2 cores per cpu, 2 threads per core) family 6 model 126 stepping 5 microcode 0xa6, cx8, cmov, fxsr, ht, mmx, 3dnowpref, sse, sse2, sse3, ssse3, sse4.1, sse4.2, popcnt, lzcnt, tsc, tscinvbit, avx, avx2, aes, erms, clmul, bmi1, bmi2, adx, avx512f, avx512dq, avx512cd, avx512bw, avx512vl, sha, fma, vzeroupper, avx512_vpopcntdq, avx512_vpclmulqdq, avx512_vaes, avx512_vnni, clflush, clflushopt, avx512_vbmi2, avx512_vbmi

Memory: 4k page, system-wide physical 3858M (396M free)
TotalPageFile size 3858M (AvailPageFile size 2M)
current process WorkingSet (physical memory assigned to process): 53M, peak: 53M
current process commit charge ("private bytes"): 181M, peak: 181M

vm_info: OpenJDK 64-Bit Server VM (17.0.4.1+1) for windows-amd64 JRE (17.0.4.1+1), built on Aug 17 2022 07:42:43 by "temurin" with MS VC++ 16.7 (VS2019)

END.
