#
# There is insufficient memory for the Java Runtime Environment to continue.
# Native memory allocation (malloc) failed to allocate 688880 bytes for Chunk::new
# Possible reasons:
#   The system is out of physical RAM or swap space
#   The process is running with CompressedOops enabled, and the Java Heap may be blocking the growth of the native heap
# Possible solutions:
#   Reduce memory load on the system
#   Increase physical memory or swap space
#   Check if swap backing store is full
#   Decrease Java heap size (-Xmx/-Xms)
#   Decrease number of Java threads
#   Decrease Java thread stack sizes (-Xss)
#   Set larger code cache with -XX:ReservedCodeCacheSize=
#   JVM is running with Unscaled Compressed Oops mode in which the Java heap is
#     placed in the first 4GB address space. The Java Heap base address is the
#     maximum limit for the native heap growth. Please use -XX:HeapBaseMinAddress
#     to set the Java Heap base and to place the Java Heap above 4GB virtual address.
# This output file may be truncated or incomplete.
#
#  Out of Memory Error (arena.cpp:189), pid=11492, tid=10816
#
# JRE version: OpenJDK Runtime Environment Temurin-17.0.4.1+1 (17.0.4.1+1) (build 17.0.4.1+1)
# Java VM: OpenJDK 64-Bit Server VM Temurin-17.0.4.1+1 (17.0.4.1+1, mixed mode, tiered, compressed oops, compressed class ptrs, parallel gc, windows-amd64)
# No core dump will be written. Minidumps are not enabled by default on client versions of Windows
#

---------------  S U M M A R Y ------------

Command Line: --add-modules=ALL-SYSTEM --add-opens=java.base/java.util=ALL-UNNAMED --add-opens=java.base/java.lang=ALL-UNNAMED --add-opens=java.base/sun.nio.fs=ALL-UNNAMED -Declipse.application=org.eclipse.jdt.ls.core.id1 -Dosgi.bundles.defaultStartLevel=4 -Declipse.product=org.eclipse.jdt.ls.core.product -Djava.import.generatesMetadataFilesAtProjectRoot=false -Dfile.encoding=utf8 -XX:+UseParallelGC -XX:GCTimeRatio=4 -XX:AdaptiveSizePolicyWeight=90 -Dsun.zip.disableMemoryMapping=true -Xmx1G -Xms100m -Xlog:disable -javaagent:c:\Users\se\.vscode\extensions\redhat.java-1.12.0-win32-x64\lombok\lombok-1.18.24.jar c:\Users\se\.vscode\extensions\redhat.java-1.12.0-win32-x64\server\plugins\org.eclipse.equinox.launcher_1.6.400.v20210924-0641.jar -configuration c:\Users\se\AppData\Roaming\Code\User\globalStorage\redhat.java\1.12.0\config_ss_win -data c:\Users\se\AppData\Roaming\Code\User\workspaceStorage\85ccc1e8541c9c61dbb81f5c14fcce68\redhat.java\ss_ws

Host: Intel(R) Core(TM) i3-1005G1 CPU @ 1.20GHz, 4 cores, 3G,  Windows 11 , 64 bit Build 22000 (10.0.22000.708)
Time: Sun Dec 25 14:44:25 2022 India Standard Time elapsed time: 1.566731 seconds (0d 0h 0m 1s)

---------------  T H R E A D  ---------------

Current thread (0x0000016dc0c535c0):  JavaThread "C2 CompilerThread0" daemon [_thread_in_native, id=10816, stack(0x0000002c46b00000,0x0000002c46c00000)]


Current CompileTask:
C2:   1566 1372       4       java.io.WinNTFileSystem::normalize (143 bytes)

Stack: [0x0000002c46b00000,0x0000002c46c00000]
Native frames: (J=compiled Java code, j=interpreted, Vv=VM code, C=native code)
V  [jvm.dll+0x67731a]
V  [jvm.dll+0x832284]
V  [jvm.dll+0x833a2e]
V  [jvm.dll+0x834093]
V  [jvm.dll+0x245775]
V  [jvm.dll+0xabd7b]
V  [jvm.dll+0xac30c]
V  [jvm.dll+0x363a97]
V  [jvm.dll+0x32e011]
V  [jvm.dll+0x32d4ba]
V  [jvm.dll+0x218681]
V  [jvm.dll+0x217aa1]
V  [jvm.dll+0x1a3f8d]
V  [jvm.dll+0x227498]
V  [jvm.dll+0x2255e5]
V  [jvm.dll+0x7e7e9b]
V  [jvm.dll+0x7e240a]
V  [jvm.dll+0x6761a5]
C  [ucrtbase.dll+0x26c0c]
C  [KERNEL32.DLL+0x154e0]
C  [ntdll.dll+0x485b]


---------------  P R O C E S S  ---------------

Threads class SMR info:
_java_thread_list=0x0000016dc2f36c80, length=15, elements={
0x0000016daae9f060, 0x0000016dc0c09630, 0x0000016dc0c0b100, 0x0000016dc0c221f0,
0x0000016daaf69a60, 0x0000016dc0c4dcd0, 0x0000016dc0c51a90, 0x0000016dc0c535c0,
0x0000016dc0c54710, 0x0000016dc0c67f80, 0x0000016dc2606100, 0x0000016dc2830c20,
0x0000016dc2bc3540, 0x0000016dc2f338f0, 0x0000016dc2f33dc0
}

Java Threads: ( => current thread )
  0x0000016daae9f060 JavaThread "main" [_thread_blocked, id=10652, stack(0x0000002c46200000,0x0000002c46300000)]
  0x0000016dc0c09630 JavaThread "Reference Handler" daemon [_thread_blocked, id=1076, stack(0x0000002c46500000,0x0000002c46600000)]
  0x0000016dc0c0b100 JavaThread "Finalizer" daemon [_thread_blocked, id=10496, stack(0x0000002c46600000,0x0000002c46700000)]
  0x0000016dc0c221f0 JavaThread "Signal Dispatcher" daemon [_thread_blocked, id=1588, stack(0x0000002c46700000,0x0000002c46800000)]
  0x0000016daaf69a60 JavaThread "Attach Listener" daemon [_thread_blocked, id=3288, stack(0x0000002c46800000,0x0000002c46900000)]
  0x0000016dc0c4dcd0 JavaThread "Service Thread" daemon [_thread_blocked, id=11988, stack(0x0000002c46900000,0x0000002c46a00000)]
  0x0000016dc0c51a90 JavaThread "Monitor Deflation Thread" daemon [_thread_blocked, id=1640, stack(0x0000002c46a00000,0x0000002c46b00000)]
=>0x0000016dc0c535c0 JavaThread "C2 CompilerThread0" daemon [_thread_in_native, id=10816, stack(0x0000002c46b00000,0x0000002c46c00000)]
  0x0000016dc0c54710 JavaThread "C1 CompilerThread0" daemon [_thread_blocked, id=5564, stack(0x0000002c46c00000,0x0000002c46d00000)]
  0x0000016dc0c67f80 JavaThread "Sweeper thread" daemon [_thread_blocked, id=8660, stack(0x0000002c46d00000,0x0000002c46e00000)]
  0x0000016dc2606100 JavaThread "Common-Cleaner" daemon [_thread_blocked, id=5504, stack(0x0000002c46e00000,0x0000002c46f00000)]
  0x0000016dc2830c20 JavaThread "Notification Thread" daemon [_thread_blocked, id=8560, stack(0x0000002c46f00000,0x0000002c47000000)]
  0x0000016dc2bc3540 JavaThread "Active Thread: Equinox Container: 25cdab29-5695-402c-8040-eeb543b9080d" [_thread_blocked, id=3860, stack(0x0000002c47400000,0x0000002c47500000)]
  0x0000016dc2f338f0 JavaThread "Framework Event Dispatcher: Equinox Container: 25cdab29-5695-402c-8040-eeb543b9080d" daemon [_thread_blocked, id=12104, stack(0x0000002c47500000,0x0000002c47600000)]
  0x0000016dc2f33dc0 JavaThread "Start Level: Equinox Container: 25cdab29-5695-402c-8040-eeb543b9080d" daemon [_thread_in_vm, id=9928, stack(0x0000002c47600000,0x0000002c47700000)]

Other Threads:
  0x0000016dc0bf3920 VMThread "VM Thread" [stack: 0x0000002c46400000,0x0000002c46500000] [id=2852]
  0x0000016dc28310f0 WatcherThread [stack: 0x0000002c47000000,0x0000002c47100000] [id=1688]
  0x0000016daaeb3d70 GCTaskThread "GC Thread#0" [stack: 0x0000002c46300000,0x0000002c46400000] [id=5568]
  0x0000016dc2978830 GCTaskThread "GC Thread#1" [stack: 0x0000002c47100000,0x0000002c47200000] [id=9588]
  0x0000016dc2bc8fe0 GCTaskThread "GC Thread#2" [stack: 0x0000002c47200000,0x0000002c47300000] [id=3020]
  0x0000016dc2bc9290 GCTaskThread "GC Thread#3" [stack: 0x0000002c47300000,0x0000002c47400000] [id=10456]

Threads with active compile tasks:
C2 CompilerThread0     2175 1372       4       java.io.WinNTFileSystem::normalize (143 bytes)

VM state: not at safepoint (normal execution)

VM Mutex/Monitor currently owned by a thread:  ([mutex/lock_event])
[0x0000016daae984e0] Metaspace_lock - owner thread: 0x0000016dc2f33dc0

Heap address: 0x00000000c0000000, size: 1024 MB, Compressed Oops mode: 32-bit

CDS archive(s) not mapped
Compressed class space mapped at: 0x0000000100000000-0x0000000140000000, reserved size: 1073741824
Narrow klass base: 0x0000000000000000, Narrow klass shift: 3, Narrow klass range: 0x140000000

GC Precious Log:
 CPUs: 4 total, 4 available
 Memory: 3858M
 Large Page Support: Disabled
 NUMA Support: Disabled
 Compressed Oops: Enabled (32-bit)
 Alignments: Space 512K, Generation 512K, Heap 2M
 Heap Min Capacity: 100M
 Heap Initial Capacity: 100M
 Heap Max Capacity: 1G
 Pre-touch: Disabled
 Parallel Workers: 4

Heap:
 PSYoungGen      total 29696K, used 22318K [0x00000000eab00000, 0x00000000ecc00000, 0x0000000100000000)
  eden space 25600K, 74% used [0x00000000eab00000,0x00000000ebd999c0,0x00000000ec400000)
  from space 4096K, 79% used [0x00000000ec400000,0x00000000ec732208,0x00000000ec800000)
  to   space 4096K, 0% used [0x00000000ec800000,0x00000000ec800000,0x00000000ecc00000)
 ParOldGen       total 68608K, used 0K [0x00000000c0000000, 0x00000000c4300000, 0x00000000eab00000)
  object space 68608K, 0% used [0x00000000c0000000,0x00000000c0000000,0x00000000c4300000)
 Metaspace       used 13546K, committed 13760K, reserved 1064960K
  class space    used 1361K, committed 1472K, reserved 1048576K

Card table byte_map: [0x0000016dbe4f0000,0x0000016dbe700000] _byte_map_base: 0x0000016dbdef0000

Marking Bits: (ParMarkBitMap*) 0x00007ffb0d3c2cc0
 Begin Bits: [0x0000016dbe860000, 0x0000016dbf860000)
 End Bits:   [0x0000016dbf860000, 0x0000016dc0860000)

Polling page: 0x0000016daaf70000

Metaspace:

Usage:
  Non-class:     11.90 MB used.
      Class:      1.33 MB used.
       Both:     13.23 MB used.

Virtual space:
  Non-class space:       16.00 MB reserved,      12.00 MB ( 75%) committed,  2 nodes.
      Class space:        1.00 GB reserved,       1.44 MB ( <1%) committed,  1 nodes.
             Both:        1.02 GB reserved,      13.44 MB (  1%) committed. 

Chunk freelists:
   Non-Class:  3.61 MB
       Class:  2.43 MB
        Both:  6.04 MB

MaxMetaspaceSize: unlimited
CompressedClassSpaceSize: 1.00 GB
Initial GC threshold: 21.00 MB
Current GC threshold: 21.00 MB
CDS: off
MetaspaceReclaimPolicy: balanced
 - commit_granule_bytes: 65536.
 - commit_granule_words: 8192.
 - virtual_space_node_default_size: 1048576.
 - enlarge_chunks_in_place: 1.
 - new_chunks_are_fully_committed: 0.
 - uncommit_free_chunks: 1.
 - use_allocation_guard: 0.
 - handle_deallocations: 1.


Internal statistics:

num_allocs_failed_limit: 0.
num_arena_births: 60.
num_arena_deaths: 0.
num_vsnodes_births: 3.
num_vsnodes_deaths: 0.
num_space_committed: 215.
num_space_uncommitted: 0.
num_chunks_returned_to_freelist: 0.
num_chunks_taken_from_freelist: 240.
num_chunk_merges: 0.
num_chunk_splits: 164.
num_chunks_enlarged: 131.
num_purges: 0.
num_inconsistent_stats: 0.

CodeHeap 'non-profiled nmethods': size=120000Kb used=493Kb max_used=493Kb free=119506Kb
 bounds [0x0000016db6de0000, 0x0000016db7050000, 0x0000016dbe310000]
CodeHeap 'profiled nmethods': size=120000Kb used=2656Kb max_used=2656Kb free=117343Kb
 bounds [0x0000016daf8b0000, 0x0000016dafb50000, 0x0000016db6de0000]
CodeHeap 'non-nmethods': size=5760Kb used=1165Kb max_used=1180Kb free=4594Kb
 bounds [0x0000016daf310000, 0x0000016daf580000, 0x0000016daf8b0000]
 total_blobs=1869 nmethods=1426 adapters=357
 compilation: enabled
              stopped_count=0, restarted_count=0
 full_count=0

Compilation events (20 events):
Event: 1.545 Thread 0x0000016dc0c54710 1427       3       java.util.HashMap::removeNode (291 bytes)
Event: 1.546 Thread 0x0000016dc0c54710 nmethod 1427 0x0000016dafb44490 code [0x0000016dafb44720, 0x0000016dafb45938]
Event: 1.546 Thread 0x0000016dc0c54710 1426       3       java.util.HashMap::remove (26 bytes)
Event: 1.546 Thread 0x0000016dc0c54710 nmethod 1426 0x0000016dafb45d90 code [0x0000016dafb45f60, 0x0000016dafb462d8]
Event: 1.547 Thread 0x0000016dc0c54710 1428       1       org.eclipse.osgi.internal.loader.EquinoxClassLoader::getBundleLoader (5 bytes)
Event: 1.547 Thread 0x0000016dc0c54710 nmethod 1428 0x0000016db6e5ad10 code [0x0000016db6e5aea0, 0x0000016db6e5af78]
Event: 1.547 Thread 0x0000016dc0c54710 1429       3       java.util.concurrent.locks.AbstractQueuedSynchronizer::release (19 bytes)
Event: 1.548 Thread 0x0000016dc0c54710 nmethod 1429 0x0000016dafb46410 code [0x0000016dafb46600, 0x0000016dafb46a68]
Event: 1.549 Thread 0x0000016dc0c54710 1430       3       java.util.Collections$EmptyList::iterator (4 bytes)
Event: 1.549 Thread 0x0000016dc0c54710 nmethod 1430 0x0000016dafb46c10 code [0x0000016dafb46da0, 0x0000016dafb46f18]
Event: 1.549 Thread 0x0000016dc0c54710 1431       1       org.eclipse.osgi.internal.hookregistry.ClassLoaderHook::preFindClass (2 bytes)
Event: 1.549 Thread 0x0000016dc0c54710 nmethod 1431 0x0000016db6e5b010 code [0x0000016db6e5b1a0, 0x0000016db6e5b278]
Event: 1.550 Thread 0x0000016dc0c54710 1432       3       java.util.concurrent.locks.ReentrantLock$NonfairSync::initialTryLock (58 bytes)
Event: 1.550 Thread 0x0000016dc0c54710 nmethod 1432 0x0000016dafb47010 code [0x0000016dafb471e0, 0x0000016dafb47598]
Event: 1.550 Thread 0x0000016dc0c54710 1433       3       java.util.concurrent.locks.ReentrantLock$Sync::tryRelease (51 bytes)
Event: 1.550 Thread 0x0000016dc0c54710 nmethod 1433 0x0000016dafb47690 code [0x0000016dafb47840, 0x0000016dafb47b68]
Event: 1.550 Thread 0x0000016dc0c54710 1434       3       java.util.concurrent.locks.ReentrantLock::unlock (10 bytes)
Event: 1.550 Thread 0x0000016dc0c54710 nmethod 1434 0x0000016dafb47c90 code [0x0000016dafb47e60, 0x0000016dafb48138]
Event: 1.551 Thread 0x0000016dc0c54710 1435       1       org.eclipse.osgi.storage.BundleInfo$Generation::getBundleInfo (5 bytes)
Event: 1.551 Thread 0x0000016dc0c54710 nmethod 1435 0x0000016db6e5b310 code [0x0000016db6e5b4a0, 0x0000016db6e5b578]

GC Heap History (2 events):
Event: 1.002 GC heap before
{Heap before GC invocations=1 (full 0):
 PSYoungGen      total 29696K, used 25600K [0x00000000eab00000, 0x00000000ecc00000, 0x0000000100000000)
  eden space 25600K, 100% used [0x00000000eab00000,0x00000000ec400000,0x00000000ec400000)
  from space 4096K, 0% used [0x00000000ec800000,0x00000000ec800000,0x00000000ecc00000)
  to   space 4096K, 0% used [0x00000000ec400000,0x00000000ec400000,0x00000000ec800000)
 ParOldGen       total 68608K, used 0K [0x00000000c0000000, 0x00000000c4300000, 0x00000000eab00000)
  object space 68608K, 0% used [0x00000000c0000000,0x00000000c0000000,0x00000000c4300000)
 Metaspace       used 10845K, committed 11008K, reserved 1064960K
  class space    used 1089K, committed 1152K, reserved 1048576K
}
Event: 1.014 GC heap after
{Heap after GC invocations=1 (full 0):
 PSYoungGen      total 29696K, used 3272K [0x00000000eab00000, 0x00000000ecc00000, 0x0000000100000000)
  eden space 25600K, 0% used [0x00000000eab00000,0x00000000eab00000,0x00000000ec400000)
  from space 4096K, 79% used [0x00000000ec400000,0x00000000ec732208,0x00000000ec800000)
  to   space 4096K, 0% used [0x00000000ec800000,0x00000000ec800000,0x00000000ecc00000)
 ParOldGen       total 68608K, used 0K [0x00000000c0000000, 0x00000000c4300000, 0x00000000eab00000)
  object space 68608K, 0% used [0x00000000c0000000,0x00000000c0000000,0x00000000c4300000)
 Metaspace       used 10845K, committed 11008K, reserved 1064960K
  class space    used 1089K, committed 1152K, reserved 1048576K
}

Deoptimization events (20 events):
Event: 0.836 Thread 0x0000016daae9f060 DEOPT PACKING pc=0x0000016db6e10028 sp=0x0000002c462fdfc0
Event: 0.836 Thread 0x0000016daae9f060 DEOPT UNPACKING pc=0x0000016daf365923 sp=0x0000002c462fdf08 mode 2
Event: 0.974 Thread 0x0000016daae9f060 DEOPT PACKING pc=0x0000016daf8f86d2 sp=0x0000002c462f9940
Event: 0.974 Thread 0x0000016daae9f060 DEOPT UNPACKING pc=0x0000016daf366463 sp=0x0000002c462f8da0 mode 0
Event: 1.069 Thread 0x0000016daae9f060 Uncommon trap: trap_request=0xffffff45 fr.pc=0x0000016db6e0aea8 relative=0x0000000000000c08
Event: 1.069 Thread 0x0000016daae9f060 Uncommon trap: reason=unstable_if action=reinterpret pc=0x0000016db6e0aea8 method=lombok.patcher.PatchScript.classMatches(Ljava/lang/String;Ljava/util/Collection;)Z @ 25 c2
Event: 1.069 Thread 0x0000016daae9f060 DEOPT PACKING pc=0x0000016db6e0aea8 sp=0x0000002c462f8130
Event: 1.069 Thread 0x0000016daae9f060 DEOPT UNPACKING pc=0x0000016daf365923 sp=0x0000002c462f80f0 mode 2
Event: 1.069 Thread 0x0000016daae9f060 Uncommon trap: trap_request=0xffffff45 fr.pc=0x0000016db6e0f094 relative=0x0000000000000074
Event: 1.069 Thread 0x0000016daae9f060 Uncommon trap: reason=unstable_if action=reinterpret pc=0x0000016db6e0f094 method=lombok.patcher.scripts.MethodLevelPatchScript.patch(Ljava/lang/String;[BLlombok/patcher/TransplantMapper;)[B @ 8 c2
Event: 1.069 Thread 0x0000016daae9f060 DEOPT PACKING pc=0x0000016db6e0f094 sp=0x0000002c462f81a0
Event: 1.069 Thread 0x0000016daae9f060 DEOPT UNPACKING pc=0x0000016daf365923 sp=0x0000002c462f8130 mode 2
Event: 1.338 Thread 0x0000016daae9f060 Uncommon trap: trap_request=0xffffffde fr.pc=0x0000016db6e33390 relative=0x0000000000000950
Event: 1.338 Thread 0x0000016daae9f060 Uncommon trap: reason=class_check action=maybe_recompile pc=0x0000016db6e33390 method=java.util.HashMap.putVal(ILjava/lang/Object;Ljava/lang/Object;ZZ)Ljava/lang/Object; @ 253 c2
Event: 1.338 Thread 0x0000016daae9f060 DEOPT PACKING pc=0x0000016db6e33390 sp=0x0000002c462fda60
Event: 1.338 Thread 0x0000016daae9f060 DEOPT UNPACKING pc=0x0000016daf365923 sp=0x0000002c462fd9e0 mode 2
Event: 1.341 Thread 0x0000016daae9f060 Uncommon trap: trap_request=0xffffffde fr.pc=0x0000016db6e33390 relative=0x0000000000000950
Event: 1.341 Thread 0x0000016daae9f060 Uncommon trap: reason=class_check action=maybe_recompile pc=0x0000016db6e33390 method=java.util.HashMap.putVal(ILjava/lang/Object;Ljava/lang/Object;ZZ)Ljava/lang/Object; @ 253 c2
Event: 1.341 Thread 0x0000016daae9f060 DEOPT PACKING pc=0x0000016db6e33390 sp=0x0000002c462fda60
Event: 1.341 Thread 0x0000016daae9f060 DEOPT UNPACKING pc=0x0000016daf365923 sp=0x0000002c462fd9e0 mode 2

Classes unloaded (0 events):
No events

Classes redefined (0 events):
No events

Internal exceptions (20 events):
Event: 0.501 Thread 0x0000016daae9f060 Exception <a 'java/io/FileNotFoundException'{0x00000000eb7334c8}> (0x00000000eb7334c8) 
thrown [s\src\hotspot\share\prims\jni.cpp, line 516]
Event: 0.501 Thread 0x0000016daae9f060 Exception <a 'java/io/FileNotFoundException'{0x00000000eb734198}> (0x00000000eb734198) 
thrown [s\src\hotspot\share\prims\jni.cpp, line 516]
Event: 0.501 Thread 0x0000016daae9f060 Exception <a 'java/io/FileNotFoundException'{0x00000000eb734e48}> (0x00000000eb734e48) 
thrown [s\src\hotspot\share\prims\jni.cpp, line 516]
Event: 0.501 Thread 0x0000016daae9f060 Exception <a 'java/io/FileNotFoundException'{0x00000000eb735af0}> (0x00000000eb735af0) 
thrown [s\src\hotspot\share\prims\jni.cpp, line 516]
Event: 0.504 Thread 0x0000016daae9f060 Implicit null exception at 0x0000016db6e006f2 to 0x0000016db6e00c68
Event: 0.506 Thread 0x0000016daae9f060 Exception <a 'java/io/FileNotFoundException'{0x00000000eb776628}> (0x00000000eb776628) 
thrown [s\src\hotspot\share\prims\jni.cpp, line 516]
Event: 0.744 Thread 0x0000016daae9f060 Exception <a 'java/lang/ClassNotFoundException'{0x00000000ebf6fca8}: sun/net/www/protocol/c/Handler> (0x00000000ebf6fca8) 
thrown [s\src\hotspot\share\classfile\systemDictionary.cpp, line 256]
Event: 0.745 Thread 0x0000016daae9f060 Exception <a 'java/lang/ClassNotFoundException'{0x00000000ebf70f98}: sun/net/www/protocol/e/Handler> (0x00000000ebf70f98) 
thrown [s\src\hotspot\share\classfile\systemDictionary.cpp, line 256]
Event: 0.745 Thread 0x0000016daae9f060 Exception <a 'java/lang/ClassNotFoundException'{0x00000000ebf720a8}: sun/net/www/protocol/c/Handler> (0x00000000ebf720a8) 
thrown [s\src\hotspot\share\classfile\systemDictionary.cpp, line 256]
Event: 0.754 Thread 0x0000016daae9f060 Exception <a 'java/io/FileNotFoundException'{0x00000000ebf90c98}> (0x00000000ebf90c98) 
thrown [s\src\hotspot\share\prims\jni.cpp, line 516]
Event: 0.836 Thread 0x0000016daae9f060 Implicit null exception at 0x0000016db6e1a071 to 0x0000016db6e1a260
Event: 0.902 Thread 0x0000016daae9f060 Exception <a 'java/lang/NoSuchMethodError'{0x00000000ec25df18}: 'int java.lang.invoke.DirectMethodHandle$Holder.invokeStaticInit(java.lang.Object, java.lang.Object, java.lang.Object, java.lang.Object)'> (0x00000000ec25df18) 
thrown [s\src\hotspot\share\interpreter\linkResolver.cpp, line 759]
Event: 0.904 Thread 0x0000016daae9f060 Exception <a 'java/lang/NoSuchMethodError'{0x00000000ec268588}: 'java.lang.Object java.lang.invoke.DirectMethodHandle$Holder.invokeInterface(java.lang.Object, java.lang.Object)'> (0x00000000ec268588) 
thrown [s\src\hotspot\share\interpreter\linkResolver.cpp, line 759]
Event: 0.904 Thread 0x0000016daae9f060 Exception <a 'java/lang/IncompatibleClassChangeError'{0x00000000ec26bd80}: Found class java.lang.Object, but interface was expected> (0x00000000ec26bd80) 
thrown [s\src\hotspot\share\interpreter\linkResolver.cpp, line 826]
Event: 0.905 Thread 0x0000016daae9f060 Exception <a 'java/lang/NoSuchMethodError'{0x00000000ec270278}: 'void java.lang.invoke.DirectMethodHandle$Holder.invokeStatic(java.lang.Object, java.lang.Object)'> (0x00000000ec270278) 
thrown [s\src\hotspot\share\interpreter\linkResolver.cpp, line 759]
Event: 0.906 Thread 0x0000016daae9f060 Exception <a 'java/lang/NoSuchMethodError'{0x00000000ec273a78}: 'void java.lang.invoke.DirectMethodHandle$Holder.invokeStaticInit(java.lang.Object, java.lang.Object)'> (0x00000000ec273a78) 
thrown [s\src\hotspot\share\interpreter\linkResolver.cpp, line 759]
Event: 0.909 Thread 0x0000016daae9f060 Exception <a 'java/lang/NoSuchMethodError'{0x00000000ec27b0d0}: 'int java.lang.invoke.DirectMethodHandle$Holder.invokeStaticInit(java.lang.Object, java.lang.Object)'> (0x00000000ec27b0d0) 
thrown [s\src\hotspot\share\interpreter\linkResolver.cpp, line 759]
Event: 0.982 Thread 0x0000016daae9f060 Exception <a 'java/lang/NoSuchMethodError'{0x00000000ec3a1ae0}: 'void java.lang.invoke.DirectMethodHandle$Holder.invokeSpecial(java.lang.Object, java.lang.Object, java.lang.Object)'> (0x00000000ec3a1ae0) 
thrown [s\src\hotspot\share\interpreter\linkResolver.cpp, line 759]
Event: 1.318 Thread 0x0000016daae9f060 Exception <a 'java/lang/NoSuchMethodError'{0x00000000eb6885f8}: 'java.lang.Object java.lang.invoke.DirectMethodHandle$Holder.newInvokeSpecial(java.lang.Object, int, java.lang.Object)'> (0x00000000eb6885f8) 
thrown [s\src\hotspot\share\interpreter\linkResolver.cpp, line 759]
Event: 1.529 Thread 0x0000016daae9f060 Exception <a 'java/lang/UnsatisfiedLinkError'{0x00000000ebbb5c60}: 'void org.eclipse.equinox.launcher.JNIBridge._update_splash()'> (0x00000000ebbb5c60) 
thrown [s\src\hotspot\share\prims\nativeLookup.cpp, line 543]

VM Operations (14 events):
Event: 0.426 Executing VM operation: HandshakeAllThreads
Event: 0.426 Executing VM operation: HandshakeAllThreads done
Event: 0.851 Executing VM operation: ICBufferFull
Event: 0.851 Executing VM operation: ICBufferFull done
Event: 1.001 Executing VM operation: ParallelGCFailedAllocation
Event: 1.014 Executing VM operation: ParallelGCFailedAllocation done
Event: 1.283 Executing VM operation: HandshakeAllThreads
Event: 1.283 Executing VM operation: HandshakeAllThreads done
Event: 1.283 Executing VM operation: HandshakeAllThreads
Event: 1.283 Executing VM operation: HandshakeAllThreads done
Event: 1.291 Executing VM operation: HandshakeAllThreads
Event: 1.291 Executing VM operation: HandshakeAllThreads done
Event: 1.311 Executing VM operation: HandshakeAllThreads
Event: 1.311 Executing VM operation: HandshakeAllThreads done

Events (20 events):
Event: 1.453 loading class java/util/LinkedList$ListItr
Event: 1.453 loading class java/util/LinkedList$ListItr done
Event: 1.465 loading class sun/nio/fs/WindowsChannelFactory
Event: 1.466 loading class sun/nio/fs/WindowsChannelFactory done
Event: 1.466 loading class sun/nio/fs/WindowsChannelFactory$1
Event: 1.466 loading class sun/nio/fs/WindowsChannelFactory$1 done
Event: 1.466 loading class sun/nio/fs/WindowsChannelFactory$Flags
Event: 1.466 loading class sun/nio/fs/WindowsChannelFactory$Flags done
Event: 1.466 loading class sun/nio/ch/FileChannelImpl$Closer
Event: 1.466 loading class sun/nio/ch/FileChannelImpl$Closer done
Event: 1.526 Thread 0x0000016dc2f338f0 Thread added: 0x0000016dc2f338f0
Event: 1.529 Thread 0x0000016dc2f33dc0 Thread added: 0x0000016dc2f33dc0
Event: 1.529 loading class java/util/concurrent/CountDownLatch
Event: 1.529 loading class java/util/concurrent/CountDownLatch done
Event: 1.529 loading class java/util/concurrent/CountDownLatch$Sync
Event: 1.530 loading class java/util/concurrent/CountDownLatch$Sync done
Event: 1.541 loading class java/lang/IllegalAccessError
Event: 1.541 loading class java/lang/IllegalAccessError done
Event: 1.551 loading class java/util/TimerTask
Event: 1.551 loading class java/util/TimerTask done


Dynamic libraries:
0x00007ff652aa0000 - 0x00007ff652aae000 	c:\Users\se\.vscode\extensions\redhat.java-1.12.0-win32-x64\jre\17.0.4.1-win32-x86_64\bin\java.exe
0x00007ffb58e80000 - 0x00007ffb59089000 	C:\WINDOWS\SYSTEM32\ntdll.dll
0x00007ffb57910000 - 0x00007ffb579cd000 	C:\WINDOWS\System32\KERNEL32.DLL
0x00007ffb568e0000 - 0x00007ffb56c5b000 	C:\WINDOWS\System32\KERNELBASE.dll
0x00007ffb563f0000 - 0x00007ffb56501000 	C:\WINDOWS\System32\ucrtbase.dll
0x00007ffb13fd0000 - 0x00007ffb13fe9000 	c:\Users\se\.vscode\extensions\redhat.java-1.12.0-win32-x64\jre\17.0.4.1-win32-x86_64\bin\VCRUNTIME140.dll
0x00007ffb141e0000 - 0x00007ffb141f8000 	c:\Users\se\.vscode\extensions\redhat.java-1.12.0-win32-x64\jre\17.0.4.1-win32-x86_64\bin\jli.dll
0x00007ffb58b00000 - 0x00007ffb58cad000 	C:\WINDOWS\System32\USER32.dll
0x00007ffb563c0000 - 0x00007ffb563e6000 	C:\WINDOWS\System32\win32u.dll
0x00007ffb35530000 - 0x00007ffb357d5000 	C:\WINDOWS\WinSxS\amd64_microsoft.windows.common-controls_6595b64144ccf1df_6.0.22000.120_none_9d947278b86cc467\COMCTL32.dll
0x00007ffb58a50000 - 0x00007ffb58af3000 	C:\WINDOWS\System32\msvcrt.dll
0x00007ffb57b60000 - 0x00007ffb57b89000 	C:\WINDOWS\System32\GDI32.dll
0x00007ffb56510000 - 0x00007ffb56628000 	C:\WINDOWS\System32\gdi32full.dll
0x00007ffb56c60000 - 0x00007ffb56cfd000 	C:\WINDOWS\System32\msvcp_win.dll
0x00007ffb57b20000 - 0x00007ffb57b51000 	C:\WINDOWS\System32\IMM32.DLL
0x00007ffb4a0b0000 - 0x00007ffb4a0bc000 	c:\Users\se\.vscode\extensions\redhat.java-1.12.0-win32-x64\jre\17.0.4.1-win32-x86_64\bin\vcruntime140_1.dll
0x00007ffb0d490000 - 0x00007ffb0d521000 	c:\Users\se\.vscode\extensions\redhat.java-1.12.0-win32-x64\jre\17.0.4.1-win32-x86_64\bin\msvcp140.dll
0x00007ffb0c840000 - 0x00007ffb0d486000 	c:\Users\se\.vscode\extensions\redhat.java-1.12.0-win32-x64\jre\17.0.4.1-win32-x86_64\bin\server\jvm.dll
0x00007ffb56d00000 - 0x00007ffb56dae000 	C:\WINDOWS\System32\ADVAPI32.dll
0x00007ffb57a50000 - 0x00007ffb57aee000 	C:\WINDOWS\System32\sechost.dll
0x00007ffb58cb0000 - 0x00007ffb58dd0000 	C:\WINDOWS\System32\RPCRT4.dll
0x00007ffb57af0000 - 0x00007ffb57af8000 	C:\WINDOWS\System32\PSAPI.DLL
0x00007ffb52650000 - 0x00007ffb5265a000 	C:\WINDOWS\SYSTEM32\VERSION.dll
0x00007ffb49f90000 - 0x00007ffb49f99000 	C:\WINDOWS\SYSTEM32\WSOCK32.dll
0x00007ffb52b50000 - 0x00007ffb52b83000 	C:\WINDOWS\SYSTEM32\WINMM.dll
0x00007ffb579e0000 - 0x00007ffb57a4f000 	C:\WINDOWS\System32\WS2_32.dll
0x00007ffb553d0000 - 0x00007ffb553e8000 	C:\WINDOWS\SYSTEM32\kernel.appcore.dll
0x00007ffb47e40000 - 0x00007ffb47e4a000 	c:\Users\se\.vscode\extensions\redhat.java-1.12.0-win32-x64\jre\17.0.4.1-win32-x86_64\bin\jimage.dll
0x00007ffb4e5d0000 - 0x00007ffb4e7f1000 	C:\WINDOWS\SYSTEM32\DBGHELP.DLL
0x00007ffb38680000 - 0x00007ffb386b1000 	C:\WINDOWS\SYSTEM32\dbgcore.DLL
0x00007ffb56630000 - 0x00007ffb566af000 	C:\WINDOWS\System32\bcryptPrimitives.dll
0x00007ffb3e1f0000 - 0x00007ffb3e1fe000 	c:\Users\se\.vscode\extensions\redhat.java-1.12.0-win32-x64\jre\17.0.4.1-win32-x86_64\bin\instrument.dll
0x00007ffb13b90000 - 0x00007ffb13bb5000 	c:\Users\se\.vscode\extensions\redhat.java-1.12.0-win32-x64\jre\17.0.4.1-win32-x86_64\bin\java.dll
0x00007ffb13240000 - 0x00007ffb13258000 	c:\Users\se\.vscode\extensions\redhat.java-1.12.0-win32-x64\jre\17.0.4.1-win32-x86_64\bin\zip.dll
0x00007ffb56dd0000 - 0x00007ffb57588000 	C:\WINDOWS\System32\SHELL32.dll
0x00007ffb54440000 - 0x00007ffb54ca5000 	C:\WINDOWS\SYSTEM32\windows.storage.dll
0x00007ffb57590000 - 0x00007ffb57907000 	C:\WINDOWS\System32\combase.dll
0x00007ffb542d0000 - 0x00007ffb54436000 	C:\WINDOWS\SYSTEM32\wintypes.dll
0x00007ffb57d00000 - 0x00007ffb57dea000 	C:\WINDOWS\System32\SHCORE.dll
0x00007ffb58340000 - 0x00007ffb5839d000 	C:\WINDOWS\System32\shlwapi.dll
0x00007ffb56280000 - 0x00007ffb562a1000 	C:\WINDOWS\SYSTEM32\profapi.dll
0x00007ffb4e0b0000 - 0x00007ffb4e0c9000 	C:\Users\se\.vscode\extensions\redhat.java-1.12.0-win32-x64\jre\17.0.4.1-win32-x86_64\bin\net.dll
0x00007ffb52540000 - 0x00007ffb5264c000 	C:\WINDOWS\SYSTEM32\WINHTTP.dll
0x00007ffb55870000 - 0x00007ffb558d7000 	C:\WINDOWS\system32\mswsock.dll
0x00007ffb14d70000 - 0x00007ffb14d85000 	C:\Users\se\.vscode\extensions\redhat.java-1.12.0-win32-x64\jre\17.0.4.1-win32-x86_64\bin\nio.dll
0x00007ffb3ca90000 - 0x00007ffb3caa0000 	c:\Users\se\.vscode\extensions\redhat.java-1.12.0-win32-x64\jre\17.0.4.1-win32-x86_64\bin\verify.dll
0x00007ffb171b0000 - 0x00007ffb171ee000 	C:\Users\se\AppData\Roaming\Code\User\globalStorage\redhat.java\1.12.0\config_ss_win\org.eclipse.equinox.launcher\org.eclipse.equinox.launcher.win32.win32.x86_64_1.2.600.v20220720-1916\eclipse_11700.dll
0x00007ffb58520000 - 0x00007ffb586ba000 	C:\WINDOWS\System32\ole32.dll

dbghelp: loaded successfully - version: 4.0.5 - missing functions: none
symbol engine: initialized successfully - sym options: 0x614 - pdb path: .;c:\Users\se\.vscode\extensions\redhat.java-1.12.0-win32-x64\jre\17.0.4.1-win32-x86_64\bin;C:\WINDOWS\SYSTEM32;C:\WINDOWS\WinSxS\amd64_microsoft.windows.common-controls_6595b64144ccf1df_6.0.22000.120_none_9d947278b86cc467;c:\Users\se\.vscode\extensions\redhat.java-1.12.0-win32-x64\jre\17.0.4.1-win32-x86_64\bin\server;C:\Users\se\AppData\Roaming\Code\User\globalStorage\redhat.java\1.12.0\config_ss_win\org.eclipse.equinox.launcher\org.eclipse.equinox.launcher.win32.win32.x86_64_1.2.600.v20220720-1916

VM Arguments:
jvm_args: --add-modules=ALL-SYSTEM --add-opens=java.base/java.util=ALL-UNNAMED --add-opens=java.base/java.lang=ALL-UNNAMED --add-opens=java.base/sun.nio.fs=ALL-UNNAMED -Declipse.application=org.eclipse.jdt.ls.core.id1 -Dosgi.bundles.defaultStartLevel=4 -Declipse.product=org.eclipse.jdt.ls.core.product -Djava.import.generatesMetadataFilesAtProjectRoot=false -Dfile.encoding=utf8 -XX:+UseParallelGC -XX:GCTimeRatio=4 -XX:AdaptiveSizePolicyWeight=90 -Dsun.zip.disableMemoryMapping=true -Xmx1G -Xms100m -Xlog:disable -javaagent:c:\Users\se\.vscode\extensions\redhat.java-1.12.0-win32-x64\lombok\lombok-1.18.24.jar 
java_command: c:\Users\se\.vscode\extensions\redhat.java-1.12.0-win32-x64\server\plugins\org.eclipse.equinox.launcher_1.6.400.v20210924-0641.jar -configuration c:\Users\se\AppData\Roaming\Code\User\globalStorage\redhat.java\1.12.0\config_ss_win -data c:\Users\se\AppData\Roaming\Code\User\workspaceStorage\85ccc1e8541c9c61dbb81f5c14fcce68\redhat.java\ss_ws
java_class_path (initial): c:\Users\se\.vscode\extensions\redhat.java-1.12.0-win32-x64\server\plugins\org.eclipse.equinox.launcher_1.6.400.v20210924-0641.jar
Launcher Type: SUN_STANDARD

[Global flags]
    uintx AdaptiveSizePolicyWeight                 = 90                                        {product} {command line}
     intx CICompilerCount                          = 3                                         {product} {ergonomic}
    uintx GCTimeRatio                              = 4                                         {product} {command line}
   size_t InitialHeapSize                          = 104857600                                 {product} {command line}
   size_t MaxHeapSize                              = 1073741824                                {product} {command line}
   size_t MaxNewSize                               = 357564416                                 {product} {ergonomic}
   size_t MinHeapDeltaBytes                        = 524288                                    {product} {ergonomic}
   size_t MinHeapSize                              = 104857600                                 {product} {command line}
   size_t NewSize                                  = 34603008                                  {product} {ergonomic}
    uintx NonNMethodCodeHeapSize                   = 5832780                                {pd product} {ergonomic}
    uintx NonProfiledCodeHeapSize                  = 122912730                              {pd product} {ergonomic}
   size_t OldSize                                  = 70254592                                  {product} {ergonomic}
    uintx ProfiledCodeHeapSize                     = 122912730                              {pd product} {ergonomic}
    uintx ReservedCodeCacheSize                    = 251658240                              {pd product} {ergonomic}
     bool SegmentedCodeCache                       = true                                      {product} {ergonomic}
   size_t SoftMaxHeapSize                          = 1073741824                             {manageable} {ergonomic}
     bool UseCompressedClassPointers               = true                           {product lp64_product} {ergonomic}
     bool UseCompressedOops                        = true                           {product lp64_product} {ergonomic}
     bool UseLargePagesIndividualAllocation        = false                                  {pd product} {ergonomic}
     bool UseParallelGC                            = true                                      {product} {command line}

Logging:
Log output configuration:
 #0: stdout all=off uptime,level,tags
 #1: stderr all=off uptime,level,tags

Environment Variables:
PATH=C:\Program Files\Common Files\Oracle\Java\javapath;C:\Program Files (x86)\Common Files\Intel\Shared Libraries\redist\intel64\compiler;C:\WINDOWS\system32;C:\WINDOWS;C:\WINDOWS\System32\Wbem;C:\WINDOWS\System32\WindowsPowerShell\v1.0\;C:\WINDOWS\System32\OpenSSH\;C:\MinGW\bin;C:\Program Files (x86)\MGLTools-1.5.7;C:\MinGW\bin;C:\Program Files\Java\jdk-18.0.2.1\bin;C:\Program Files\dotnet\;C:\Users\se\AppData\Local\Microsoft\WindowsApps;E:\New folder\MinGW\bin;C:\Users\se\AppData\Local\Programs\Microsoft VS Code\bin
USERNAME=se
OS=Windows_NT
PROCESSOR_IDENTIFIER=Intel64 Family 6 Model 126 Stepping 5, GenuineIntel
TMP=C:\Users\se\AppData\Local\Temp
TEMP=C:\Users\se\AppData\Local\Temp



---------------  S Y S T E M  ---------------

OS:
 Windows 11 , 64 bit Build 22000 (10.0.22000.708)
OS uptime: 0 days 0:12 hours

CPU: total 4 (initial active 4) (2 cores per cpu, 2 threads per core) family 6 model 126 stepping 5 microcode 0xa6, cx8, cmov, fxsr, ht, mmx, 3dnowpref, sse, sse2, sse3, ssse3, sse4.1, sse4.2, popcnt, lzcnt, tsc, tscinvbit, avx, avx2, aes, erms, clmul, bmi1, bmi2, adx, avx512f, avx512dq, avx512cd, avx512bw, avx512vl, sha, fma, vzeroupper, avx512_vpopcntdq, avx512_vpclmulqdq, avx512_vaes, avx512_vnni, clflush, clflushopt, avx512_vbmi2, avx512_vbmi

Memory: 4k page, system-wide physical 3858M (273M free)
TotalPageFile size 3858M (AvailPageFile size 2M)
current process WorkingSet (physical memory assigned to process): 81M, peak: 81M
current process commit charge ("private bytes"): 190M, peak: 190M

vm_info: OpenJDK 64-Bit Server VM (17.0.4.1+1) for windows-amd64 JRE (17.0.4.1+1), built on Aug 17 2022 07:42:43 by "temurin" with MS VC++ 16.7 (VS2019)

END.
